[6.960s] Invoking command in '/home/vim3/myros/12-navigation/navigation_ws/build/autopatrol_interfaces': /usr/bin/cmake /home/vim3/myros/12-navigation/navigation_ws/src/autopatrol_interfaces -DCMAKE_INSTALL_PREFIX=/home/vim3/myros/12-navigation/navigation_ws/install/autopatrol_interfaces
[11.132s] -- The C compiler identification is GNU 11.4.0
[16.399s] -- The CXX compiler identification is GNU 11.4.0
[16.657s] -- Detecting C compiler ABI info
[18.845s] -- Detecting C compiler ABI info - done
[18.921s] -- Check for working C compiler: /usr/bin/cc - skipped
[18.936s] -- Detecting C compile features
[18.949s] -- Detecting C compile features - done
[19.045s] -- Detecting CXX compiler ABI info
[21.537s] -- Detecting CXX compiler ABI info - done
[21.606s] -- Check for working CXX compiler: /usr/bin/c++ - skipped
[21.627s] -- Detecting CXX compile features
[21.634s] -- Detecting CXX compile features - done
[21.783s] -- Found ament_cmake: 1.3.12 (/opt/ros/humble/share/ament_cmake/cmake)
[24.419s] -- Found Python3: /usr/bin/python3 (found version "3.10.12") found components: Interpreter 
[26.449s] -- Found rosidl_default_generators: 1.2.0 (/opt/ros/humble/share/rosidl_default_generators/cmake)
[26.577s] -- Using all available rosidl_typesupport_c: rosidl_typesupport_fastrtps_c;rosidl_typesupport_introspection_c
[26.902s] -- Found rosidl_adapter: 3.1.8 (/opt/ros/humble/share/rosidl_adapter/cmake)
[28.232s] -- Using all available rosidl_typesupport_cpp: rosidl_typesupport_fastrtps_cpp;rosidl_typesupport_introspection_cpp
[31.359s] Error parsing '/home/vim3/myros/12-navigation/navigation_ws/src/autopatrol_interfaces/package.xml':
[32.015s] Traceback (most recent call last):
[32.024s]   File "/opt/ros/humble/share/ament_cmake_core/cmake/core/package_xml_2_cmake.py", line 150, in <module>
[32.030s]     main()
[32.038s]   File "/opt/ros/humble/share/ament_cmake_core/cmake/core/package_xml_2_cmake.py", line 53, in main
[32.040s]     raise e
[32.043s]   File "/opt/ros/humble/share/ament_cmake_core/cmake/core/package_xml_2_cmake.py", line 49, in main
[32.044s]     package = parse_package_string(
[32.044s]   File "/usr/lib/python3/dist-packages/catkin_pkg/package.py", line 786, in parse_package_string
[32.045s]     raise InvalidPackage('Error(s):%s' % (''.join(['\n- %s' % e for e in errors])), filename)
[32.048s] catkin_pkg.package.InvalidPackage: Error(s) in package '/home/vim3/myros/12-navigation/navigation_ws/src/autopatrol_interfaces/package.xml':
[32.049s] Error(s):
[32.052s] - The manifest of package "autopatrol_interfaces" (with format version 3) must not contain the following tags: member_of_packages
[32.115s] [31mCMake Error at /opt/ros/humble/share/ament_cmake_core/cmake/core/ament_package_xml.cmake:95 (message):
[32.126s]   execute_process(/usr/bin/python3
[32.133s]   /opt/ros/humble/share/ament_cmake_core/cmake/core/package_xml_2_cmake.py
[32.134s]   /home/vim3/myros/12-navigation/navigation_ws/src/autopatrol_interfaces/package.xml
[32.141s]   /home/vim3/myros/12-navigation/navigation_ws/build/autopatrol_interfaces/ament_cmake_core/package.cmake)
[32.144s]   returned error code 1
[32.151s] Call Stack (most recent call first):
[32.154s]   /opt/ros/humble/share/ament_cmake_core/cmake/core/ament_package_xml.cmake:49 (_ament_package_xml)
[32.155s]   /opt/ros/humble/share/rosidl_cmake/cmake/rosidl_generate_interfaces.cmake:226 (ament_package_xml)
[32.162s]   CMakeLists.txt:12 (rosidl_generate_interfaces)
[32.163s] 
[32.169s] [0m
[32.170s] -- Configuring incomplete, errors occurred!
[32.175s] See also "/home/vim3/myros/12-navigation/navigation_ws/build/autopatrol_interfaces/CMakeFiles/CMakeOutput.log".
[32.433s] Invoked command in '/home/vim3/myros/12-navigation/navigation_ws/build/autopatrol_interfaces' returned '1': /usr/bin/cmake /home/vim3/myros/12-navigation/navigation_ws/src/autopatrol_interfaces -DCMAKE_INSTALL_PREFIX=/home/vim3/myros/12-navigation/navigation_ws/install/autopatrol_interfaces
