[2.634s] Invoking command in '/home/vim3/myros/12-navigation/navigation_ws/build/autopatrol_interfaces': CMAKE_PREFIX_PATH=${CMAKE_PREFIX_PATH}:/home/vim3/myros/12-navigation/navigation_ws/install/dongbot_application:/home/vim3/myros/12-navigation/navigation_ws/install/autopartol_robot:/opt/ros/humble /usr/bin/cmake --build /home/vim3/myros/12-navigation/navigation_ws/build/autopatrol_interfaces -- -j2 -l2
[4.139s] [  3%] Built target autopatrol_interfaces__cpp
[4.793s] [ 12%] Built target autopatrol_interfaces__rosidl_generator_c
[5.456s] [ 12%] Built target ament_cmake_python_copy_autopatrol_interfaces
[6.065s] [ 22%] Built target autopatrol_interfaces__rosidl_typesupport_cpp
[6.477s] [ 32%] Built target autopatrol_interfaces__rosidl_typesupport_fastrtps_c
[6.949s] [ 41%] Built target autopatrol_interfaces__rosidl_typesupport_introspection_c
[7.398s] [ 51%] Built target autopatrol_interfaces__rosidl_typesupport_c
[8.019s] [ 61%] Built target autopatrol_interfaces__rosidl_typesupport_fastrtps_cpp
[8.400s] [ 70%] Built target autopatrol_interfaces__rosidl_typesupport_introspection_cpp
[13.586s] running egg_info
[13.597s] writing autopatrol_interfaces.egg-info/PKG-INFO
[13.608s] writing dependency_links to autopatrol_interfaces.egg-info/dependency_links.txt
[13.617s] writing top-level names to autopatrol_interfaces.egg-info/top_level.txt
[13.686s] reading manifest file 'autopatrol_interfaces.egg-info/SOURCES.txt'
[13.693s] writing manifest file 'autopatrol_interfaces.egg-info/SOURCES.txt'
[14.038s] [ 70%] Built target ament_cmake_python_build_autopatrol_interfaces_egg
[14.618s] [ 70%] Built target autopatrol_interfaces
[15.013s] [ 74%] Built target autopatrol_interfaces__py
[15.464s] [ 80%] Built target autopatrol_interfaces__rosidl_generator_py
[15.795s] [ 87%] Built target autopatrol_interfaces__rosidl_typesupport_fastrtps_c__pyext
[16.249s] [ 93%] Built target autopatrol_interfaces__rosidl_typesupport_introspection_c__pyext
[16.733s] [100%] Built target autopatrol_interfaces__rosidl_typesupport_c__pyext
[18.248s] Invoked command in '/home/vim3/myros/12-navigation/navigation_ws/build/autopatrol_interfaces' returned '0': CMAKE_PREFIX_PATH=${CMAKE_PREFIX_PATH}:/home/vim3/myros/12-navigation/navigation_ws/install/dongbot_application:/home/vim3/myros/12-navigation/navigation_ws/install/autopartol_robot:/opt/ros/humble /usr/bin/cmake --build /home/vim3/myros/12-navigation/navigation_ws/build/autopatrol_interfaces -- -j2 -l2
[18.403s] Invoking command in '/home/vim3/myros/12-navigation/navigation_ws/build/autopatrol_interfaces': CMAKE_PREFIX_PATH=${CMAKE_PREFIX_PATH}:/home/vim3/myros/12-navigation/navigation_ws/install/dongbot_application:/home/vim3/myros/12-navigation/navigation_ws/install/autopartol_robot:/opt/ros/humble /usr/bin/cmake --install /home/vim3/myros/12-navigation/navigation_ws/build/autopatrol_interfaces
[18.575s] -- Install configuration: ""
[18.587s] -- Up-to-date: /home/vim3/myros/12-navigation/navigation_ws/install/autopatrol_interfaces/share/ament_index/resource_index/rosidl_interfaces/autopatrol_interfaces
[18.587s] -- Up-to-date: /home/vim3/myros/12-navigation/navigation_ws/install/autopatrol_interfaces/include/autopatrol_interfaces/autopatrol_interfaces
[18.588s] -- Up-to-date: /home/vim3/myros/12-navigation/navigation_ws/install/autopatrol_interfaces/include/autopatrol_interfaces/autopatrol_interfaces/srv
[18.595s] -- Up-to-date: /home/vim3/myros/12-navigation/navigation_ws/install/autopatrol_interfaces/include/autopatrol_interfaces/autopatrol_interfaces/srv/speech_text.h
[18.612s] -- Up-to-date: /home/vim3/myros/12-navigation/navigation_ws/install/autopatrol_interfaces/include/autopatrol_interfaces/autopatrol_interfaces/srv/detail
[18.613s] -- Up-to-date: /home/vim3/myros/12-navigation/navigation_ws/install/autopatrol_interfaces/include/autopatrol_interfaces/autopatrol_interfaces/srv/detail/speech_text__functions.h
[18.630s] -- Up-to-date: /home/vim3/myros/12-navigation/navigation_ws/install/autopatrol_interfaces/include/autopatrol_interfaces/autopatrol_interfaces/srv/detail/speech_text__struct.h
[18.630s] -- Up-to-date: /home/vim3/myros/12-navigation/navigation_ws/install/autopatrol_interfaces/include/autopatrol_interfaces/autopatrol_interfaces/srv/detail/speech_text__type_support.h
[18.632s] -- Up-to-date: /home/vim3/myros/12-navigation/navigation_ws/install/autopatrol_interfaces/include/autopatrol_interfaces/autopatrol_interfaces/srv/detail/speech_text__functions.c
[18.633s] -- Up-to-date: /home/vim3/myros/12-navigation/navigation_ws/install/autopatrol_interfaces/include/autopatrol_interfaces/autopatrol_interfaces/msg
[18.646s] -- Up-to-date: /home/vim3/myros/12-navigation/navigation_ws/install/autopatrol_interfaces/include/autopatrol_interfaces/autopatrol_interfaces/msg/rosidl_generator_c__visibility_control.h
[18.647s] -- Up-to-date: /home/vim3/myros/12-navigation/navigation_ws/install/autopatrol_interfaces/share/autopatrol_interfaces/environment/library_path.sh
[18.658s] -- Up-to-date: /home/vim3/myros/12-navigation/navigation_ws/install/autopatrol_interfaces/share/autopatrol_interfaces/environment/library_path.dsv
[18.672s] -- Up-to-date: /home/vim3/myros/12-navigation/navigation_ws/install/autopatrol_interfaces/lib/libautopatrol_interfaces__rosidl_generator_c.so
[18.672s] -- Up-to-date: /home/vim3/myros/12-navigation/navigation_ws/install/autopatrol_interfaces/include/autopatrol_interfaces/autopatrol_interfaces
[18.673s] -- Up-to-date: /home/vim3/myros/12-navigation/navigation_ws/install/autopatrol_interfaces/include/autopatrol_interfaces/autopatrol_interfaces/srv
[18.673s] -- Up-to-date: /home/vim3/myros/12-navigation/navigation_ws/install/autopatrol_interfaces/include/autopatrol_interfaces/autopatrol_interfaces/srv/detail
[18.673s] -- Up-to-date: /home/vim3/myros/12-navigation/navigation_ws/install/autopatrol_interfaces/include/autopatrol_interfaces/autopatrol_interfaces/srv/detail/speech_text__rosidl_typesupport_fastrtps_c.h
[18.686s] -- Up-to-date: /home/vim3/myros/12-navigation/navigation_ws/install/autopatrol_interfaces/include/autopatrol_interfaces/autopatrol_interfaces/msg
[18.686s] -- Up-to-date: /home/vim3/myros/12-navigation/navigation_ws/install/autopatrol_interfaces/include/autopatrol_interfaces/autopatrol_interfaces/msg/rosidl_typesupport_fastrtps_c__visibility_control.h
[18.687s] -- Up-to-date: /home/vim3/myros/12-navigation/navigation_ws/install/autopatrol_interfaces/lib/libautopatrol_interfaces__rosidl_typesupport_fastrtps_c.so
[18.687s] -- Up-to-date: /home/vim3/myros/12-navigation/navigation_ws/install/autopatrol_interfaces/include/autopatrol_interfaces/autopatrol_interfaces
[18.687s] -- Up-to-date: /home/vim3/myros/12-navigation/navigation_ws/install/autopatrol_interfaces/include/autopatrol_interfaces/autopatrol_interfaces/srv
[18.687s] -- Up-to-date: /home/vim3/myros/12-navigation/navigation_ws/install/autopatrol_interfaces/include/autopatrol_interfaces/autopatrol_interfaces/srv/detail
[18.687s] -- Up-to-date: /home/vim3/myros/12-navigation/navigation_ws/install/autopatrol_interfaces/include/autopatrol_interfaces/autopatrol_interfaces/srv/detail/speech_text__type_support.c
[18.688s] -- Up-to-date: /home/vim3/myros/12-navigation/navigation_ws/install/autopatrol_interfaces/include/autopatrol_interfaces/autopatrol_interfaces/srv/detail/speech_text__rosidl_typesupport_introspection_c.h
[18.688s] -- Up-to-date: /home/vim3/myros/12-navigation/navigation_ws/install/autopatrol_interfaces/include/autopatrol_interfaces/autopatrol_interfaces/msg
[18.705s] -- Up-to-date: /home/vim3/myros/12-navigation/navigation_ws/install/autopatrol_interfaces/include/autopatrol_interfaces/autopatrol_interfaces/msg/rosidl_typesupport_introspection_c__visibility_control.h
[18.705s] -- Up-to-date: /home/vim3/myros/12-navigation/navigation_ws/install/autopatrol_interfaces/lib/libautopatrol_interfaces__rosidl_typesupport_introspection_c.so
[18.705s] -- Up-to-date: /home/vim3/myros/12-navigation/navigation_ws/install/autopatrol_interfaces/lib/libautopatrol_interfaces__rosidl_typesupport_c.so
[18.706s] -- Up-to-date: /home/vim3/myros/12-navigation/navigation_ws/install/autopatrol_interfaces/include/autopatrol_interfaces/autopatrol_interfaces
[18.712s] -- Up-to-date: /home/vim3/myros/12-navigation/navigation_ws/install/autopatrol_interfaces/include/autopatrol_interfaces/autopatrol_interfaces/srv
[18.712s] -- Up-to-date: /home/vim3/myros/12-navigation/navigation_ws/install/autopatrol_interfaces/include/autopatrol_interfaces/autopatrol_interfaces/srv/speech_text.hpp
[18.713s] -- Up-to-date: /home/vim3/myros/12-navigation/navigation_ws/install/autopatrol_interfaces/include/autopatrol_interfaces/autopatrol_interfaces/srv/detail
[18.713s] -- Up-to-date: /home/vim3/myros/12-navigation/navigation_ws/install/autopatrol_interfaces/include/autopatrol_interfaces/autopatrol_interfaces/srv/detail/speech_text__struct.hpp
[18.727s] -- Up-to-date: /home/vim3/myros/12-navigation/navigation_ws/install/autopatrol_interfaces/include/autopatrol_interfaces/autopatrol_interfaces/srv/detail/speech_text__traits.hpp
[18.727s] -- Up-to-date: /home/vim3/myros/12-navigation/navigation_ws/install/autopatrol_interfaces/include/autopatrol_interfaces/autopatrol_interfaces/srv/detail/speech_text__builder.hpp
[18.735s] -- Up-to-date: /home/vim3/myros/12-navigation/navigation_ws/install/autopatrol_interfaces/include/autopatrol_interfaces/autopatrol_interfaces/srv/detail/speech_text__type_support.hpp
[18.735s] -- Up-to-date: /home/vim3/myros/12-navigation/navigation_ws/install/autopatrol_interfaces/include/autopatrol_interfaces/autopatrol_interfaces/msg
[18.736s] -- Up-to-date: /home/vim3/myros/12-navigation/navigation_ws/install/autopatrol_interfaces/include/autopatrol_interfaces/autopatrol_interfaces/msg/rosidl_generator_cpp__visibility_control.hpp
[18.746s] -- Up-to-date: /home/vim3/myros/12-navigation/navigation_ws/install/autopatrol_interfaces/include/autopatrol_interfaces/autopatrol_interfaces
[18.746s] -- Up-to-date: /home/vim3/myros/12-navigation/navigation_ws/install/autopatrol_interfaces/include/autopatrol_interfaces/autopatrol_interfaces/srv
[18.747s] -- Up-to-date: /home/vim3/myros/12-navigation/navigation_ws/install/autopatrol_interfaces/include/autopatrol_interfaces/autopatrol_interfaces/srv/detail
[18.747s] -- Up-to-date: /home/vim3/myros/12-navigation/navigation_ws/install/autopatrol_interfaces/include/autopatrol_interfaces/autopatrol_interfaces/srv/detail/dds_fastrtps
[18.747s] -- Up-to-date: /home/vim3/myros/12-navigation/navigation_ws/install/autopatrol_interfaces/include/autopatrol_interfaces/autopatrol_interfaces/srv/detail/speech_text__rosidl_typesupport_fastrtps_cpp.hpp
[18.747s] -- Up-to-date: /home/vim3/myros/12-navigation/navigation_ws/install/autopatrol_interfaces/include/autopatrol_interfaces/autopatrol_interfaces/msg
[18.758s] -- Up-to-date: /home/vim3/myros/12-navigation/navigation_ws/install/autopatrol_interfaces/include/autopatrol_interfaces/autopatrol_interfaces/msg/rosidl_typesupport_fastrtps_cpp__visibility_control.h
[18.768s] -- Up-to-date: /home/vim3/myros/12-navigation/navigation_ws/install/autopatrol_interfaces/lib/libautopatrol_interfaces__rosidl_typesupport_fastrtps_cpp.so
[18.769s] -- Up-to-date: /home/vim3/myros/12-navigation/navigation_ws/install/autopatrol_interfaces/include/autopatrol_interfaces/autopatrol_interfaces
[18.769s] -- Up-to-date: /home/vim3/myros/12-navigation/navigation_ws/install/autopatrol_interfaces/include/autopatrol_interfaces/autopatrol_interfaces/srv
[18.769s] -- Up-to-date: /home/vim3/myros/12-navigation/navigation_ws/install/autopatrol_interfaces/include/autopatrol_interfaces/autopatrol_interfaces/srv/detail
[18.770s] -- Up-to-date: /home/vim3/myros/12-navigation/navigation_ws/install/autopatrol_interfaces/include/autopatrol_interfaces/autopatrol_interfaces/srv/detail/speech_text__rosidl_typesupport_introspection_cpp.hpp
[18.776s] -- Up-to-date: /home/vim3/myros/12-navigation/navigation_ws/install/autopatrol_interfaces/include/autopatrol_interfaces/autopatrol_interfaces/srv/detail/speech_text__type_support.cpp
[18.780s] -- Up-to-date: /home/vim3/myros/12-navigation/navigation_ws/install/autopatrol_interfaces/lib/libautopatrol_interfaces__rosidl_typesupport_introspection_cpp.so
[18.786s] -- Up-to-date: /home/vim3/myros/12-navigation/navigation_ws/install/autopatrol_interfaces/lib/libautopatrol_interfaces__rosidl_typesupport_cpp.so
[18.787s] -- Up-to-date: /home/vim3/myros/12-navigation/navigation_ws/install/autopatrol_interfaces/share/autopatrol_interfaces/environment/pythonpath.sh
[18.790s] -- Up-to-date: /home/vim3/myros/12-navigation/navigation_ws/install/autopatrol_interfaces/share/autopatrol_interfaces/environment/pythonpath.dsv
[18.808s] -- Up-to-date: /home/vim3/myros/12-navigation/navigation_ws/install/autopatrol_interfaces/local/lib/python3.10/dist-packages/autopatrol_interfaces-0.0.0-py3.10.egg-info
[18.808s] -- Installing: /home/vim3/myros/12-navigation/navigation_ws/install/autopatrol_interfaces/local/lib/python3.10/dist-packages/autopatrol_interfaces-0.0.0-py3.10.egg-info/dependency_links.txt
[18.809s] -- Installing: /home/vim3/myros/12-navigation/navigation_ws/install/autopatrol_interfaces/local/lib/python3.10/dist-packages/autopatrol_interfaces-0.0.0-py3.10.egg-info/SOURCES.txt
[18.809s] -- Installing: /home/vim3/myros/12-navigation/navigation_ws/install/autopatrol_interfaces/local/lib/python3.10/dist-packages/autopatrol_interfaces-0.0.0-py3.10.egg-info/top_level.txt
[18.809s] -- Installing: /home/vim3/myros/12-navigation/navigation_ws/install/autopatrol_interfaces/local/lib/python3.10/dist-packages/autopatrol_interfaces-0.0.0-py3.10.egg-info/PKG-INFO
[18.809s] -- Up-to-date: /home/vim3/myros/12-navigation/navigation_ws/install/autopatrol_interfaces/local/lib/python3.10/dist-packages/autopatrol_interfaces
[18.809s] -- Up-to-date: /home/vim3/myros/12-navigation/navigation_ws/install/autopatrol_interfaces/local/lib/python3.10/dist-packages/autopatrol_interfaces/libautopatrol_interfaces__rosidl_generator_py.so
[18.809s] -- Up-to-date: /home/vim3/myros/12-navigation/navigation_ws/install/autopatrol_interfaces/local/lib/python3.10/dist-packages/autopatrol_interfaces/autopatrol_interfaces_s__rosidl_typesupport_c.cpython-310-x86_64-linux-gnu.so
[18.810s] -- Up-to-date: /home/vim3/myros/12-navigation/navigation_ws/install/autopatrol_interfaces/local/lib/python3.10/dist-packages/autopatrol_interfaces/_autopatrol_interfaces_s.ep.rosidl_typesupport_c.c
[18.827s] -- Up-to-date: /home/vim3/myros/12-navigation/navigation_ws/install/autopatrol_interfaces/local/lib/python3.10/dist-packages/autopatrol_interfaces/_autopatrol_interfaces_s.ep.rosidl_typesupport_introspection_c.c
[18.831s] -- Up-to-date: /home/vim3/myros/12-navigation/navigation_ws/install/autopatrol_interfaces/local/lib/python3.10/dist-packages/autopatrol_interfaces/srv
[18.832s] -- Up-to-date: /home/vim3/myros/12-navigation/navigation_ws/install/autopatrol_interfaces/local/lib/python3.10/dist-packages/autopatrol_interfaces/srv/_speech_text.py
[18.835s] -- Up-to-date: /home/vim3/myros/12-navigation/navigation_ws/install/autopatrol_interfaces/local/lib/python3.10/dist-packages/autopatrol_interfaces/srv/__init__.py
[18.836s] -- Up-to-date: /home/vim3/myros/12-navigation/navigation_ws/install/autopatrol_interfaces/local/lib/python3.10/dist-packages/autopatrol_interfaces/srv/_speech_text_s.c
[18.836s] -- Up-to-date: /home/vim3/myros/12-navigation/navigation_ws/install/autopatrol_interfaces/local/lib/python3.10/dist-packages/autopatrol_interfaces/autopatrol_interfaces_s__rosidl_typesupport_introspection_c.cpython-310-x86_64-linux-gnu.so
[18.850s] -- Up-to-date: /home/vim3/myros/12-navigation/navigation_ws/install/autopatrol_interfaces/local/lib/python3.10/dist-packages/autopatrol_interfaces/autopatrol_interfaces_s__rosidl_typesupport_fastrtps_c.cpython-310-x86_64-linux-gnu.so
[18.850s] -- Up-to-date: /home/vim3/myros/12-navigation/navigation_ws/install/autopatrol_interfaces/local/lib/python3.10/dist-packages/autopatrol_interfaces/_autopatrol_interfaces_s.ep.rosidl_typesupport_fastrtps_c.c
[18.851s] -- Up-to-date: /home/vim3/myros/12-navigation/navigation_ws/install/autopatrol_interfaces/local/lib/python3.10/dist-packages/autopatrol_interfaces/__init__.py
[19.418s] Listing '/home/vim3/myros/12-navigation/navigation_ws/install/autopatrol_interfaces/local/lib/python3.10/dist-packages/autopatrol_interfaces'...
[19.419s] Listing '/home/vim3/myros/12-navigation/navigation_ws/install/autopatrol_interfaces/local/lib/python3.10/dist-packages/autopatrol_interfaces/srv'...
[19.563s] -- Up-to-date: /home/vim3/myros/12-navigation/navigation_ws/install/autopatrol_interfaces/local/lib/python3.10/dist-packages/autopatrol_interfaces/autopatrol_interfaces_s__rosidl_typesupport_fastrtps_c.cpython-310-x86_64-linux-gnu.so
[19.579s] -- Up-to-date: /home/vim3/myros/12-navigation/navigation_ws/install/autopatrol_interfaces/local/lib/python3.10/dist-packages/autopatrol_interfaces/autopatrol_interfaces_s__rosidl_typesupport_introspection_c.cpython-310-x86_64-linux-gnu.so
[19.584s] -- Up-to-date: /home/vim3/myros/12-navigation/navigation_ws/install/autopatrol_interfaces/local/lib/python3.10/dist-packages/autopatrol_interfaces/autopatrol_interfaces_s__rosidl_typesupport_c.cpython-310-x86_64-linux-gnu.so
[19.595s] -- Up-to-date: /home/vim3/myros/12-navigation/navigation_ws/install/autopatrol_interfaces/lib/libautopatrol_interfaces__rosidl_generator_py.so
[19.597s] -- Up-to-date: /home/vim3/myros/12-navigation/navigation_ws/install/autopatrol_interfaces/share/autopatrol_interfaces/srv/SpeechText.idl
[19.597s] -- Up-to-date: /home/vim3/myros/12-navigation/navigation_ws/install/autopatrol_interfaces/share/autopatrol_interfaces/srv/SpeechText.srv
[19.598s] -- Up-to-date: /home/vim3/myros/12-navigation/navigation_ws/install/autopatrol_interfaces/share/autopatrol_interfaces/srv/SpeechText_Request.msg
[19.598s] -- Up-to-date: /home/vim3/myros/12-navigation/navigation_ws/install/autopatrol_interfaces/share/autopatrol_interfaces/srv/SpeechText_Response.msg
[19.598s] -- Up-to-date: /home/vim3/myros/12-navigation/navigation_ws/install/autopatrol_interfaces/share/ament_index/resource_index/package_run_dependencies/autopatrol_interfaces
[19.622s] -- Up-to-date: /home/vim3/myros/12-navigation/navigation_ws/install/autopatrol_interfaces/share/ament_index/resource_index/parent_prefix_path/autopatrol_interfaces
[19.622s] -- Up-to-date: /home/vim3/myros/12-navigation/navigation_ws/install/autopatrol_interfaces/share/autopatrol_interfaces/environment/ament_prefix_path.sh
[19.622s] -- Up-to-date: /home/vim3/myros/12-navigation/navigation_ws/install/autopatrol_interfaces/share/autopatrol_interfaces/environment/ament_prefix_path.dsv
[19.622s] -- Up-to-date: /home/vim3/myros/12-navigation/navigation_ws/install/autopatrol_interfaces/share/autopatrol_interfaces/environment/path.sh
[19.623s] -- Up-to-date: /home/vim3/myros/12-navigation/navigation_ws/install/autopatrol_interfaces/share/autopatrol_interfaces/environment/path.dsv
[19.623s] -- Up-to-date: /home/vim3/myros/12-navigation/navigation_ws/install/autopatrol_interfaces/share/autopatrol_interfaces/local_setup.bash
[19.623s] -- Up-to-date: /home/vim3/myros/12-navigation/navigation_ws/install/autopatrol_interfaces/share/autopatrol_interfaces/local_setup.sh
[19.637s] -- Up-to-date: /home/vim3/myros/12-navigation/navigation_ws/install/autopatrol_interfaces/share/autopatrol_interfaces/local_setup.zsh
[19.645s] -- Up-to-date: /home/vim3/myros/12-navigation/navigation_ws/install/autopatrol_interfaces/share/autopatrol_interfaces/local_setup.dsv
[19.645s] -- Installing: /home/vim3/myros/12-navigation/navigation_ws/install/autopatrol_interfaces/share/autopatrol_interfaces/package.dsv
[19.645s] -- Up-to-date: /home/vim3/myros/12-navigation/navigation_ws/install/autopatrol_interfaces/share/ament_index/resource_index/packages/autopatrol_interfaces
[19.645s] -- Up-to-date: /home/vim3/myros/12-navigation/navigation_ws/install/autopatrol_interfaces/share/autopatrol_interfaces/cmake/export_autopatrol_interfaces__rosidl_generator_cExport.cmake
[19.646s] -- Up-to-date: /home/vim3/myros/12-navigation/navigation_ws/install/autopatrol_interfaces/share/autopatrol_interfaces/cmake/export_autopatrol_interfaces__rosidl_generator_cExport-noconfig.cmake
[19.650s] -- Up-to-date: /home/vim3/myros/12-navigation/navigation_ws/install/autopatrol_interfaces/share/autopatrol_interfaces/cmake/export_autopatrol_interfaces__rosidl_typesupport_fastrtps_cExport.cmake
[19.651s] -- Up-to-date: /home/vim3/myros/12-navigation/navigation_ws/install/autopatrol_interfaces/share/autopatrol_interfaces/cmake/export_autopatrol_interfaces__rosidl_typesupport_fastrtps_cExport-noconfig.cmake
[19.661s] -- Up-to-date: /home/vim3/myros/12-navigation/navigation_ws/install/autopatrol_interfaces/share/autopatrol_interfaces/cmake/autopatrol_interfaces__rosidl_typesupport_introspection_cExport.cmake
[19.661s] -- Up-to-date: /home/vim3/myros/12-navigation/navigation_ws/install/autopatrol_interfaces/share/autopatrol_interfaces/cmake/autopatrol_interfaces__rosidl_typesupport_introspection_cExport-noconfig.cmake
[19.661s] -- Up-to-date: /home/vim3/myros/12-navigation/navigation_ws/install/autopatrol_interfaces/share/autopatrol_interfaces/cmake/autopatrol_interfaces__rosidl_typesupport_cExport.cmake
[19.662s] -- Up-to-date: /home/vim3/myros/12-navigation/navigation_ws/install/autopatrol_interfaces/share/autopatrol_interfaces/cmake/autopatrol_interfaces__rosidl_typesupport_cExport-noconfig.cmake
[19.662s] -- Up-to-date: /home/vim3/myros/12-navigation/navigation_ws/install/autopatrol_interfaces/share/autopatrol_interfaces/cmake/export_autopatrol_interfaces__rosidl_generator_cppExport.cmake
[19.680s] -- Up-to-date: /home/vim3/myros/12-navigation/navigation_ws/install/autopatrol_interfaces/share/autopatrol_interfaces/cmake/export_autopatrol_interfaces__rosidl_typesupport_fastrtps_cppExport.cmake
[19.686s] -- Up-to-date: /home/vim3/myros/12-navigation/navigation_ws/install/autopatrol_interfaces/share/autopatrol_interfaces/cmake/export_autopatrol_interfaces__rosidl_typesupport_fastrtps_cppExport-noconfig.cmake
[19.695s] -- Up-to-date: /home/vim3/myros/12-navigation/navigation_ws/install/autopatrol_interfaces/share/autopatrol_interfaces/cmake/autopatrol_interfaces__rosidl_typesupport_introspection_cppExport.cmake
[19.696s] -- Up-to-date: /home/vim3/myros/12-navigation/navigation_ws/install/autopatrol_interfaces/share/autopatrol_interfaces/cmake/autopatrol_interfaces__rosidl_typesupport_introspection_cppExport-noconfig.cmake
[19.703s] -- Up-to-date: /home/vim3/myros/12-navigation/navigation_ws/install/autopatrol_interfaces/share/autopatrol_interfaces/cmake/autopatrol_interfaces__rosidl_typesupport_cppExport.cmake
[19.705s] -- Up-to-date: /home/vim3/myros/12-navigation/navigation_ws/install/autopatrol_interfaces/share/autopatrol_interfaces/cmake/autopatrol_interfaces__rosidl_typesupport_cppExport-noconfig.cmake
[19.705s] -- Up-to-date: /home/vim3/myros/12-navigation/navigation_ws/install/autopatrol_interfaces/share/autopatrol_interfaces/cmake/export_autopatrol_interfaces__rosidl_generator_pyExport.cmake
[19.705s] -- Up-to-date: /home/vim3/myros/12-navigation/navigation_ws/install/autopatrol_interfaces/share/autopatrol_interfaces/cmake/export_autopatrol_interfaces__rosidl_generator_pyExport-noconfig.cmake
[19.705s] -- Up-to-date: /home/vim3/myros/12-navigation/navigation_ws/install/autopatrol_interfaces/share/autopatrol_interfaces/cmake/rosidl_cmake-extras.cmake
[19.705s] -- Up-to-date: /home/vim3/myros/12-navigation/navigation_ws/install/autopatrol_interfaces/share/autopatrol_interfaces/cmake/ament_cmake_export_include_directories-extras.cmake
[19.706s] -- Up-to-date: /home/vim3/myros/12-navigation/navigation_ws/install/autopatrol_interfaces/share/autopatrol_interfaces/cmake/ament_cmake_export_libraries-extras.cmake
[19.706s] -- Up-to-date: /home/vim3/myros/12-navigation/navigation_ws/install/autopatrol_interfaces/share/autopatrol_interfaces/cmake/ament_cmake_export_targets-extras.cmake
[19.720s] -- Up-to-date: /home/vim3/myros/12-navigation/navigation_ws/install/autopatrol_interfaces/share/autopatrol_interfaces/cmake/rosidl_cmake_export_typesupport_targets-extras.cmake
[19.720s] -- Up-to-date: /home/vim3/myros/12-navigation/navigation_ws/install/autopatrol_interfaces/share/autopatrol_interfaces/cmake/ament_cmake_export_dependencies-extras.cmake
[19.720s] -- Up-to-date: /home/vim3/myros/12-navigation/navigation_ws/install/autopatrol_interfaces/share/autopatrol_interfaces/cmake/rosidl_cmake_export_typesupport_libraries-extras.cmake
[19.721s] -- Up-to-date: /home/vim3/myros/12-navigation/navigation_ws/install/autopatrol_interfaces/share/autopatrol_interfaces/cmake/autopatrol_interfacesConfig.cmake
[19.721s] -- Up-to-date: /home/vim3/myros/12-navigation/navigation_ws/install/autopatrol_interfaces/share/autopatrol_interfaces/cmake/autopatrol_interfacesConfig-version.cmake
[19.721s] -- Up-to-date: /home/vim3/myros/12-navigation/navigation_ws/install/autopatrol_interfaces/share/autopatrol_interfaces/package.xml
[19.721s] Invoked command in '/home/vim3/myros/12-navigation/navigation_ws/build/autopatrol_interfaces' returned '0': CMAKE_PREFIX_PATH=${CMAKE_PREFIX_PATH}:/home/vim3/myros/12-navigation/navigation_ws/install/dongbot_application:/home/vim3/myros/12-navigation/navigation_ws/install/autopartol_robot:/opt/ros/humble /usr/bin/cmake --install /home/vim3/myros/12-navigation/navigation_ws/build/autopatrol_interfaces
