[3.863s] Invoking command in '/home/vim3/myros/12-navigation/navigation_ws/build/autopatrol_interfaces': CMAKE_PREFIX_PATH=${CMAKE_PREFIX_PATH}:/home/vim3/myros/12-navigation/navigation_ws/install/dongbot_application:/home/vim3/myros/12-navigation/navigation_ws/install/autopartol_robot:/opt/ros/humble /usr/bin/cmake --build /home/vim3/myros/12-navigation/navigation_ws/build/autopatrol_interfaces -- -j2 -l2
[5.394s] [  3%] Built target autopatrol_interfaces__cpp
[5.944s] [ 12%] Built target autopatrol_interfaces__rosidl_generator_c
[6.541s] [ 12%] Built target ament_cmake_python_copy_autopatrol_interfaces
[7.081s] [ 22%] Built target autopatrol_interfaces__rosidl_typesupport_cpp
[7.536s] [ 32%] Built target autopatrol_interfaces__rosidl_typesupport_fastrtps_c
[7.992s] [ 41%] Built target autopatrol_interfaces__rosidl_typesupport_introspection_c
[8.354s] [ 51%] Built target autopatrol_interfaces__rosidl_typesupport_c
[8.805s] [ 61%] Built target autopatrol_interfaces__rosidl_typesupport_fastrtps_cpp
[9.244s] [ 70%] Built target autopatrol_interfaces__rosidl_typesupport_introspection_cpp
[13.962s] running egg_info
[13.970s] writing autopatrol_interfaces.egg-info/PKG-INFO
[13.971s] writing dependency_links to autopatrol_interfaces.egg-info/dependency_links.txt
[13.987s] writing top-level names to autopatrol_interfaces.egg-info/top_level.txt
[14.031s] reading manifest file 'autopatrol_interfaces.egg-info/SOURCES.txt'
[14.038s] writing manifest file 'autopatrol_interfaces.egg-info/SOURCES.txt'
[14.469s] [ 70%] Built target ament_cmake_python_build_autopatrol_interfaces_egg
[14.795s] [ 70%] Built target autopatrol_interfaces
[15.192s] [ 74%] Built target autopatrol_interfaces__py
[15.650s] [ 80%] Built target autopatrol_interfaces__rosidl_generator_py
[16.061s] [ 87%] Built target autopatrol_interfaces__rosidl_typesupport_fastrtps_c__pyext
[16.243s] [ 93%] Built target autopatrol_interfaces__rosidl_typesupport_introspection_c__pyext
[16.649s] [100%] Built target autopatrol_interfaces__rosidl_typesupport_c__pyext
[16.858s] Invoked command in '/home/vim3/myros/12-navigation/navigation_ws/build/autopatrol_interfaces' returned '0': CMAKE_PREFIX_PATH=${CMAKE_PREFIX_PATH}:/home/vim3/myros/12-navigation/navigation_ws/install/dongbot_application:/home/vim3/myros/12-navigation/navigation_ws/install/autopartol_robot:/opt/ros/humble /usr/bin/cmake --build /home/vim3/myros/12-navigation/navigation_ws/build/autopatrol_interfaces -- -j2 -l2
[16.927s] Invoking command in '/home/vim3/myros/12-navigation/navigation_ws/build/autopatrol_interfaces': CMAKE_PREFIX_PATH=${CMAKE_PREFIX_PATH}:/home/vim3/myros/12-navigation/navigation_ws/install/dongbot_application:/home/vim3/myros/12-navigation/navigation_ws/install/autopartol_robot:/opt/ros/humble /usr/bin/cmake --install /home/vim3/myros/12-navigation/navigation_ws/build/autopatrol_interfaces
[17.030s] -- Install configuration: ""
[17.040s] -- Up-to-date: /home/vim3/myros/12-navigation/navigation_ws/install/autopatrol_interfaces/share/ament_index/resource_index/rosidl_interfaces/autopatrol_interfaces
[17.041s] -- Up-to-date: /home/vim3/myros/12-navigation/navigation_ws/install/autopatrol_interfaces/include/autopatrol_interfaces/autopatrol_interfaces
[17.041s] -- Up-to-date: /home/vim3/myros/12-navigation/navigation_ws/install/autopatrol_interfaces/include/autopatrol_interfaces/autopatrol_interfaces/srv
[17.042s] -- Up-to-date: /home/vim3/myros/12-navigation/navigation_ws/install/autopatrol_interfaces/include/autopatrol_interfaces/autopatrol_interfaces/srv/speech_text.h
[17.066s] -- Up-to-date: /home/vim3/myros/12-navigation/navigation_ws/install/autopatrol_interfaces/include/autopatrol_interfaces/autopatrol_interfaces/srv/detail
[17.066s] -- Up-to-date: /home/vim3/myros/12-navigation/navigation_ws/install/autopatrol_interfaces/include/autopatrol_interfaces/autopatrol_interfaces/srv/detail/speech_text__functions.h
[17.066s] -- Up-to-date: /home/vim3/myros/12-navigation/navigation_ws/install/autopatrol_interfaces/include/autopatrol_interfaces/autopatrol_interfaces/srv/detail/speech_text__struct.h
[17.067s] -- Up-to-date: /home/vim3/myros/12-navigation/navigation_ws/install/autopatrol_interfaces/include/autopatrol_interfaces/autopatrol_interfaces/srv/detail/speech_text__type_support.h
[17.067s] -- Up-to-date: /home/vim3/myros/12-navigation/navigation_ws/install/autopatrol_interfaces/include/autopatrol_interfaces/autopatrol_interfaces/srv/detail/speech_text__functions.c
[17.067s] -- Up-to-date: /home/vim3/myros/12-navigation/navigation_ws/install/autopatrol_interfaces/include/autopatrol_interfaces/autopatrol_interfaces/msg
[17.067s] -- Up-to-date: /home/vim3/myros/12-navigation/navigation_ws/install/autopatrol_interfaces/include/autopatrol_interfaces/autopatrol_interfaces/msg/rosidl_generator_c__visibility_control.h
[17.067s] -- Up-to-date: /home/vim3/myros/12-navigation/navigation_ws/install/autopatrol_interfaces/share/autopatrol_interfaces/environment/library_path.sh
[17.067s] -- Up-to-date: /home/vim3/myros/12-navigation/navigation_ws/install/autopatrol_interfaces/share/autopatrol_interfaces/environment/library_path.dsv
[17.084s] -- Up-to-date: /home/vim3/myros/12-navigation/navigation_ws/install/autopatrol_interfaces/lib/libautopatrol_interfaces__rosidl_generator_c.so
[17.084s] -- Up-to-date: /home/vim3/myros/12-navigation/navigation_ws/install/autopatrol_interfaces/include/autopatrol_interfaces/autopatrol_interfaces
[17.084s] -- Up-to-date: /home/vim3/myros/12-navigation/navigation_ws/install/autopatrol_interfaces/include/autopatrol_interfaces/autopatrol_interfaces/srv
[17.085s] -- Up-to-date: /home/vim3/myros/12-navigation/navigation_ws/install/autopatrol_interfaces/include/autopatrol_interfaces/autopatrol_interfaces/srv/detail
[17.085s] -- Up-to-date: /home/vim3/myros/12-navigation/navigation_ws/install/autopatrol_interfaces/include/autopatrol_interfaces/autopatrol_interfaces/srv/detail/speech_text__rosidl_typesupport_fastrtps_c.h
[17.085s] -- Up-to-date: /home/vim3/myros/12-navigation/navigation_ws/install/autopatrol_interfaces/include/autopatrol_interfaces/autopatrol_interfaces/msg
[17.085s] -- Up-to-date: /home/vim3/myros/12-navigation/navigation_ws/install/autopatrol_interfaces/include/autopatrol_interfaces/autopatrol_interfaces/msg/rosidl_typesupport_fastrtps_c__visibility_control.h
[17.086s] -- Up-to-date: /home/vim3/myros/12-navigation/navigation_ws/install/autopatrol_interfaces/lib/libautopatrol_interfaces__rosidl_typesupport_fastrtps_c.so
[17.109s] -- Up-to-date: /home/vim3/myros/12-navigation/navigation_ws/install/autopatrol_interfaces/include/autopatrol_interfaces/autopatrol_interfaces
[17.110s] -- Up-to-date: /home/vim3/myros/12-navigation/navigation_ws/install/autopatrol_interfaces/include/autopatrol_interfaces/autopatrol_interfaces/srv
[17.110s] -- Up-to-date: /home/vim3/myros/12-navigation/navigation_ws/install/autopatrol_interfaces/include/autopatrol_interfaces/autopatrol_interfaces/srv/detail
[17.110s] -- Up-to-date: /home/vim3/myros/12-navigation/navigation_ws/install/autopatrol_interfaces/include/autopatrol_interfaces/autopatrol_interfaces/srv/detail/speech_text__type_support.c
[17.110s] -- Up-to-date: /home/vim3/myros/12-navigation/navigation_ws/install/autopatrol_interfaces/include/autopatrol_interfaces/autopatrol_interfaces/srv/detail/speech_text__rosidl_typesupport_introspection_c.h
[17.111s] -- Up-to-date: /home/vim3/myros/12-navigation/navigation_ws/install/autopatrol_interfaces/include/autopatrol_interfaces/autopatrol_interfaces/msg
[17.148s] -- Up-to-date: /home/vim3/myros/12-navigation/navigation_ws/install/autopatrol_interfaces/include/autopatrol_interfaces/autopatrol_interfaces/msg/rosidl_typesupport_introspection_c__visibility_control.h
[17.150s] -- Up-to-date: /home/vim3/myros/12-navigation/navigation_ws/install/autopatrol_interfaces/lib/libautopatrol_interfaces__rosidl_typesupport_introspection_c.so
[17.151s] -- Up-to-date: /home/vim3/myros/12-navigation/navigation_ws/install/autopatrol_interfaces/lib/libautopatrol_interfaces__rosidl_typesupport_c.so
[17.199s] -- Up-to-date: /home/vim3/myros/12-navigation/navigation_ws/install/autopatrol_interfaces/include/autopatrol_interfaces/autopatrol_interfaces
[17.200s] -- Up-to-date: /home/vim3/myros/12-navigation/navigation_ws/install/autopatrol_interfaces/include/autopatrol_interfaces/autopatrol_interfaces/srv
[17.200s] -- Up-to-date: /home/vim3/myros/12-navigation/navigation_ws/install/autopatrol_interfaces/include/autopatrol_interfaces/autopatrol_interfaces/srv/speech_text.hpp
[17.200s] -- Up-to-date: /home/vim3/myros/12-navigation/navigation_ws/install/autopatrol_interfaces/include/autopatrol_interfaces/autopatrol_interfaces/srv/detail
[17.200s] -- Up-to-date: /home/vim3/myros/12-navigation/navigation_ws/install/autopatrol_interfaces/include/autopatrol_interfaces/autopatrol_interfaces/srv/detail/speech_text__struct.hpp
[17.200s] -- Up-to-date: /home/vim3/myros/12-navigation/navigation_ws/install/autopatrol_interfaces/include/autopatrol_interfaces/autopatrol_interfaces/srv/detail/speech_text__traits.hpp
[17.201s] -- Up-to-date: /home/vim3/myros/12-navigation/navigation_ws/install/autopatrol_interfaces/include/autopatrol_interfaces/autopatrol_interfaces/srv/detail/speech_text__builder.hpp
[17.201s] -- Up-to-date: /home/vim3/myros/12-navigation/navigation_ws/install/autopatrol_interfaces/include/autopatrol_interfaces/autopatrol_interfaces/srv/detail/speech_text__type_support.hpp
[17.223s] -- Up-to-date: /home/vim3/myros/12-navigation/navigation_ws/install/autopatrol_interfaces/include/autopatrol_interfaces/autopatrol_interfaces/msg
[17.225s] -- Up-to-date: /home/vim3/myros/12-navigation/navigation_ws/install/autopatrol_interfaces/include/autopatrol_interfaces/autopatrol_interfaces/msg/rosidl_generator_cpp__visibility_control.hpp
[17.228s] -- Up-to-date: /home/vim3/myros/12-navigation/navigation_ws/install/autopatrol_interfaces/include/autopatrol_interfaces/autopatrol_interfaces
[17.228s] -- Up-to-date: /home/vim3/myros/12-navigation/navigation_ws/install/autopatrol_interfaces/include/autopatrol_interfaces/autopatrol_interfaces/srv
[17.229s] -- Up-to-date: /home/vim3/myros/12-navigation/navigation_ws/install/autopatrol_interfaces/include/autopatrol_interfaces/autopatrol_interfaces/srv/detail
[17.233s] -- Up-to-date: /home/vim3/myros/12-navigation/navigation_ws/install/autopatrol_interfaces/include/autopatrol_interfaces/autopatrol_interfaces/srv/detail/dds_fastrtps
[17.233s] -- Up-to-date: /home/vim3/myros/12-navigation/navigation_ws/install/autopatrol_interfaces/include/autopatrol_interfaces/autopatrol_interfaces/srv/detail/speech_text__rosidl_typesupport_fastrtps_cpp.hpp
[17.234s] -- Up-to-date: /home/vim3/myros/12-navigation/navigation_ws/install/autopatrol_interfaces/include/autopatrol_interfaces/autopatrol_interfaces/msg
[17.234s] -- Up-to-date: /home/vim3/myros/12-navigation/navigation_ws/install/autopatrol_interfaces/include/autopatrol_interfaces/autopatrol_interfaces/msg/rosidl_typesupport_fastrtps_cpp__visibility_control.h
[17.234s] -- Up-to-date: /home/vim3/myros/12-navigation/navigation_ws/install/autopatrol_interfaces/lib/libautopatrol_interfaces__rosidl_typesupport_fastrtps_cpp.so
[17.235s] -- Up-to-date: /home/vim3/myros/12-navigation/navigation_ws/install/autopatrol_interfaces/include/autopatrol_interfaces/autopatrol_interfaces
[17.242s] -- Up-to-date: /home/vim3/myros/12-navigation/navigation_ws/install/autopatrol_interfaces/include/autopatrol_interfaces/autopatrol_interfaces/srv
[17.242s] -- Up-to-date: /home/vim3/myros/12-navigation/navigation_ws/install/autopatrol_interfaces/include/autopatrol_interfaces/autopatrol_interfaces/srv/detail
[17.242s] -- Up-to-date: /home/vim3/myros/12-navigation/navigation_ws/install/autopatrol_interfaces/include/autopatrol_interfaces/autopatrol_interfaces/srv/detail/speech_text__rosidl_typesupport_introspection_cpp.hpp
[17.242s] -- Up-to-date: /home/vim3/myros/12-navigation/navigation_ws/install/autopatrol_interfaces/include/autopatrol_interfaces/autopatrol_interfaces/srv/detail/speech_text__type_support.cpp
[17.242s] -- Up-to-date: /home/vim3/myros/12-navigation/navigation_ws/install/autopatrol_interfaces/lib/libautopatrol_interfaces__rosidl_typesupport_introspection_cpp.so
[17.243s] -- Up-to-date: /home/vim3/myros/12-navigation/navigation_ws/install/autopatrol_interfaces/lib/libautopatrol_interfaces__rosidl_typesupport_cpp.so
[17.258s] -- Up-to-date: /home/vim3/myros/12-navigation/navigation_ws/install/autopatrol_interfaces/share/autopatrol_interfaces/environment/pythonpath.sh
[17.258s] -- Up-to-date: /home/vim3/myros/12-navigation/navigation_ws/install/autopatrol_interfaces/share/autopatrol_interfaces/environment/pythonpath.dsv
[17.258s] -- Up-to-date: /home/vim3/myros/12-navigation/navigation_ws/install/autopatrol_interfaces/local/lib/python3.10/dist-packages/autopatrol_interfaces-0.0.0-py3.10.egg-info
[17.259s] -- Installing: /home/vim3/myros/12-navigation/navigation_ws/install/autopatrol_interfaces/local/lib/python3.10/dist-packages/autopatrol_interfaces-0.0.0-py3.10.egg-info/dependency_links.txt
[17.276s] -- Installing: /home/vim3/myros/12-navigation/navigation_ws/install/autopatrol_interfaces/local/lib/python3.10/dist-packages/autopatrol_interfaces-0.0.0-py3.10.egg-info/SOURCES.txt
[17.277s] -- Installing: /home/vim3/myros/12-navigation/navigation_ws/install/autopatrol_interfaces/local/lib/python3.10/dist-packages/autopatrol_interfaces-0.0.0-py3.10.egg-info/top_level.txt
[17.277s] -- Installing: /home/vim3/myros/12-navigation/navigation_ws/install/autopatrol_interfaces/local/lib/python3.10/dist-packages/autopatrol_interfaces-0.0.0-py3.10.egg-info/PKG-INFO
[17.277s] -- Up-to-date: /home/vim3/myros/12-navigation/navigation_ws/install/autopatrol_interfaces/local/lib/python3.10/dist-packages/autopatrol_interfaces
[17.277s] -- Up-to-date: /home/vim3/myros/12-navigation/navigation_ws/install/autopatrol_interfaces/local/lib/python3.10/dist-packages/autopatrol_interfaces/libautopatrol_interfaces__rosidl_generator_py.so
[17.278s] -- Up-to-date: /home/vim3/myros/12-navigation/navigation_ws/install/autopatrol_interfaces/local/lib/python3.10/dist-packages/autopatrol_interfaces/autopatrol_interfaces_s__rosidl_typesupport_c.cpython-310-x86_64-linux-gnu.so
[17.292s] -- Up-to-date: /home/vim3/myros/12-navigation/navigation_ws/install/autopatrol_interfaces/local/lib/python3.10/dist-packages/autopatrol_interfaces/_autopatrol_interfaces_s.ep.rosidl_typesupport_c.c
[17.292s] -- Up-to-date: /home/vim3/myros/12-navigation/navigation_ws/install/autopatrol_interfaces/local/lib/python3.10/dist-packages/autopatrol_interfaces/_autopatrol_interfaces_s.ep.rosidl_typesupport_introspection_c.c
[17.293s] -- Up-to-date: /home/vim3/myros/12-navigation/navigation_ws/install/autopatrol_interfaces/local/lib/python3.10/dist-packages/autopatrol_interfaces/srv
[17.298s] -- Up-to-date: /home/vim3/myros/12-navigation/navigation_ws/install/autopatrol_interfaces/local/lib/python3.10/dist-packages/autopatrol_interfaces/srv/_speech_text.py
[17.299s] -- Up-to-date: /home/vim3/myros/12-navigation/navigation_ws/install/autopatrol_interfaces/local/lib/python3.10/dist-packages/autopatrol_interfaces/srv/__init__.py
[17.299s] -- Up-to-date: /home/vim3/myros/12-navigation/navigation_ws/install/autopatrol_interfaces/local/lib/python3.10/dist-packages/autopatrol_interfaces/srv/_speech_text_s.c
[17.299s] -- Up-to-date: /home/vim3/myros/12-navigation/navigation_ws/install/autopatrol_interfaces/local/lib/python3.10/dist-packages/autopatrol_interfaces/autopatrol_interfaces_s__rosidl_typesupport_introspection_c.cpython-310-x86_64-linux-gnu.so
[17.300s] -- Up-to-date: /home/vim3/myros/12-navigation/navigation_ws/install/autopatrol_interfaces/local/lib/python3.10/dist-packages/autopatrol_interfaces/autopatrol_interfaces_s__rosidl_typesupport_fastrtps_c.cpython-310-x86_64-linux-gnu.so
[17.311s] -- Up-to-date: /home/vim3/myros/12-navigation/navigation_ws/install/autopatrol_interfaces/local/lib/python3.10/dist-packages/autopatrol_interfaces/_autopatrol_interfaces_s.ep.rosidl_typesupport_fastrtps_c.c
[17.312s] -- Up-to-date: /home/vim3/myros/12-navigation/navigation_ws/install/autopatrol_interfaces/local/lib/python3.10/dist-packages/autopatrol_interfaces/__init__.py
[17.805s] Listing '/home/vim3/myros/12-navigation/navigation_ws/install/autopatrol_interfaces/local/lib/python3.10/dist-packages/autopatrol_interfaces'...
[17.811s] Listing '/home/vim3/myros/12-navigation/navigation_ws/install/autopatrol_interfaces/local/lib/python3.10/dist-packages/autopatrol_interfaces/srv'...
[17.848s] -- Up-to-date: /home/vim3/myros/12-navigation/navigation_ws/install/autopatrol_interfaces/local/lib/python3.10/dist-packages/autopatrol_interfaces/autopatrol_interfaces_s__rosidl_typesupport_fastrtps_c.cpython-310-x86_64-linux-gnu.so
[17.857s] -- Up-to-date: /home/vim3/myros/12-navigation/navigation_ws/install/autopatrol_interfaces/local/lib/python3.10/dist-packages/autopatrol_interfaces/autopatrol_interfaces_s__rosidl_typesupport_introspection_c.cpython-310-x86_64-linux-gnu.so
[17.857s] -- Up-to-date: /home/vim3/myros/12-navigation/navigation_ws/install/autopatrol_interfaces/local/lib/python3.10/dist-packages/autopatrol_interfaces/autopatrol_interfaces_s__rosidl_typesupport_c.cpython-310-x86_64-linux-gnu.so
[17.857s] -- Up-to-date: /home/vim3/myros/12-navigation/navigation_ws/install/autopatrol_interfaces/lib/libautopatrol_interfaces__rosidl_generator_py.so
[17.858s] -- Up-to-date: /home/vim3/myros/12-navigation/navigation_ws/install/autopatrol_interfaces/share/autopatrol_interfaces/srv/SpeechText.idl
[17.868s] -- Up-to-date: /home/vim3/myros/12-navigation/navigation_ws/install/autopatrol_interfaces/share/autopatrol_interfaces/srv/SpeechText.srv
[17.869s] -- Up-to-date: /home/vim3/myros/12-navigation/navigation_ws/install/autopatrol_interfaces/share/autopatrol_interfaces/srv/SpeechText_Request.msg
[17.872s] -- Up-to-date: /home/vim3/myros/12-navigation/navigation_ws/install/autopatrol_interfaces/share/autopatrol_interfaces/srv/SpeechText_Response.msg
[17.874s] -- Up-to-date: /home/vim3/myros/12-navigation/navigation_ws/install/autopatrol_interfaces/share/ament_index/resource_index/package_run_dependencies/autopatrol_interfaces
[17.874s] -- Up-to-date: /home/vim3/myros/12-navigation/navigation_ws/install/autopatrol_interfaces/share/ament_index/resource_index/parent_prefix_path/autopatrol_interfaces
[17.888s] -- Up-to-date: /home/vim3/myros/12-navigation/navigation_ws/install/autopatrol_interfaces/share/autopatrol_interfaces/environment/ament_prefix_path.sh
[17.889s] -- Up-to-date: /home/vim3/myros/12-navigation/navigation_ws/install/autopatrol_interfaces/share/autopatrol_interfaces/environment/ament_prefix_path.dsv
[17.889s] -- Up-to-date: /home/vim3/myros/12-navigation/navigation_ws/install/autopatrol_interfaces/share/autopatrol_interfaces/environment/path.sh
[17.897s] -- Up-to-date: /home/vim3/myros/12-navigation/navigation_ws/install/autopatrol_interfaces/share/autopatrol_interfaces/environment/path.dsv
[17.897s] -- Up-to-date: /home/vim3/myros/12-navigation/navigation_ws/install/autopatrol_interfaces/share/autopatrol_interfaces/local_setup.bash
[17.898s] -- Up-to-date: /home/vim3/myros/12-navigation/navigation_ws/install/autopatrol_interfaces/share/autopatrol_interfaces/local_setup.sh
[17.901s] -- Up-to-date: /home/vim3/myros/12-navigation/navigation_ws/install/autopatrol_interfaces/share/autopatrol_interfaces/local_setup.zsh
[17.904s] -- Up-to-date: /home/vim3/myros/12-navigation/navigation_ws/install/autopatrol_interfaces/share/autopatrol_interfaces/local_setup.dsv
[17.904s] -- Installing: /home/vim3/myros/12-navigation/navigation_ws/install/autopatrol_interfaces/share/autopatrol_interfaces/package.dsv
[17.904s] -- Up-to-date: /home/vim3/myros/12-navigation/navigation_ws/install/autopatrol_interfaces/share/ament_index/resource_index/packages/autopatrol_interfaces
[17.904s] -- Up-to-date: /home/vim3/myros/12-navigation/navigation_ws/install/autopatrol_interfaces/share/autopatrol_interfaces/cmake/export_autopatrol_interfaces__rosidl_generator_cExport.cmake
[17.912s] -- Up-to-date: /home/vim3/myros/12-navigation/navigation_ws/install/autopatrol_interfaces/share/autopatrol_interfaces/cmake/export_autopatrol_interfaces__rosidl_generator_cExport-noconfig.cmake
[17.912s] -- Up-to-date: /home/vim3/myros/12-navigation/navigation_ws/install/autopatrol_interfaces/share/autopatrol_interfaces/cmake/export_autopatrol_interfaces__rosidl_typesupport_fastrtps_cExport.cmake
[17.912s] -- Up-to-date: /home/vim3/myros/12-navigation/navigation_ws/install/autopatrol_interfaces/share/autopatrol_interfaces/cmake/export_autopatrol_interfaces__rosidl_typesupport_fastrtps_cExport-noconfig.cmake
[17.912s] -- Up-to-date: /home/vim3/myros/12-navigation/navigation_ws/install/autopatrol_interfaces/share/autopatrol_interfaces/cmake/autopatrol_interfaces__rosidl_typesupport_introspection_cExport.cmake
[17.913s] -- Up-to-date: /home/vim3/myros/12-navigation/navigation_ws/install/autopatrol_interfaces/share/autopatrol_interfaces/cmake/autopatrol_interfaces__rosidl_typesupport_introspection_cExport-noconfig.cmake
[17.913s] -- Up-to-date: /home/vim3/myros/12-navigation/navigation_ws/install/autopatrol_interfaces/share/autopatrol_interfaces/cmake/autopatrol_interfaces__rosidl_typesupport_cExport.cmake
[17.913s] -- Up-to-date: /home/vim3/myros/12-navigation/navigation_ws/install/autopatrol_interfaces/share/autopatrol_interfaces/cmake/autopatrol_interfaces__rosidl_typesupport_cExport-noconfig.cmake
[17.918s] -- Up-to-date: /home/vim3/myros/12-navigation/navigation_ws/install/autopatrol_interfaces/share/autopatrol_interfaces/cmake/export_autopatrol_interfaces__rosidl_generator_cppExport.cmake
[17.923s] -- Up-to-date: /home/vim3/myros/12-navigation/navigation_ws/install/autopatrol_interfaces/share/autopatrol_interfaces/cmake/export_autopatrol_interfaces__rosidl_typesupport_fastrtps_cppExport.cmake
[17.925s] -- Up-to-date: /home/vim3/myros/12-navigation/navigation_ws/install/autopatrol_interfaces/share/autopatrol_interfaces/cmake/export_autopatrol_interfaces__rosidl_typesupport_fastrtps_cppExport-noconfig.cmake
[17.929s] -- Up-to-date: /home/vim3/myros/12-navigation/navigation_ws/install/autopatrol_interfaces/share/autopatrol_interfaces/cmake/autopatrol_interfaces__rosidl_typesupport_introspection_cppExport.cmake
[17.929s] -- Up-to-date: /home/vim3/myros/12-navigation/navigation_ws/install/autopatrol_interfaces/share/autopatrol_interfaces/cmake/autopatrol_interfaces__rosidl_typesupport_introspection_cppExport-noconfig.cmake
[17.930s] -- Up-to-date: /home/vim3/myros/12-navigation/navigation_ws/install/autopatrol_interfaces/share/autopatrol_interfaces/cmake/autopatrol_interfaces__rosidl_typesupport_cppExport.cmake
[17.934s] -- Up-to-date: /home/vim3/myros/12-navigation/navigation_ws/install/autopatrol_interfaces/share/autopatrol_interfaces/cmake/autopatrol_interfaces__rosidl_typesupport_cppExport-noconfig.cmake
[17.935s] -- Up-to-date: /home/vim3/myros/12-navigation/navigation_ws/install/autopatrol_interfaces/share/autopatrol_interfaces/cmake/export_autopatrol_interfaces__rosidl_generator_pyExport.cmake
[17.935s] -- Up-to-date: /home/vim3/myros/12-navigation/navigation_ws/install/autopatrol_interfaces/share/autopatrol_interfaces/cmake/export_autopatrol_interfaces__rosidl_generator_pyExport-noconfig.cmake
[17.935s] -- Up-to-date: /home/vim3/myros/12-navigation/navigation_ws/install/autopatrol_interfaces/share/autopatrol_interfaces/cmake/rosidl_cmake-extras.cmake
[17.935s] -- Up-to-date: /home/vim3/myros/12-navigation/navigation_ws/install/autopatrol_interfaces/share/autopatrol_interfaces/cmake/ament_cmake_export_include_directories-extras.cmake
[17.935s] -- Up-to-date: /home/vim3/myros/12-navigation/navigation_ws/install/autopatrol_interfaces/share/autopatrol_interfaces/cmake/ament_cmake_export_libraries-extras.cmake
[17.938s] -- Up-to-date: /home/vim3/myros/12-navigation/navigation_ws/install/autopatrol_interfaces/share/autopatrol_interfaces/cmake/ament_cmake_export_targets-extras.cmake
[17.938s] -- Up-to-date: /home/vim3/myros/12-navigation/navigation_ws/install/autopatrol_interfaces/share/autopatrol_interfaces/cmake/rosidl_cmake_export_typesupport_targets-extras.cmake
[17.939s] -- Up-to-date: /home/vim3/myros/12-navigation/navigation_ws/install/autopatrol_interfaces/share/autopatrol_interfaces/cmake/ament_cmake_export_dependencies-extras.cmake
[17.939s] -- Up-to-date: /home/vim3/myros/12-navigation/navigation_ws/install/autopatrol_interfaces/share/autopatrol_interfaces/cmake/rosidl_cmake_export_typesupport_libraries-extras.cmake
[17.940s] -- Up-to-date: /home/vim3/myros/12-navigation/navigation_ws/install/autopatrol_interfaces/share/autopatrol_interfaces/cmake/autopatrol_interfacesConfig.cmake
[17.940s] -- Up-to-date: /home/vim3/myros/12-navigation/navigation_ws/install/autopatrol_interfaces/share/autopatrol_interfaces/cmake/autopatrol_interfacesConfig-version.cmake
[17.940s] -- Up-to-date: /home/vim3/myros/12-navigation/navigation_ws/install/autopatrol_interfaces/share/autopatrol_interfaces/package.xml
[19.696s] Invoked command in '/home/vim3/myros/12-navigation/navigation_ws/build/autopatrol_interfaces' returned '0': CMAKE_PREFIX_PATH=${CMAKE_PREFIX_PATH}:/home/vim3/myros/12-navigation/navigation_ws/install/dongbot_application:/home/vim3/myros/12-navigation/navigation_ws/install/autopartol_robot:/opt/ros/humble /usr/bin/cmake --install /home/vim3/myros/12-navigation/navigation_ws/build/autopatrol_interfaces
