[0.041s] Invoking command in '/home/vim3/myros/12-navigation/navigation_ws/build/dongbot_description': CMAKE_PREFIX_PATH=/opt/ros/humble /usr/bin/cmake --build /home/vim3/myros/12-navigation/navigation_ws/build/dongbot_description -- -j2 -l2
[0.258s] Invoked command in '/home/vim3/myros/12-navigation/navigation_ws/build/dongbot_description' returned '0': CMAKE_PREFIX_PATH=/opt/ros/humble /usr/bin/cmake --build /home/vim3/myros/12-navigation/navigation_ws/build/dongbot_description -- -j2 -l2
[0.297s] Invoking command in '/home/vim3/myros/12-navigation/navigation_ws/build/dongbot_description': CMAKE_PREFIX_PATH=/opt/ros/humble /usr/bin/cmake --install /home/vim3/myros/12-navigation/navigation_ws/build/dongbot_description
[0.329s] -- Install configuration: ""
[0.332s] -- Up-to-date: /home/vim3/myros/12-navigation/navigation_ws/install/dongbot_description/share/dongbot_description/launch
[0.334s] -- Up-to-date: /home/vim3/myros/12-navigation/navigation_ws/install/dongbot_description/share/dongbot_description/launch/display_robot.launch.py
[0.334s] -- Up-to-date: /home/vim3/myros/12-navigation/navigation_ws/install/dongbot_description/share/dongbot_description/launch/gazebo_sim.launch.py
[0.334s] -- Up-to-date: /home/vim3/myros/12-navigation/navigation_ws/install/dongbot_description/share/dongbot_description/launch/__pycache__
[0.334s] -- Up-to-date: /home/vim3/myros/12-navigation/navigation_ws/install/dongbot_description/share/dongbot_description/launch/__pycache__/display_robot.launch.cpython-310.pyc
[0.339s] -- Up-to-date: /home/vim3/myros/12-navigation/navigation_ws/install/dongbot_description/share/dongbot_description/urdf
[0.340s] -- Up-to-date: /home/vim3/myros/12-navigation/navigation_ws/install/dongbot_description/share/dongbot_description/urdf/first_robot.gv
[0.340s] -- Up-to-date: /home/vim3/myros/12-navigation/navigation_ws/install/dongbot_description/share/dongbot_description/urdf/first_robot.xacro
[0.340s] -- Up-to-date: /home/vim3/myros/12-navigation/navigation_ws/install/dongbot_description/share/dongbot_description/urdf/dongbot.urdf
[0.340s] -- Up-to-date: /home/vim3/myros/12-navigation/navigation_ws/install/dongbot_description/share/dongbot_description/urdf/first_robot.urdf
[0.340s] -- Up-to-date: /home/vim3/myros/12-navigation/navigation_ws/install/dongbot_description/share/dongbot_description/urdf/first_robot_try.urdf
[0.340s] -- Up-to-date: /home/vim3/myros/12-navigation/navigation_ws/install/dongbot_description/share/dongbot_description/urdf/first_robot.pdf
[0.344s] -- Up-to-date: /home/vim3/myros/12-navigation/navigation_ws/install/dongbot_description/share/dongbot_description/urdf/dongbot
[0.344s] -- Up-to-date: /home/vim3/myros/12-navigation/navigation_ws/install/dongbot_description/share/dongbot_description/urdf/dongbot/base.urdf.xacro
[0.344s] -- Up-to-date: /home/vim3/myros/12-navigation/navigation_ws/install/dongbot_description/share/dongbot_description/urdf/dongbot/common_intertia.xacro
[0.348s] -- Up-to-date: /home/vim3/myros/12-navigation/navigation_ws/install/dongbot_description/share/dongbot_description/urdf/dongbot/dongbot.urdf.xacro
[0.349s] -- Up-to-date: /home/vim3/myros/12-navigation/navigation_ws/install/dongbot_description/share/dongbot_description/urdf/dongbot/dongbot.ros2_control.xacro
[0.349s] -- Up-to-date: /home/vim3/myros/12-navigation/navigation_ws/install/dongbot_description/share/dongbot_description/urdf/dongbot/actuator
[0.349s] -- Up-to-date: /home/vim3/myros/12-navigation/navigation_ws/install/dongbot_description/share/dongbot_description/urdf/dongbot/actuator/caster.urdf.xacro
[0.349s] -- Up-to-date: /home/vim3/myros/12-navigation/navigation_ws/install/dongbot_description/share/dongbot_description/urdf/dongbot/actuator/wheel.urdf.xacro
[0.349s] -- Up-to-date: /home/vim3/myros/12-navigation/navigation_ws/install/dongbot_description/share/dongbot_description/urdf/dongbot/sensor
[0.353s] -- Up-to-date: /home/vim3/myros/12-navigation/navigation_ws/install/dongbot_description/share/dongbot_description/urdf/dongbot/sensor/camera.urdf.xacro
[0.356s] -- Up-to-date: /home/vim3/myros/12-navigation/navigation_ws/install/dongbot_description/share/dongbot_description/urdf/dongbot/sensor/laser.urdf.xacro
[0.356s] -- Up-to-date: /home/vim3/myros/12-navigation/navigation_ws/install/dongbot_description/share/dongbot_description/urdf/dongbot/sensor/imu.urdf.xacro
[0.360s] -- Up-to-date: /home/vim3/myros/12-navigation/navigation_ws/install/dongbot_description/share/dongbot_description/urdf/dongbot/plugins
[0.364s] -- Up-to-date: /home/vim3/myros/12-navigation/navigation_ws/install/dongbot_description/share/dongbot_description/urdf/dongbot/plugins/gazebo_sensor_plugin.xacro
[0.364s] -- Up-to-date: /home/vim3/myros/12-navigation/navigation_ws/install/dongbot_description/share/dongbot_description/urdf/dongbot/plugins/gazebo_control_plugin.xacro
[0.364s] -- Up-to-date: /home/vim3/myros/12-navigation/navigation_ws/install/dongbot_description/share/dongbot_description/config
[0.365s] -- Up-to-date: /home/vim3/myros/12-navigation/navigation_ws/install/dongbot_description/share/dongbot_description/config/dongbot_config.rviz
[0.365s] -- Up-to-date: /home/vim3/myros/12-navigation/navigation_ws/install/dongbot_description/share/dongbot_description/config/dongbot_ros2_controller.yaml
[0.365s] -- Up-to-date: /home/vim3/myros/12-navigation/navigation_ws/install/dongbot_description/share/dongbot_description/world
[0.365s] -- Up-to-date: /home/vim3/myros/12-navigation/navigation_ws/install/dongbot_description/share/dongbot_description/world/nav_room
[0.370s] -- Up-to-date: /home/vim3/myros/12-navigation/navigation_ws/install/dongbot_description/share/dongbot_description/world/room
[0.370s] -- Up-to-date: /home/vim3/myros/12-navigation/navigation_ws/install/dongbot_description/share/dongbot_description/world/room/model.config
[0.370s] -- Up-to-date: /home/vim3/myros/12-navigation/navigation_ws/install/dongbot_description/share/dongbot_description/world/room/model.sdf
[0.370s] -- Up-to-date: /home/vim3/myros/12-navigation/navigation_ws/install/dongbot_description/share/ament_index/resource_index/package_run_dependencies/dongbot_description
[0.370s] -- Up-to-date: /home/vim3/myros/12-navigation/navigation_ws/install/dongbot_description/share/ament_index/resource_index/parent_prefix_path/dongbot_description
[0.370s] -- Up-to-date: /home/vim3/myros/12-navigation/navigation_ws/install/dongbot_description/share/dongbot_description/environment/ament_prefix_path.sh
[0.370s] -- Up-to-date: /home/vim3/myros/12-navigation/navigation_ws/install/dongbot_description/share/dongbot_description/environment/ament_prefix_path.dsv
[0.371s] -- Up-to-date: /home/vim3/myros/12-navigation/navigation_ws/install/dongbot_description/share/dongbot_description/environment/path.sh
[0.371s] -- Up-to-date: /home/vim3/myros/12-navigation/navigation_ws/install/dongbot_description/share/dongbot_description/environment/path.dsv
[0.371s] -- Up-to-date: /home/vim3/myros/12-navigation/navigation_ws/install/dongbot_description/share/dongbot_description/local_setup.bash
[0.371s] -- Up-to-date: /home/vim3/myros/12-navigation/navigation_ws/install/dongbot_description/share/dongbot_description/local_setup.sh
[0.371s] -- Up-to-date: /home/vim3/myros/12-navigation/navigation_ws/install/dongbot_description/share/dongbot_description/local_setup.zsh
[0.371s] -- Up-to-date: /home/vim3/myros/12-navigation/navigation_ws/install/dongbot_description/share/dongbot_description/local_setup.dsv
[0.378s] -- Installing: /home/vim3/myros/12-navigation/navigation_ws/install/dongbot_description/share/dongbot_description/package.dsv
[0.378s] -- Up-to-date: /home/vim3/myros/12-navigation/navigation_ws/install/dongbot_description/share/ament_index/resource_index/packages/dongbot_description
[0.378s] -- Up-to-date: /home/vim3/myros/12-navigation/navigation_ws/install/dongbot_description/share/dongbot_description/cmake/dongbot_descriptionConfig.cmake
[0.378s] -- Up-to-date: /home/vim3/myros/12-navigation/navigation_ws/install/dongbot_description/share/dongbot_description/cmake/dongbot_descriptionConfig-version.cmake
[0.379s] -- Up-to-date: /home/vim3/myros/12-navigation/navigation_ws/install/dongbot_description/share/dongbot_description/package.xml
[0.379s] Invoked command in '/home/vim3/myros/12-navigation/navigation_ws/build/dongbot_description' returned '0': CMAKE_PREFIX_PATH=/opt/ros/humble /usr/bin/cmake --install /home/vim3/myros/12-navigation/navigation_ws/build/dongbot_description
