[11.618s] Invoking command in '/home/vim3/myros/12-navigation/navigation_ws/src/dongbot_application': PYTHONPATH=/home/vim3/myros/12-navigation/navigation_ws/build/dongbot_application/prefix_override:/usr/lib/python3/dist-packages/colcon_core/task/python/colcon_distutils_commands:/home/vim3/myros/12-navigation/navigation_ws/install/dongbot_application/lib/python3.10/site-packages:${PYTHONPATH} /usr/bin/python3 -W ignore:setup.py install is deprecated -W ignore:easy_install command is deprecated setup.py egg_info --egg-base ../../build/dongbot_application build --build-base /home/vim3/myros/12-navigation/navigation_ws/build/dongbot_application/build install --record /home/vim3/myros/12-navigation/navigation_ws/build/dongbot_application/install.log --single-version-externally-managed install_data
[14.132s] running egg_info
[14.133s] writing ../../build/dongbot_application/dongbot_application.egg-info/PKG-INFO
[14.140s] writing dependency_links to ../../build/dongbot_application/dongbot_application.egg-info/dependency_links.txt
[14.147s] writing entry points to ../../build/dongbot_application/dongbot_application.egg-info/entry_points.txt
[14.148s] writing requirements to ../../build/dongbot_application/dongbot_application.egg-info/requires.txt
[14.153s] writing top-level names to ../../build/dongbot_application/dongbot_application.egg-info/top_level.txt
[14.164s] reading manifest file '../../build/dongbot_application/dongbot_application.egg-info/SOURCES.txt'
[14.174s] adding license file 'LICENSE'
[14.185s] writing manifest file '../../build/dongbot_application/dongbot_application.egg-info/SOURCES.txt'
[14.190s] running build
[14.191s] running build_py
[14.203s] running install
[14.209s] running install_lib
[14.235s] running install_data
[14.236s] running install_egg_info
[14.277s] removing '/home/vim3/myros/12-navigation/navigation_ws/install/dongbot_application/lib/python3.10/site-packages/dongbot_application-0.0.0-py3.10.egg-info' (and everything under it)
[14.283s] Copying ../../build/dongbot_application/dongbot_application.egg-info to /home/vim3/myros/12-navigation/navigation_ws/install/dongbot_application/lib/python3.10/site-packages/dongbot_application-0.0.0-py3.10.egg-info
[14.324s] running install_scripts
[14.543s] Installing get_robot_pose script to /home/vim3/myros/12-navigation/navigation_ws/install/dongbot_application/lib/dongbot_application
[14.548s] Installing init_robot_pose script to /home/vim3/myros/12-navigation/navigation_ws/install/dongbot_application/lib/dongbot_application
[14.552s] Installing nav_to_pose script to /home/vim3/myros/12-navigation/navigation_ws/install/dongbot_application/lib/dongbot_application
[14.557s] Installing waypoint_flollower script to /home/vim3/myros/12-navigation/navigation_ws/install/dongbot_application/lib/dongbot_application
[14.559s] writing list of installed files to '/home/vim3/myros/12-navigation/navigation_ws/build/dongbot_application/install.log'
[14.660s] Invoked command in '/home/vim3/myros/12-navigation/navigation_ws/src/dongbot_application' returned '0': PYTHONPATH=/home/vim3/myros/12-navigation/navigation_ws/build/dongbot_application/prefix_override:/usr/lib/python3/dist-packages/colcon_core/task/python/colcon_distutils_commands:/home/vim3/myros/12-navigation/navigation_ws/install/dongbot_application/lib/python3.10/site-packages:${PYTHONPATH} /usr/bin/python3 -W ignore:setup.py install is deprecated -W ignore:easy_install command is deprecated setup.py egg_info --egg-base ../../build/dongbot_application build --build-base /home/vim3/myros/12-navigation/navigation_ws/build/dongbot_application/build install --record /home/vim3/myros/12-navigation/navigation_ws/build/dongbot_application/install.log --single-version-externally-managed install_data
