[3.797s] Invoking command in '/home/vim3/myros/12-navigation/navigation_ws/build/dongbot_description': CMAKE_PREFIX_PATH=/opt/ros/humble /usr/bin/cmake --build /home/vim3/myros/12-navigation/navigation_ws/build/dongbot_description -- -j2 -l2
[5.129s] Invoked command in '/home/vim3/myros/12-navigation/navigation_ws/build/dongbot_description' returned '0': CMAKE_PREFIX_PATH=/opt/ros/humble /usr/bin/cmake --build /home/vim3/myros/12-navigation/navigation_ws/build/dongbot_description -- -j2 -l2
[5.397s] Invoking command in '/home/vim3/myros/12-navigation/navigation_ws/build/dongbot_description': CMAKE_PREFIX_PATH=/opt/ros/humble /usr/bin/cmake --install /home/vim3/myros/12-navigation/navigation_ws/build/dongbot_description
[5.585s] -- Install configuration: ""
[5.592s] -- Up-to-date: /home/vim3/myros/12-navigation/navigation_ws/install/dongbot_description/share/dongbot_description/launch
[5.600s] -- Up-to-date: /home/vim3/myros/12-navigation/navigation_ws/install/dongbot_description/share/dongbot_description/launch/display_robot.launch.py
[5.606s] -- Up-to-date: /home/vim3/myros/12-navigation/navigation_ws/install/dongbot_description/share/dongbot_description/launch/gazebo_sim.launch.py
[5.606s] -- Up-to-date: /home/vim3/myros/12-navigation/navigation_ws/install/dongbot_description/share/dongbot_description/launch/__pycache__
[5.606s] -- Up-to-date: /home/vim3/myros/12-navigation/navigation_ws/install/dongbot_description/share/dongbot_description/launch/__pycache__/display_robot.launch.cpython-310.pyc
[5.606s] -- Up-to-date: /home/vim3/myros/12-navigation/navigation_ws/install/dongbot_description/share/dongbot_description/urdf
[5.607s] -- Up-to-date: /home/vim3/myros/12-navigation/navigation_ws/install/dongbot_description/share/dongbot_description/urdf/first_robot.gv
[5.607s] -- Up-to-date: /home/vim3/myros/12-navigation/navigation_ws/install/dongbot_description/share/dongbot_description/urdf/first_robot.xacro
[5.613s] -- Up-to-date: /home/vim3/myros/12-navigation/navigation_ws/install/dongbot_description/share/dongbot_description/urdf/dongbot.urdf
[5.616s] -- Up-to-date: /home/vim3/myros/12-navigation/navigation_ws/install/dongbot_description/share/dongbot_description/urdf/first_robot.urdf
[5.617s] -- Up-to-date: /home/vim3/myros/12-navigation/navigation_ws/install/dongbot_description/share/dongbot_description/urdf/first_robot_try.urdf
[5.623s] -- Up-to-date: /home/vim3/myros/12-navigation/navigation_ws/install/dongbot_description/share/dongbot_description/urdf/first_robot.pdf
[5.623s] -- Up-to-date: /home/vim3/myros/12-navigation/navigation_ws/install/dongbot_description/share/dongbot_description/urdf/dongbot
[5.624s] -- Up-to-date: /home/vim3/myros/12-navigation/navigation_ws/install/dongbot_description/share/dongbot_description/urdf/dongbot/base.urdf.xacro
[5.627s] -- Up-to-date: /home/vim3/myros/12-navigation/navigation_ws/install/dongbot_description/share/dongbot_description/urdf/dongbot/common_intertia.xacro
[5.627s] -- Up-to-date: /home/vim3/myros/12-navigation/navigation_ws/install/dongbot_description/share/dongbot_description/urdf/dongbot/dongbot.urdf.xacro
[5.628s] -- Up-to-date: /home/vim3/myros/12-navigation/navigation_ws/install/dongbot_description/share/dongbot_description/urdf/dongbot/dongbot.ros2_control.xacro
[5.628s] -- Up-to-date: /home/vim3/myros/12-navigation/navigation_ws/install/dongbot_description/share/dongbot_description/urdf/dongbot/actuator
[5.628s] -- Up-to-date: /home/vim3/myros/12-navigation/navigation_ws/install/dongbot_description/share/dongbot_description/urdf/dongbot/actuator/caster.urdf.xacro
[5.628s] -- Up-to-date: /home/vim3/myros/12-navigation/navigation_ws/install/dongbot_description/share/dongbot_description/urdf/dongbot/actuator/wheel.urdf.xacro
[5.628s] -- Up-to-date: /home/vim3/myros/12-navigation/navigation_ws/install/dongbot_description/share/dongbot_description/urdf/dongbot/sensor
[5.629s] -- Up-to-date: /home/vim3/myros/12-navigation/navigation_ws/install/dongbot_description/share/dongbot_description/urdf/dongbot/sensor/camera.urdf.xacro
[5.642s] -- Up-to-date: /home/vim3/myros/12-navigation/navigation_ws/install/dongbot_description/share/dongbot_description/urdf/dongbot/sensor/laser.urdf.xacro
[5.645s] -- Up-to-date: /home/vim3/myros/12-navigation/navigation_ws/install/dongbot_description/share/dongbot_description/urdf/dongbot/sensor/imu.urdf.xacro
[5.645s] -- Up-to-date: /home/vim3/myros/12-navigation/navigation_ws/install/dongbot_description/share/dongbot_description/urdf/dongbot/plugins
[5.645s] -- Up-to-date: /home/vim3/myros/12-navigation/navigation_ws/install/dongbot_description/share/dongbot_description/urdf/dongbot/plugins/gazebo_sensor_plugin.xacro
[5.645s] -- Up-to-date: /home/vim3/myros/12-navigation/navigation_ws/install/dongbot_description/share/dongbot_description/urdf/dongbot/plugins/gazebo_control_plugin.xacro
[5.646s] -- Up-to-date: /home/vim3/myros/12-navigation/navigation_ws/install/dongbot_description/share/dongbot_description/config
[5.646s] -- Up-to-date: /home/vim3/myros/12-navigation/navigation_ws/install/dongbot_description/share/dongbot_description/config/dongbot_config.rviz
[5.651s] -- Up-to-date: /home/vim3/myros/12-navigation/navigation_ws/install/dongbot_description/share/dongbot_description/config/dongbot_ros2_controller.yaml
[5.651s] -- Up-to-date: /home/vim3/myros/12-navigation/navigation_ws/install/dongbot_description/share/dongbot_description/world
[5.652s] -- Up-to-date: /home/vim3/myros/12-navigation/navigation_ws/install/dongbot_description/share/dongbot_description/world/room
[5.656s] -- Up-to-date: /home/vim3/myros/12-navigation/navigation_ws/install/dongbot_description/share/dongbot_description/world/room/model.config
[5.656s] -- Up-to-date: /home/vim3/myros/12-navigation/navigation_ws/install/dongbot_description/share/dongbot_description/world/room/model.sdf
[5.656s] -- Up-to-date: /home/vim3/myros/12-navigation/navigation_ws/install/dongbot_description/share/dongbot_description/world/nav_room.world
[5.657s] -- Up-to-date: /home/vim3/myros/12-navigation/navigation_ws/install/dongbot_description/share/ament_index/resource_index/package_run_dependencies/dongbot_description
[5.657s] -- Up-to-date: /home/vim3/myros/12-navigation/navigation_ws/install/dongbot_description/share/ament_index/resource_index/parent_prefix_path/dongbot_description
[5.657s] -- Up-to-date: /home/vim3/myros/12-navigation/navigation_ws/install/dongbot_description/share/dongbot_description/environment/ament_prefix_path.sh
[5.662s] -- Up-to-date: /home/vim3/myros/12-navigation/navigation_ws/install/dongbot_description/share/dongbot_description/environment/ament_prefix_path.dsv
[5.663s] -- Up-to-date: /home/vim3/myros/12-navigation/navigation_ws/install/dongbot_description/share/dongbot_description/environment/path.sh
[5.663s] -- Up-to-date: /home/vim3/myros/12-navigation/navigation_ws/install/dongbot_description/share/dongbot_description/environment/path.dsv
[5.663s] -- Up-to-date: /home/vim3/myros/12-navigation/navigation_ws/install/dongbot_description/share/dongbot_description/local_setup.bash
[5.663s] -- Up-to-date: /home/vim3/myros/12-navigation/navigation_ws/install/dongbot_description/share/dongbot_description/local_setup.sh
[5.664s] -- Up-to-date: /home/vim3/myros/12-navigation/navigation_ws/install/dongbot_description/share/dongbot_description/local_setup.zsh
[5.664s] -- Up-to-date: /home/vim3/myros/12-navigation/navigation_ws/install/dongbot_description/share/dongbot_description/local_setup.dsv
[5.674s] -- Installing: /home/vim3/myros/12-navigation/navigation_ws/install/dongbot_description/share/dongbot_description/package.dsv
[5.674s] -- Up-to-date: /home/vim3/myros/12-navigation/navigation_ws/install/dongbot_description/share/ament_index/resource_index/packages/dongbot_description
[5.679s] -- Up-to-date: /home/vim3/myros/12-navigation/navigation_ws/install/dongbot_description/share/dongbot_description/cmake/dongbot_descriptionConfig.cmake
[5.679s] -- Up-to-date: /home/vim3/myros/12-navigation/navigation_ws/install/dongbot_description/share/dongbot_description/cmake/dongbot_descriptionConfig-version.cmake
[5.680s] -- Up-to-date: /home/vim3/myros/12-navigation/navigation_ws/install/dongbot_description/share/dongbot_description/package.xml
[5.688s] Invoked command in '/home/vim3/myros/12-navigation/navigation_ws/build/dongbot_description' returned '0': CMAKE_PREFIX_PATH=/opt/ros/humble /usr/bin/cmake --install /home/vim3/myros/12-navigation/navigation_ws/build/dongbot_description
