[16.874s] Invoking command in '/home/vim3/myros/12-navigation/navigation_ws/src/dongbot_application': PYTHONPATH=/home/vim3/myros/12-navigation/navigation_ws/build/dongbot_application/prefix_override:/usr/lib/python3/dist-packages/colcon_core/task/python/colcon_distutils_commands:/home/vim3/myros/12-navigation/navigation_ws/install/dongbot_application/lib/python3.10/site-packages:${PYTHONPATH} /usr/bin/python3 -W ignore:setup.py install is deprecated -W ignore:easy_install command is deprecated setup.py egg_info --egg-base ../../build/dongbot_application build --build-base /home/vim3/myros/12-navigation/navigation_ws/build/dongbot_application/build install --record /home/vim3/myros/12-navigation/navigation_ws/build/dongbot_application/install.log --single-version-externally-managed install_data
[21.447s] running egg_info
[21.458s] writing ../../build/dongbot_application/dongbot_application.egg-info/PKG-INFO
[21.471s] writing dependency_links to ../../build/dongbot_application/dongbot_application.egg-info/dependency_links.txt
[21.489s] writing entry points to ../../build/dongbot_application/dongbot_application.egg-info/entry_points.txt
[21.489s] writing requirements to ../../build/dongbot_application/dongbot_application.egg-info/requires.txt
[21.489s] writing top-level names to ../../build/dongbot_application/dongbot_application.egg-info/top_level.txt
[21.543s] reading manifest file '../../build/dongbot_application/dongbot_application.egg-info/SOURCES.txt'
[21.551s] adding license file 'LICENSE'
[21.586s] writing manifest file '../../build/dongbot_application/dongbot_application.egg-info/SOURCES.txt'
[21.586s] running build
[21.586s] running build_py
[21.595s] copying dongbot_application/nav_to_pose.py -> /home/vim3/myros/12-navigation/navigation_ws/build/dongbot_application/build/lib/dongbot_application
[21.601s] running install
[21.614s] running install_lib
[21.618s] copying /home/vim3/myros/12-navigation/navigation_ws/build/dongbot_application/build/lib/dongbot_application/nav_to_pose.py -> /home/vim3/myros/12-navigation/navigation_ws/install/dongbot_application/lib/python3.10/site-packages/dongbot_application
[21.638s] byte-compiling /home/vim3/myros/12-navigation/navigation_ws/install/dongbot_application/lib/python3.10/site-packages/dongbot_application/nav_to_pose.py to nav_to_pose.cpython-310.pyc
[21.651s] running install_data
[21.652s] running install_egg_info
[21.682s] removing '/home/vim3/myros/12-navigation/navigation_ws/install/dongbot_application/lib/python3.10/site-packages/dongbot_application-0.0.0-py3.10.egg-info' (and everything under it)
[21.695s] Copying ../../build/dongbot_application/dongbot_application.egg-info to /home/vim3/myros/12-navigation/navigation_ws/install/dongbot_application/lib/python3.10/site-packages/dongbot_application-0.0.0-py3.10.egg-info
[21.695s] running install_scripts
[21.954s] Installing get_robot_pose script to /home/vim3/myros/12-navigation/navigation_ws/install/dongbot_application/lib/dongbot_application
[21.960s] Installing init_robot_pose script to /home/vim3/myros/12-navigation/navigation_ws/install/dongbot_application/lib/dongbot_application
[21.964s] Installing nav_to_pose script to /home/vim3/myros/12-navigation/navigation_ws/install/dongbot_application/lib/dongbot_application
[21.965s] writing list of installed files to '/home/vim3/myros/12-navigation/navigation_ws/build/dongbot_application/install.log'
[22.073s] Invoked command in '/home/vim3/myros/12-navigation/navigation_ws/src/dongbot_application' returned '0': PYTHONPATH=/home/vim3/myros/12-navigation/navigation_ws/build/dongbot_application/prefix_override:/usr/lib/python3/dist-packages/colcon_core/task/python/colcon_distutils_commands:/home/vim3/myros/12-navigation/navigation_ws/install/dongbot_application/lib/python3.10/site-packages:${PYTHONPATH} /usr/bin/python3 -W ignore:setup.py install is deprecated -W ignore:easy_install command is deprecated setup.py egg_info --egg-base ../../build/dongbot_application build --build-base /home/vim3/myros/12-navigation/navigation_ws/build/dongbot_application/build install --record /home/vim3/myros/12-navigation/navigation_ws/build/dongbot_application/install.log --single-version-externally-managed install_data
