[1.575s] DEBUG:colcon:Command line arguments: ['/usr/bin/colcon', 'build']
[1.576s] DEBUG:colcon:Parsed command line arguments: Namespace(log_base=None, log_level=None, verb_name='build', build_base='build', install_base='install', merge_install=False, symlink_install=False, test_result_base=None, continue_on_error=False, executor='parallel', parallel_workers=2, event_handlers=None, ignore_user_meta=False, metas=['./colcon.meta'], base_paths=['.'], packages_ignore=None, packages_ignore_regex=None, paths=None, packages_up_to=None, packages_up_to_regex=None, packages_above=None, packages_above_and_dependencies=None, packages_above_depth=None, packages_select_by_dep=None, packages_skip_by_dep=None, packages_skip_up_to=None, packages_select_build_failed=False, packages_skip_build_finished=False, packages_select_test_failures=False, packages_skip_test_passed=False, packages_select=None, packages_skip=None, packages_select_regex=None, packages_skip_regex=None, packages_start=None, packages_end=None, allow_overriding=[], cmake_args=None, cmake_target=None, cmake_target_skip_unavailable=False, cmake_clean_cache=False, cmake_clean_first=False, cmake_force_configure=False, ament_cmake_args=None, catkin_cmake_args=None, catkin_skip_building_tests=False, verb_parser=<colcon_defaults.argument_parser.defaults.DefaultArgumentsDecorator object at 0x7430cff33a90>, verb_extension=<colcon_core.verb.build.BuildVerb object at 0x7430cff33160>, main=<bound method BuildVerb.main of <colcon_core.verb.build.BuildVerb object at 0x7430cff33160>>)
[6.149s] Level 1:colcon.colcon_core.package_discovery:discover_packages(colcon_meta) check parameters
[6.152s] Level 1:colcon.colcon_core.package_discovery:discover_packages(recursive) check parameters
[6.152s] Level 1:colcon.colcon_core.package_discovery:discover_packages(ignore) check parameters
[6.152s] Level 1:colcon.colcon_core.package_discovery:discover_packages(path) check parameters
[6.152s] Level 1:colcon.colcon_core.package_discovery:discover_packages(colcon_meta) discover
[6.153s] Level 1:colcon.colcon_core.package_discovery:discover_packages(recursive) discover
[6.153s] INFO:colcon.colcon_core.package_discovery:Crawling recursively for packages in '/home/vim3/myros/12-navigation/navigation_ws'
[6.153s] Level 1:colcon.colcon_core.package_identification:_identify(.) by extensions ['ignore', 'ignore_ament_install']
[6.156s] Level 1:colcon.colcon_core.package_identification:_identify(.) by extension 'ignore'
[6.156s] Level 1:colcon.colcon_core.package_identification:_identify(.) by extension 'ignore_ament_install'
[6.157s] Level 1:colcon.colcon_core.package_identification:_identify(.) by extensions ['colcon_pkg']
[6.157s] Level 1:colcon.colcon_core.package_identification:_identify(.) by extension 'colcon_pkg'
[6.157s] Level 1:colcon.colcon_core.package_identification:_identify(.) by extensions ['colcon_meta']
[6.157s] Level 1:colcon.colcon_core.package_identification:_identify(.) by extension 'colcon_meta'
[6.157s] Level 1:colcon.colcon_core.package_identification:_identify(.) by extensions ['ros']
[6.157s] Level 1:colcon.colcon_core.package_identification:_identify(.) by extension 'ros'
[6.249s] Level 1:colcon.colcon_core.package_identification:_identify(.) by extensions ['cmake', 'python']
[6.249s] Level 1:colcon.colcon_core.package_identification:_identify(.) by extension 'cmake'
[6.250s] Level 1:colcon.colcon_core.package_identification:_identify(.) by extension 'python'
[6.250s] Level 1:colcon.colcon_core.package_identification:_identify(.) by extensions ['python_setup_py']
[6.250s] Level 1:colcon.colcon_core.package_identification:_identify(.) by extension 'python_setup_py'
[6.256s] Level 1:colcon.colcon_core.package_identification:_identify(build) by extensions ['ignore', 'ignore_ament_install']
[6.256s] Level 1:colcon.colcon_core.package_identification:_identify(build) by extension 'ignore'
[6.257s] Level 1:colcon.colcon_core.package_identification:_identify(build) ignored
[6.264s] Level 1:colcon.colcon_core.package_identification:_identify(install) by extensions ['ignore', 'ignore_ament_install']
[6.266s] Level 1:colcon.colcon_core.package_identification:_identify(install) by extension 'ignore'
[6.266s] Level 1:colcon.colcon_core.package_identification:_identify(install) ignored
[6.267s] Level 1:colcon.colcon_core.package_identification:_identify(log) by extensions ['ignore', 'ignore_ament_install']
[6.267s] Level 1:colcon.colcon_core.package_identification:_identify(log) by extension 'ignore'
[6.267s] Level 1:colcon.colcon_core.package_identification:_identify(log) ignored
[6.275s] Level 1:colcon.colcon_core.package_identification:_identify(src) by extensions ['ignore', 'ignore_ament_install']
[6.285s] Level 1:colcon.colcon_core.package_identification:_identify(src) by extension 'ignore'
[6.286s] Level 1:colcon.colcon_core.package_identification:_identify(src) by extension 'ignore_ament_install'
[6.286s] Level 1:colcon.colcon_core.package_identification:_identify(src) by extensions ['colcon_pkg']
[6.286s] Level 1:colcon.colcon_core.package_identification:_identify(src) by extension 'colcon_pkg'
[6.287s] Level 1:colcon.colcon_core.package_identification:_identify(src) by extensions ['colcon_meta']
[6.288s] Level 1:colcon.colcon_core.package_identification:_identify(src) by extension 'colcon_meta'
[6.288s] Level 1:colcon.colcon_core.package_identification:_identify(src) by extensions ['ros']
[6.288s] Level 1:colcon.colcon_core.package_identification:_identify(src) by extension 'ros'
[6.290s] Level 1:colcon.colcon_core.package_identification:_identify(src) by extensions ['cmake', 'python']
[6.290s] Level 1:colcon.colcon_core.package_identification:_identify(src) by extension 'cmake'
[6.290s] Level 1:colcon.colcon_core.package_identification:_identify(src) by extension 'python'
[6.290s] Level 1:colcon.colcon_core.package_identification:_identify(src) by extensions ['python_setup_py']
[6.291s] Level 1:colcon.colcon_core.package_identification:_identify(src) by extension 'python_setup_py'
[6.293s] Level 1:colcon.colcon_core.package_identification:_identify(src/dongbot_application) by extensions ['ignore', 'ignore_ament_install']
[6.295s] Level 1:colcon.colcon_core.package_identification:_identify(src/dongbot_application) by extension 'ignore'
[6.295s] Level 1:colcon.colcon_core.package_identification:_identify(src/dongbot_application) by extension 'ignore_ament_install'
[6.295s] Level 1:colcon.colcon_core.package_identification:_identify(src/dongbot_application) by extensions ['colcon_pkg']
[6.296s] Level 1:colcon.colcon_core.package_identification:_identify(src/dongbot_application) by extension 'colcon_pkg'
[6.296s] Level 1:colcon.colcon_core.package_identification:_identify(src/dongbot_application) by extensions ['colcon_meta']
[6.296s] Level 1:colcon.colcon_core.package_identification:_identify(src/dongbot_application) by extension 'colcon_meta'
[6.296s] Level 1:colcon.colcon_core.package_identification:_identify(src/dongbot_application) by extensions ['ros']
[6.296s] Level 1:colcon.colcon_core.package_identification:_identify(src/dongbot_application) by extension 'ros'
[6.326s] DEBUG:colcon.colcon_core.package_identification:Package 'src/dongbot_application' with type 'ros.ament_python' and name 'dongbot_application'
[6.332s] Level 1:colcon.colcon_core.package_identification:_identify(src/dongbot_description) by extensions ['ignore', 'ignore_ament_install']
[6.332s] Level 1:colcon.colcon_core.package_identification:_identify(src/dongbot_description) by extension 'ignore'
[6.335s] Level 1:colcon.colcon_core.package_identification:_identify(src/dongbot_description) by extension 'ignore_ament_install'
[6.336s] Level 1:colcon.colcon_core.package_identification:_identify(src/dongbot_description) by extensions ['colcon_pkg']
[6.336s] Level 1:colcon.colcon_core.package_identification:_identify(src/dongbot_description) by extension 'colcon_pkg'
[6.336s] Level 1:colcon.colcon_core.package_identification:_identify(src/dongbot_description) by extensions ['colcon_meta']
[6.336s] Level 1:colcon.colcon_core.package_identification:_identify(src/dongbot_description) by extension 'colcon_meta'
[6.337s] Level 1:colcon.colcon_core.package_identification:_identify(src/dongbot_description) by extensions ['ros']
[6.337s] Level 1:colcon.colcon_core.package_identification:_identify(src/dongbot_description) by extension 'ros'
[6.351s] DEBUG:colcon.colcon_core.package_identification:Package 'src/dongbot_description' with type 'ros.ament_cmake' and name 'dongbot_description'
[6.352s] Level 1:colcon.colcon_core.package_identification:_identify(src/dongbot_nav) by extensions ['ignore', 'ignore_ament_install']
[6.352s] Level 1:colcon.colcon_core.package_identification:_identify(src/dongbot_nav) by extension 'ignore'
[6.353s] Level 1:colcon.colcon_core.package_identification:_identify(src/dongbot_nav) by extension 'ignore_ament_install'
[6.359s] Level 1:colcon.colcon_core.package_identification:_identify(src/dongbot_nav) by extensions ['colcon_pkg']
[6.359s] Level 1:colcon.colcon_core.package_identification:_identify(src/dongbot_nav) by extension 'colcon_pkg'
[6.360s] Level 1:colcon.colcon_core.package_identification:_identify(src/dongbot_nav) by extensions ['colcon_meta']
[6.360s] Level 1:colcon.colcon_core.package_identification:_identify(src/dongbot_nav) by extension 'colcon_meta'
[6.360s] Level 1:colcon.colcon_core.package_identification:_identify(src/dongbot_nav) by extensions ['ros']
[6.360s] Level 1:colcon.colcon_core.package_identification:_identify(src/dongbot_nav) by extension 'ros'
[6.367s] DEBUG:colcon.colcon_core.package_identification:Package 'src/dongbot_nav' with type 'ros.ament_cmake' and name 'dongbot_nav'
[6.375s] Level 1:colcon.colcon_core.package_discovery:discover_packages(recursive) using defaults
[6.376s] Level 1:colcon.colcon_core.package_discovery:discover_packages(ignore) discover
[6.376s] Level 1:colcon.colcon_core.package_discovery:discover_packages(ignore) using defaults
[6.376s] Level 1:colcon.colcon_core.package_discovery:discover_packages(path) discover
[6.376s] Level 1:colcon.colcon_core.package_discovery:discover_packages(path) using defaults
[6.756s] Level 1:colcon.colcon_core.package_discovery:discover_packages(prefix_path) check parameters
[6.756s] Level 1:colcon.colcon_core.package_discovery:discover_packages(prefix_path) discover
[6.817s] DEBUG:colcon.colcon_installed_package_information.package_discovery:Found 371 installed packages in /opt/ros/humble
[6.857s] Level 1:colcon.colcon_core.package_discovery:discover_packages(prefix_path) using defaults
[7.380s] Level 5:colcon.colcon_core.verb:set package 'dongbot_application' build argument 'cmake_args' from command line to 'None'
[7.381s] Level 5:colcon.colcon_core.verb:set package 'dongbot_application' build argument 'cmake_target' from command line to 'None'
[7.382s] Level 5:colcon.colcon_core.verb:set package 'dongbot_application' build argument 'cmake_target_skip_unavailable' from command line to 'False'
[7.382s] Level 5:colcon.colcon_core.verb:set package 'dongbot_application' build argument 'cmake_clean_cache' from command line to 'False'
[7.382s] Level 5:colcon.colcon_core.verb:set package 'dongbot_application' build argument 'cmake_clean_first' from command line to 'False'
[7.382s] Level 5:colcon.colcon_core.verb:set package 'dongbot_application' build argument 'cmake_force_configure' from command line to 'False'
[7.382s] Level 5:colcon.colcon_core.verb:set package 'dongbot_application' build argument 'ament_cmake_args' from command line to 'None'
[7.382s] Level 5:colcon.colcon_core.verb:set package 'dongbot_application' build argument 'catkin_cmake_args' from command line to 'None'
[7.382s] Level 5:colcon.colcon_core.verb:set package 'dongbot_application' build argument 'catkin_skip_building_tests' from command line to 'False'
[7.383s] DEBUG:colcon.colcon_core.verb:Building package 'dongbot_application' with the following arguments: {'ament_cmake_args': None, 'build_base': '/home/vim3/myros/12-navigation/navigation_ws/build/dongbot_application', 'catkin_cmake_args': None, 'catkin_skip_building_tests': False, 'cmake_args': None, 'cmake_clean_cache': False, 'cmake_clean_first': False, 'cmake_force_configure': False, 'cmake_target': None, 'cmake_target_skip_unavailable': False, 'install_base': '/home/vim3/myros/12-navigation/navigation_ws/install/dongbot_application', 'merge_install': False, 'path': '/home/vim3/myros/12-navigation/navigation_ws/src/dongbot_application', 'symlink_install': False, 'test_result_base': None}
[7.384s] Level 5:colcon.colcon_core.verb:set package 'dongbot_description' build argument 'cmake_args' from command line to 'None'
[7.384s] Level 5:colcon.colcon_core.verb:set package 'dongbot_description' build argument 'cmake_target' from command line to 'None'
[7.385s] Level 5:colcon.colcon_core.verb:set package 'dongbot_description' build argument 'cmake_target_skip_unavailable' from command line to 'False'
[7.385s] Level 5:colcon.colcon_core.verb:set package 'dongbot_description' build argument 'cmake_clean_cache' from command line to 'False'
[7.385s] Level 5:colcon.colcon_core.verb:set package 'dongbot_description' build argument 'cmake_clean_first' from command line to 'False'
[7.385s] Level 5:colcon.colcon_core.verb:set package 'dongbot_description' build argument 'cmake_force_configure' from command line to 'False'
[7.385s] Level 5:colcon.colcon_core.verb:set package 'dongbot_description' build argument 'ament_cmake_args' from command line to 'None'
[7.385s] Level 5:colcon.colcon_core.verb:set package 'dongbot_description' build argument 'catkin_cmake_args' from command line to 'None'
[7.385s] Level 5:colcon.colcon_core.verb:set package 'dongbot_description' build argument 'catkin_skip_building_tests' from command line to 'False'
[7.385s] DEBUG:colcon.colcon_core.verb:Building package 'dongbot_description' with the following arguments: {'ament_cmake_args': None, 'build_base': '/home/vim3/myros/12-navigation/navigation_ws/build/dongbot_description', 'catkin_cmake_args': None, 'catkin_skip_building_tests': False, 'cmake_args': None, 'cmake_clean_cache': False, 'cmake_clean_first': False, 'cmake_force_configure': False, 'cmake_target': None, 'cmake_target_skip_unavailable': False, 'install_base': '/home/vim3/myros/12-navigation/navigation_ws/install/dongbot_description', 'merge_install': False, 'path': '/home/vim3/myros/12-navigation/navigation_ws/src/dongbot_description', 'symlink_install': False, 'test_result_base': None}
[7.387s] Level 5:colcon.colcon_core.verb:set package 'dongbot_nav' build argument 'cmake_args' from command line to 'None'
[7.388s] Level 5:colcon.colcon_core.verb:set package 'dongbot_nav' build argument 'cmake_target' from command line to 'None'
[7.388s] Level 5:colcon.colcon_core.verb:set package 'dongbot_nav' build argument 'cmake_target_skip_unavailable' from command line to 'False'
[7.389s] Level 5:colcon.colcon_core.verb:set package 'dongbot_nav' build argument 'cmake_clean_cache' from command line to 'False'
[7.389s] Level 5:colcon.colcon_core.verb:set package 'dongbot_nav' build argument 'cmake_clean_first' from command line to 'False'
[7.390s] Level 5:colcon.colcon_core.verb:set package 'dongbot_nav' build argument 'cmake_force_configure' from command line to 'False'
[7.390s] Level 5:colcon.colcon_core.verb:set package 'dongbot_nav' build argument 'ament_cmake_args' from command line to 'None'
[7.390s] Level 5:colcon.colcon_core.verb:set package 'dongbot_nav' build argument 'catkin_cmake_args' from command line to 'None'
[7.390s] Level 5:colcon.colcon_core.verb:set package 'dongbot_nav' build argument 'catkin_skip_building_tests' from command line to 'False'
[7.390s] DEBUG:colcon.colcon_core.verb:Building package 'dongbot_nav' with the following arguments: {'ament_cmake_args': None, 'build_base': '/home/vim3/myros/12-navigation/navigation_ws/build/dongbot_nav', 'catkin_cmake_args': None, 'catkin_skip_building_tests': False, 'cmake_args': None, 'cmake_clean_cache': False, 'cmake_clean_first': False, 'cmake_force_configure': False, 'cmake_target': None, 'cmake_target_skip_unavailable': False, 'install_base': '/home/vim3/myros/12-navigation/navigation_ws/install/dongbot_nav', 'merge_install': False, 'path': '/home/vim3/myros/12-navigation/navigation_ws/src/dongbot_nav', 'symlink_install': False, 'test_result_base': None}
[7.391s] INFO:colcon.colcon_core.executor:Executing jobs using 'parallel' executor
[7.395s] DEBUG:colcon.colcon_parallel_executor.executor.parallel:run_until_complete
[7.398s] INFO:colcon.colcon_ros.task.ament_python.build:Building ROS package in '/home/vim3/myros/12-navigation/navigation_ws/src/dongbot_application' with build type 'ament_python'
[7.399s] Level 1:colcon.colcon_core.shell:create_environment_hook('dongbot_application', 'ament_prefix_path')
[7.447s] INFO:colcon.colcon_core.plugin_system:Skipping extension 'colcon_core.shell.bat': Not used on non-Windows systems
[7.454s] INFO:colcon.colcon_core.shell:Creating environment hook '/home/vim3/myros/12-navigation/navigation_ws/install/dongbot_application/share/dongbot_application/hook/ament_prefix_path.ps1'
[7.466s] INFO:colcon.colcon_core.shell:Creating environment descriptor '/home/vim3/myros/12-navigation/navigation_ws/install/dongbot_application/share/dongbot_application/hook/ament_prefix_path.dsv'
[7.476s] INFO:colcon.colcon_core.shell:Creating environment hook '/home/vim3/myros/12-navigation/navigation_ws/install/dongbot_application/share/dongbot_application/hook/ament_prefix_path.sh'
[7.487s] INFO:colcon.colcon_core.shell:Skip shell extension 'powershell' for command environment: Not usable outside of PowerShell
[7.489s] DEBUG:colcon.colcon_core.shell:Skip shell extension 'dsv' for command environment
[7.513s] INFO:colcon.colcon_ros.task.ament_cmake.build:Building ROS package in '/home/vim3/myros/12-navigation/navigation_ws/src/dongbot_description' with build type 'ament_cmake'
[7.515s] INFO:colcon.colcon_cmake.task.cmake.build:Building CMake package in '/home/vim3/myros/12-navigation/navigation_ws/src/dongbot_description'
[7.518s] INFO:colcon.colcon_core.shell:Skip shell extension 'powershell' for command environment: Not usable outside of PowerShell
[7.523s] DEBUG:colcon.colcon_core.shell:Skip shell extension 'dsv' for command environment
[11.185s] INFO:colcon.colcon_core.task.python.build:Building Python package in '/home/vim3/myros/12-navigation/navigation_ws/src/dongbot_application'
[11.188s] INFO:colcon.colcon_core.shell:Skip shell extension 'powershell' for command environment: Not usable outside of PowerShell
[11.189s] DEBUG:colcon.colcon_core.shell:Skip shell extension 'dsv' for command environment
[11.318s] DEBUG:colcon.colcon_core.event_handler.log_command:Invoking command in '/home/vim3/myros/12-navigation/navigation_ws/build/dongbot_description': CMAKE_PREFIX_PATH=/opt/ros/humble /usr/bin/cmake --build /home/vim3/myros/12-navigation/navigation_ws/build/dongbot_description -- -j2 -l2
[12.650s] DEBUG:colcon.colcon_core.event_handler.log_command:Invoked command in '/home/vim3/myros/12-navigation/navigation_ws/build/dongbot_description' returned '0': CMAKE_PREFIX_PATH=/opt/ros/humble /usr/bin/cmake --build /home/vim3/myros/12-navigation/navigation_ws/build/dongbot_description -- -j2 -l2
[12.918s] DEBUG:colcon.colcon_core.event_handler.log_command:Invoking command in '/home/vim3/myros/12-navigation/navigation_ws/build/dongbot_description': CMAKE_PREFIX_PATH=/opt/ros/humble /usr/bin/cmake --install /home/vim3/myros/12-navigation/navigation_ws/build/dongbot_description
[13.204s] Level 1:colcon.colcon_core.environment:create_environment_scripts_only(dongbot_description)
[13.209s] DEBUG:colcon.colcon_core.event_handler.log_command:Invoked command in '/home/vim3/myros/12-navigation/navigation_ws/build/dongbot_description' returned '0': CMAKE_PREFIX_PATH=/opt/ros/humble /usr/bin/cmake --install /home/vim3/myros/12-navigation/navigation_ws/build/dongbot_description
[13.279s] Level 1:colcon.colcon_core.environment:checking '/home/vim3/myros/12-navigation/navigation_ws/install/dongbot_description' for CMake module files
[13.284s] Level 1:colcon.colcon_core.environment:checking '/home/vim3/myros/12-navigation/navigation_ws/install/dongbot_description' for CMake config files
[13.289s] Level 1:colcon.colcon_core.shell:create_environment_hook('dongbot_description', 'cmake_prefix_path')
[13.292s] INFO:colcon.colcon_core.shell:Creating environment hook '/home/vim3/myros/12-navigation/navigation_ws/install/dongbot_description/share/dongbot_description/hook/cmake_prefix_path.ps1'
[13.296s] INFO:colcon.colcon_core.shell:Creating environment descriptor '/home/vim3/myros/12-navigation/navigation_ws/install/dongbot_description/share/dongbot_description/hook/cmake_prefix_path.dsv'
[13.298s] INFO:colcon.colcon_core.shell:Creating environment hook '/home/vim3/myros/12-navigation/navigation_ws/install/dongbot_description/share/dongbot_description/hook/cmake_prefix_path.sh'
[13.306s] Level 1:colcon.colcon_core.environment:checking '/home/vim3/myros/12-navigation/navigation_ws/install/dongbot_description/bin'
[13.308s] Level 1:colcon.colcon_core.environment:checking '/home/vim3/myros/12-navigation/navigation_ws/install/dongbot_description/lib/pkgconfig/dongbot_description.pc'
[13.309s] Level 1:colcon.colcon_core.environment:checking '/home/vim3/myros/12-navigation/navigation_ws/install/dongbot_description/lib/python3.10/site-packages'
[13.310s] Level 1:colcon.colcon_core.environment:checking '/home/vim3/myros/12-navigation/navigation_ws/install/dongbot_description/bin'
[13.312s] INFO:colcon.colcon_core.shell:Creating package script '/home/vim3/myros/12-navigation/navigation_ws/install/dongbot_description/share/dongbot_description/package.ps1'
[13.318s] INFO:colcon.colcon_core.shell:Creating package descriptor '/home/vim3/myros/12-navigation/navigation_ws/install/dongbot_description/share/dongbot_description/package.dsv'
[13.323s] INFO:colcon.colcon_core.shell:Creating package script '/home/vim3/myros/12-navigation/navigation_ws/install/dongbot_description/share/dongbot_description/package.sh'
[13.329s] INFO:colcon.colcon_core.shell:Creating package script '/home/vim3/myros/12-navigation/navigation_ws/install/dongbot_description/share/dongbot_description/package.bash'
[13.336s] INFO:colcon.colcon_core.shell:Creating package script '/home/vim3/myros/12-navigation/navigation_ws/install/dongbot_description/share/dongbot_description/package.zsh'
[13.345s] Level 1:colcon.colcon_core.environment:create_file_with_runtime_dependencies(/home/vim3/myros/12-navigation/navigation_ws/install/dongbot_description/share/colcon-core/packages/dongbot_description)
[13.362s] Level 1:colcon.colcon_core.environment:create_environment_scripts_only(dongbot_description)
[13.379s] Level 1:colcon.colcon_core.environment:checking '/home/vim3/myros/12-navigation/navigation_ws/install/dongbot_description' for CMake module files
[13.395s] Level 1:colcon.colcon_core.environment:checking '/home/vim3/myros/12-navigation/navigation_ws/install/dongbot_description' for CMake config files
[13.407s] Level 1:colcon.colcon_core.shell:create_environment_hook('dongbot_description', 'cmake_prefix_path')
[13.416s] INFO:colcon.colcon_core.shell:Creating environment hook '/home/vim3/myros/12-navigation/navigation_ws/install/dongbot_description/share/dongbot_description/hook/cmake_prefix_path.ps1'
[13.434s] INFO:colcon.colcon_core.shell:Creating environment descriptor '/home/vim3/myros/12-navigation/navigation_ws/install/dongbot_description/share/dongbot_description/hook/cmake_prefix_path.dsv'
[13.441s] INFO:colcon.colcon_core.shell:Creating environment hook '/home/vim3/myros/12-navigation/navigation_ws/install/dongbot_description/share/dongbot_description/hook/cmake_prefix_path.sh'
[13.456s] Level 1:colcon.colcon_core.environment:checking '/home/vim3/myros/12-navigation/navigation_ws/install/dongbot_description/bin'
[13.456s] Level 1:colcon.colcon_core.environment:checking '/home/vim3/myros/12-navigation/navigation_ws/install/dongbot_description/lib/pkgconfig/dongbot_description.pc'
[13.464s] Level 1:colcon.colcon_core.environment:checking '/home/vim3/myros/12-navigation/navigation_ws/install/dongbot_description/lib/python3.10/site-packages'
[13.480s] Level 1:colcon.colcon_core.environment:checking '/home/vim3/myros/12-navigation/navigation_ws/install/dongbot_description/bin'
[13.504s] INFO:colcon.colcon_core.shell:Creating package script '/home/vim3/myros/12-navigation/navigation_ws/install/dongbot_description/share/dongbot_description/package.ps1'
[13.517s] INFO:colcon.colcon_core.shell:Creating package descriptor '/home/vim3/myros/12-navigation/navigation_ws/install/dongbot_description/share/dongbot_description/package.dsv'
[13.529s] INFO:colcon.colcon_core.shell:Creating package script '/home/vim3/myros/12-navigation/navigation_ws/install/dongbot_description/share/dongbot_description/package.sh'
[13.579s] INFO:colcon.colcon_core.shell:Creating package script '/home/vim3/myros/12-navigation/navigation_ws/install/dongbot_description/share/dongbot_description/package.bash'
[13.598s] INFO:colcon.colcon_core.shell:Creating package script '/home/vim3/myros/12-navigation/navigation_ws/install/dongbot_description/share/dongbot_description/package.zsh'
[13.612s] Level 1:colcon.colcon_core.environment:create_file_with_runtime_dependencies(/home/vim3/myros/12-navigation/navigation_ws/install/dongbot_description/share/colcon-core/packages/dongbot_description)
[13.614s] INFO:colcon.colcon_ros.task.ament_cmake.build:Building ROS package in '/home/vim3/myros/12-navigation/navigation_ws/src/dongbot_nav' with build type 'ament_cmake'
[13.615s] INFO:colcon.colcon_cmake.task.cmake.build:Building CMake package in '/home/vim3/myros/12-navigation/navigation_ws/src/dongbot_nav'
[13.626s] INFO:colcon.colcon_core.shell:Skip shell extension 'powershell' for command environment: Not usable outside of PowerShell
[13.630s] DEBUG:colcon.colcon_core.shell:Skip shell extension 'dsv' for command environment
[13.823s] DEBUG:colcon.colcon_core.event_handler.log_command:Invoking command in '/home/vim3/myros/12-navigation/navigation_ws/build/dongbot_nav': CMAKE_PREFIX_PATH=/opt/ros/humble /usr/bin/cmake --build /home/vim3/myros/12-navigation/navigation_ws/build/dongbot_nav -- -j2 -l2
[14.864s] DEBUG:colcon.colcon_core.event_handler.log_command:Invoked command in '/home/vim3/myros/12-navigation/navigation_ws/build/dongbot_nav' returned '0': CMAKE_PREFIX_PATH=/opt/ros/humble /usr/bin/cmake --build /home/vim3/myros/12-navigation/navigation_ws/build/dongbot_nav -- -j2 -l2
[14.891s] DEBUG:colcon.colcon_core.event_handler.log_command:Invoking command in '/home/vim3/myros/12-navigation/navigation_ws/build/dongbot_nav': CMAKE_PREFIX_PATH=/opt/ros/humble /usr/bin/cmake --install /home/vim3/myros/12-navigation/navigation_ws/build/dongbot_nav
[15.136s] Level 1:colcon.colcon_core.environment:create_environment_scripts_only(dongbot_nav)
[15.137s] Level 1:colcon.colcon_core.environment:checking '/home/vim3/myros/12-navigation/navigation_ws/install/dongbot_nav' for CMake module files
[15.149s] DEBUG:colcon.colcon_core.event_handler.log_command:Invoked command in '/home/vim3/myros/12-navigation/navigation_ws/build/dongbot_nav' returned '0': CMAKE_PREFIX_PATH=/opt/ros/humble /usr/bin/cmake --install /home/vim3/myros/12-navigation/navigation_ws/build/dongbot_nav
[15.154s] Level 1:colcon.colcon_core.environment:checking '/home/vim3/myros/12-navigation/navigation_ws/install/dongbot_nav' for CMake config files
[15.170s] Level 1:colcon.colcon_core.shell:create_environment_hook('dongbot_nav', 'cmake_prefix_path')
[15.178s] INFO:colcon.colcon_core.shell:Creating environment hook '/home/vim3/myros/12-navigation/navigation_ws/install/dongbot_nav/share/dongbot_nav/hook/cmake_prefix_path.ps1'
[15.183s] INFO:colcon.colcon_core.shell:Creating environment descriptor '/home/vim3/myros/12-navigation/navigation_ws/install/dongbot_nav/share/dongbot_nav/hook/cmake_prefix_path.dsv'
[15.193s] INFO:colcon.colcon_core.shell:Creating environment hook '/home/vim3/myros/12-navigation/navigation_ws/install/dongbot_nav/share/dongbot_nav/hook/cmake_prefix_path.sh'
[15.201s] Level 1:colcon.colcon_core.environment:checking '/home/vim3/myros/12-navigation/navigation_ws/install/dongbot_nav/bin'
[15.206s] Level 1:colcon.colcon_core.environment:checking '/home/vim3/myros/12-navigation/navigation_ws/install/dongbot_nav/lib/pkgconfig/dongbot_nav.pc'
[15.208s] Level 1:colcon.colcon_core.environment:checking '/home/vim3/myros/12-navigation/navigation_ws/install/dongbot_nav/lib/python3.10/site-packages'
[15.209s] Level 1:colcon.colcon_core.environment:checking '/home/vim3/myros/12-navigation/navigation_ws/install/dongbot_nav/bin'
[15.215s] INFO:colcon.colcon_core.shell:Creating package script '/home/vim3/myros/12-navigation/navigation_ws/install/dongbot_nav/share/dongbot_nav/package.ps1'
[15.221s] INFO:colcon.colcon_core.shell:Creating package descriptor '/home/vim3/myros/12-navigation/navigation_ws/install/dongbot_nav/share/dongbot_nav/package.dsv'
[15.229s] INFO:colcon.colcon_core.shell:Creating package script '/home/vim3/myros/12-navigation/navigation_ws/install/dongbot_nav/share/dongbot_nav/package.sh'
[15.233s] INFO:colcon.colcon_core.shell:Creating package script '/home/vim3/myros/12-navigation/navigation_ws/install/dongbot_nav/share/dongbot_nav/package.bash'
[15.239s] INFO:colcon.colcon_core.shell:Creating package script '/home/vim3/myros/12-navigation/navigation_ws/install/dongbot_nav/share/dongbot_nav/package.zsh'
[15.252s] Level 1:colcon.colcon_core.environment:create_file_with_runtime_dependencies(/home/vim3/myros/12-navigation/navigation_ws/install/dongbot_nav/share/colcon-core/packages/dongbot_nav)
[15.256s] Level 1:colcon.colcon_core.environment:create_environment_scripts_only(dongbot_nav)
[15.264s] Level 1:colcon.colcon_core.environment:checking '/home/vim3/myros/12-navigation/navigation_ws/install/dongbot_nav' for CMake module files
[15.273s] Level 1:colcon.colcon_core.environment:checking '/home/vim3/myros/12-navigation/navigation_ws/install/dongbot_nav' for CMake config files
[15.274s] Level 1:colcon.colcon_core.shell:create_environment_hook('dongbot_nav', 'cmake_prefix_path')
[15.281s] INFO:colcon.colcon_core.shell:Creating environment hook '/home/vim3/myros/12-navigation/navigation_ws/install/dongbot_nav/share/dongbot_nav/hook/cmake_prefix_path.ps1'
[15.288s] INFO:colcon.colcon_core.shell:Creating environment descriptor '/home/vim3/myros/12-navigation/navigation_ws/install/dongbot_nav/share/dongbot_nav/hook/cmake_prefix_path.dsv'
[15.294s] INFO:colcon.colcon_core.shell:Creating environment hook '/home/vim3/myros/12-navigation/navigation_ws/install/dongbot_nav/share/dongbot_nav/hook/cmake_prefix_path.sh'
[15.300s] Level 1:colcon.colcon_core.environment:checking '/home/vim3/myros/12-navigation/navigation_ws/install/dongbot_nav/bin'
[15.323s] Level 1:colcon.colcon_core.environment:checking '/home/vim3/myros/12-navigation/navigation_ws/install/dongbot_nav/lib/pkgconfig/dongbot_nav.pc'
[15.329s] Level 1:colcon.colcon_core.environment:checking '/home/vim3/myros/12-navigation/navigation_ws/install/dongbot_nav/lib/python3.10/site-packages'
[15.364s] Level 1:colcon.colcon_core.environment:checking '/home/vim3/myros/12-navigation/navigation_ws/install/dongbot_nav/bin'
[15.382s] INFO:colcon.colcon_core.shell:Creating package script '/home/vim3/myros/12-navigation/navigation_ws/install/dongbot_nav/share/dongbot_nav/package.ps1'
[15.432s] INFO:colcon.colcon_core.shell:Creating package descriptor '/home/vim3/myros/12-navigation/navigation_ws/install/dongbot_nav/share/dongbot_nav/package.dsv'
[15.461s] INFO:colcon.colcon_core.shell:Creating package script '/home/vim3/myros/12-navigation/navigation_ws/install/dongbot_nav/share/dongbot_nav/package.sh'
[15.478s] INFO:colcon.colcon_core.shell:Creating package script '/home/vim3/myros/12-navigation/navigation_ws/install/dongbot_nav/share/dongbot_nav/package.bash'
[15.484s] INFO:colcon.colcon_core.shell:Creating package script '/home/vim3/myros/12-navigation/navigation_ws/install/dongbot_nav/share/dongbot_nav/package.zsh'
[15.498s] Level 1:colcon.colcon_core.environment:create_file_with_runtime_dependencies(/home/vim3/myros/12-navigation/navigation_ws/install/dongbot_nav/share/colcon-core/packages/dongbot_nav)
[16.977s] DEBUG:colcon.colcon_core.event_handler.log_command:Invoking command in '/home/vim3/myros/12-navigation/navigation_ws/src/dongbot_application': PYTHONPATH=/home/vim3/myros/12-navigation/navigation_ws/build/dongbot_application/prefix_override:/usr/lib/python3/dist-packages/colcon_core/task/python/colcon_distutils_commands:/home/vim3/myros/12-navigation/navigation_ws/install/dongbot_application/lib/python3.10/site-packages:${PYTHONPATH} /usr/bin/python3 -W ignore:setup.py install is deprecated -W ignore:easy_install command is deprecated setup.py egg_info --egg-base ../../build/dongbot_application build --build-base /home/vim3/myros/12-navigation/navigation_ws/build/dongbot_application/build install --record /home/vim3/myros/12-navigation/navigation_ws/build/dongbot_application/install.log --single-version-externally-managed install_data
[19.141s] Level 1:colcon.colcon_core.environment:checking '/home/vim3/myros/12-navigation/navigation_ws/install/dongbot_application' for CMake module files
[19.142s] DEBUG:colcon.colcon_core.event_handler.log_command:Invoked command in '/home/vim3/myros/12-navigation/navigation_ws/src/dongbot_application' returned '0': PYTHONPATH=/home/vim3/myros/12-navigation/navigation_ws/build/dongbot_application/prefix_override:/usr/lib/python3/dist-packages/colcon_core/task/python/colcon_distutils_commands:/home/vim3/myros/12-navigation/navigation_ws/install/dongbot_application/lib/python3.10/site-packages:${PYTHONPATH} /usr/bin/python3 -W ignore:setup.py install is deprecated -W ignore:easy_install command is deprecated setup.py egg_info --egg-base ../../build/dongbot_application build --build-base /home/vim3/myros/12-navigation/navigation_ws/build/dongbot_application/build install --record /home/vim3/myros/12-navigation/navigation_ws/build/dongbot_application/install.log --single-version-externally-managed install_data
[19.145s] Level 1:colcon.colcon_core.environment:checking '/home/vim3/myros/12-navigation/navigation_ws/install/dongbot_application' for CMake config files
[19.154s] Level 1:colcon.colcon_core.environment:checking '/home/vim3/myros/12-navigation/navigation_ws/install/dongbot_application/lib'
[19.155s] Level 1:colcon.colcon_core.environment:checking '/home/vim3/myros/12-navigation/navigation_ws/install/dongbot_application/bin'
[19.155s] Level 1:colcon.colcon_core.environment:checking '/home/vim3/myros/12-navigation/navigation_ws/install/dongbot_application/lib/pkgconfig/dongbot_application.pc'
[19.157s] Level 1:colcon.colcon_core.environment:checking '/home/vim3/myros/12-navigation/navigation_ws/install/dongbot_application/lib/python3.10/site-packages'
[19.158s] Level 1:colcon.colcon_core.shell:create_environment_hook('dongbot_application', 'pythonpath')
[19.159s] INFO:colcon.colcon_core.shell:Creating environment hook '/home/vim3/myros/12-navigation/navigation_ws/install/dongbot_application/share/dongbot_application/hook/pythonpath.ps1'
[19.163s] INFO:colcon.colcon_core.shell:Creating environment descriptor '/home/vim3/myros/12-navigation/navigation_ws/install/dongbot_application/share/dongbot_application/hook/pythonpath.dsv'
[19.165s] INFO:colcon.colcon_core.shell:Creating environment hook '/home/vim3/myros/12-navigation/navigation_ws/install/dongbot_application/share/dongbot_application/hook/pythonpath.sh'
[19.172s] Level 1:colcon.colcon_core.environment:checking '/home/vim3/myros/12-navigation/navigation_ws/install/dongbot_application/bin'
[19.172s] Level 1:colcon.colcon_core.environment:create_environment_scripts_only(dongbot_application)
[19.175s] INFO:colcon.colcon_core.shell:Creating package script '/home/vim3/myros/12-navigation/navigation_ws/install/dongbot_application/share/dongbot_application/package.ps1'
[19.181s] INFO:colcon.colcon_core.shell:Creating package descriptor '/home/vim3/myros/12-navigation/navigation_ws/install/dongbot_application/share/dongbot_application/package.dsv'
[19.185s] INFO:colcon.colcon_core.shell:Creating package script '/home/vim3/myros/12-navigation/navigation_ws/install/dongbot_application/share/dongbot_application/package.sh'
[19.188s] INFO:colcon.colcon_core.shell:Creating package script '/home/vim3/myros/12-navigation/navigation_ws/install/dongbot_application/share/dongbot_application/package.bash'
[19.192s] INFO:colcon.colcon_core.shell:Creating package script '/home/vim3/myros/12-navigation/navigation_ws/install/dongbot_application/share/dongbot_application/package.zsh'
[19.194s] Level 1:colcon.colcon_core.environment:create_file_with_runtime_dependencies(/home/vim3/myros/12-navigation/navigation_ws/install/dongbot_application/share/colcon-core/packages/dongbot_application)
[19.199s] DEBUG:colcon.colcon_parallel_executor.executor.parallel:closing loop
[19.199s] DEBUG:colcon.colcon_parallel_executor.executor.parallel:loop closed
[19.199s] DEBUG:colcon.colcon_parallel_executor.executor.parallel:run_until_complete finished with '0'
[19.200s] DEBUG:colcon.colcon_core.event_reactor:joining thread
[19.252s] INFO:colcon.colcon_core.plugin_system:Skipping extension 'colcon_notification.desktop_notification.terminal_notifier': Not used on non-Darwin systems
[19.252s] INFO:colcon.colcon_core.plugin_system:Skipping extension 'colcon_notification.desktop_notification.win32': Not used on non-Windows systems
[19.252s] INFO:colcon.colcon_notification.desktop_notification:Sending desktop notification using 'notify2'
[19.343s] DEBUG:colcon.colcon_core.event_reactor:joined thread
[19.344s] INFO:colcon.colcon_core.shell:Creating prefix script '/home/vim3/myros/12-navigation/navigation_ws/install/local_setup.ps1'
[19.358s] INFO:colcon.colcon_core.shell:Creating prefix util module '/home/vim3/myros/12-navigation/navigation_ws/install/_local_setup_util_ps1.py'
[19.377s] INFO:colcon.colcon_core.shell:Creating prefix chain script '/home/vim3/myros/12-navigation/navigation_ws/install/setup.ps1'
[19.385s] INFO:colcon.colcon_core.shell:Creating prefix script '/home/vim3/myros/12-navigation/navigation_ws/install/local_setup.sh'
[19.391s] INFO:colcon.colcon_core.shell:Creating prefix util module '/home/vim3/myros/12-navigation/navigation_ws/install/_local_setup_util_sh.py'
[19.396s] INFO:colcon.colcon_core.shell:Creating prefix chain script '/home/vim3/myros/12-navigation/navigation_ws/install/setup.sh'
[19.406s] INFO:colcon.colcon_core.shell:Creating prefix script '/home/vim3/myros/12-navigation/navigation_ws/install/local_setup.bash'
[19.415s] INFO:colcon.colcon_core.shell:Creating prefix chain script '/home/vim3/myros/12-navigation/navigation_ws/install/setup.bash'
[19.427s] INFO:colcon.colcon_core.shell:Creating prefix script '/home/vim3/myros/12-navigation/navigation_ws/install/local_setup.zsh'
[19.435s] INFO:colcon.colcon_core.shell:Creating prefix chain script '/home/vim3/myros/12-navigation/navigation_ws/install/setup.zsh'
