[2.869s] Invoking command in '/home/vim3/myros/12-navigation/navigation_ws/build/autopatrol_interfaces': CMAKE_PREFIX_PATH=${CMAKE_PREFIX_PATH}:/home/vim3/myros/12-navigation/navigation_ws/install/dongbot_application:/home/vim3/myros/12-navigation/navigation_ws/install/autopartol_robot:/opt/ros/humble /usr/bin/cmake --build /home/vim3/myros/12-navigation/navigation_ws/build/autopatrol_interfaces -- -j2 -l2
[4.260s] [  3%] Built target autopatrol_interfaces__cpp
[4.781s] [ 12%] Built target autopatrol_interfaces__rosidl_generator_c
[5.409s] [ 12%] Built target ament_cmake_python_copy_autopatrol_interfaces
[5.807s] [ 22%] Built target autopatrol_interfaces__rosidl_typesupport_cpp
[6.258s] [ 32%] Built target autopatrol_interfaces__rosidl_typesupport_fastrtps_c
[6.683s] [ 41%] Built target autopatrol_interfaces__rosidl_typesupport_introspection_c
[7.151s] [ 51%] Built target autopatrol_interfaces__rosidl_typesupport_c
[7.640s] [ 61%] Built target autopatrol_interfaces__rosidl_typesupport_fastrtps_cpp
[8.156s] [ 70%] Built target autopatrol_interfaces__rosidl_typesupport_introspection_cpp
[12.695s] running egg_info
[12.724s] writing autopatrol_interfaces.egg-info/PKG-INFO
[12.724s] writing dependency_links to autopatrol_interfaces.egg-info/dependency_links.txt
[12.733s] writing top-level names to autopatrol_interfaces.egg-info/top_level.txt
[12.774s] reading manifest file 'autopatrol_interfaces.egg-info/SOURCES.txt'
[12.784s] writing manifest file 'autopatrol_interfaces.egg-info/SOURCES.txt'
[13.228s] [ 70%] Built target ament_cmake_python_build_autopatrol_interfaces_egg
[13.530s] [ 70%] Built target autopatrol_interfaces
[13.818s] [ 74%] Built target autopatrol_interfaces__py
[14.467s] [ 80%] Built target autopatrol_interfaces__rosidl_generator_py
[14.935s] [ 87%] Built target autopatrol_interfaces__rosidl_typesupport_fastrtps_c__pyext
[15.430s] [ 93%] Built target autopatrol_interfaces__rosidl_typesupport_introspection_c__pyext
[15.798s] [100%] Built target autopatrol_interfaces__rosidl_typesupport_c__pyext
[17.760s] Invoked command in '/home/vim3/myros/12-navigation/navigation_ws/build/autopatrol_interfaces' returned '0': CMAKE_PREFIX_PATH=${CMAKE_PREFIX_PATH}:/home/vim3/myros/12-navigation/navigation_ws/install/dongbot_application:/home/vim3/myros/12-navigation/navigation_ws/install/autopartol_robot:/opt/ros/humble /usr/bin/cmake --build /home/vim3/myros/12-navigation/navigation_ws/build/autopatrol_interfaces -- -j2 -l2
[17.856s] Invoking command in '/home/vim3/myros/12-navigation/navigation_ws/build/autopatrol_interfaces': CMAKE_PREFIX_PATH=${CMAKE_PREFIX_PATH}:/home/vim3/myros/12-navigation/navigation_ws/install/dongbot_application:/home/vim3/myros/12-navigation/navigation_ws/install/autopartol_robot:/opt/ros/humble /usr/bin/cmake --install /home/vim3/myros/12-navigation/navigation_ws/build/autopatrol_interfaces
[17.977s] -- Install configuration: ""
[17.989s] -- Up-to-date: /home/vim3/myros/12-navigation/navigation_ws/install/autopatrol_interfaces/share/ament_index/resource_index/rosidl_interfaces/autopatrol_interfaces
[17.997s] -- Up-to-date: /home/vim3/myros/12-navigation/navigation_ws/install/autopatrol_interfaces/include/autopatrol_interfaces/autopatrol_interfaces
[18.000s] -- Up-to-date: /home/vim3/myros/12-navigation/navigation_ws/install/autopatrol_interfaces/include/autopatrol_interfaces/autopatrol_interfaces/srv
[18.000s] -- Up-to-date: /home/vim3/myros/12-navigation/navigation_ws/install/autopatrol_interfaces/include/autopatrol_interfaces/autopatrol_interfaces/srv/speech_text.h
[18.000s] -- Up-to-date: /home/vim3/myros/12-navigation/navigation_ws/install/autopatrol_interfaces/include/autopatrol_interfaces/autopatrol_interfaces/srv/detail
[18.009s] -- Up-to-date: /home/vim3/myros/12-navigation/navigation_ws/install/autopatrol_interfaces/include/autopatrol_interfaces/autopatrol_interfaces/srv/detail/speech_text__functions.h
[18.010s] -- Up-to-date: /home/vim3/myros/12-navigation/navigation_ws/install/autopatrol_interfaces/include/autopatrol_interfaces/autopatrol_interfaces/srv/detail/speech_text__struct.h
[18.010s] -- Up-to-date: /home/vim3/myros/12-navigation/navigation_ws/install/autopatrol_interfaces/include/autopatrol_interfaces/autopatrol_interfaces/srv/detail/speech_text__type_support.h
[18.014s] -- Up-to-date: /home/vim3/myros/12-navigation/navigation_ws/install/autopatrol_interfaces/include/autopatrol_interfaces/autopatrol_interfaces/srv/detail/speech_text__functions.c
[18.014s] -- Up-to-date: /home/vim3/myros/12-navigation/navigation_ws/install/autopatrol_interfaces/include/autopatrol_interfaces/autopatrol_interfaces/msg
[18.014s] -- Up-to-date: /home/vim3/myros/12-navigation/navigation_ws/install/autopatrol_interfaces/include/autopatrol_interfaces/autopatrol_interfaces/msg/rosidl_generator_c__visibility_control.h
[18.031s] -- Up-to-date: /home/vim3/myros/12-navigation/navigation_ws/install/autopatrol_interfaces/share/autopatrol_interfaces/environment/library_path.sh
[18.046s] -- Up-to-date: /home/vim3/myros/12-navigation/navigation_ws/install/autopatrol_interfaces/share/autopatrol_interfaces/environment/library_path.dsv
[18.059s] -- Up-to-date: /home/vim3/myros/12-navigation/navigation_ws/install/autopatrol_interfaces/lib/libautopatrol_interfaces__rosidl_generator_c.so
[18.059s] -- Up-to-date: /home/vim3/myros/12-navigation/navigation_ws/install/autopatrol_interfaces/include/autopatrol_interfaces/autopatrol_interfaces
[18.059s] -- Up-to-date: /home/vim3/myros/12-navigation/navigation_ws/install/autopatrol_interfaces/include/autopatrol_interfaces/autopatrol_interfaces/srv
[18.060s] -- Up-to-date: /home/vim3/myros/12-navigation/navigation_ws/install/autopatrol_interfaces/include/autopatrol_interfaces/autopatrol_interfaces/srv/detail
[18.063s] -- Up-to-date: /home/vim3/myros/12-navigation/navigation_ws/install/autopatrol_interfaces/include/autopatrol_interfaces/autopatrol_interfaces/srv/detail/speech_text__rosidl_typesupport_fastrtps_c.h
[18.066s] -- Up-to-date: /home/vim3/myros/12-navigation/navigation_ws/install/autopatrol_interfaces/include/autopatrol_interfaces/autopatrol_interfaces/msg
[18.066s] -- Up-to-date: /home/vim3/myros/12-navigation/navigation_ws/install/autopatrol_interfaces/include/autopatrol_interfaces/autopatrol_interfaces/msg/rosidl_typesupport_fastrtps_c__visibility_control.h
[18.067s] -- Up-to-date: /home/vim3/myros/12-navigation/navigation_ws/install/autopatrol_interfaces/lib/libautopatrol_interfaces__rosidl_typesupport_fastrtps_c.so
[18.067s] -- Up-to-date: /home/vim3/myros/12-navigation/navigation_ws/install/autopatrol_interfaces/include/autopatrol_interfaces/autopatrol_interfaces
[18.067s] -- Up-to-date: /home/vim3/myros/12-navigation/navigation_ws/install/autopatrol_interfaces/include/autopatrol_interfaces/autopatrol_interfaces/srv
[18.070s] -- Up-to-date: /home/vim3/myros/12-navigation/navigation_ws/install/autopatrol_interfaces/include/autopatrol_interfaces/autopatrol_interfaces/srv/detail
[18.070s] -- Up-to-date: /home/vim3/myros/12-navigation/navigation_ws/install/autopatrol_interfaces/include/autopatrol_interfaces/autopatrol_interfaces/srv/detail/speech_text__type_support.c
[18.070s] -- Up-to-date: /home/vim3/myros/12-navigation/navigation_ws/install/autopatrol_interfaces/include/autopatrol_interfaces/autopatrol_interfaces/srv/detail/speech_text__rosidl_typesupport_introspection_c.h
[18.071s] -- Up-to-date: /home/vim3/myros/12-navigation/navigation_ws/install/autopatrol_interfaces/include/autopatrol_interfaces/autopatrol_interfaces/msg
[18.071s] -- Up-to-date: /home/vim3/myros/12-navigation/navigation_ws/install/autopatrol_interfaces/include/autopatrol_interfaces/autopatrol_interfaces/msg/rosidl_typesupport_introspection_c__visibility_control.h
[18.071s] -- Up-to-date: /home/vim3/myros/12-navigation/navigation_ws/install/autopatrol_interfaces/lib/libautopatrol_interfaces__rosidl_typesupport_introspection_c.so
[18.078s] -- Up-to-date: /home/vim3/myros/12-navigation/navigation_ws/install/autopatrol_interfaces/lib/libautopatrol_interfaces__rosidl_typesupport_c.so
[18.082s] -- Up-to-date: /home/vim3/myros/12-navigation/navigation_ws/install/autopatrol_interfaces/include/autopatrol_interfaces/autopatrol_interfaces
[18.083s] -- Up-to-date: /home/vim3/myros/12-navigation/navigation_ws/install/autopatrol_interfaces/include/autopatrol_interfaces/autopatrol_interfaces/srv
[18.088s] -- Up-to-date: /home/vim3/myros/12-navigation/navigation_ws/install/autopatrol_interfaces/include/autopatrol_interfaces/autopatrol_interfaces/srv/speech_text.hpp
[18.089s] -- Up-to-date: /home/vim3/myros/12-navigation/navigation_ws/install/autopatrol_interfaces/include/autopatrol_interfaces/autopatrol_interfaces/srv/detail
[18.089s] -- Up-to-date: /home/vim3/myros/12-navigation/navigation_ws/install/autopatrol_interfaces/include/autopatrol_interfaces/autopatrol_interfaces/srv/detail/speech_text__struct.hpp
[18.089s] -- Up-to-date: /home/vim3/myros/12-navigation/navigation_ws/install/autopatrol_interfaces/include/autopatrol_interfaces/autopatrol_interfaces/srv/detail/speech_text__traits.hpp
[18.092s] -- Up-to-date: /home/vim3/myros/12-navigation/navigation_ws/install/autopatrol_interfaces/include/autopatrol_interfaces/autopatrol_interfaces/srv/detail/speech_text__builder.hpp
[18.093s] -- Up-to-date: /home/vim3/myros/12-navigation/navigation_ws/install/autopatrol_interfaces/include/autopatrol_interfaces/autopatrol_interfaces/srv/detail/speech_text__type_support.hpp
[18.098s] -- Up-to-date: /home/vim3/myros/12-navigation/navigation_ws/install/autopatrol_interfaces/include/autopatrol_interfaces/autopatrol_interfaces/msg
[18.098s] -- Up-to-date: /home/vim3/myros/12-navigation/navigation_ws/install/autopatrol_interfaces/include/autopatrol_interfaces/autopatrol_interfaces/msg/rosidl_generator_cpp__visibility_control.hpp
[18.106s] -- Up-to-date: /home/vim3/myros/12-navigation/navigation_ws/install/autopatrol_interfaces/include/autopatrol_interfaces/autopatrol_interfaces
[18.107s] -- Up-to-date: /home/vim3/myros/12-navigation/navigation_ws/install/autopatrol_interfaces/include/autopatrol_interfaces/autopatrol_interfaces/srv
[18.114s] -- Up-to-date: /home/vim3/myros/12-navigation/navigation_ws/install/autopatrol_interfaces/include/autopatrol_interfaces/autopatrol_interfaces/srv/detail
[18.115s] -- Up-to-date: /home/vim3/myros/12-navigation/navigation_ws/install/autopatrol_interfaces/include/autopatrol_interfaces/autopatrol_interfaces/srv/detail/dds_fastrtps
[18.115s] -- Up-to-date: /home/vim3/myros/12-navigation/navigation_ws/install/autopatrol_interfaces/include/autopatrol_interfaces/autopatrol_interfaces/srv/detail/speech_text__rosidl_typesupport_fastrtps_cpp.hpp
[18.120s] -- Up-to-date: /home/vim3/myros/12-navigation/navigation_ws/install/autopatrol_interfaces/include/autopatrol_interfaces/autopatrol_interfaces/msg
[18.124s] -- Up-to-date: /home/vim3/myros/12-navigation/navigation_ws/install/autopatrol_interfaces/include/autopatrol_interfaces/autopatrol_interfaces/msg/rosidl_typesupport_fastrtps_cpp__visibility_control.h
[18.134s] -- Up-to-date: /home/vim3/myros/12-navigation/navigation_ws/install/autopatrol_interfaces/lib/libautopatrol_interfaces__rosidl_typesupport_fastrtps_cpp.so
[18.134s] -- Up-to-date: /home/vim3/myros/12-navigation/navigation_ws/install/autopatrol_interfaces/include/autopatrol_interfaces/autopatrol_interfaces
[18.135s] -- Up-to-date: /home/vim3/myros/12-navigation/navigation_ws/install/autopatrol_interfaces/include/autopatrol_interfaces/autopatrol_interfaces/srv
[18.135s] -- Up-to-date: /home/vim3/myros/12-navigation/navigation_ws/install/autopatrol_interfaces/include/autopatrol_interfaces/autopatrol_interfaces/srv/detail
[18.135s] -- Up-to-date: /home/vim3/myros/12-navigation/navigation_ws/install/autopatrol_interfaces/include/autopatrol_interfaces/autopatrol_interfaces/srv/detail/speech_text__rosidl_typesupport_introspection_cpp.hpp
[18.135s] -- Up-to-date: /home/vim3/myros/12-navigation/navigation_ws/install/autopatrol_interfaces/include/autopatrol_interfaces/autopatrol_interfaces/srv/detail/speech_text__type_support.cpp
[18.135s] -- Up-to-date: /home/vim3/myros/12-navigation/navigation_ws/install/autopatrol_interfaces/lib/libautopatrol_interfaces__rosidl_typesupport_introspection_cpp.so
[18.157s] -- Up-to-date: /home/vim3/myros/12-navigation/navigation_ws/install/autopatrol_interfaces/lib/libautopatrol_interfaces__rosidl_typesupport_cpp.so
[18.158s] -- Up-to-date: /home/vim3/myros/12-navigation/navigation_ws/install/autopatrol_interfaces/share/autopatrol_interfaces/environment/pythonpath.sh
[18.162s] -- Up-to-date: /home/vim3/myros/12-navigation/navigation_ws/install/autopatrol_interfaces/share/autopatrol_interfaces/environment/pythonpath.dsv
[18.165s] -- Up-to-date: /home/vim3/myros/12-navigation/navigation_ws/install/autopatrol_interfaces/local/lib/python3.10/dist-packages/autopatrol_interfaces-0.0.0-py3.10.egg-info
[18.174s] -- Installing: /home/vim3/myros/12-navigation/navigation_ws/install/autopatrol_interfaces/local/lib/python3.10/dist-packages/autopatrol_interfaces-0.0.0-py3.10.egg-info/dependency_links.txt
[18.175s] -- Installing: /home/vim3/myros/12-navigation/navigation_ws/install/autopatrol_interfaces/local/lib/python3.10/dist-packages/autopatrol_interfaces-0.0.0-py3.10.egg-info/SOURCES.txt
[18.175s] -- Installing: /home/vim3/myros/12-navigation/navigation_ws/install/autopatrol_interfaces/local/lib/python3.10/dist-packages/autopatrol_interfaces-0.0.0-py3.10.egg-info/top_level.txt
[18.175s] -- Installing: /home/vim3/myros/12-navigation/navigation_ws/install/autopatrol_interfaces/local/lib/python3.10/dist-packages/autopatrol_interfaces-0.0.0-py3.10.egg-info/PKG-INFO
[18.175s] -- Up-to-date: /home/vim3/myros/12-navigation/navigation_ws/install/autopatrol_interfaces/local/lib/python3.10/dist-packages/autopatrol_interfaces
[18.185s] -- Up-to-date: /home/vim3/myros/12-navigation/navigation_ws/install/autopatrol_interfaces/local/lib/python3.10/dist-packages/autopatrol_interfaces/libautopatrol_interfaces__rosidl_generator_py.so
[18.185s] -- Up-to-date: /home/vim3/myros/12-navigation/navigation_ws/install/autopatrol_interfaces/local/lib/python3.10/dist-packages/autopatrol_interfaces/autopatrol_interfaces_s__rosidl_typesupport_c.cpython-310-x86_64-linux-gnu.so
[18.186s] -- Up-to-date: /home/vim3/myros/12-navigation/navigation_ws/install/autopatrol_interfaces/local/lib/python3.10/dist-packages/autopatrol_interfaces/_autopatrol_interfaces_s.ep.rosidl_typesupport_c.c
[18.186s] -- Up-to-date: /home/vim3/myros/12-navigation/navigation_ws/install/autopatrol_interfaces/local/lib/python3.10/dist-packages/autopatrol_interfaces/_autopatrol_interfaces_s.ep.rosidl_typesupport_introspection_c.c
[18.186s] -- Up-to-date: /home/vim3/myros/12-navigation/navigation_ws/install/autopatrol_interfaces/local/lib/python3.10/dist-packages/autopatrol_interfaces/srv
[18.186s] -- Up-to-date: /home/vim3/myros/12-navigation/navigation_ws/install/autopatrol_interfaces/local/lib/python3.10/dist-packages/autopatrol_interfaces/srv/_speech_text.py
[18.186s] -- Up-to-date: /home/vim3/myros/12-navigation/navigation_ws/install/autopatrol_interfaces/local/lib/python3.10/dist-packages/autopatrol_interfaces/srv/__init__.py
[18.187s] -- Up-to-date: /home/vim3/myros/12-navigation/navigation_ws/install/autopatrol_interfaces/local/lib/python3.10/dist-packages/autopatrol_interfaces/srv/_speech_text_s.c
[18.187s] -- Up-to-date: /home/vim3/myros/12-navigation/navigation_ws/install/autopatrol_interfaces/local/lib/python3.10/dist-packages/autopatrol_interfaces/autopatrol_interfaces_s__rosidl_typesupport_introspection_c.cpython-310-x86_64-linux-gnu.so
[18.187s] -- Up-to-date: /home/vim3/myros/12-navigation/navigation_ws/install/autopatrol_interfaces/local/lib/python3.10/dist-packages/autopatrol_interfaces/autopatrol_interfaces_s__rosidl_typesupport_fastrtps_c.cpython-310-x86_64-linux-gnu.so
[18.187s] -- Up-to-date: /home/vim3/myros/12-navigation/navigation_ws/install/autopatrol_interfaces/local/lib/python3.10/dist-packages/autopatrol_interfaces/_autopatrol_interfaces_s.ep.rosidl_typesupport_fastrtps_c.c
[18.196s] -- Up-to-date: /home/vim3/myros/12-navigation/navigation_ws/install/autopatrol_interfaces/local/lib/python3.10/dist-packages/autopatrol_interfaces/__init__.py
[18.774s] Listing '/home/vim3/myros/12-navigation/navigation_ws/install/autopatrol_interfaces/local/lib/python3.10/dist-packages/autopatrol_interfaces'...
[18.775s] Listing '/home/vim3/myros/12-navigation/navigation_ws/install/autopatrol_interfaces/local/lib/python3.10/dist-packages/autopatrol_interfaces/srv'...
[18.821s] -- Up-to-date: /home/vim3/myros/12-navigation/navigation_ws/install/autopatrol_interfaces/local/lib/python3.10/dist-packages/autopatrol_interfaces/autopatrol_interfaces_s__rosidl_typesupport_fastrtps_c.cpython-310-x86_64-linux-gnu.so
[18.836s] -- Up-to-date: /home/vim3/myros/12-navigation/navigation_ws/install/autopatrol_interfaces/local/lib/python3.10/dist-packages/autopatrol_interfaces/autopatrol_interfaces_s__rosidl_typesupport_introspection_c.cpython-310-x86_64-linux-gnu.so
[18.847s] -- Up-to-date: /home/vim3/myros/12-navigation/navigation_ws/install/autopatrol_interfaces/local/lib/python3.10/dist-packages/autopatrol_interfaces/autopatrol_interfaces_s__rosidl_typesupport_c.cpython-310-x86_64-linux-gnu.so
[18.852s] -- Up-to-date: /home/vim3/myros/12-navigation/navigation_ws/install/autopatrol_interfaces/lib/libautopatrol_interfaces__rosidl_generator_py.so
[18.858s] -- Up-to-date: /home/vim3/myros/12-navigation/navigation_ws/install/autopatrol_interfaces/share/autopatrol_interfaces/srv/SpeechText.idl
[18.859s] -- Up-to-date: /home/vim3/myros/12-navigation/navigation_ws/install/autopatrol_interfaces/share/autopatrol_interfaces/srv/SpeechText.srv
[18.859s] -- Up-to-date: /home/vim3/myros/12-navigation/navigation_ws/install/autopatrol_interfaces/share/autopatrol_interfaces/srv/SpeechText_Request.msg
[18.859s] -- Up-to-date: /home/vim3/myros/12-navigation/navigation_ws/install/autopatrol_interfaces/share/autopatrol_interfaces/srv/SpeechText_Response.msg
[18.867s] -- Up-to-date: /home/vim3/myros/12-navigation/navigation_ws/install/autopatrol_interfaces/share/ament_index/resource_index/package_run_dependencies/autopatrol_interfaces
[18.867s] -- Up-to-date: /home/vim3/myros/12-navigation/navigation_ws/install/autopatrol_interfaces/share/ament_index/resource_index/parent_prefix_path/autopatrol_interfaces
[18.873s] -- Up-to-date: /home/vim3/myros/12-navigation/navigation_ws/install/autopatrol_interfaces/share/autopatrol_interfaces/environment/ament_prefix_path.sh
[18.873s] -- Up-to-date: /home/vim3/myros/12-navigation/navigation_ws/install/autopatrol_interfaces/share/autopatrol_interfaces/environment/ament_prefix_path.dsv
[18.873s] -- Up-to-date: /home/vim3/myros/12-navigation/navigation_ws/install/autopatrol_interfaces/share/autopatrol_interfaces/environment/path.sh
[18.878s] -- Up-to-date: /home/vim3/myros/12-navigation/navigation_ws/install/autopatrol_interfaces/share/autopatrol_interfaces/environment/path.dsv
[18.883s] -- Up-to-date: /home/vim3/myros/12-navigation/navigation_ws/install/autopatrol_interfaces/share/autopatrol_interfaces/local_setup.bash
[18.888s] -- Up-to-date: /home/vim3/myros/12-navigation/navigation_ws/install/autopatrol_interfaces/share/autopatrol_interfaces/local_setup.sh
[18.888s] -- Up-to-date: /home/vim3/myros/12-navigation/navigation_ws/install/autopatrol_interfaces/share/autopatrol_interfaces/local_setup.zsh
[18.888s] -- Up-to-date: /home/vim3/myros/12-navigation/navigation_ws/install/autopatrol_interfaces/share/autopatrol_interfaces/local_setup.dsv
[18.888s] -- Installing: /home/vim3/myros/12-navigation/navigation_ws/install/autopatrol_interfaces/share/autopatrol_interfaces/package.dsv
[18.893s] -- Up-to-date: /home/vim3/myros/12-navigation/navigation_ws/install/autopatrol_interfaces/share/ament_index/resource_index/packages/autopatrol_interfaces
[18.911s] -- Up-to-date: /home/vim3/myros/12-navigation/navigation_ws/install/autopatrol_interfaces/share/autopatrol_interfaces/cmake/export_autopatrol_interfaces__rosidl_generator_cExport.cmake
[18.911s] -- Up-to-date: /home/vim3/myros/12-navigation/navigation_ws/install/autopatrol_interfaces/share/autopatrol_interfaces/cmake/export_autopatrol_interfaces__rosidl_generator_cExport-noconfig.cmake
[18.923s] -- Up-to-date: /home/vim3/myros/12-navigation/navigation_ws/install/autopatrol_interfaces/share/autopatrol_interfaces/cmake/export_autopatrol_interfaces__rosidl_typesupport_fastrtps_cExport.cmake
[18.933s] -- Up-to-date: /home/vim3/myros/12-navigation/navigation_ws/install/autopatrol_interfaces/share/autopatrol_interfaces/cmake/export_autopatrol_interfaces__rosidl_typesupport_fastrtps_cExport-noconfig.cmake
[18.938s] -- Up-to-date: /home/vim3/myros/12-navigation/navigation_ws/install/autopatrol_interfaces/share/autopatrol_interfaces/cmake/autopatrol_interfaces__rosidl_typesupport_introspection_cExport.cmake
[18.938s] -- Up-to-date: /home/vim3/myros/12-navigation/navigation_ws/install/autopatrol_interfaces/share/autopatrol_interfaces/cmake/autopatrol_interfaces__rosidl_typesupport_introspection_cExport-noconfig.cmake
[18.939s] -- Up-to-date: /home/vim3/myros/12-navigation/navigation_ws/install/autopatrol_interfaces/share/autopatrol_interfaces/cmake/autopatrol_interfaces__rosidl_typesupport_cExport.cmake
[18.956s] -- Up-to-date: /home/vim3/myros/12-navigation/navigation_ws/install/autopatrol_interfaces/share/autopatrol_interfaces/cmake/autopatrol_interfaces__rosidl_typesupport_cExport-noconfig.cmake
[18.968s] -- Up-to-date: /home/vim3/myros/12-navigation/navigation_ws/install/autopatrol_interfaces/share/autopatrol_interfaces/cmake/export_autopatrol_interfaces__rosidl_generator_cppExport.cmake
[18.985s] -- Up-to-date: /home/vim3/myros/12-navigation/navigation_ws/install/autopatrol_interfaces/share/autopatrol_interfaces/cmake/export_autopatrol_interfaces__rosidl_typesupport_fastrtps_cppExport.cmake
[18.991s] -- Up-to-date: /home/vim3/myros/12-navigation/navigation_ws/install/autopatrol_interfaces/share/autopatrol_interfaces/cmake/export_autopatrol_interfaces__rosidl_typesupport_fastrtps_cppExport-noconfig.cmake
[18.995s] -- Up-to-date: /home/vim3/myros/12-navigation/navigation_ws/install/autopatrol_interfaces/share/autopatrol_interfaces/cmake/autopatrol_interfaces__rosidl_typesupport_introspection_cppExport.cmake
[18.996s] -- Up-to-date: /home/vim3/myros/12-navigation/navigation_ws/install/autopatrol_interfaces/share/autopatrol_interfaces/cmake/autopatrol_interfaces__rosidl_typesupport_introspection_cppExport-noconfig.cmake
[19.014s] -- Up-to-date: /home/vim3/myros/12-navigation/navigation_ws/install/autopatrol_interfaces/share/autopatrol_interfaces/cmake/autopatrol_interfaces__rosidl_typesupport_cppExport.cmake
[19.014s] -- Up-to-date: /home/vim3/myros/12-navigation/navigation_ws/install/autopatrol_interfaces/share/autopatrol_interfaces/cmake/autopatrol_interfaces__rosidl_typesupport_cppExport-noconfig.cmake
[19.015s] -- Up-to-date: /home/vim3/myros/12-navigation/navigation_ws/install/autopatrol_interfaces/share/autopatrol_interfaces/cmake/export_autopatrol_interfaces__rosidl_generator_pyExport.cmake
[19.015s] -- Up-to-date: /home/vim3/myros/12-navigation/navigation_ws/install/autopatrol_interfaces/share/autopatrol_interfaces/cmake/export_autopatrol_interfaces__rosidl_generator_pyExport-noconfig.cmake
[19.015s] -- Up-to-date: /home/vim3/myros/12-navigation/navigation_ws/install/autopatrol_interfaces/share/autopatrol_interfaces/cmake/rosidl_cmake-extras.cmake
[19.029s] -- Up-to-date: /home/vim3/myros/12-navigation/navigation_ws/install/autopatrol_interfaces/share/autopatrol_interfaces/cmake/ament_cmake_export_include_directories-extras.cmake
[19.030s] -- Up-to-date: /home/vim3/myros/12-navigation/navigation_ws/install/autopatrol_interfaces/share/autopatrol_interfaces/cmake/ament_cmake_export_libraries-extras.cmake
[19.030s] -- Up-to-date: /home/vim3/myros/12-navigation/navigation_ws/install/autopatrol_interfaces/share/autopatrol_interfaces/cmake/ament_cmake_export_targets-extras.cmake
[19.030s] -- Up-to-date: /home/vim3/myros/12-navigation/navigation_ws/install/autopatrol_interfaces/share/autopatrol_interfaces/cmake/rosidl_cmake_export_typesupport_targets-extras.cmake
[19.030s] -- Up-to-date: /home/vim3/myros/12-navigation/navigation_ws/install/autopatrol_interfaces/share/autopatrol_interfaces/cmake/ament_cmake_export_dependencies-extras.cmake
[19.030s] -- Up-to-date: /home/vim3/myros/12-navigation/navigation_ws/install/autopatrol_interfaces/share/autopatrol_interfaces/cmake/rosidl_cmake_export_typesupport_libraries-extras.cmake
[19.031s] -- Up-to-date: /home/vim3/myros/12-navigation/navigation_ws/install/autopatrol_interfaces/share/autopatrol_interfaces/cmake/autopatrol_interfacesConfig.cmake
[19.032s] -- Up-to-date: /home/vim3/myros/12-navigation/navigation_ws/install/autopatrol_interfaces/share/autopatrol_interfaces/cmake/autopatrol_interfacesConfig-version.cmake
[19.032s] -- Up-to-date: /home/vim3/myros/12-navigation/navigation_ws/install/autopatrol_interfaces/share/autopatrol_interfaces/package.xml
[19.050s] Invoked command in '/home/vim3/myros/12-navigation/navigation_ws/build/autopatrol_interfaces' returned '0': CMAKE_PREFIX_PATH=${CMAKE_PREFIX_PATH}:/home/vim3/myros/12-navigation/navigation_ws/install/dongbot_application:/home/vim3/myros/12-navigation/navigation_ws/install/autopartol_robot:/opt/ros/humble /usr/bin/cmake --install /home/vim3/myros/12-navigation/navigation_ws/build/autopatrol_interfaces
