[7.597s] Invoking command in '/home/vim3/myros/12-navigation/navigation_ws/src/dongbot_application': PYTHONPATH=/home/vim3/myros/12-navigation/navigation_ws/build/dongbot_application/prefix_override:/usr/lib/python3/dist-packages/colcon_core/task/python/colcon_distutils_commands:/home/vim3/myros/12-navigation/navigation_ws/install/dongbot_application/lib/python3.10/site-packages:${PYTHONPATH} /usr/bin/python3 -W ignore:setup.py install is deprecated -W ignore:easy_install command is deprecated setup.py egg_info --egg-base ../../build/dongbot_application build --build-base /home/vim3/myros/12-navigation/navigation_ws/build/dongbot_application/build install --record /home/vim3/myros/12-navigation/navigation_ws/build/dongbot_application/install.log --single-version-externally-managed install_data
[10.800s] running egg_info
[10.813s] writing ../../build/dongbot_application/dongbot_application.egg-info/PKG-INFO
[10.813s] writing dependency_links to ../../build/dongbot_application/dongbot_application.egg-info/dependency_links.txt
[10.827s] writing entry points to ../../build/dongbot_application/dongbot_application.egg-info/entry_points.txt
[10.828s] writing requirements to ../../build/dongbot_application/dongbot_application.egg-info/requires.txt
[10.838s] writing top-level names to ../../build/dongbot_application/dongbot_application.egg-info/top_level.txt
[10.878s] reading manifest file '../../build/dongbot_application/dongbot_application.egg-info/SOURCES.txt'
[10.897s] adding license file 'LICENSE'
[10.919s] writing manifest file '../../build/dongbot_application/dongbot_application.egg-info/SOURCES.txt'
[10.932s] running build
[10.932s] running build_py
[10.955s] running install
[10.955s] running install_lib
[10.986s] running install_data
[10.994s] running install_egg_info
[11.015s] removing '/home/vim3/myros/12-navigation/navigation_ws/install/dongbot_application/lib/python3.10/site-packages/dongbot_application-0.0.0-py3.10.egg-info' (and everything under it)
[11.051s] Copying ../../build/dongbot_application/dongbot_application.egg-info to /home/vim3/myros/12-navigation/navigation_ws/install/dongbot_application/lib/python3.10/site-packages/dongbot_application-0.0.0-py3.10.egg-info
[11.077s] running install_scripts
[11.376s] Installing get_robot_pose script to /home/vim3/myros/12-navigation/navigation_ws/install/dongbot_application/lib/dongbot_application
[11.379s] Installing init_robot_pose script to /home/vim3/myros/12-navigation/navigation_ws/install/dongbot_application/lib/dongbot_application
[11.379s] Installing nav_to_pose script to /home/vim3/myros/12-navigation/navigation_ws/install/dongbot_application/lib/dongbot_application
[11.380s] Installing waypoint_flollower script to /home/vim3/myros/12-navigation/navigation_ws/install/dongbot_application/lib/dongbot_application
[11.386s] writing list of installed files to '/home/vim3/myros/12-navigation/navigation_ws/build/dongbot_application/install.log'
[11.649s] Invoked command in '/home/vim3/myros/12-navigation/navigation_ws/src/dongbot_application' returned '0': PYTHONPATH=/home/vim3/myros/12-navigation/navigation_ws/build/dongbot_application/prefix_override:/usr/lib/python3/dist-packages/colcon_core/task/python/colcon_distutils_commands:/home/vim3/myros/12-navigation/navigation_ws/install/dongbot_application/lib/python3.10/site-packages:${PYTHONPATH} /usr/bin/python3 -W ignore:setup.py install is deprecated -W ignore:easy_install command is deprecated setup.py egg_info --egg-base ../../build/dongbot_application build --build-base /home/vim3/myros/12-navigation/navigation_ws/build/dongbot_application/build install --record /home/vim3/myros/12-navigation/navigation_ws/build/dongbot_application/install.log --single-version-externally-managed install_data
