[0.317s] DEBUG:colcon:Command line arguments: ['/usr/bin/colcon', 'build']
[0.318s] DEBUG:colcon:Parsed command line arguments: Namespace(log_base=None, log_level=None, verb_name='build', build_base='build', install_base='install', merge_install=False, symlink_install=False, test_result_base=None, continue_on_error=False, executor='parallel', parallel_workers=2, event_handlers=None, ignore_user_meta=False, metas=['./colcon.meta'], base_paths=['.'], packages_ignore=None, packages_ignore_regex=None, paths=None, packages_up_to=None, packages_up_to_regex=None, packages_above=None, packages_above_and_dependencies=None, packages_above_depth=None, packages_select_by_dep=None, packages_skip_by_dep=None, packages_skip_up_to=None, packages_select_build_failed=False, packages_skip_build_finished=False, packages_select_test_failures=False, packages_skip_test_passed=False, packages_select=None, packages_skip=None, packages_select_regex=None, packages_skip_regex=None, packages_start=None, packages_end=None, allow_overriding=[], cmake_args=None, cmake_target=None, cmake_target_skip_unavailable=False, cmake_clean_cache=False, cmake_clean_first=False, cmake_force_configure=False, ament_cmake_args=None, catkin_cmake_args=None, catkin_skip_building_tests=False, verb_parser=<colcon_defaults.argument_parser.defaults.DefaultArgumentsDecorator object at 0x7052f3733ac0>, verb_extension=<colcon_core.verb.build.BuildVerb object at 0x7052f3733190>, main=<bound method BuildVerb.main of <colcon_core.verb.build.BuildVerb object at 0x7052f3733190>>)
[0.979s] Level 1:colcon.colcon_core.package_discovery:discover_packages(colcon_meta) check parameters
[0.979s] Level 1:colcon.colcon_core.package_discovery:discover_packages(recursive) check parameters
[0.979s] Level 1:colcon.colcon_core.package_discovery:discover_packages(ignore) check parameters
[0.980s] Level 1:colcon.colcon_core.package_discovery:discover_packages(path) check parameters
[0.980s] Level 1:colcon.colcon_core.package_discovery:discover_packages(colcon_meta) discover
[0.980s] Level 1:colcon.colcon_core.package_discovery:discover_packages(recursive) discover
[0.980s] INFO:colcon.colcon_core.package_discovery:Crawling recursively for packages in '/home/vim3/myros/12-navigation/navigation_ws'
[0.985s] Level 1:colcon.colcon_core.package_identification:_identify(.) by extensions ['ignore', 'ignore_ament_install']
[0.986s] Level 1:colcon.colcon_core.package_identification:_identify(.) by extension 'ignore'
[0.986s] Level 1:colcon.colcon_core.package_identification:_identify(.) by extension 'ignore_ament_install'
[0.986s] Level 1:colcon.colcon_core.package_identification:_identify(.) by extensions ['colcon_pkg']
[0.986s] Level 1:colcon.colcon_core.package_identification:_identify(.) by extension 'colcon_pkg'
[0.987s] Level 1:colcon.colcon_core.package_identification:_identify(.) by extensions ['colcon_meta']
[0.990s] Level 1:colcon.colcon_core.package_identification:_identify(.) by extension 'colcon_meta'
[0.990s] Level 1:colcon.colcon_core.package_identification:_identify(.) by extensions ['ros']
[0.991s] Level 1:colcon.colcon_core.package_identification:_identify(.) by extension 'ros'
[1.039s] Level 1:colcon.colcon_core.package_identification:_identify(.) by extensions ['cmake', 'python']
[1.040s] Level 1:colcon.colcon_core.package_identification:_identify(.) by extension 'cmake'
[1.040s] Level 1:colcon.colcon_core.package_identification:_identify(.) by extension 'python'
[1.040s] Level 1:colcon.colcon_core.package_identification:_identify(.) by extensions ['python_setup_py']
[1.041s] Level 1:colcon.colcon_core.package_identification:_identify(.) by extension 'python_setup_py'
[1.043s] Level 1:colcon.colcon_core.package_identification:_identify(build) by extensions ['ignore', 'ignore_ament_install']
[1.043s] Level 1:colcon.colcon_core.package_identification:_identify(build) by extension 'ignore'
[1.043s] Level 1:colcon.colcon_core.package_identification:_identify(build) ignored
[1.044s] Level 1:colcon.colcon_core.package_identification:_identify(install) by extensions ['ignore', 'ignore_ament_install']
[1.044s] Level 1:colcon.colcon_core.package_identification:_identify(install) by extension 'ignore'
[1.044s] Level 1:colcon.colcon_core.package_identification:_identify(install) ignored
[1.045s] Level 1:colcon.colcon_core.package_identification:_identify(log) by extensions ['ignore', 'ignore_ament_install']
[1.046s] Level 1:colcon.colcon_core.package_identification:_identify(log) by extension 'ignore'
[1.046s] Level 1:colcon.colcon_core.package_identification:_identify(log) ignored
[1.046s] Level 1:colcon.colcon_core.package_identification:_identify(src) by extensions ['ignore', 'ignore_ament_install']
[1.046s] Level 1:colcon.colcon_core.package_identification:_identify(src) by extension 'ignore'
[1.046s] Level 1:colcon.colcon_core.package_identification:_identify(src) by extension 'ignore_ament_install'
[1.046s] Level 1:colcon.colcon_core.package_identification:_identify(src) by extensions ['colcon_pkg']
[1.047s] Level 1:colcon.colcon_core.package_identification:_identify(src) by extension 'colcon_pkg'
[1.047s] Level 1:colcon.colcon_core.package_identification:_identify(src) by extensions ['colcon_meta']
[1.047s] Level 1:colcon.colcon_core.package_identification:_identify(src) by extension 'colcon_meta'
[1.047s] Level 1:colcon.colcon_core.package_identification:_identify(src) by extensions ['ros']
[1.047s] Level 1:colcon.colcon_core.package_identification:_identify(src) by extension 'ros'
[1.047s] Level 1:colcon.colcon_core.package_identification:_identify(src) by extensions ['cmake', 'python']
[1.047s] Level 1:colcon.colcon_core.package_identification:_identify(src) by extension 'cmake'
[1.047s] Level 1:colcon.colcon_core.package_identification:_identify(src) by extension 'python'
[1.048s] Level 1:colcon.colcon_core.package_identification:_identify(src) by extensions ['python_setup_py']
[1.048s] Level 1:colcon.colcon_core.package_identification:_identify(src) by extension 'python_setup_py'
[1.049s] Level 1:colcon.colcon_core.package_identification:_identify(src/autopartol_robot) by extensions ['ignore', 'ignore_ament_install']
[1.049s] Level 1:colcon.colcon_core.package_identification:_identify(src/autopartol_robot) by extension 'ignore'
[1.049s] Level 1:colcon.colcon_core.package_identification:_identify(src/autopartol_robot) by extension 'ignore_ament_install'
[1.049s] Level 1:colcon.colcon_core.package_identification:_identify(src/autopartol_robot) by extensions ['colcon_pkg']
[1.049s] Level 1:colcon.colcon_core.package_identification:_identify(src/autopartol_robot) by extension 'colcon_pkg'
[1.049s] Level 1:colcon.colcon_core.package_identification:_identify(src/autopartol_robot) by extensions ['colcon_meta']
[1.049s] Level 1:colcon.colcon_core.package_identification:_identify(src/autopartol_robot) by extension 'colcon_meta'
[1.049s] Level 1:colcon.colcon_core.package_identification:_identify(src/autopartol_robot) by extensions ['ros']
[1.049s] Level 1:colcon.colcon_core.package_identification:_identify(src/autopartol_robot) by extension 'ros'
[1.060s] DEBUG:colcon.colcon_core.package_identification:Package 'src/autopartol_robot' with type 'ros.ament_python' and name 'autopartol_robot'
[1.063s] Level 1:colcon.colcon_core.package_identification:_identify(src/autopatrol_interfaces) by extensions ['ignore', 'ignore_ament_install']
[1.063s] Level 1:colcon.colcon_core.package_identification:_identify(src/autopatrol_interfaces) by extension 'ignore'
[1.063s] Level 1:colcon.colcon_core.package_identification:_identify(src/autopatrol_interfaces) by extension 'ignore_ament_install'
[1.063s] Level 1:colcon.colcon_core.package_identification:_identify(src/autopatrol_interfaces) by extensions ['colcon_pkg']
[1.063s] Level 1:colcon.colcon_core.package_identification:_identify(src/autopatrol_interfaces) by extension 'colcon_pkg'
[1.063s] Level 1:colcon.colcon_core.package_identification:_identify(src/autopatrol_interfaces) by extensions ['colcon_meta']
[1.063s] Level 1:colcon.colcon_core.package_identification:_identify(src/autopatrol_interfaces) by extension 'colcon_meta'
[1.064s] Level 1:colcon.colcon_core.package_identification:_identify(src/autopatrol_interfaces) by extensions ['ros']
[1.064s] Level 1:colcon.colcon_core.package_identification:_identify(src/autopatrol_interfaces) by extension 'ros'
[1.065s] DEBUG:colcon.colcon_core.package_identification:Package 'src/autopatrol_interfaces' with type 'ros.ament_cmake' and name 'autopatrol_interfaces'
[1.066s] Level 1:colcon.colcon_core.package_identification:_identify(src/dongbot_application) by extensions ['ignore', 'ignore_ament_install']
[1.066s] Level 1:colcon.colcon_core.package_identification:_identify(src/dongbot_application) by extension 'ignore'
[1.067s] Level 1:colcon.colcon_core.package_identification:_identify(src/dongbot_application) by extension 'ignore_ament_install'
[1.067s] Level 1:colcon.colcon_core.package_identification:_identify(src/dongbot_application) by extensions ['colcon_pkg']
[1.067s] Level 1:colcon.colcon_core.package_identification:_identify(src/dongbot_application) by extension 'colcon_pkg'
[1.068s] Level 1:colcon.colcon_core.package_identification:_identify(src/dongbot_application) by extensions ['colcon_meta']
[1.068s] Level 1:colcon.colcon_core.package_identification:_identify(src/dongbot_application) by extension 'colcon_meta'
[1.069s] Level 1:colcon.colcon_core.package_identification:_identify(src/dongbot_application) by extensions ['ros']
[1.069s] Level 1:colcon.colcon_core.package_identification:_identify(src/dongbot_application) by extension 'ros'
[1.071s] DEBUG:colcon.colcon_core.package_identification:Package 'src/dongbot_application' with type 'ros.ament_python' and name 'dongbot_application'
[1.071s] Level 1:colcon.colcon_core.package_identification:_identify(src/dongbot_description) by extensions ['ignore', 'ignore_ament_install']
[1.072s] Level 1:colcon.colcon_core.package_identification:_identify(src/dongbot_description) by extension 'ignore'
[1.072s] Level 1:colcon.colcon_core.package_identification:_identify(src/dongbot_description) by extension 'ignore_ament_install'
[1.073s] Level 1:colcon.colcon_core.package_identification:_identify(src/dongbot_description) by extensions ['colcon_pkg']
[1.073s] Level 1:colcon.colcon_core.package_identification:_identify(src/dongbot_description) by extension 'colcon_pkg'
[1.074s] Level 1:colcon.colcon_core.package_identification:_identify(src/dongbot_description) by extensions ['colcon_meta']
[1.074s] Level 1:colcon.colcon_core.package_identification:_identify(src/dongbot_description) by extension 'colcon_meta'
[1.074s] Level 1:colcon.colcon_core.package_identification:_identify(src/dongbot_description) by extensions ['ros']
[1.074s] Level 1:colcon.colcon_core.package_identification:_identify(src/dongbot_description) by extension 'ros'
[1.075s] DEBUG:colcon.colcon_core.package_identification:Package 'src/dongbot_description' with type 'ros.ament_cmake' and name 'dongbot_description'
[1.075s] Level 1:colcon.colcon_core.package_identification:_identify(src/dongbot_nav) by extensions ['ignore', 'ignore_ament_install']
[1.075s] Level 1:colcon.colcon_core.package_identification:_identify(src/dongbot_nav) by extension 'ignore'
[1.075s] Level 1:colcon.colcon_core.package_identification:_identify(src/dongbot_nav) by extension 'ignore_ament_install'
[1.075s] Level 1:colcon.colcon_core.package_identification:_identify(src/dongbot_nav) by extensions ['colcon_pkg']
[1.075s] Level 1:colcon.colcon_core.package_identification:_identify(src/dongbot_nav) by extension 'colcon_pkg'
[1.075s] Level 1:colcon.colcon_core.package_identification:_identify(src/dongbot_nav) by extensions ['colcon_meta']
[1.075s] Level 1:colcon.colcon_core.package_identification:_identify(src/dongbot_nav) by extension 'colcon_meta'
[1.075s] Level 1:colcon.colcon_core.package_identification:_identify(src/dongbot_nav) by extensions ['ros']
[1.075s] Level 1:colcon.colcon_core.package_identification:_identify(src/dongbot_nav) by extension 'ros'
[1.076s] DEBUG:colcon.colcon_core.package_identification:Package 'src/dongbot_nav' with type 'ros.ament_cmake' and name 'dongbot_nav'
[1.077s] Level 1:colcon.colcon_core.package_discovery:discover_packages(recursive) using defaults
[1.077s] Level 1:colcon.colcon_core.package_discovery:discover_packages(ignore) discover
[1.077s] Level 1:colcon.colcon_core.package_discovery:discover_packages(ignore) using defaults
[1.077s] Level 1:colcon.colcon_core.package_discovery:discover_packages(path) discover
[1.077s] Level 1:colcon.colcon_core.package_discovery:discover_packages(path) using defaults
[1.195s] Level 1:colcon.colcon_core.package_discovery:discover_packages(prefix_path) check parameters
[1.195s] Level 1:colcon.colcon_core.package_discovery:discover_packages(prefix_path) discover
[1.201s] DEBUG:colcon.colcon_installed_package_information.package_discovery:Found 371 installed packages in /opt/ros/humble
[1.210s] Level 1:colcon.colcon_core.package_discovery:discover_packages(prefix_path) using defaults
[1.348s] Level 5:colcon.colcon_core.verb:set package 'autopartol_robot' build argument 'cmake_args' from command line to 'None'
[1.348s] Level 5:colcon.colcon_core.verb:set package 'autopartol_robot' build argument 'cmake_target' from command line to 'None'
[1.348s] Level 5:colcon.colcon_core.verb:set package 'autopartol_robot' build argument 'cmake_target_skip_unavailable' from command line to 'False'
[1.348s] Level 5:colcon.colcon_core.verb:set package 'autopartol_robot' build argument 'cmake_clean_cache' from command line to 'False'
[1.348s] Level 5:colcon.colcon_core.verb:set package 'autopartol_robot' build argument 'cmake_clean_first' from command line to 'False'
[1.348s] Level 5:colcon.colcon_core.verb:set package 'autopartol_robot' build argument 'cmake_force_configure' from command line to 'False'
[1.349s] Level 5:colcon.colcon_core.verb:set package 'autopartol_robot' build argument 'ament_cmake_args' from command line to 'None'
[1.349s] Level 5:colcon.colcon_core.verb:set package 'autopartol_robot' build argument 'catkin_cmake_args' from command line to 'None'
[1.349s] Level 5:colcon.colcon_core.verb:set package 'autopartol_robot' build argument 'catkin_skip_building_tests' from command line to 'False'
[1.349s] DEBUG:colcon.colcon_core.verb:Building package 'autopartol_robot' with the following arguments: {'ament_cmake_args': None, 'build_base': '/home/vim3/myros/12-navigation/navigation_ws/build/autopartol_robot', 'catkin_cmake_args': None, 'catkin_skip_building_tests': False, 'cmake_args': None, 'cmake_clean_cache': False, 'cmake_clean_first': False, 'cmake_force_configure': False, 'cmake_target': None, 'cmake_target_skip_unavailable': False, 'install_base': '/home/vim3/myros/12-navigation/navigation_ws/install/autopartol_robot', 'merge_install': False, 'path': '/home/vim3/myros/12-navigation/navigation_ws/src/autopartol_robot', 'symlink_install': False, 'test_result_base': None}
[1.350s] Level 5:colcon.colcon_core.verb:set package 'autopatrol_interfaces' build argument 'cmake_args' from command line to 'None'
[1.350s] Level 5:colcon.colcon_core.verb:set package 'autopatrol_interfaces' build argument 'cmake_target' from command line to 'None'
[1.350s] Level 5:colcon.colcon_core.verb:set package 'autopatrol_interfaces' build argument 'cmake_target_skip_unavailable' from command line to 'False'
[1.350s] Level 5:colcon.colcon_core.verb:set package 'autopatrol_interfaces' build argument 'cmake_clean_cache' from command line to 'False'
[1.350s] Level 5:colcon.colcon_core.verb:set package 'autopatrol_interfaces' build argument 'cmake_clean_first' from command line to 'False'
[1.350s] Level 5:colcon.colcon_core.verb:set package 'autopatrol_interfaces' build argument 'cmake_force_configure' from command line to 'False'
[1.350s] Level 5:colcon.colcon_core.verb:set package 'autopatrol_interfaces' build argument 'ament_cmake_args' from command line to 'None'
[1.350s] Level 5:colcon.colcon_core.verb:set package 'autopatrol_interfaces' build argument 'catkin_cmake_args' from command line to 'None'
[1.350s] Level 5:colcon.colcon_core.verb:set package 'autopatrol_interfaces' build argument 'catkin_skip_building_tests' from command line to 'False'
[1.350s] DEBUG:colcon.colcon_core.verb:Building package 'autopatrol_interfaces' with the following arguments: {'ament_cmake_args': None, 'build_base': '/home/vim3/myros/12-navigation/navigation_ws/build/autopatrol_interfaces', 'catkin_cmake_args': None, 'catkin_skip_building_tests': False, 'cmake_args': None, 'cmake_clean_cache': False, 'cmake_clean_first': False, 'cmake_force_configure': False, 'cmake_target': None, 'cmake_target_skip_unavailable': False, 'install_base': '/home/vim3/myros/12-navigation/navigation_ws/install/autopatrol_interfaces', 'merge_install': False, 'path': '/home/vim3/myros/12-navigation/navigation_ws/src/autopatrol_interfaces', 'symlink_install': False, 'test_result_base': None}
[1.350s] Level 5:colcon.colcon_core.verb:set package 'dongbot_application' build argument 'cmake_args' from command line to 'None'
[1.351s] Level 5:colcon.colcon_core.verb:set package 'dongbot_application' build argument 'cmake_target' from command line to 'None'
[1.351s] Level 5:colcon.colcon_core.verb:set package 'dongbot_application' build argument 'cmake_target_skip_unavailable' from command line to 'False'
[1.351s] Level 5:colcon.colcon_core.verb:set package 'dongbot_application' build argument 'cmake_clean_cache' from command line to 'False'
[1.351s] Level 5:colcon.colcon_core.verb:set package 'dongbot_application' build argument 'cmake_clean_first' from command line to 'False'
[1.351s] Level 5:colcon.colcon_core.verb:set package 'dongbot_application' build argument 'cmake_force_configure' from command line to 'False'
[1.351s] Level 5:colcon.colcon_core.verb:set package 'dongbot_application' build argument 'ament_cmake_args' from command line to 'None'
[1.351s] Level 5:colcon.colcon_core.verb:set package 'dongbot_application' build argument 'catkin_cmake_args' from command line to 'None'
[1.351s] Level 5:colcon.colcon_core.verb:set package 'dongbot_application' build argument 'catkin_skip_building_tests' from command line to 'False'
[1.351s] DEBUG:colcon.colcon_core.verb:Building package 'dongbot_application' with the following arguments: {'ament_cmake_args': None, 'build_base': '/home/vim3/myros/12-navigation/navigation_ws/build/dongbot_application', 'catkin_cmake_args': None, 'catkin_skip_building_tests': False, 'cmake_args': None, 'cmake_clean_cache': False, 'cmake_clean_first': False, 'cmake_force_configure': False, 'cmake_target': None, 'cmake_target_skip_unavailable': False, 'install_base': '/home/vim3/myros/12-navigation/navigation_ws/install/dongbot_application', 'merge_install': False, 'path': '/home/vim3/myros/12-navigation/navigation_ws/src/dongbot_application', 'symlink_install': False, 'test_result_base': None}
[1.352s] Level 5:colcon.colcon_core.verb:set package 'dongbot_description' build argument 'cmake_args' from command line to 'None'
[1.352s] Level 5:colcon.colcon_core.verb:set package 'dongbot_description' build argument 'cmake_target' from command line to 'None'
[1.352s] Level 5:colcon.colcon_core.verb:set package 'dongbot_description' build argument 'cmake_target_skip_unavailable' from command line to 'False'
[1.352s] Level 5:colcon.colcon_core.verb:set package 'dongbot_description' build argument 'cmake_clean_cache' from command line to 'False'
[1.352s] Level 5:colcon.colcon_core.verb:set package 'dongbot_description' build argument 'cmake_clean_first' from command line to 'False'
[1.352s] Level 5:colcon.colcon_core.verb:set package 'dongbot_description' build argument 'cmake_force_configure' from command line to 'False'
[1.352s] Level 5:colcon.colcon_core.verb:set package 'dongbot_description' build argument 'ament_cmake_args' from command line to 'None'
[1.352s] Level 5:colcon.colcon_core.verb:set package 'dongbot_description' build argument 'catkin_cmake_args' from command line to 'None'
[1.352s] Level 5:colcon.colcon_core.verb:set package 'dongbot_description' build argument 'catkin_skip_building_tests' from command line to 'False'
[1.352s] DEBUG:colcon.colcon_core.verb:Building package 'dongbot_description' with the following arguments: {'ament_cmake_args': None, 'build_base': '/home/vim3/myros/12-navigation/navigation_ws/build/dongbot_description', 'catkin_cmake_args': None, 'catkin_skip_building_tests': False, 'cmake_args': None, 'cmake_clean_cache': False, 'cmake_clean_first': False, 'cmake_force_configure': False, 'cmake_target': None, 'cmake_target_skip_unavailable': False, 'install_base': '/home/vim3/myros/12-navigation/navigation_ws/install/dongbot_description', 'merge_install': False, 'path': '/home/vim3/myros/12-navigation/navigation_ws/src/dongbot_description', 'symlink_install': False, 'test_result_base': None}
[1.353s] Level 5:colcon.colcon_core.verb:set package 'dongbot_nav' build argument 'cmake_args' from command line to 'None'
[1.354s] Level 5:colcon.colcon_core.verb:set package 'dongbot_nav' build argument 'cmake_target' from command line to 'None'
[1.354s] Level 5:colcon.colcon_core.verb:set package 'dongbot_nav' build argument 'cmake_target_skip_unavailable' from command line to 'False'
[1.354s] Level 5:colcon.colcon_core.verb:set package 'dongbot_nav' build argument 'cmake_clean_cache' from command line to 'False'
[1.354s] Level 5:colcon.colcon_core.verb:set package 'dongbot_nav' build argument 'cmake_clean_first' from command line to 'False'
[1.354s] Level 5:colcon.colcon_core.verb:set package 'dongbot_nav' build argument 'cmake_force_configure' from command line to 'False'
[1.354s] Level 5:colcon.colcon_core.verb:set package 'dongbot_nav' build argument 'ament_cmake_args' from command line to 'None'
[1.354s] Level 5:colcon.colcon_core.verb:set package 'dongbot_nav' build argument 'catkin_cmake_args' from command line to 'None'
[1.354s] Level 5:colcon.colcon_core.verb:set package 'dongbot_nav' build argument 'catkin_skip_building_tests' from command line to 'False'
[1.354s] DEBUG:colcon.colcon_core.verb:Building package 'dongbot_nav' with the following arguments: {'ament_cmake_args': None, 'build_base': '/home/vim3/myros/12-navigation/navigation_ws/build/dongbot_nav', 'catkin_cmake_args': None, 'catkin_skip_building_tests': False, 'cmake_args': None, 'cmake_clean_cache': False, 'cmake_clean_first': False, 'cmake_force_configure': False, 'cmake_target': None, 'cmake_target_skip_unavailable': False, 'install_base': '/home/vim3/myros/12-navigation/navigation_ws/install/dongbot_nav', 'merge_install': False, 'path': '/home/vim3/myros/12-navigation/navigation_ws/src/dongbot_nav', 'symlink_install': False, 'test_result_base': None}
[1.354s] INFO:colcon.colcon_core.executor:Executing jobs using 'parallel' executor
[1.358s] DEBUG:colcon.colcon_parallel_executor.executor.parallel:run_until_complete
[1.359s] INFO:colcon.colcon_ros.task.ament_python.build:Building ROS package in '/home/vim3/myros/12-navigation/navigation_ws/src/autopartol_robot' with build type 'ament_python'
[1.359s] Level 1:colcon.colcon_core.shell:create_environment_hook('autopartol_robot', 'ament_prefix_path')
[1.365s] INFO:colcon.colcon_core.plugin_system:Skipping extension 'colcon_core.shell.bat': Not used on non-Windows systems
[1.366s] INFO:colcon.colcon_core.shell:Creating environment hook '/home/vim3/myros/12-navigation/navigation_ws/install/autopartol_robot/share/autopartol_robot/hook/ament_prefix_path.ps1'
[1.369s] INFO:colcon.colcon_core.shell:Creating environment descriptor '/home/vim3/myros/12-navigation/navigation_ws/install/autopartol_robot/share/autopartol_robot/hook/ament_prefix_path.dsv'
[1.371s] INFO:colcon.colcon_core.shell:Creating environment hook '/home/vim3/myros/12-navigation/navigation_ws/install/autopartol_robot/share/autopartol_robot/hook/ament_prefix_path.sh'
[1.373s] INFO:colcon.colcon_core.shell:Skip shell extension 'powershell' for command environment: Not usable outside of PowerShell
[1.373s] DEBUG:colcon.colcon_core.shell:Skip shell extension 'dsv' for command environment
[1.385s] INFO:colcon.colcon_ros.task.ament_cmake.build:Building ROS package in '/home/vim3/myros/12-navigation/navigation_ws/src/autopatrol_interfaces' with build type 'ament_cmake'
[1.385s] INFO:colcon.colcon_cmake.task.cmake.build:Building CMake package in '/home/vim3/myros/12-navigation/navigation_ws/src/autopatrol_interfaces'
[1.386s] INFO:colcon.colcon_core.shell:Skip shell extension 'powershell' for command environment: Not usable outside of PowerShell
[1.386s] DEBUG:colcon.colcon_core.shell:Skip shell extension 'dsv' for command environment
[2.237s] INFO:colcon.colcon_core.task.python.build:Building Python package in '/home/vim3/myros/12-navigation/navigation_ws/src/autopartol_robot'
[2.238s] INFO:colcon.colcon_core.shell:Skip shell extension 'powershell' for command environment: Not usable outside of PowerShell
[2.238s] DEBUG:colcon.colcon_core.shell:Skip shell extension 'dsv' for command environment
[2.280s] DEBUG:colcon.colcon_core.event_handler.log_command:Invoking command in '/home/vim3/myros/12-navigation/navigation_ws/build/autopatrol_interfaces': CMAKE_PREFIX_PATH=/opt/ros/humble /usr/bin/cmake --build /home/vim3/myros/12-navigation/navigation_ws/build/autopatrol_interfaces -- -j2 -l2
[5.658s] DEBUG:colcon.colcon_core.event_handler.log_command:Invoking command in '/home/vim3/myros/12-navigation/navigation_ws/src/autopartol_robot': PYTHONPATH=/home/vim3/myros/12-navigation/navigation_ws/build/autopartol_robot/prefix_override:/usr/lib/python3/dist-packages/colcon_core/task/python/colcon_distutils_commands:/home/vim3/myros/12-navigation/navigation_ws/install/autopartol_robot/lib/python3.10/site-packages:${PYTHONPATH} /usr/bin/python3 -W ignore:setup.py install is deprecated -W ignore:easy_install command is deprecated setup.py egg_info --egg-base ../../build/autopartol_robot build --build-base /home/vim3/myros/12-navigation/navigation_ws/build/autopartol_robot/build install --record /home/vim3/myros/12-navigation/navigation_ws/build/autopartol_robot/install.log --single-version-externally-managed install_data
[6.150s] DEBUG:colcon.colcon_core.event_handler.log_command:Invoked command in '/home/vim3/myros/12-navigation/navigation_ws/build/autopatrol_interfaces' returned '0': CMAKE_PREFIX_PATH=/opt/ros/humble /usr/bin/cmake --build /home/vim3/myros/12-navigation/navigation_ws/build/autopatrol_interfaces -- -j2 -l2
[6.221s] DEBUG:colcon.colcon_core.event_handler.log_command:Invoking command in '/home/vim3/myros/12-navigation/navigation_ws/build/autopatrol_interfaces': CMAKE_PREFIX_PATH=/opt/ros/humble /usr/bin/cmake --install /home/vim3/myros/12-navigation/navigation_ws/build/autopatrol_interfaces
[6.669s] Level 1:colcon.colcon_core.environment:create_environment_scripts_only(autopatrol_interfaces)
[6.681s] DEBUG:colcon.colcon_core.event_handler.log_command:Invoked command in '/home/vim3/myros/12-navigation/navigation_ws/build/autopatrol_interfaces' returned '0': CMAKE_PREFIX_PATH=/opt/ros/humble /usr/bin/cmake --install /home/vim3/myros/12-navigation/navigation_ws/build/autopatrol_interfaces
[6.690s] Level 1:colcon.colcon_core.environment:checking '/home/vim3/myros/12-navigation/navigation_ws/install/autopatrol_interfaces' for CMake module files
[6.698s] Level 1:colcon.colcon_core.environment:checking '/home/vim3/myros/12-navigation/navigation_ws/install/autopatrol_interfaces' for CMake config files
[6.705s] Level 1:colcon.colcon_core.shell:create_environment_hook('autopatrol_interfaces', 'cmake_prefix_path')
[6.706s] INFO:colcon.colcon_core.shell:Creating environment hook '/home/vim3/myros/12-navigation/navigation_ws/install/autopatrol_interfaces/share/autopatrol_interfaces/hook/cmake_prefix_path.ps1'
[6.715s] INFO:colcon.colcon_core.shell:Creating environment descriptor '/home/vim3/myros/12-navigation/navigation_ws/install/autopatrol_interfaces/share/autopatrol_interfaces/hook/cmake_prefix_path.dsv'
[6.717s] INFO:colcon.colcon_core.shell:Creating environment hook '/home/vim3/myros/12-navigation/navigation_ws/install/autopatrol_interfaces/share/autopatrol_interfaces/hook/cmake_prefix_path.sh'
[6.725s] Level 1:colcon.colcon_core.environment:checking '/home/vim3/myros/12-navigation/navigation_ws/install/autopatrol_interfaces/lib'
[6.727s] Level 1:colcon.colcon_core.shell:create_environment_hook('autopatrol_interfaces', 'ld_library_path_lib')
[6.728s] INFO:colcon.colcon_core.shell:Creating environment hook '/home/vim3/myros/12-navigation/navigation_ws/install/autopatrol_interfaces/share/autopatrol_interfaces/hook/ld_library_path_lib.ps1'
[6.730s] INFO:colcon.colcon_core.shell:Creating environment descriptor '/home/vim3/myros/12-navigation/navigation_ws/install/autopatrol_interfaces/share/autopatrol_interfaces/hook/ld_library_path_lib.dsv'
[6.738s] INFO:colcon.colcon_core.shell:Creating environment hook '/home/vim3/myros/12-navigation/navigation_ws/install/autopatrol_interfaces/share/autopatrol_interfaces/hook/ld_library_path_lib.sh'
[6.744s] Level 1:colcon.colcon_core.environment:checking '/home/vim3/myros/12-navigation/navigation_ws/install/autopatrol_interfaces/bin'
[6.744s] Level 1:colcon.colcon_core.environment:checking '/home/vim3/myros/12-navigation/navigation_ws/install/autopatrol_interfaces/lib/pkgconfig/autopatrol_interfaces.pc'
[6.747s] Level 1:colcon.colcon_core.environment:checking '/home/vim3/myros/12-navigation/navigation_ws/install/autopatrol_interfaces/lib/python3.10/site-packages'
[6.748s] Level 1:colcon.colcon_core.environment:checking '/home/vim3/myros/12-navigation/navigation_ws/install/autopatrol_interfaces/bin'
[6.753s] INFO:colcon.colcon_core.shell:Creating package script '/home/vim3/myros/12-navigation/navigation_ws/install/autopatrol_interfaces/share/autopatrol_interfaces/package.ps1'
[6.763s] INFO:colcon.colcon_core.shell:Creating package descriptor '/home/vim3/myros/12-navigation/navigation_ws/install/autopatrol_interfaces/share/autopatrol_interfaces/package.dsv'
[6.769s] INFO:colcon.colcon_core.shell:Creating package script '/home/vim3/myros/12-navigation/navigation_ws/install/autopatrol_interfaces/share/autopatrol_interfaces/package.sh'
[6.786s] INFO:colcon.colcon_core.shell:Creating package script '/home/vim3/myros/12-navigation/navigation_ws/install/autopatrol_interfaces/share/autopatrol_interfaces/package.bash'
[6.796s] INFO:colcon.colcon_core.shell:Creating package script '/home/vim3/myros/12-navigation/navigation_ws/install/autopatrol_interfaces/share/autopatrol_interfaces/package.zsh'
[6.809s] Level 1:colcon.colcon_core.environment:create_file_with_runtime_dependencies(/home/vim3/myros/12-navigation/navigation_ws/install/autopatrol_interfaces/share/colcon-core/packages/autopatrol_interfaces)
[6.815s] Level 1:colcon.colcon_core.environment:create_environment_scripts_only(autopatrol_interfaces)
[6.815s] Level 1:colcon.colcon_core.environment:checking '/home/vim3/myros/12-navigation/navigation_ws/install/autopatrol_interfaces' for CMake module files
[6.818s] Level 1:colcon.colcon_core.environment:checking '/home/vim3/myros/12-navigation/navigation_ws/install/autopatrol_interfaces' for CMake config files
[6.821s] Level 1:colcon.colcon_core.shell:create_environment_hook('autopatrol_interfaces', 'cmake_prefix_path')
[6.824s] INFO:colcon.colcon_core.shell:Creating environment hook '/home/vim3/myros/12-navigation/navigation_ws/install/autopatrol_interfaces/share/autopatrol_interfaces/hook/cmake_prefix_path.ps1'
[6.833s] INFO:colcon.colcon_core.shell:Creating environment descriptor '/home/vim3/myros/12-navigation/navigation_ws/install/autopatrol_interfaces/share/autopatrol_interfaces/hook/cmake_prefix_path.dsv'
[6.837s] INFO:colcon.colcon_core.shell:Creating environment hook '/home/vim3/myros/12-navigation/navigation_ws/install/autopatrol_interfaces/share/autopatrol_interfaces/hook/cmake_prefix_path.sh'
[6.841s] Level 1:colcon.colcon_core.environment:checking '/home/vim3/myros/12-navigation/navigation_ws/install/autopatrol_interfaces/lib'
[6.842s] Level 1:colcon.colcon_core.shell:create_environment_hook('autopatrol_interfaces', 'ld_library_path_lib')
[6.842s] INFO:colcon.colcon_core.shell:Creating environment hook '/home/vim3/myros/12-navigation/navigation_ws/install/autopatrol_interfaces/share/autopatrol_interfaces/hook/ld_library_path_lib.ps1'
[6.846s] INFO:colcon.colcon_core.shell:Creating environment descriptor '/home/vim3/myros/12-navigation/navigation_ws/install/autopatrol_interfaces/share/autopatrol_interfaces/hook/ld_library_path_lib.dsv'
[6.850s] INFO:colcon.colcon_core.shell:Creating environment hook '/home/vim3/myros/12-navigation/navigation_ws/install/autopatrol_interfaces/share/autopatrol_interfaces/hook/ld_library_path_lib.sh'
[6.854s] Level 1:colcon.colcon_core.environment:checking '/home/vim3/myros/12-navigation/navigation_ws/install/autopatrol_interfaces/bin'
[6.854s] Level 1:colcon.colcon_core.environment:checking '/home/vim3/myros/12-navigation/navigation_ws/install/autopatrol_interfaces/lib/pkgconfig/autopatrol_interfaces.pc'
[6.857s] Level 1:colcon.colcon_core.environment:checking '/home/vim3/myros/12-navigation/navigation_ws/install/autopatrol_interfaces/lib/python3.10/site-packages'
[6.858s] Level 1:colcon.colcon_core.environment:checking '/home/vim3/myros/12-navigation/navigation_ws/install/autopatrol_interfaces/bin'
[6.860s] INFO:colcon.colcon_core.shell:Creating package script '/home/vim3/myros/12-navigation/navigation_ws/install/autopatrol_interfaces/share/autopatrol_interfaces/package.ps1'
[6.862s] INFO:colcon.colcon_core.shell:Creating package descriptor '/home/vim3/myros/12-navigation/navigation_ws/install/autopatrol_interfaces/share/autopatrol_interfaces/package.dsv'
[6.866s] INFO:colcon.colcon_core.shell:Creating package script '/home/vim3/myros/12-navigation/navigation_ws/install/autopatrol_interfaces/share/autopatrol_interfaces/package.sh'
[6.868s] INFO:colcon.colcon_core.shell:Creating package script '/home/vim3/myros/12-navigation/navigation_ws/install/autopatrol_interfaces/share/autopatrol_interfaces/package.bash'
[6.873s] INFO:colcon.colcon_core.shell:Creating package script '/home/vim3/myros/12-navigation/navigation_ws/install/autopatrol_interfaces/share/autopatrol_interfaces/package.zsh'
[6.877s] Level 1:colcon.colcon_core.environment:create_file_with_runtime_dependencies(/home/vim3/myros/12-navigation/navigation_ws/install/autopatrol_interfaces/share/colcon-core/packages/autopatrol_interfaces)
[6.885s] INFO:colcon.colcon_ros.task.ament_python.build:Building ROS package in '/home/vim3/myros/12-navigation/navigation_ws/src/dongbot_application' with build type 'ament_python'
[6.887s] Level 1:colcon.colcon_core.shell:create_environment_hook('dongbot_application', 'ament_prefix_path')
[6.888s] INFO:colcon.colcon_core.shell:Creating environment hook '/home/vim3/myros/12-navigation/navigation_ws/install/dongbot_application/share/dongbot_application/hook/ament_prefix_path.ps1'
[6.896s] INFO:colcon.colcon_core.shell:Creating environment descriptor '/home/vim3/myros/12-navigation/navigation_ws/install/dongbot_application/share/dongbot_application/hook/ament_prefix_path.dsv'
[6.898s] INFO:colcon.colcon_core.shell:Creating environment hook '/home/vim3/myros/12-navigation/navigation_ws/install/dongbot_application/share/dongbot_application/hook/ament_prefix_path.sh'
[6.903s] INFO:colcon.colcon_core.shell:Skip shell extension 'powershell' for command environment: Not usable outside of PowerShell
[6.903s] DEBUG:colcon.colcon_core.shell:Skip shell extension 'dsv' for command environment
[8.849s] INFO:colcon.colcon_core.task.python.build:Building Python package in '/home/vim3/myros/12-navigation/navigation_ws/src/dongbot_application'
[8.850s] INFO:colcon.colcon_core.shell:Skip shell extension 'powershell' for command environment: Not usable outside of PowerShell
[8.850s] DEBUG:colcon.colcon_core.shell:Skip shell extension 'dsv' for command environment
[8.872s] Level 1:colcon.colcon_core.environment:checking '/home/vim3/myros/12-navigation/navigation_ws/install/autopartol_robot' for CMake module files
[8.877s] DEBUG:colcon.colcon_core.event_handler.log_command:Invoked command in '/home/vim3/myros/12-navigation/navigation_ws/src/autopartol_robot' returned '0': PYTHONPATH=/home/vim3/myros/12-navigation/navigation_ws/build/autopartol_robot/prefix_override:/usr/lib/python3/dist-packages/colcon_core/task/python/colcon_distutils_commands:/home/vim3/myros/12-navigation/navigation_ws/install/autopartol_robot/lib/python3.10/site-packages:${PYTHONPATH} /usr/bin/python3 -W ignore:setup.py install is deprecated -W ignore:easy_install command is deprecated setup.py egg_info --egg-base ../../build/autopartol_robot build --build-base /home/vim3/myros/12-navigation/navigation_ws/build/autopartol_robot/build install --record /home/vim3/myros/12-navigation/navigation_ws/build/autopartol_robot/install.log --single-version-externally-managed install_data
[8.878s] Level 1:colcon.colcon_core.environment:checking '/home/vim3/myros/12-navigation/navigation_ws/install/autopartol_robot' for CMake config files
[8.880s] Level 1:colcon.colcon_core.environment:checking '/home/vim3/myros/12-navigation/navigation_ws/install/autopartol_robot/lib'
[8.884s] Level 1:colcon.colcon_core.environment:checking '/home/vim3/myros/12-navigation/navigation_ws/install/autopartol_robot/bin'
[8.885s] Level 1:colcon.colcon_core.environment:checking '/home/vim3/myros/12-navigation/navigation_ws/install/autopartol_robot/lib/pkgconfig/autopartol_robot.pc'
[8.887s] Level 1:colcon.colcon_core.environment:checking '/home/vim3/myros/12-navigation/navigation_ws/install/autopartol_robot/lib/python3.10/site-packages'
[8.889s] Level 1:colcon.colcon_core.shell:create_environment_hook('autopartol_robot', 'pythonpath')
[8.890s] INFO:colcon.colcon_core.shell:Creating environment hook '/home/vim3/myros/12-navigation/navigation_ws/install/autopartol_robot/share/autopartol_robot/hook/pythonpath.ps1'
[8.894s] INFO:colcon.colcon_core.shell:Creating environment descriptor '/home/vim3/myros/12-navigation/navigation_ws/install/autopartol_robot/share/autopartol_robot/hook/pythonpath.dsv'
[8.900s] INFO:colcon.colcon_core.shell:Creating environment hook '/home/vim3/myros/12-navigation/navigation_ws/install/autopartol_robot/share/autopartol_robot/hook/pythonpath.sh'
[8.904s] Level 1:colcon.colcon_core.environment:checking '/home/vim3/myros/12-navigation/navigation_ws/install/autopartol_robot/bin'
[8.905s] Level 1:colcon.colcon_core.environment:create_environment_scripts_only(autopartol_robot)
[8.905s] INFO:colcon.colcon_core.shell:Creating package script '/home/vim3/myros/12-navigation/navigation_ws/install/autopartol_robot/share/autopartol_robot/package.ps1'
[8.910s] INFO:colcon.colcon_core.shell:Creating package descriptor '/home/vim3/myros/12-navigation/navigation_ws/install/autopartol_robot/share/autopartol_robot/package.dsv'
[8.913s] INFO:colcon.colcon_core.shell:Creating package script '/home/vim3/myros/12-navigation/navigation_ws/install/autopartol_robot/share/autopartol_robot/package.sh'
[8.920s] INFO:colcon.colcon_core.shell:Creating package script '/home/vim3/myros/12-navigation/navigation_ws/install/autopartol_robot/share/autopartol_robot/package.bash'
[8.922s] INFO:colcon.colcon_core.shell:Creating package script '/home/vim3/myros/12-navigation/navigation_ws/install/autopartol_robot/share/autopartol_robot/package.zsh'
[8.926s] Level 1:colcon.colcon_core.environment:create_file_with_runtime_dependencies(/home/vim3/myros/12-navigation/navigation_ws/install/autopartol_robot/share/colcon-core/packages/autopartol_robot)
[8.936s] INFO:colcon.colcon_ros.task.ament_cmake.build:Building ROS package in '/home/vim3/myros/12-navigation/navigation_ws/src/dongbot_description' with build type 'ament_cmake'
[8.936s] INFO:colcon.colcon_cmake.task.cmake.build:Building CMake package in '/home/vim3/myros/12-navigation/navigation_ws/src/dongbot_description'
[8.937s] INFO:colcon.colcon_core.shell:Skip shell extension 'powershell' for command environment: Not usable outside of PowerShell
[8.937s] DEBUG:colcon.colcon_core.shell:Skip shell extension 'dsv' for command environment
[9.060s] DEBUG:colcon.colcon_core.event_handler.log_command:Invoking command in '/home/vim3/myros/12-navigation/navigation_ws/build/dongbot_description': CMAKE_PREFIX_PATH=/opt/ros/humble /usr/bin/cmake --build /home/vim3/myros/12-navigation/navigation_ws/build/dongbot_description -- -j2 -l2
[9.504s] DEBUG:colcon.colcon_core.event_handler.log_command:Invoked command in '/home/vim3/myros/12-navigation/navigation_ws/build/dongbot_description' returned '0': CMAKE_PREFIX_PATH=/opt/ros/humble /usr/bin/cmake --build /home/vim3/myros/12-navigation/navigation_ws/build/dongbot_description -- -j2 -l2
[9.507s] DEBUG:colcon.colcon_core.event_handler.log_command:Invoking command in '/home/vim3/myros/12-navigation/navigation_ws/build/dongbot_description': CMAKE_PREFIX_PATH=/opt/ros/humble /usr/bin/cmake --install /home/vim3/myros/12-navigation/navigation_ws/build/dongbot_description
[9.597s] Level 1:colcon.colcon_core.environment:create_environment_scripts_only(dongbot_description)
[9.608s] Level 1:colcon.colcon_core.environment:checking '/home/vim3/myros/12-navigation/navigation_ws/install/dongbot_description' for CMake module files
[9.634s] Level 1:colcon.colcon_core.environment:checking '/home/vim3/myros/12-navigation/navigation_ws/install/dongbot_description' for CMake config files
[9.642s] Level 1:colcon.colcon_core.shell:create_environment_hook('dongbot_description', 'cmake_prefix_path')
[9.652s] INFO:colcon.colcon_core.shell:Creating environment hook '/home/vim3/myros/12-navigation/navigation_ws/install/dongbot_description/share/dongbot_description/hook/cmake_prefix_path.ps1'
[9.685s] DEBUG:colcon.colcon_core.event_handler.log_command:Invoked command in '/home/vim3/myros/12-navigation/navigation_ws/build/dongbot_description' returned '0': CMAKE_PREFIX_PATH=/opt/ros/humble /usr/bin/cmake --install /home/vim3/myros/12-navigation/navigation_ws/build/dongbot_description
[9.687s] INFO:colcon.colcon_core.shell:Creating environment descriptor '/home/vim3/myros/12-navigation/navigation_ws/install/dongbot_description/share/dongbot_description/hook/cmake_prefix_path.dsv'
[9.705s] INFO:colcon.colcon_core.shell:Creating environment hook '/home/vim3/myros/12-navigation/navigation_ws/install/dongbot_description/share/dongbot_description/hook/cmake_prefix_path.sh'
[9.723s] Level 1:colcon.colcon_core.environment:checking '/home/vim3/myros/12-navigation/navigation_ws/install/dongbot_description/bin'
[9.726s] Level 1:colcon.colcon_core.environment:checking '/home/vim3/myros/12-navigation/navigation_ws/install/dongbot_description/lib/pkgconfig/dongbot_description.pc'
[9.728s] Level 1:colcon.colcon_core.environment:checking '/home/vim3/myros/12-navigation/navigation_ws/install/dongbot_description/lib/python3.10/site-packages'
[9.742s] Level 1:colcon.colcon_core.environment:checking '/home/vim3/myros/12-navigation/navigation_ws/install/dongbot_description/bin'
[9.753s] INFO:colcon.colcon_core.shell:Creating package script '/home/vim3/myros/12-navigation/navigation_ws/install/dongbot_description/share/dongbot_description/package.ps1'
[9.771s] INFO:colcon.colcon_core.shell:Creating package descriptor '/home/vim3/myros/12-navigation/navigation_ws/install/dongbot_description/share/dongbot_description/package.dsv'
[9.779s] INFO:colcon.colcon_core.shell:Creating package script '/home/vim3/myros/12-navigation/navigation_ws/install/dongbot_description/share/dongbot_description/package.sh'
[9.785s] INFO:colcon.colcon_core.shell:Creating package script '/home/vim3/myros/12-navigation/navigation_ws/install/dongbot_description/share/dongbot_description/package.bash'
[9.797s] INFO:colcon.colcon_core.shell:Creating package script '/home/vim3/myros/12-navigation/navigation_ws/install/dongbot_description/share/dongbot_description/package.zsh'
[9.814s] Level 1:colcon.colcon_core.environment:create_file_with_runtime_dependencies(/home/vim3/myros/12-navigation/navigation_ws/install/dongbot_description/share/colcon-core/packages/dongbot_description)
[9.820s] Level 1:colcon.colcon_core.environment:create_environment_scripts_only(dongbot_description)
[9.832s] Level 1:colcon.colcon_core.environment:checking '/home/vim3/myros/12-navigation/navigation_ws/install/dongbot_description' for CMake module files
[9.855s] Level 1:colcon.colcon_core.environment:checking '/home/vim3/myros/12-navigation/navigation_ws/install/dongbot_description' for CMake config files
[9.856s] Level 1:colcon.colcon_core.shell:create_environment_hook('dongbot_description', 'cmake_prefix_path')
[9.856s] INFO:colcon.colcon_core.shell:Creating environment hook '/home/vim3/myros/12-navigation/navigation_ws/install/dongbot_description/share/dongbot_description/hook/cmake_prefix_path.ps1'
[9.871s] INFO:colcon.colcon_core.shell:Creating environment descriptor '/home/vim3/myros/12-navigation/navigation_ws/install/dongbot_description/share/dongbot_description/hook/cmake_prefix_path.dsv'
[9.881s] INFO:colcon.colcon_core.shell:Creating environment hook '/home/vim3/myros/12-navigation/navigation_ws/install/dongbot_description/share/dongbot_description/hook/cmake_prefix_path.sh'
[9.895s] Level 1:colcon.colcon_core.environment:checking '/home/vim3/myros/12-navigation/navigation_ws/install/dongbot_description/bin'
[9.896s] Level 1:colcon.colcon_core.environment:checking '/home/vim3/myros/12-navigation/navigation_ws/install/dongbot_description/lib/pkgconfig/dongbot_description.pc'
[9.897s] Level 1:colcon.colcon_core.environment:checking '/home/vim3/myros/12-navigation/navigation_ws/install/dongbot_description/lib/python3.10/site-packages'
[9.904s] Level 1:colcon.colcon_core.environment:checking '/home/vim3/myros/12-navigation/navigation_ws/install/dongbot_description/bin'
[9.914s] INFO:colcon.colcon_core.shell:Creating package script '/home/vim3/myros/12-navigation/navigation_ws/install/dongbot_description/share/dongbot_description/package.ps1'
[9.925s] INFO:colcon.colcon_core.shell:Creating package descriptor '/home/vim3/myros/12-navigation/navigation_ws/install/dongbot_description/share/dongbot_description/package.dsv'
[9.936s] INFO:colcon.colcon_core.shell:Creating package script '/home/vim3/myros/12-navigation/navigation_ws/install/dongbot_description/share/dongbot_description/package.sh'
[9.958s] INFO:colcon.colcon_core.shell:Creating package script '/home/vim3/myros/12-navigation/navigation_ws/install/dongbot_description/share/dongbot_description/package.bash'
[9.967s] INFO:colcon.colcon_core.shell:Creating package script '/home/vim3/myros/12-navigation/navigation_ws/install/dongbot_description/share/dongbot_description/package.zsh'
[9.983s] Level 1:colcon.colcon_core.environment:create_file_with_runtime_dependencies(/home/vim3/myros/12-navigation/navigation_ws/install/dongbot_description/share/colcon-core/packages/dongbot_description)
[9.984s] INFO:colcon.colcon_ros.task.ament_cmake.build:Building ROS package in '/home/vim3/myros/12-navigation/navigation_ws/src/dongbot_nav' with build type 'ament_cmake'
[9.985s] INFO:colcon.colcon_cmake.task.cmake.build:Building CMake package in '/home/vim3/myros/12-navigation/navigation_ws/src/dongbot_nav'
[9.989s] INFO:colcon.colcon_core.shell:Skip shell extension 'powershell' for command environment: Not usable outside of PowerShell
[9.990s] DEBUG:colcon.colcon_core.shell:Skip shell extension 'dsv' for command environment
[10.086s] DEBUG:colcon.colcon_core.event_handler.log_command:Invoking command in '/home/vim3/myros/12-navigation/navigation_ws/build/dongbot_nav': CMAKE_PREFIX_PATH=/opt/ros/humble /usr/bin/cmake --build /home/vim3/myros/12-navigation/navigation_ws/build/dongbot_nav -- -j2 -l2
[10.420s] DEBUG:colcon.colcon_core.event_handler.log_command:Invoked command in '/home/vim3/myros/12-navigation/navigation_ws/build/dongbot_nav' returned '0': CMAKE_PREFIX_PATH=/opt/ros/humble /usr/bin/cmake --build /home/vim3/myros/12-navigation/navigation_ws/build/dongbot_nav -- -j2 -l2
[10.430s] DEBUG:colcon.colcon_core.event_handler.log_command:Invoking command in '/home/vim3/myros/12-navigation/navigation_ws/build/dongbot_nav': CMAKE_PREFIX_PATH=/opt/ros/humble /usr/bin/cmake --install /home/vim3/myros/12-navigation/navigation_ws/build/dongbot_nav
[10.527s] Level 1:colcon.colcon_core.environment:create_environment_scripts_only(dongbot_nav)
[10.541s] Level 1:colcon.colcon_core.environment:checking '/home/vim3/myros/12-navigation/navigation_ws/install/dongbot_nav' for CMake module files
[10.539s] DEBUG:colcon.colcon_core.event_handler.log_command:Invoked command in '/home/vim3/myros/12-navigation/navigation_ws/build/dongbot_nav' returned '0': CMAKE_PREFIX_PATH=/opt/ros/humble /usr/bin/cmake --install /home/vim3/myros/12-navigation/navigation_ws/build/dongbot_nav
[10.548s] Level 1:colcon.colcon_core.environment:checking '/home/vim3/myros/12-navigation/navigation_ws/install/dongbot_nav' for CMake config files
[10.549s] Level 1:colcon.colcon_core.shell:create_environment_hook('dongbot_nav', 'cmake_prefix_path')
[10.554s] INFO:colcon.colcon_core.shell:Creating environment hook '/home/vim3/myros/12-navigation/navigation_ws/install/dongbot_nav/share/dongbot_nav/hook/cmake_prefix_path.ps1'
[10.558s] INFO:colcon.colcon_core.shell:Creating environment descriptor '/home/vim3/myros/12-navigation/navigation_ws/install/dongbot_nav/share/dongbot_nav/hook/cmake_prefix_path.dsv'
[10.563s] INFO:colcon.colcon_core.shell:Creating environment hook '/home/vim3/myros/12-navigation/navigation_ws/install/dongbot_nav/share/dongbot_nav/hook/cmake_prefix_path.sh'
[10.565s] Level 1:colcon.colcon_core.environment:checking '/home/vim3/myros/12-navigation/navigation_ws/install/dongbot_nav/bin'
[10.565s] Level 1:colcon.colcon_core.environment:checking '/home/vim3/myros/12-navigation/navigation_ws/install/dongbot_nav/lib/pkgconfig/dongbot_nav.pc'
[10.574s] Level 1:colcon.colcon_core.environment:checking '/home/vim3/myros/12-navigation/navigation_ws/install/dongbot_nav/lib/python3.10/site-packages'
[10.581s] Level 1:colcon.colcon_core.environment:checking '/home/vim3/myros/12-navigation/navigation_ws/install/dongbot_nav/bin'
[10.582s] INFO:colcon.colcon_core.shell:Creating package script '/home/vim3/myros/12-navigation/navigation_ws/install/dongbot_nav/share/dongbot_nav/package.ps1'
[10.605s] INFO:colcon.colcon_core.shell:Creating package descriptor '/home/vim3/myros/12-navigation/navigation_ws/install/dongbot_nav/share/dongbot_nav/package.dsv'
[10.614s] INFO:colcon.colcon_core.shell:Creating package script '/home/vim3/myros/12-navigation/navigation_ws/install/dongbot_nav/share/dongbot_nav/package.sh'
[10.629s] INFO:colcon.colcon_core.shell:Creating package script '/home/vim3/myros/12-navigation/navigation_ws/install/dongbot_nav/share/dongbot_nav/package.bash'
[10.648s] INFO:colcon.colcon_core.shell:Creating package script '/home/vim3/myros/12-navigation/navigation_ws/install/dongbot_nav/share/dongbot_nav/package.zsh'
[10.655s] Level 1:colcon.colcon_core.environment:create_file_with_runtime_dependencies(/home/vim3/myros/12-navigation/navigation_ws/install/dongbot_nav/share/colcon-core/packages/dongbot_nav)
[10.668s] Level 1:colcon.colcon_core.environment:create_environment_scripts_only(dongbot_nav)
[10.670s] Level 1:colcon.colcon_core.environment:checking '/home/vim3/myros/12-navigation/navigation_ws/install/dongbot_nav' for CMake module files
[10.678s] Level 1:colcon.colcon_core.environment:checking '/home/vim3/myros/12-navigation/navigation_ws/install/dongbot_nav' for CMake config files
[10.680s] Level 1:colcon.colcon_core.shell:create_environment_hook('dongbot_nav', 'cmake_prefix_path')
[10.684s] INFO:colcon.colcon_core.shell:Creating environment hook '/home/vim3/myros/12-navigation/navigation_ws/install/dongbot_nav/share/dongbot_nav/hook/cmake_prefix_path.ps1'
[10.692s] INFO:colcon.colcon_core.shell:Creating environment descriptor '/home/vim3/myros/12-navigation/navigation_ws/install/dongbot_nav/share/dongbot_nav/hook/cmake_prefix_path.dsv'
[10.703s] INFO:colcon.colcon_core.shell:Creating environment hook '/home/vim3/myros/12-navigation/navigation_ws/install/dongbot_nav/share/dongbot_nav/hook/cmake_prefix_path.sh'
[10.708s] Level 1:colcon.colcon_core.environment:checking '/home/vim3/myros/12-navigation/navigation_ws/install/dongbot_nav/bin'
[10.709s] Level 1:colcon.colcon_core.environment:checking '/home/vim3/myros/12-navigation/navigation_ws/install/dongbot_nav/lib/pkgconfig/dongbot_nav.pc'
[10.709s] Level 1:colcon.colcon_core.environment:checking '/home/vim3/myros/12-navigation/navigation_ws/install/dongbot_nav/lib/python3.10/site-packages'
[10.710s] Level 1:colcon.colcon_core.environment:checking '/home/vim3/myros/12-navigation/navigation_ws/install/dongbot_nav/bin'
[10.711s] INFO:colcon.colcon_core.shell:Creating package script '/home/vim3/myros/12-navigation/navigation_ws/install/dongbot_nav/share/dongbot_nav/package.ps1'
[10.713s] INFO:colcon.colcon_core.shell:Creating package descriptor '/home/vim3/myros/12-navigation/navigation_ws/install/dongbot_nav/share/dongbot_nav/package.dsv'
[10.715s] INFO:colcon.colcon_core.shell:Creating package script '/home/vim3/myros/12-navigation/navigation_ws/install/dongbot_nav/share/dongbot_nav/package.sh'
[10.717s] INFO:colcon.colcon_core.shell:Creating package script '/home/vim3/myros/12-navigation/navigation_ws/install/dongbot_nav/share/dongbot_nav/package.bash'
[10.719s] INFO:colcon.colcon_core.shell:Creating package script '/home/vim3/myros/12-navigation/navigation_ws/install/dongbot_nav/share/dongbot_nav/package.zsh'
[10.720s] Level 1:colcon.colcon_core.environment:create_file_with_runtime_dependencies(/home/vim3/myros/12-navigation/navigation_ws/install/dongbot_nav/share/colcon-core/packages/dongbot_nav)
[11.776s] DEBUG:colcon.colcon_core.event_handler.log_command:Invoking command in '/home/vim3/myros/12-navigation/navigation_ws/src/dongbot_application': PYTHONPATH=/home/vim3/myros/12-navigation/navigation_ws/build/dongbot_application/prefix_override:/usr/lib/python3/dist-packages/colcon_core/task/python/colcon_distutils_commands:/home/vim3/myros/12-navigation/navigation_ws/install/dongbot_application/lib/python3.10/site-packages:${PYTHONPATH} /usr/bin/python3 -W ignore:setup.py install is deprecated -W ignore:easy_install command is deprecated setup.py egg_info --egg-base ../../build/dongbot_application build --build-base /home/vim3/myros/12-navigation/navigation_ws/build/dongbot_application/build install --record /home/vim3/myros/12-navigation/navigation_ws/build/dongbot_application/install.log --single-version-externally-managed install_data
[13.421s] Level 1:colcon.colcon_core.environment:checking '/home/vim3/myros/12-navigation/navigation_ws/install/dongbot_application' for CMake module files
[13.426s] DEBUG:colcon.colcon_core.event_handler.log_command:Invoked command in '/home/vim3/myros/12-navigation/navigation_ws/src/dongbot_application' returned '0': PYTHONPATH=/home/vim3/myros/12-navigation/navigation_ws/build/dongbot_application/prefix_override:/usr/lib/python3/dist-packages/colcon_core/task/python/colcon_distutils_commands:/home/vim3/myros/12-navigation/navigation_ws/install/dongbot_application/lib/python3.10/site-packages:${PYTHONPATH} /usr/bin/python3 -W ignore:setup.py install is deprecated -W ignore:easy_install command is deprecated setup.py egg_info --egg-base ../../build/dongbot_application build --build-base /home/vim3/myros/12-navigation/navigation_ws/build/dongbot_application/build install --record /home/vim3/myros/12-navigation/navigation_ws/build/dongbot_application/install.log --single-version-externally-managed install_data
[13.434s] Level 1:colcon.colcon_core.environment:checking '/home/vim3/myros/12-navigation/navigation_ws/install/dongbot_application' for CMake config files
[13.445s] Level 1:colcon.colcon_core.environment:checking '/home/vim3/myros/12-navigation/navigation_ws/install/dongbot_application/lib'
[13.445s] Level 1:colcon.colcon_core.environment:checking '/home/vim3/myros/12-navigation/navigation_ws/install/dongbot_application/bin'
[13.445s] Level 1:colcon.colcon_core.environment:checking '/home/vim3/myros/12-navigation/navigation_ws/install/dongbot_application/lib/pkgconfig/dongbot_application.pc'
[13.446s] Level 1:colcon.colcon_core.environment:checking '/home/vim3/myros/12-navigation/navigation_ws/install/dongbot_application/lib/python3.10/site-packages'
[13.453s] Level 1:colcon.colcon_core.shell:create_environment_hook('dongbot_application', 'pythonpath')
[13.454s] INFO:colcon.colcon_core.shell:Creating environment hook '/home/vim3/myros/12-navigation/navigation_ws/install/dongbot_application/share/dongbot_application/hook/pythonpath.ps1'
[13.458s] INFO:colcon.colcon_core.shell:Creating environment descriptor '/home/vim3/myros/12-navigation/navigation_ws/install/dongbot_application/share/dongbot_application/hook/pythonpath.dsv'
[13.466s] INFO:colcon.colcon_core.shell:Creating environment hook '/home/vim3/myros/12-navigation/navigation_ws/install/dongbot_application/share/dongbot_application/hook/pythonpath.sh'
[13.473s] Level 1:colcon.colcon_core.environment:checking '/home/vim3/myros/12-navigation/navigation_ws/install/dongbot_application/bin'
[13.474s] Level 1:colcon.colcon_core.environment:create_environment_scripts_only(dongbot_application)
[13.475s] INFO:colcon.colcon_core.shell:Creating package script '/home/vim3/myros/12-navigation/navigation_ws/install/dongbot_application/share/dongbot_application/package.ps1'
[13.482s] INFO:colcon.colcon_core.shell:Creating package descriptor '/home/vim3/myros/12-navigation/navigation_ws/install/dongbot_application/share/dongbot_application/package.dsv'
[13.488s] INFO:colcon.colcon_core.shell:Creating package script '/home/vim3/myros/12-navigation/navigation_ws/install/dongbot_application/share/dongbot_application/package.sh'
[13.493s] INFO:colcon.colcon_core.shell:Creating package script '/home/vim3/myros/12-navigation/navigation_ws/install/dongbot_application/share/dongbot_application/package.bash'
[13.495s] INFO:colcon.colcon_core.shell:Creating package script '/home/vim3/myros/12-navigation/navigation_ws/install/dongbot_application/share/dongbot_application/package.zsh'
[13.500s] Level 1:colcon.colcon_core.environment:create_file_with_runtime_dependencies(/home/vim3/myros/12-navigation/navigation_ws/install/dongbot_application/share/colcon-core/packages/dongbot_application)
[13.507s] DEBUG:colcon.colcon_parallel_executor.executor.parallel:closing loop
[13.508s] DEBUG:colcon.colcon_parallel_executor.executor.parallel:loop closed
[13.508s] DEBUG:colcon.colcon_parallel_executor.executor.parallel:run_until_complete finished with '0'
[13.511s] DEBUG:colcon.colcon_core.event_reactor:joining thread
[13.551s] INFO:colcon.colcon_core.plugin_system:Skipping extension 'colcon_notification.desktop_notification.terminal_notifier': Not used on non-Darwin systems
[13.551s] INFO:colcon.colcon_core.plugin_system:Skipping extension 'colcon_notification.desktop_notification.win32': Not used on non-Windows systems
[13.552s] INFO:colcon.colcon_notification.desktop_notification:Sending desktop notification using 'notify2'
[13.712s] DEBUG:colcon.colcon_core.event_reactor:joined thread
[13.714s] INFO:colcon.colcon_core.shell:Creating prefix script '/home/vim3/myros/12-navigation/navigation_ws/install/local_setup.ps1'
[13.723s] INFO:colcon.colcon_core.shell:Creating prefix util module '/home/vim3/myros/12-navigation/navigation_ws/install/_local_setup_util_ps1.py'
[13.734s] INFO:colcon.colcon_core.shell:Creating prefix chain script '/home/vim3/myros/12-navigation/navigation_ws/install/setup.ps1'
[13.742s] INFO:colcon.colcon_core.shell:Creating prefix script '/home/vim3/myros/12-navigation/navigation_ws/install/local_setup.sh'
[13.745s] INFO:colcon.colcon_core.shell:Creating prefix util module '/home/vim3/myros/12-navigation/navigation_ws/install/_local_setup_util_sh.py'
[13.751s] INFO:colcon.colcon_core.shell:Creating prefix chain script '/home/vim3/myros/12-navigation/navigation_ws/install/setup.sh'
[13.760s] INFO:colcon.colcon_core.shell:Creating prefix script '/home/vim3/myros/12-navigation/navigation_ws/install/local_setup.bash'
[13.768s] INFO:colcon.colcon_core.shell:Creating prefix chain script '/home/vim3/myros/12-navigation/navigation_ws/install/setup.bash'
[13.777s] INFO:colcon.colcon_core.shell:Creating prefix script '/home/vim3/myros/12-navigation/navigation_ws/install/local_setup.zsh'
[13.780s] INFO:colcon.colcon_core.shell:Creating prefix chain script '/home/vim3/myros/12-navigation/navigation_ws/install/setup.zsh'
