[1.418s] DEBUG:colcon:Command line arguments: ['/usr/bin/colcon', 'build']
[1.418s] DEBUG:colcon:Parsed command line arguments: Namespace(log_base=None, log_level=None, verb_name='build', build_base='build', install_base='install', merge_install=False, symlink_install=False, test_result_base=None, continue_on_error=False, executor='parallel', parallel_workers=2, event_handlers=None, ignore_user_meta=False, metas=['./colcon.meta'], base_paths=['.'], packages_ignore=None, packages_ignore_regex=None, paths=None, packages_up_to=None, packages_up_to_regex=None, packages_above=None, packages_above_and_dependencies=None, packages_above_depth=None, packages_select_by_dep=None, packages_skip_by_dep=None, packages_skip_up_to=None, packages_select_build_failed=False, packages_skip_build_finished=False, packages_select_test_failures=False, packages_skip_test_passed=False, packages_select=None, packages_skip=None, packages_select_regex=None, packages_skip_regex=None, packages_start=None, packages_end=None, allow_overriding=[], cmake_args=None, cmake_target=None, cmake_target_skip_unavailable=False, cmake_clean_cache=False, cmake_clean_first=False, cmake_force_configure=False, ament_cmake_args=None, catkin_cmake_args=None, catkin_skip_building_tests=False, verb_parser=<colcon_defaults.argument_parser.defaults.DefaultArgumentsDecorator object at 0x714032733e50>, verb_extension=<colcon_core.verb.build.BuildVerb object at 0x714032733520>, main=<bound method BuildVerb.main of <colcon_core.verb.build.BuildVerb object at 0x714032733520>>)
[2.499s] Level 1:colcon.colcon_core.package_discovery:discover_packages(colcon_meta) check parameters
[2.499s] Level 1:colcon.colcon_core.package_discovery:discover_packages(recursive) check parameters
[2.500s] Level 1:colcon.colcon_core.package_discovery:discover_packages(ignore) check parameters
[2.500s] Level 1:colcon.colcon_core.package_discovery:discover_packages(path) check parameters
[2.500s] Level 1:colcon.colcon_core.package_discovery:discover_packages(colcon_meta) discover
[2.500s] Level 1:colcon.colcon_core.package_discovery:discover_packages(recursive) discover
[2.500s] INFO:colcon.colcon_core.package_discovery:Crawling recursively for packages in '/home/vim3/myros/12-navigation/navigation_ws'
[2.500s] Level 1:colcon.colcon_core.package_identification:_identify(.) by extensions ['ignore', 'ignore_ament_install']
[2.500s] Level 1:colcon.colcon_core.package_identification:_identify(.) by extension 'ignore'
[2.500s] Level 1:colcon.colcon_core.package_identification:_identify(.) by extension 'ignore_ament_install'
[2.500s] Level 1:colcon.colcon_core.package_identification:_identify(.) by extensions ['colcon_pkg']
[2.500s] Level 1:colcon.colcon_core.package_identification:_identify(.) by extension 'colcon_pkg'
[2.500s] Level 1:colcon.colcon_core.package_identification:_identify(.) by extensions ['colcon_meta']
[2.500s] Level 1:colcon.colcon_core.package_identification:_identify(.) by extension 'colcon_meta'
[2.500s] Level 1:colcon.colcon_core.package_identification:_identify(.) by extensions ['ros']
[2.500s] Level 1:colcon.colcon_core.package_identification:_identify(.) by extension 'ros'
[2.541s] Level 1:colcon.colcon_core.package_identification:_identify(.) by extensions ['cmake', 'python']
[2.541s] Level 1:colcon.colcon_core.package_identification:_identify(.) by extension 'cmake'
[2.542s] Level 1:colcon.colcon_core.package_identification:_identify(.) by extension 'python'
[2.542s] Level 1:colcon.colcon_core.package_identification:_identify(.) by extensions ['python_setup_py']
[2.543s] Level 1:colcon.colcon_core.package_identification:_identify(.) by extension 'python_setup_py'
[2.543s] Level 1:colcon.colcon_core.package_identification:_identify(build) by extensions ['ignore', 'ignore_ament_install']
[2.544s] Level 1:colcon.colcon_core.package_identification:_identify(build) by extension 'ignore'
[2.544s] Level 1:colcon.colcon_core.package_identification:_identify(build) ignored
[2.545s] Level 1:colcon.colcon_core.package_identification:_identify(install) by extensions ['ignore', 'ignore_ament_install']
[2.546s] Level 1:colcon.colcon_core.package_identification:_identify(install) by extension 'ignore'
[2.546s] Level 1:colcon.colcon_core.package_identification:_identify(install) ignored
[2.546s] Level 1:colcon.colcon_core.package_identification:_identify(log) by extensions ['ignore', 'ignore_ament_install']
[2.547s] Level 1:colcon.colcon_core.package_identification:_identify(log) by extension 'ignore'
[2.547s] Level 1:colcon.colcon_core.package_identification:_identify(log) ignored
[2.548s] Level 1:colcon.colcon_core.package_identification:_identify(src) by extensions ['ignore', 'ignore_ament_install']
[2.548s] Level 1:colcon.colcon_core.package_identification:_identify(src) by extension 'ignore'
[2.548s] Level 1:colcon.colcon_core.package_identification:_identify(src) by extension 'ignore_ament_install'
[2.548s] Level 1:colcon.colcon_core.package_identification:_identify(src) by extensions ['colcon_pkg']
[2.548s] Level 1:colcon.colcon_core.package_identification:_identify(src) by extension 'colcon_pkg'
[2.548s] Level 1:colcon.colcon_core.package_identification:_identify(src) by extensions ['colcon_meta']
[2.548s] Level 1:colcon.colcon_core.package_identification:_identify(src) by extension 'colcon_meta'
[2.548s] Level 1:colcon.colcon_core.package_identification:_identify(src) by extensions ['ros']
[2.548s] Level 1:colcon.colcon_core.package_identification:_identify(src) by extension 'ros'
[2.549s] Level 1:colcon.colcon_core.package_identification:_identify(src) by extensions ['cmake', 'python']
[2.549s] Level 1:colcon.colcon_core.package_identification:_identify(src) by extension 'cmake'
[2.549s] Level 1:colcon.colcon_core.package_identification:_identify(src) by extension 'python'
[2.549s] Level 1:colcon.colcon_core.package_identification:_identify(src) by extensions ['python_setup_py']
[2.549s] Level 1:colcon.colcon_core.package_identification:_identify(src) by extension 'python_setup_py'
[2.549s] Level 1:colcon.colcon_core.package_identification:_identify(src/autopartol_robot) by extensions ['ignore', 'ignore_ament_install']
[2.550s] Level 1:colcon.colcon_core.package_identification:_identify(src/autopartol_robot) by extension 'ignore'
[2.550s] Level 1:colcon.colcon_core.package_identification:_identify(src/autopartol_robot) by extension 'ignore_ament_install'
[2.550s] Level 1:colcon.colcon_core.package_identification:_identify(src/autopartol_robot) by extensions ['colcon_pkg']
[2.550s] Level 1:colcon.colcon_core.package_identification:_identify(src/autopartol_robot) by extension 'colcon_pkg'
[2.551s] Level 1:colcon.colcon_core.package_identification:_identify(src/autopartol_robot) by extensions ['colcon_meta']
[2.551s] Level 1:colcon.colcon_core.package_identification:_identify(src/autopartol_robot) by extension 'colcon_meta'
[2.551s] Level 1:colcon.colcon_core.package_identification:_identify(src/autopartol_robot) by extensions ['ros']
[2.551s] Level 1:colcon.colcon_core.package_identification:_identify(src/autopartol_robot) by extension 'ros'
[2.575s] DEBUG:colcon.colcon_core.package_identification:Package 'src/autopartol_robot' with type 'ros.ament_python' and name 'autopartol_robot'
[2.575s] Level 1:colcon.colcon_core.package_identification:_identify(src/dongbot_application) by extensions ['ignore', 'ignore_ament_install']
[2.575s] Level 1:colcon.colcon_core.package_identification:_identify(src/dongbot_application) by extension 'ignore'
[2.576s] Level 1:colcon.colcon_core.package_identification:_identify(src/dongbot_application) by extension 'ignore_ament_install'
[2.576s] Level 1:colcon.colcon_core.package_identification:_identify(src/dongbot_application) by extensions ['colcon_pkg']
[2.576s] Level 1:colcon.colcon_core.package_identification:_identify(src/dongbot_application) by extension 'colcon_pkg'
[2.576s] Level 1:colcon.colcon_core.package_identification:_identify(src/dongbot_application) by extensions ['colcon_meta']
[2.576s] Level 1:colcon.colcon_core.package_identification:_identify(src/dongbot_application) by extension 'colcon_meta'
[2.576s] Level 1:colcon.colcon_core.package_identification:_identify(src/dongbot_application) by extensions ['ros']
[2.576s] Level 1:colcon.colcon_core.package_identification:_identify(src/dongbot_application) by extension 'ros'
[2.580s] DEBUG:colcon.colcon_core.package_identification:Package 'src/dongbot_application' with type 'ros.ament_python' and name 'dongbot_application'
[2.581s] Level 1:colcon.colcon_core.package_identification:_identify(src/dongbot_description) by extensions ['ignore', 'ignore_ament_install']
[2.582s] Level 1:colcon.colcon_core.package_identification:_identify(src/dongbot_description) by extension 'ignore'
[2.582s] Level 1:colcon.colcon_core.package_identification:_identify(src/dongbot_description) by extension 'ignore_ament_install'
[2.583s] Level 1:colcon.colcon_core.package_identification:_identify(src/dongbot_description) by extensions ['colcon_pkg']
[2.583s] Level 1:colcon.colcon_core.package_identification:_identify(src/dongbot_description) by extension 'colcon_pkg'
[2.584s] Level 1:colcon.colcon_core.package_identification:_identify(src/dongbot_description) by extensions ['colcon_meta']
[2.584s] Level 1:colcon.colcon_core.package_identification:_identify(src/dongbot_description) by extension 'colcon_meta'
[2.584s] Level 1:colcon.colcon_core.package_identification:_identify(src/dongbot_description) by extensions ['ros']
[2.584s] Level 1:colcon.colcon_core.package_identification:_identify(src/dongbot_description) by extension 'ros'
[2.590s] DEBUG:colcon.colcon_core.package_identification:Package 'src/dongbot_description' with type 'ros.ament_cmake' and name 'dongbot_description'
[2.591s] Level 1:colcon.colcon_core.package_identification:_identify(src/dongbot_nav) by extensions ['ignore', 'ignore_ament_install']
[2.591s] Level 1:colcon.colcon_core.package_identification:_identify(src/dongbot_nav) by extension 'ignore'
[2.591s] Level 1:colcon.colcon_core.package_identification:_identify(src/dongbot_nav) by extension 'ignore_ament_install'
[2.591s] Level 1:colcon.colcon_core.package_identification:_identify(src/dongbot_nav) by extensions ['colcon_pkg']
[2.591s] Level 1:colcon.colcon_core.package_identification:_identify(src/dongbot_nav) by extension 'colcon_pkg'
[2.591s] Level 1:colcon.colcon_core.package_identification:_identify(src/dongbot_nav) by extensions ['colcon_meta']
[2.592s] Level 1:colcon.colcon_core.package_identification:_identify(src/dongbot_nav) by extension 'colcon_meta'
[2.592s] Level 1:colcon.colcon_core.package_identification:_identify(src/dongbot_nav) by extensions ['ros']
[2.592s] Level 1:colcon.colcon_core.package_identification:_identify(src/dongbot_nav) by extension 'ros'
[2.595s] DEBUG:colcon.colcon_core.package_identification:Package 'src/dongbot_nav' with type 'ros.ament_cmake' and name 'dongbot_nav'
[2.595s] Level 1:colcon.colcon_core.package_discovery:discover_packages(recursive) using defaults
[2.595s] Level 1:colcon.colcon_core.package_discovery:discover_packages(ignore) discover
[2.596s] Level 1:colcon.colcon_core.package_discovery:discover_packages(ignore) using defaults
[2.596s] Level 1:colcon.colcon_core.package_discovery:discover_packages(path) discover
[2.597s] Level 1:colcon.colcon_core.package_discovery:discover_packages(path) using defaults
[2.740s] Level 1:colcon.colcon_core.package_discovery:discover_packages(prefix_path) check parameters
[2.741s] Level 1:colcon.colcon_core.package_discovery:discover_packages(prefix_path) discover
[2.757s] DEBUG:colcon.colcon_installed_package_information.package_discovery:Found 4 installed packages in /home/vim3/myros/12-navigation/navigation_ws/install
[2.778s] DEBUG:colcon.colcon_installed_package_information.package_discovery:Found 371 installed packages in /opt/ros/humble
[2.784s] Level 1:colcon.colcon_core.package_discovery:discover_packages(prefix_path) using defaults
[3.511s] Level 5:colcon.colcon_core.verb:set package 'autopartol_robot' build argument 'cmake_args' from command line to 'None'
[3.512s] Level 5:colcon.colcon_core.verb:set package 'autopartol_robot' build argument 'cmake_target' from command line to 'None'
[3.512s] Level 5:colcon.colcon_core.verb:set package 'autopartol_robot' build argument 'cmake_target_skip_unavailable' from command line to 'False'
[3.512s] Level 5:colcon.colcon_core.verb:set package 'autopartol_robot' build argument 'cmake_clean_cache' from command line to 'False'
[3.512s] Level 5:colcon.colcon_core.verb:set package 'autopartol_robot' build argument 'cmake_clean_first' from command line to 'False'
[3.512s] Level 5:colcon.colcon_core.verb:set package 'autopartol_robot' build argument 'cmake_force_configure' from command line to 'False'
[3.512s] Level 5:colcon.colcon_core.verb:set package 'autopartol_robot' build argument 'ament_cmake_args' from command line to 'None'
[3.512s] Level 5:colcon.colcon_core.verb:set package 'autopartol_robot' build argument 'catkin_cmake_args' from command line to 'None'
[3.512s] Level 5:colcon.colcon_core.verb:set package 'autopartol_robot' build argument 'catkin_skip_building_tests' from command line to 'False'
[3.513s] DEBUG:colcon.colcon_core.verb:Building package 'autopartol_robot' with the following arguments: {'ament_cmake_args': None, 'build_base': '/home/vim3/myros/12-navigation/navigation_ws/build/autopartol_robot', 'catkin_cmake_args': None, 'catkin_skip_building_tests': False, 'cmake_args': None, 'cmake_clean_cache': False, 'cmake_clean_first': False, 'cmake_force_configure': False, 'cmake_target': None, 'cmake_target_skip_unavailable': False, 'install_base': '/home/vim3/myros/12-navigation/navigation_ws/install/autopartol_robot', 'merge_install': False, 'path': '/home/vim3/myros/12-navigation/navigation_ws/src/autopartol_robot', 'symlink_install': False, 'test_result_base': None}
[3.514s] Level 5:colcon.colcon_core.verb:set package 'dongbot_application' build argument 'cmake_args' from command line to 'None'
[3.515s] Level 5:colcon.colcon_core.verb:set package 'dongbot_application' build argument 'cmake_target' from command line to 'None'
[3.515s] Level 5:colcon.colcon_core.verb:set package 'dongbot_application' build argument 'cmake_target_skip_unavailable' from command line to 'False'
[3.515s] Level 5:colcon.colcon_core.verb:set package 'dongbot_application' build argument 'cmake_clean_cache' from command line to 'False'
[3.515s] Level 5:colcon.colcon_core.verb:set package 'dongbot_application' build argument 'cmake_clean_first' from command line to 'False'
[3.515s] Level 5:colcon.colcon_core.verb:set package 'dongbot_application' build argument 'cmake_force_configure' from command line to 'False'
[3.515s] Level 5:colcon.colcon_core.verb:set package 'dongbot_application' build argument 'ament_cmake_args' from command line to 'None'
[3.515s] Level 5:colcon.colcon_core.verb:set package 'dongbot_application' build argument 'catkin_cmake_args' from command line to 'None'
[3.516s] Level 5:colcon.colcon_core.verb:set package 'dongbot_application' build argument 'catkin_skip_building_tests' from command line to 'False'
[3.516s] DEBUG:colcon.colcon_core.verb:Building package 'dongbot_application' with the following arguments: {'ament_cmake_args': None, 'build_base': '/home/vim3/myros/12-navigation/navigation_ws/build/dongbot_application', 'catkin_cmake_args': None, 'catkin_skip_building_tests': False, 'cmake_args': None, 'cmake_clean_cache': False, 'cmake_clean_first': False, 'cmake_force_configure': False, 'cmake_target': None, 'cmake_target_skip_unavailable': False, 'install_base': '/home/vim3/myros/12-navigation/navigation_ws/install/dongbot_application', 'merge_install': False, 'path': '/home/vim3/myros/12-navigation/navigation_ws/src/dongbot_application', 'symlink_install': False, 'test_result_base': None}
[3.517s] Level 5:colcon.colcon_core.verb:set package 'dongbot_description' build argument 'cmake_args' from command line to 'None'
[3.517s] Level 5:colcon.colcon_core.verb:set package 'dongbot_description' build argument 'cmake_target' from command line to 'None'
[3.517s] Level 5:colcon.colcon_core.verb:set package 'dongbot_description' build argument 'cmake_target_skip_unavailable' from command line to 'False'
[3.517s] Level 5:colcon.colcon_core.verb:set package 'dongbot_description' build argument 'cmake_clean_cache' from command line to 'False'
[3.518s] Level 5:colcon.colcon_core.verb:set package 'dongbot_description' build argument 'cmake_clean_first' from command line to 'False'
[3.518s] Level 5:colcon.colcon_core.verb:set package 'dongbot_description' build argument 'cmake_force_configure' from command line to 'False'
[3.518s] Level 5:colcon.colcon_core.verb:set package 'dongbot_description' build argument 'ament_cmake_args' from command line to 'None'
[3.518s] Level 5:colcon.colcon_core.verb:set package 'dongbot_description' build argument 'catkin_cmake_args' from command line to 'None'
[3.518s] Level 5:colcon.colcon_core.verb:set package 'dongbot_description' build argument 'catkin_skip_building_tests' from command line to 'False'
[3.518s] DEBUG:colcon.colcon_core.verb:Building package 'dongbot_description' with the following arguments: {'ament_cmake_args': None, 'build_base': '/home/vim3/myros/12-navigation/navigation_ws/build/dongbot_description', 'catkin_cmake_args': None, 'catkin_skip_building_tests': False, 'cmake_args': None, 'cmake_clean_cache': False, 'cmake_clean_first': False, 'cmake_force_configure': False, 'cmake_target': None, 'cmake_target_skip_unavailable': False, 'install_base': '/home/vim3/myros/12-navigation/navigation_ws/install/dongbot_description', 'merge_install': False, 'path': '/home/vim3/myros/12-navigation/navigation_ws/src/dongbot_description', 'symlink_install': False, 'test_result_base': None}
[3.519s] Level 5:colcon.colcon_core.verb:set package 'dongbot_nav' build argument 'cmake_args' from command line to 'None'
[3.519s] Level 5:colcon.colcon_core.verb:set package 'dongbot_nav' build argument 'cmake_target' from command line to 'None'
[3.519s] Level 5:colcon.colcon_core.verb:set package 'dongbot_nav' build argument 'cmake_target_skip_unavailable' from command line to 'False'
[3.519s] Level 5:colcon.colcon_core.verb:set package 'dongbot_nav' build argument 'cmake_clean_cache' from command line to 'False'
[3.519s] Level 5:colcon.colcon_core.verb:set package 'dongbot_nav' build argument 'cmake_clean_first' from command line to 'False'
[3.519s] Level 5:colcon.colcon_core.verb:set package 'dongbot_nav' build argument 'cmake_force_configure' from command line to 'False'
[3.519s] Level 5:colcon.colcon_core.verb:set package 'dongbot_nav' build argument 'ament_cmake_args' from command line to 'None'
[3.519s] Level 5:colcon.colcon_core.verb:set package 'dongbot_nav' build argument 'catkin_cmake_args' from command line to 'None'
[3.519s] Level 5:colcon.colcon_core.verb:set package 'dongbot_nav' build argument 'catkin_skip_building_tests' from command line to 'False'
[3.519s] DEBUG:colcon.colcon_core.verb:Building package 'dongbot_nav' with the following arguments: {'ament_cmake_args': None, 'build_base': '/home/vim3/myros/12-navigation/navigation_ws/build/dongbot_nav', 'catkin_cmake_args': None, 'catkin_skip_building_tests': False, 'cmake_args': None, 'cmake_clean_cache': False, 'cmake_clean_first': False, 'cmake_force_configure': False, 'cmake_target': None, 'cmake_target_skip_unavailable': False, 'install_base': '/home/vim3/myros/12-navigation/navigation_ws/install/dongbot_nav', 'merge_install': False, 'path': '/home/vim3/myros/12-navigation/navigation_ws/src/dongbot_nav', 'symlink_install': False, 'test_result_base': None}
[3.523s] INFO:colcon.colcon_core.executor:Executing jobs using 'parallel' executor
[3.530s] DEBUG:colcon.colcon_parallel_executor.executor.parallel:run_until_complete
[3.531s] INFO:colcon.colcon_ros.task.ament_python.build:Building ROS package in '/home/vim3/myros/12-navigation/navigation_ws/src/autopartol_robot' with build type 'ament_python'
[3.531s] Level 1:colcon.colcon_core.shell:create_environment_hook('autopartol_robot', 'ament_prefix_path')
[3.566s] INFO:colcon.colcon_core.plugin_system:Skipping extension 'colcon_core.shell.bat': Not used on non-Windows systems
[3.566s] INFO:colcon.colcon_core.shell:Creating environment hook '/home/vim3/myros/12-navigation/navigation_ws/install/autopartol_robot/share/autopartol_robot/hook/ament_prefix_path.ps1'
[3.571s] INFO:colcon.colcon_core.shell:Creating environment descriptor '/home/vim3/myros/12-navigation/navigation_ws/install/autopartol_robot/share/autopartol_robot/hook/ament_prefix_path.dsv'
[3.575s] INFO:colcon.colcon_core.shell:Creating environment hook '/home/vim3/myros/12-navigation/navigation_ws/install/autopartol_robot/share/autopartol_robot/hook/ament_prefix_path.sh'
[3.578s] INFO:colcon.colcon_core.shell:Skip shell extension 'powershell' for command environment: Not usable outside of PowerShell
[3.578s] DEBUG:colcon.colcon_core.shell:Skip shell extension 'dsv' for command environment
[3.591s] INFO:colcon.colcon_ros.task.ament_python.build:Building ROS package in '/home/vim3/myros/12-navigation/navigation_ws/src/dongbot_application' with build type 'ament_python'
[3.592s] Level 1:colcon.colcon_core.shell:create_environment_hook('dongbot_application', 'ament_prefix_path')
[3.592s] INFO:colcon.colcon_core.shell:Creating environment hook '/home/vim3/myros/12-navigation/navigation_ws/install/dongbot_application/share/dongbot_application/hook/ament_prefix_path.ps1'
[3.597s] INFO:colcon.colcon_core.shell:Creating environment descriptor '/home/vim3/myros/12-navigation/navigation_ws/install/dongbot_application/share/dongbot_application/hook/ament_prefix_path.dsv'
[3.600s] INFO:colcon.colcon_core.shell:Creating environment hook '/home/vim3/myros/12-navigation/navigation_ws/install/dongbot_application/share/dongbot_application/hook/ament_prefix_path.sh'
[3.607s] INFO:colcon.colcon_core.shell:Skip shell extension 'powershell' for command environment: Not usable outside of PowerShell
[3.607s] DEBUG:colcon.colcon_core.shell:Skip shell extension 'dsv' for command environment
[4.486s] INFO:colcon.colcon_core.task.python.build:Building Python package in '/home/vim3/myros/12-navigation/navigation_ws/src/autopartol_robot'
[4.487s] INFO:colcon.colcon_core.shell:Skip shell extension 'powershell' for command environment: Not usable outside of PowerShell
[4.487s] DEBUG:colcon.colcon_core.shell:Skip shell extension 'dsv' for command environment
[5.331s] INFO:colcon.colcon_core.task.python.build:Building Python package in '/home/vim3/myros/12-navigation/navigation_ws/src/dongbot_application'
[5.331s] INFO:colcon.colcon_core.shell:Skip shell extension 'powershell' for command environment: Not usable outside of PowerShell
[5.331s] DEBUG:colcon.colcon_core.shell:Skip shell extension 'dsv' for command environment
[6.624s] DEBUG:colcon.colcon_core.event_handler.log_command:Invoking command in '/home/vim3/myros/12-navigation/navigation_ws/src/dongbot_application': PYTHONPATH=/home/vim3/myros/12-navigation/navigation_ws/build/dongbot_application/prefix_override:/usr/lib/python3/dist-packages/colcon_core/task/python/colcon_distutils_commands:/home/vim3/myros/12-navigation/navigation_ws/install/dongbot_application/lib/python3.10/site-packages:${PYTHONPATH} /usr/bin/python3 -W ignore:setup.py install is deprecated -W ignore:easy_install command is deprecated setup.py egg_info --egg-base ../../build/dongbot_application build --build-base /home/vim3/myros/12-navigation/navigation_ws/build/dongbot_application/build install --record /home/vim3/myros/12-navigation/navigation_ws/build/dongbot_application/install.log --single-version-externally-managed install_data
[6.653s] DEBUG:colcon.colcon_core.event_handler.log_command:Invoking command in '/home/vim3/myros/12-navigation/navigation_ws/src/autopartol_robot': PYTHONPATH=/home/vim3/myros/12-navigation/navigation_ws/build/autopartol_robot/prefix_override:/usr/lib/python3/dist-packages/colcon_core/task/python/colcon_distutils_commands:/home/vim3/myros/12-navigation/navigation_ws/install/autopartol_robot/lib/python3.10/site-packages:${PYTHONPATH} /usr/bin/python3 -W ignore:setup.py install is deprecated -W ignore:easy_install command is deprecated setup.py egg_info --egg-base ../../build/autopartol_robot build --build-base /home/vim3/myros/12-navigation/navigation_ws/build/autopartol_robot/build install --record /home/vim3/myros/12-navigation/navigation_ws/build/autopartol_robot/install.log --single-version-externally-managed install_data
[7.961s] DEBUG:colcon.colcon_core.event_handler.log_command:Invoked command in '/home/vim3/myros/12-navigation/navigation_ws/src/dongbot_application' returned '0': PYTHONPATH=/home/vim3/myros/12-navigation/navigation_ws/build/dongbot_application/prefix_override:/usr/lib/python3/dist-packages/colcon_core/task/python/colcon_distutils_commands:/home/vim3/myros/12-navigation/navigation_ws/install/dongbot_application/lib/python3.10/site-packages:${PYTHONPATH} /usr/bin/python3 -W ignore:setup.py install is deprecated -W ignore:easy_install command is deprecated setup.py egg_info --egg-base ../../build/dongbot_application build --build-base /home/vim3/myros/12-navigation/navigation_ws/build/dongbot_application/build install --record /home/vim3/myros/12-navigation/navigation_ws/build/dongbot_application/install.log --single-version-externally-managed install_data
[8.009s] Level 1:colcon.colcon_core.environment:checking '/home/vim3/myros/12-navigation/navigation_ws/install/dongbot_application' for CMake module files
[8.011s] Level 1:colcon.colcon_core.environment:checking '/home/vim3/myros/12-navigation/navigation_ws/install/dongbot_application' for CMake config files
[8.015s] Level 1:colcon.colcon_core.environment:checking '/home/vim3/myros/12-navigation/navigation_ws/install/dongbot_application/lib'
[8.016s] Level 1:colcon.colcon_core.environment:checking '/home/vim3/myros/12-navigation/navigation_ws/install/dongbot_application/bin'
[8.016s] Level 1:colcon.colcon_core.environment:checking '/home/vim3/myros/12-navigation/navigation_ws/install/dongbot_application/lib/pkgconfig/dongbot_application.pc'
[8.020s] Level 1:colcon.colcon_core.environment:checking '/home/vim3/myros/12-navigation/navigation_ws/install/dongbot_application/lib/python3.10/site-packages'
[8.020s] Level 1:colcon.colcon_core.shell:create_environment_hook('dongbot_application', 'pythonpath')
[8.020s] INFO:colcon.colcon_core.shell:Creating environment hook '/home/vim3/myros/12-navigation/navigation_ws/install/dongbot_application/share/dongbot_application/hook/pythonpath.ps1'
[8.022s] INFO:colcon.colcon_core.shell:Creating environment descriptor '/home/vim3/myros/12-navigation/navigation_ws/install/dongbot_application/share/dongbot_application/hook/pythonpath.dsv'
[8.023s] INFO:colcon.colcon_core.shell:Creating environment hook '/home/vim3/myros/12-navigation/navigation_ws/install/dongbot_application/share/dongbot_application/hook/pythonpath.sh'
[8.026s] Level 1:colcon.colcon_core.environment:checking '/home/vim3/myros/12-navigation/navigation_ws/install/dongbot_application/bin'
[8.026s] Level 1:colcon.colcon_core.environment:create_environment_scripts_only(dongbot_application)
[8.026s] INFO:colcon.colcon_core.shell:Creating package script '/home/vim3/myros/12-navigation/navigation_ws/install/dongbot_application/share/dongbot_application/package.ps1'
[8.031s] INFO:colcon.colcon_core.shell:Creating package descriptor '/home/vim3/myros/12-navigation/navigation_ws/install/dongbot_application/share/dongbot_application/package.dsv'
[8.051s] INFO:colcon.colcon_core.shell:Creating package script '/home/vim3/myros/12-navigation/navigation_ws/install/dongbot_application/share/dongbot_application/package.sh'
[8.056s] INFO:colcon.colcon_core.shell:Creating package script '/home/vim3/myros/12-navigation/navigation_ws/install/dongbot_application/share/dongbot_application/package.bash'
[8.063s] INFO:colcon.colcon_core.shell:Creating package script '/home/vim3/myros/12-navigation/navigation_ws/install/dongbot_application/share/dongbot_application/package.zsh'
[8.072s] Level 1:colcon.colcon_core.environment:create_file_with_runtime_dependencies(/home/vim3/myros/12-navigation/navigation_ws/install/dongbot_application/share/colcon-core/packages/dongbot_application)
[8.074s] INFO:colcon.colcon_ros.task.ament_cmake.build:Building ROS package in '/home/vim3/myros/12-navigation/navigation_ws/src/dongbot_description' with build type 'ament_cmake'
[8.074s] INFO:colcon.colcon_cmake.task.cmake.build:Building CMake package in '/home/vim3/myros/12-navigation/navigation_ws/src/dongbot_description'
[8.082s] INFO:colcon.colcon_core.shell:Skip shell extension 'powershell' for command environment: Not usable outside of PowerShell
[8.082s] DEBUG:colcon.colcon_core.shell:Skip shell extension 'dsv' for command environment
[8.101s] Level 1:colcon.colcon_core.environment:checking '/home/vim3/myros/12-navigation/navigation_ws/install/autopartol_robot' for CMake module files
[8.102s] DEBUG:colcon.colcon_core.event_handler.log_command:Invoked command in '/home/vim3/myros/12-navigation/navigation_ws/src/autopartol_robot' returned '0': PYTHONPATH=/home/vim3/myros/12-navigation/navigation_ws/build/autopartol_robot/prefix_override:/usr/lib/python3/dist-packages/colcon_core/task/python/colcon_distutils_commands:/home/vim3/myros/12-navigation/navigation_ws/install/autopartol_robot/lib/python3.10/site-packages:${PYTHONPATH} /usr/bin/python3 -W ignore:setup.py install is deprecated -W ignore:easy_install command is deprecated setup.py egg_info --egg-base ../../build/autopartol_robot build --build-base /home/vim3/myros/12-navigation/navigation_ws/build/autopartol_robot/build install --record /home/vim3/myros/12-navigation/navigation_ws/build/autopartol_robot/install.log --single-version-externally-managed install_data
[8.106s] Level 1:colcon.colcon_core.environment:checking '/home/vim3/myros/12-navigation/navigation_ws/install/autopartol_robot' for CMake config files
[8.109s] Level 1:colcon.colcon_core.environment:checking '/home/vim3/myros/12-navigation/navigation_ws/install/autopartol_robot/lib'
[8.109s] Level 1:colcon.colcon_core.environment:checking '/home/vim3/myros/12-navigation/navigation_ws/install/autopartol_robot/bin'
[8.110s] Level 1:colcon.colcon_core.environment:checking '/home/vim3/myros/12-navigation/navigation_ws/install/autopartol_robot/lib/pkgconfig/autopartol_robot.pc'
[8.110s] Level 1:colcon.colcon_core.environment:checking '/home/vim3/myros/12-navigation/navigation_ws/install/autopartol_robot/lib/python3.10/site-packages'
[8.110s] Level 1:colcon.colcon_core.shell:create_environment_hook('autopartol_robot', 'pythonpath')
[8.111s] INFO:colcon.colcon_core.shell:Creating environment hook '/home/vim3/myros/12-navigation/navigation_ws/install/autopartol_robot/share/autopartol_robot/hook/pythonpath.ps1'
[8.113s] INFO:colcon.colcon_core.shell:Creating environment descriptor '/home/vim3/myros/12-navigation/navigation_ws/install/autopartol_robot/share/autopartol_robot/hook/pythonpath.dsv'
[8.117s] INFO:colcon.colcon_core.shell:Creating environment hook '/home/vim3/myros/12-navigation/navigation_ws/install/autopartol_robot/share/autopartol_robot/hook/pythonpath.sh'
[8.119s] Level 1:colcon.colcon_core.environment:checking '/home/vim3/myros/12-navigation/navigation_ws/install/autopartol_robot/bin'
[8.119s] Level 1:colcon.colcon_core.environment:create_environment_scripts_only(autopartol_robot)
[8.122s] INFO:colcon.colcon_core.shell:Creating package script '/home/vim3/myros/12-navigation/navigation_ws/install/autopartol_robot/share/autopartol_robot/package.ps1'
[8.125s] INFO:colcon.colcon_core.shell:Creating package descriptor '/home/vim3/myros/12-navigation/navigation_ws/install/autopartol_robot/share/autopartol_robot/package.dsv'
[8.127s] INFO:colcon.colcon_core.shell:Creating package script '/home/vim3/myros/12-navigation/navigation_ws/install/autopartol_robot/share/autopartol_robot/package.sh'
[8.130s] INFO:colcon.colcon_core.shell:Creating package script '/home/vim3/myros/12-navigation/navigation_ws/install/autopartol_robot/share/autopartol_robot/package.bash'
[8.131s] INFO:colcon.colcon_core.shell:Creating package script '/home/vim3/myros/12-navigation/navigation_ws/install/autopartol_robot/share/autopartol_robot/package.zsh'
[8.134s] Level 1:colcon.colcon_core.environment:create_file_with_runtime_dependencies(/home/vim3/myros/12-navigation/navigation_ws/install/autopartol_robot/share/colcon-core/packages/autopartol_robot)
[8.138s] INFO:colcon.colcon_ros.task.ament_cmake.build:Building ROS package in '/home/vim3/myros/12-navigation/navigation_ws/src/dongbot_nav' with build type 'ament_cmake'
[8.138s] INFO:colcon.colcon_cmake.task.cmake.build:Building CMake package in '/home/vim3/myros/12-navigation/navigation_ws/src/dongbot_nav'
[8.139s] INFO:colcon.colcon_core.shell:Skip shell extension 'powershell' for command environment: Not usable outside of PowerShell
[8.140s] DEBUG:colcon.colcon_core.shell:Skip shell extension 'dsv' for command environment
[8.175s] DEBUG:colcon.colcon_core.event_handler.log_command:Invoking command in '/home/vim3/myros/12-navigation/navigation_ws/build/dongbot_description': CMAKE_PREFIX_PATH=${CMAKE_PREFIX_PATH}:/home/vim3/myros/12-navigation/navigation_ws/install/dongbot_application:/opt/ros/humble /usr/bin/cmake --build /home/vim3/myros/12-navigation/navigation_ws/build/dongbot_description -- -j2 -l2
[8.197s] DEBUG:colcon.colcon_core.event_handler.log_command:Invoking command in '/home/vim3/myros/12-navigation/navigation_ws/build/dongbot_nav': CMAKE_PREFIX_PATH=${CMAKE_PREFIX_PATH}:/home/vim3/myros/12-navigation/navigation_ws/install/dongbot_application:/opt/ros/humble /usr/bin/cmake --build /home/vim3/myros/12-navigation/navigation_ws/build/dongbot_nav -- -j2 -l2
[8.622s] DEBUG:colcon.colcon_core.event_handler.log_command:Invoked command in '/home/vim3/myros/12-navigation/navigation_ws/build/dongbot_description' returned '0': CMAKE_PREFIX_PATH=${CMAKE_PREFIX_PATH}:/home/vim3/myros/12-navigation/navigation_ws/install/dongbot_application:/opt/ros/humble /usr/bin/cmake --build /home/vim3/myros/12-navigation/navigation_ws/build/dongbot_description -- -j2 -l2
[8.668s] DEBUG:colcon.colcon_core.event_handler.log_command:Invoking command in '/home/vim3/myros/12-navigation/navigation_ws/build/dongbot_description': CMAKE_PREFIX_PATH=${CMAKE_PREFIX_PATH}:/home/vim3/myros/12-navigation/navigation_ws/install/dongbot_application:/opt/ros/humble /usr/bin/cmake --install /home/vim3/myros/12-navigation/navigation_ws/build/dongbot_description
[8.688s] DEBUG:colcon.colcon_core.event_handler.log_command:Invoked command in '/home/vim3/myros/12-navigation/navigation_ws/build/dongbot_nav' returned '0': CMAKE_PREFIX_PATH=${CMAKE_PREFIX_PATH}:/home/vim3/myros/12-navigation/navigation_ws/install/dongbot_application:/opt/ros/humble /usr/bin/cmake --build /home/vim3/myros/12-navigation/navigation_ws/build/dongbot_nav -- -j2 -l2
[8.692s] DEBUG:colcon.colcon_core.event_handler.log_command:Invoking command in '/home/vim3/myros/12-navigation/navigation_ws/build/dongbot_nav': CMAKE_PREFIX_PATH=${CMAKE_PREFIX_PATH}:/home/vim3/myros/12-navigation/navigation_ws/install/dongbot_application:/opt/ros/humble /usr/bin/cmake --install /home/vim3/myros/12-navigation/navigation_ws/build/dongbot_nav
[8.771s] Level 1:colcon.colcon_core.environment:create_environment_scripts_only(dongbot_description)
[8.774s] Level 1:colcon.colcon_core.environment:checking '/home/vim3/myros/12-navigation/navigation_ws/install/dongbot_description' for CMake module files
[8.776s] Level 1:colcon.colcon_core.environment:checking '/home/vim3/myros/12-navigation/navigation_ws/install/dongbot_description' for CMake config files
[8.781s] DEBUG:colcon.colcon_core.event_handler.log_command:Invoked command in '/home/vim3/myros/12-navigation/navigation_ws/build/dongbot_description' returned '0': CMAKE_PREFIX_PATH=${CMAKE_PREFIX_PATH}:/home/vim3/myros/12-navigation/navigation_ws/install/dongbot_application:/opt/ros/humble /usr/bin/cmake --install /home/vim3/myros/12-navigation/navigation_ws/build/dongbot_description
[8.781s] Level 1:colcon.colcon_core.shell:create_environment_hook('dongbot_description', 'cmake_prefix_path')
[8.781s] INFO:colcon.colcon_core.shell:Creating environment hook '/home/vim3/myros/12-navigation/navigation_ws/install/dongbot_description/share/dongbot_description/hook/cmake_prefix_path.ps1'
[8.783s] INFO:colcon.colcon_core.shell:Creating environment descriptor '/home/vim3/myros/12-navigation/navigation_ws/install/dongbot_description/share/dongbot_description/hook/cmake_prefix_path.dsv'
[8.784s] INFO:colcon.colcon_core.shell:Creating environment hook '/home/vim3/myros/12-navigation/navigation_ws/install/dongbot_description/share/dongbot_description/hook/cmake_prefix_path.sh'
[8.786s] Level 1:colcon.colcon_core.environment:checking '/home/vim3/myros/12-navigation/navigation_ws/install/dongbot_description/bin'
[8.786s] Level 1:colcon.colcon_core.environment:checking '/home/vim3/myros/12-navigation/navigation_ws/install/dongbot_description/lib/pkgconfig/dongbot_description.pc'
[8.787s] Level 1:colcon.colcon_core.environment:checking '/home/vim3/myros/12-navigation/navigation_ws/install/dongbot_description/lib/python3.10/site-packages'
[8.789s] Level 1:colcon.colcon_core.environment:checking '/home/vim3/myros/12-navigation/navigation_ws/install/dongbot_description/bin'
[8.789s] INFO:colcon.colcon_core.shell:Creating package script '/home/vim3/myros/12-navigation/navigation_ws/install/dongbot_description/share/dongbot_description/package.ps1'
[8.790s] INFO:colcon.colcon_core.shell:Creating package descriptor '/home/vim3/myros/12-navigation/navigation_ws/install/dongbot_description/share/dongbot_description/package.dsv'
[8.791s] INFO:colcon.colcon_core.shell:Creating package script '/home/vim3/myros/12-navigation/navigation_ws/install/dongbot_description/share/dongbot_description/package.sh'
[8.794s] INFO:colcon.colcon_core.shell:Creating package script '/home/vim3/myros/12-navigation/navigation_ws/install/dongbot_description/share/dongbot_description/package.bash'
[8.794s] INFO:colcon.colcon_core.shell:Creating package script '/home/vim3/myros/12-navigation/navigation_ws/install/dongbot_description/share/dongbot_description/package.zsh'
[8.795s] Level 1:colcon.colcon_core.environment:create_file_with_runtime_dependencies(/home/vim3/myros/12-navigation/navigation_ws/install/dongbot_description/share/colcon-core/packages/dongbot_description)
[8.796s] Level 1:colcon.colcon_core.environment:create_environment_scripts_only(dongbot_description)
[8.796s] Level 1:colcon.colcon_core.environment:checking '/home/vim3/myros/12-navigation/navigation_ws/install/dongbot_description' for CMake module files
[8.797s] Level 1:colcon.colcon_core.environment:checking '/home/vim3/myros/12-navigation/navigation_ws/install/dongbot_description' for CMake config files
[8.797s] Level 1:colcon.colcon_core.shell:create_environment_hook('dongbot_description', 'cmake_prefix_path')
[8.797s] INFO:colcon.colcon_core.shell:Creating environment hook '/home/vim3/myros/12-navigation/navigation_ws/install/dongbot_description/share/dongbot_description/hook/cmake_prefix_path.ps1'
[8.800s] INFO:colcon.colcon_core.shell:Creating environment descriptor '/home/vim3/myros/12-navigation/navigation_ws/install/dongbot_description/share/dongbot_description/hook/cmake_prefix_path.dsv'
[8.801s] INFO:colcon.colcon_core.shell:Creating environment hook '/home/vim3/myros/12-navigation/navigation_ws/install/dongbot_description/share/dongbot_description/hook/cmake_prefix_path.sh'
[8.802s] Level 1:colcon.colcon_core.environment:checking '/home/vim3/myros/12-navigation/navigation_ws/install/dongbot_description/bin'
[8.802s] Level 1:colcon.colcon_core.environment:checking '/home/vim3/myros/12-navigation/navigation_ws/install/dongbot_description/lib/pkgconfig/dongbot_description.pc'
[8.802s] Level 1:colcon.colcon_core.environment:checking '/home/vim3/myros/12-navigation/navigation_ws/install/dongbot_description/lib/python3.10/site-packages'
[8.803s] Level 1:colcon.colcon_core.environment:checking '/home/vim3/myros/12-navigation/navigation_ws/install/dongbot_description/bin'
[8.803s] INFO:colcon.colcon_core.shell:Creating package script '/home/vim3/myros/12-navigation/navigation_ws/install/dongbot_description/share/dongbot_description/package.ps1'
[8.804s] INFO:colcon.colcon_core.shell:Creating package descriptor '/home/vim3/myros/12-navigation/navigation_ws/install/dongbot_description/share/dongbot_description/package.dsv'
[8.805s] INFO:colcon.colcon_core.shell:Creating package script '/home/vim3/myros/12-navigation/navigation_ws/install/dongbot_description/share/dongbot_description/package.sh'
[8.805s] INFO:colcon.colcon_core.shell:Creating package script '/home/vim3/myros/12-navigation/navigation_ws/install/dongbot_description/share/dongbot_description/package.bash'
[8.808s] INFO:colcon.colcon_core.shell:Creating package script '/home/vim3/myros/12-navigation/navigation_ws/install/dongbot_description/share/dongbot_description/package.zsh'
[8.809s] Level 1:colcon.colcon_core.environment:create_file_with_runtime_dependencies(/home/vim3/myros/12-navigation/navigation_ws/install/dongbot_description/share/colcon-core/packages/dongbot_description)
[8.809s] Level 1:colcon.colcon_core.environment:create_environment_scripts_only(dongbot_nav)
[8.810s] Level 1:colcon.colcon_core.environment:checking '/home/vim3/myros/12-navigation/navigation_ws/install/dongbot_nav' for CMake module files
[8.810s] Level 1:colcon.colcon_core.environment:checking '/home/vim3/myros/12-navigation/navigation_ws/install/dongbot_nav' for CMake config files
[8.811s] DEBUG:colcon.colcon_core.event_handler.log_command:Invoked command in '/home/vim3/myros/12-navigation/navigation_ws/build/dongbot_nav' returned '0': CMAKE_PREFIX_PATH=${CMAKE_PREFIX_PATH}:/home/vim3/myros/12-navigation/navigation_ws/install/dongbot_application:/opt/ros/humble /usr/bin/cmake --install /home/vim3/myros/12-navigation/navigation_ws/build/dongbot_nav
[8.812s] Level 1:colcon.colcon_core.shell:create_environment_hook('dongbot_nav', 'cmake_prefix_path')
[8.813s] INFO:colcon.colcon_core.shell:Creating environment hook '/home/vim3/myros/12-navigation/navigation_ws/install/dongbot_nav/share/dongbot_nav/hook/cmake_prefix_path.ps1'
[8.814s] INFO:colcon.colcon_core.shell:Creating environment descriptor '/home/vim3/myros/12-navigation/navigation_ws/install/dongbot_nav/share/dongbot_nav/hook/cmake_prefix_path.dsv'
[8.817s] INFO:colcon.colcon_core.shell:Creating environment hook '/home/vim3/myros/12-navigation/navigation_ws/install/dongbot_nav/share/dongbot_nav/hook/cmake_prefix_path.sh'
[8.819s] Level 1:colcon.colcon_core.environment:checking '/home/vim3/myros/12-navigation/navigation_ws/install/dongbot_nav/bin'
[8.819s] Level 1:colcon.colcon_core.environment:checking '/home/vim3/myros/12-navigation/navigation_ws/install/dongbot_nav/lib/pkgconfig/dongbot_nav.pc'
[8.819s] Level 1:colcon.colcon_core.environment:checking '/home/vim3/myros/12-navigation/navigation_ws/install/dongbot_nav/lib/python3.10/site-packages'
[8.820s] Level 1:colcon.colcon_core.environment:checking '/home/vim3/myros/12-navigation/navigation_ws/install/dongbot_nav/bin'
[8.821s] INFO:colcon.colcon_core.shell:Creating package script '/home/vim3/myros/12-navigation/navigation_ws/install/dongbot_nav/share/dongbot_nav/package.ps1'
[8.822s] INFO:colcon.colcon_core.shell:Creating package descriptor '/home/vim3/myros/12-navigation/navigation_ws/install/dongbot_nav/share/dongbot_nav/package.dsv'
[8.825s] INFO:colcon.colcon_core.shell:Creating package script '/home/vim3/myros/12-navigation/navigation_ws/install/dongbot_nav/share/dongbot_nav/package.sh'
[8.826s] INFO:colcon.colcon_core.shell:Creating package script '/home/vim3/myros/12-navigation/navigation_ws/install/dongbot_nav/share/dongbot_nav/package.bash'
[8.827s] INFO:colcon.colcon_core.shell:Creating package script '/home/vim3/myros/12-navigation/navigation_ws/install/dongbot_nav/share/dongbot_nav/package.zsh'
[8.830s] Level 1:colcon.colcon_core.environment:create_file_with_runtime_dependencies(/home/vim3/myros/12-navigation/navigation_ws/install/dongbot_nav/share/colcon-core/packages/dongbot_nav)
[8.831s] Level 1:colcon.colcon_core.environment:create_environment_scripts_only(dongbot_nav)
[8.831s] Level 1:colcon.colcon_core.environment:checking '/home/vim3/myros/12-navigation/navigation_ws/install/dongbot_nav' for CMake module files
[8.832s] Level 1:colcon.colcon_core.environment:checking '/home/vim3/myros/12-navigation/navigation_ws/install/dongbot_nav' for CMake config files
[8.832s] Level 1:colcon.colcon_core.shell:create_environment_hook('dongbot_nav', 'cmake_prefix_path')
[8.833s] INFO:colcon.colcon_core.shell:Creating environment hook '/home/vim3/myros/12-navigation/navigation_ws/install/dongbot_nav/share/dongbot_nav/hook/cmake_prefix_path.ps1'
[8.836s] INFO:colcon.colcon_core.shell:Creating environment descriptor '/home/vim3/myros/12-navigation/navigation_ws/install/dongbot_nav/share/dongbot_nav/hook/cmake_prefix_path.dsv'
[8.837s] INFO:colcon.colcon_core.shell:Creating environment hook '/home/vim3/myros/12-navigation/navigation_ws/install/dongbot_nav/share/dongbot_nav/hook/cmake_prefix_path.sh'
[8.839s] Level 1:colcon.colcon_core.environment:checking '/home/vim3/myros/12-navigation/navigation_ws/install/dongbot_nav/bin'
[8.839s] Level 1:colcon.colcon_core.environment:checking '/home/vim3/myros/12-navigation/navigation_ws/install/dongbot_nav/lib/pkgconfig/dongbot_nav.pc'
[8.839s] Level 1:colcon.colcon_core.environment:checking '/home/vim3/myros/12-navigation/navigation_ws/install/dongbot_nav/lib/python3.10/site-packages'
[8.841s] Level 1:colcon.colcon_core.environment:checking '/home/vim3/myros/12-navigation/navigation_ws/install/dongbot_nav/bin'
[8.842s] INFO:colcon.colcon_core.shell:Creating package script '/home/vim3/myros/12-navigation/navigation_ws/install/dongbot_nav/share/dongbot_nav/package.ps1'
[8.843s] INFO:colcon.colcon_core.shell:Creating package descriptor '/home/vim3/myros/12-navigation/navigation_ws/install/dongbot_nav/share/dongbot_nav/package.dsv'
[8.848s] INFO:colcon.colcon_core.shell:Creating package script '/home/vim3/myros/12-navigation/navigation_ws/install/dongbot_nav/share/dongbot_nav/package.sh'
[8.850s] INFO:colcon.colcon_core.shell:Creating package script '/home/vim3/myros/12-navigation/navigation_ws/install/dongbot_nav/share/dongbot_nav/package.bash'
[8.852s] INFO:colcon.colcon_core.shell:Creating package script '/home/vim3/myros/12-navigation/navigation_ws/install/dongbot_nav/share/dongbot_nav/package.zsh'
[8.853s] Level 1:colcon.colcon_core.environment:create_file_with_runtime_dependencies(/home/vim3/myros/12-navigation/navigation_ws/install/dongbot_nav/share/colcon-core/packages/dongbot_nav)
[8.855s] DEBUG:colcon.colcon_parallel_executor.executor.parallel:closing loop
[8.856s] DEBUG:colcon.colcon_parallel_executor.executor.parallel:loop closed
[8.856s] DEBUG:colcon.colcon_parallel_executor.executor.parallel:run_until_complete finished with '0'
[8.857s] DEBUG:colcon.colcon_core.event_reactor:joining thread
[8.894s] INFO:colcon.colcon_core.plugin_system:Skipping extension 'colcon_notification.desktop_notification.terminal_notifier': Not used on non-Darwin systems
[8.895s] INFO:colcon.colcon_core.plugin_system:Skipping extension 'colcon_notification.desktop_notification.win32': Not used on non-Windows systems
[8.895s] INFO:colcon.colcon_notification.desktop_notification:Sending desktop notification using 'notify2'
[9.036s] DEBUG:colcon.colcon_core.event_reactor:joined thread
[9.041s] INFO:colcon.colcon_core.shell:Creating prefix script '/home/vim3/myros/12-navigation/navigation_ws/install/local_setup.ps1'
[9.045s] INFO:colcon.colcon_core.shell:Creating prefix util module '/home/vim3/myros/12-navigation/navigation_ws/install/_local_setup_util_ps1.py'
[9.053s] INFO:colcon.colcon_core.shell:Creating prefix chain script '/home/vim3/myros/12-navigation/navigation_ws/install/setup.ps1'
[9.060s] INFO:colcon.colcon_core.shell:Creating prefix script '/home/vim3/myros/12-navigation/navigation_ws/install/local_setup.sh'
[9.064s] INFO:colcon.colcon_core.shell:Creating prefix util module '/home/vim3/myros/12-navigation/navigation_ws/install/_local_setup_util_sh.py'
[9.067s] INFO:colcon.colcon_core.shell:Creating prefix chain script '/home/vim3/myros/12-navigation/navigation_ws/install/setup.sh'
[9.073s] INFO:colcon.colcon_core.shell:Creating prefix script '/home/vim3/myros/12-navigation/navigation_ws/install/local_setup.bash'
[9.077s] INFO:colcon.colcon_core.shell:Creating prefix chain script '/home/vim3/myros/12-navigation/navigation_ws/install/setup.bash'
[9.084s] INFO:colcon.colcon_core.shell:Creating prefix script '/home/vim3/myros/12-navigation/navigation_ws/install/local_setup.zsh'
[9.086s] INFO:colcon.colcon_core.shell:Creating prefix chain script '/home/vim3/myros/12-navigation/navigation_ws/install/setup.zsh'
