[2.328s] Invoking command in '/home/vim3/myros/12-navigation/navigation_ws/src/dongbot_application': PYTHONPATH=/home/vim3/myros/12-navigation/navigation_ws/build/dongbot_application/prefix_override:/usr/lib/python3/dist-packages/colcon_core/task/python/colcon_distutils_commands:/home/vim3/myros/12-navigation/navigation_ws/install/dongbot_application/lib/python3.10/site-packages:${PYTHONPATH} /usr/bin/python3 -W ignore:setup.py install is deprecated -W ignore:easy_install command is deprecated setup.py egg_info --egg-base ../../build/dongbot_application build --build-base /home/vim3/myros/12-navigation/navigation_ws/build/dongbot_application/build install --record /home/vim3/myros/12-navigation/navigation_ws/build/dongbot_application/install.log --single-version-externally-managed install_data
[3.141s] running egg_info
[3.148s] writing ../../build/dongbot_application/dongbot_application.egg-info/PKG-INFO
[3.152s] writing dependency_links to ../../build/dongbot_application/dongbot_application.egg-info/dependency_links.txt
[3.153s] writing entry points to ../../build/dongbot_application/dongbot_application.egg-info/entry_points.txt
[3.156s] writing requirements to ../../build/dongbot_application/dongbot_application.egg-info/requires.txt
[3.158s] writing top-level names to ../../build/dongbot_application/dongbot_application.egg-info/top_level.txt
[3.166s] reading manifest file '../../build/dongbot_application/dongbot_application.egg-info/SOURCES.txt'
[3.168s] adding license file 'LICENSE'
[3.171s] writing manifest file '../../build/dongbot_application/dongbot_application.egg-info/SOURCES.txt'
[3.173s] running build
[3.176s] running build_py
[3.178s] running install
[3.178s] running install_lib
[3.180s] running install_data
[3.180s] running install_egg_info
[3.188s] removing '/home/vim3/myros/12-navigation/navigation_ws/install/dongbot_application/lib/python3.10/site-packages/dongbot_application-0.0.0-py3.10.egg-info' (and everything under it)
[3.192s] Copying ../../build/dongbot_application/dongbot_application.egg-info to /home/vim3/myros/12-navigation/navigation_ws/install/dongbot_application/lib/python3.10/site-packages/dongbot_application-0.0.0-py3.10.egg-info
[3.194s] running install_scripts
[3.247s] Installing get_robot_pose script to /home/vim3/myros/12-navigation/navigation_ws/install/dongbot_application/lib/dongbot_application
[3.248s] Installing init_robot_pose script to /home/vim3/myros/12-navigation/navigation_ws/install/dongbot_application/lib/dongbot_application
[3.249s] Installing nav_to_pose script to /home/vim3/myros/12-navigation/navigation_ws/install/dongbot_application/lib/dongbot_application
[3.249s] Installing waypoint_flollower script to /home/vim3/myros/12-navigation/navigation_ws/install/dongbot_application/lib/dongbot_application
[3.250s] writing list of installed files to '/home/vim3/myros/12-navigation/navigation_ws/build/dongbot_application/install.log'
[3.305s] Invoked command in '/home/vim3/myros/12-navigation/navigation_ws/src/dongbot_application' returned '0': PYTHONPATH=/home/vim3/myros/12-navigation/navigation_ws/build/dongbot_application/prefix_override:/usr/lib/python3/dist-packages/colcon_core/task/python/colcon_distutils_commands:/home/vim3/myros/12-navigation/navigation_ws/install/dongbot_application/lib/python3.10/site-packages:${PYTHONPATH} /usr/bin/python3 -W ignore:setup.py install is deprecated -W ignore:easy_install command is deprecated setup.py egg_info --egg-base ../../build/dongbot_application build --build-base /home/vim3/myros/12-navigation/navigation_ws/build/dongbot_application/build install --record /home/vim3/myros/12-navigation/navigation_ws/build/dongbot_application/install.log --single-version-externally-managed install_data
