[2.832s] Invoking command in '/home/vim3/myros/12-navigation/navigation_ws/src/dongbot_application': PYTHONPATH=/home/vim3/myros/12-navigation/navigation_ws/build/dongbot_application/prefix_override:/usr/lib/python3/dist-packages/colcon_core/task/python/colcon_distutils_commands:/home/vim3/myros/12-navigation/navigation_ws/install/dongbot_application/lib/python3.10/site-packages:${PYTHONPATH} /usr/bin/python3 -W ignore:setup.py install is deprecated -W ignore:easy_install command is deprecated setup.py egg_info --egg-base ../../build/dongbot_application build --build-base /home/vim3/myros/12-navigation/navigation_ws/build/dongbot_application/build install --record /home/vim3/myros/12-navigation/navigation_ws/build/dongbot_application/install.log --single-version-externally-managed install_data
[3.609s] running egg_info
[3.611s] writing ../../build/dongbot_application/dongbot_application.egg-info/PKG-INFO
[3.617s] writing dependency_links to ../../build/dongbot_application/dongbot_application.egg-info/dependency_links.txt
[3.617s] writing entry points to ../../build/dongbot_application/dongbot_application.egg-info/entry_points.txt
[3.619s] writing requirements to ../../build/dongbot_application/dongbot_application.egg-info/requires.txt
[3.620s] writing top-level names to ../../build/dongbot_application/dongbot_application.egg-info/top_level.txt
[3.632s] reading manifest file '../../build/dongbot_application/dongbot_application.egg-info/SOURCES.txt'
[3.639s] adding license file 'LICENSE'
[3.642s] writing manifest file '../../build/dongbot_application/dongbot_application.egg-info/SOURCES.txt'
[3.646s] running build
[3.648s] running build_py
[3.650s] copying dongbot_application/waypoint_flollower.py -> /home/vim3/myros/12-navigation/navigation_ws/build/dongbot_application/build/lib/dongbot_application
[3.656s] running install
[3.659s] running install_lib
[3.662s] copying /home/vim3/myros/12-navigation/navigation_ws/build/dongbot_application/build/lib/dongbot_application/waypoint_flollower.py -> /home/vim3/myros/12-navigation/navigation_ws/install/dongbot_application/lib/python3.10/site-packages/dongbot_application
[3.691s] byte-compiling /home/vim3/myros/12-navigation/navigation_ws/install/dongbot_application/lib/python3.10/site-packages/dongbot_application/waypoint_flollower.py to waypoint_flollower.cpython-310.pyc
[3.703s] running install_data
[3.703s] running install_egg_info
[3.706s] removing '/home/vim3/myros/12-navigation/navigation_ws/install/dongbot_application/lib/python3.10/site-packages/dongbot_application-0.0.0-py3.10.egg-info' (and everything under it)
[3.713s] Copying ../../build/dongbot_application/dongbot_application.egg-info to /home/vim3/myros/12-navigation/navigation_ws/install/dongbot_application/lib/python3.10/site-packages/dongbot_application-0.0.0-py3.10.egg-info
[3.720s] running install_scripts
[3.768s] Installing get_robot_pose script to /home/vim3/myros/12-navigation/navigation_ws/install/dongbot_application/lib/dongbot_application
[3.774s] Installing init_robot_pose script to /home/vim3/myros/12-navigation/navigation_ws/install/dongbot_application/lib/dongbot_application
[3.775s] Installing nav_to_pose script to /home/vim3/myros/12-navigation/navigation_ws/install/dongbot_application/lib/dongbot_application
[3.775s] Installing waypoint_flollower script to /home/vim3/myros/12-navigation/navigation_ws/install/dongbot_application/lib/dongbot_application
[3.779s] writing list of installed files to '/home/vim3/myros/12-navigation/navigation_ws/build/dongbot_application/install.log'
[3.871s] Invoked command in '/home/vim3/myros/12-navigation/navigation_ws/src/dongbot_application' returned '0': PYTHONPATH=/home/vim3/myros/12-navigation/navigation_ws/build/dongbot_application/prefix_override:/usr/lib/python3/dist-packages/colcon_core/task/python/colcon_distutils_commands:/home/vim3/myros/12-navigation/navigation_ws/install/dongbot_application/lib/python3.10/site-packages:${PYTHONPATH} /usr/bin/python3 -W ignore:setup.py install is deprecated -W ignore:easy_install command is deprecated setup.py egg_info --egg-base ../../build/dongbot_application build --build-base /home/vim3/myros/12-navigation/navigation_ws/build/dongbot_application/build install --record /home/vim3/myros/12-navigation/navigation_ws/build/dongbot_application/install.log --single-version-externally-managed install_data
