/home/vim3/myros/12-navigation/navigation_ws/install/dongbot_application/lib/python3.10/site-packages/dongbot_application/init_robot_pose.py
/home/vim3/myros/12-navigation/navigation_ws/install/dongbot_application/lib/python3.10/site-packages/dongbot_application/nav_to_pose.py
/home/vim3/myros/12-navigation/navigation_ws/install/dongbot_application/lib/python3.10/site-packages/dongbot_application/waypoint_flollower.py
/home/vim3/myros/12-navigation/navigation_ws/install/dongbot_application/lib/python3.10/site-packages/dongbot_application/get_robot_pose.py
/home/vim3/myros/12-navigation/navigation_ws/install/dongbot_application/lib/python3.10/site-packages/dongbot_application/__init__.py
/home/vim3/myros/12-navigation/navigation_ws/install/dongbot_application/lib/python3.10/site-packages/dongbot_application/__pycache__/init_robot_pose.cpython-310.pyc
/home/vim3/myros/12-navigation/navigation_ws/install/dongbot_application/lib/python3.10/site-packages/dongbot_application/__pycache__/nav_to_pose.cpython-310.pyc
/home/vim3/myros/12-navigation/navigation_ws/install/dongbot_application/lib/python3.10/site-packages/dongbot_application/__pycache__/waypoint_flollower.cpython-310.pyc
/home/vim3/myros/12-navigation/navigation_ws/install/dongbot_application/lib/python3.10/site-packages/dongbot_application/__pycache__/get_robot_pose.cpython-310.pyc
/home/vim3/myros/12-navigation/navigation_ws/install/dongbot_application/lib/python3.10/site-packages/dongbot_application/__pycache__/__init__.cpython-310.pyc
/home/vim3/myros/12-navigation/navigation_ws/install/dongbot_application/share/ament_index/resource_index/packages/dongbot_application
/home/vim3/myros/12-navigation/navigation_ws/install/dongbot_application/share/dongbot_application/package.xml
/home/vim3/myros/12-navigation/navigation_ws/install/dongbot_application/lib/python3.10/site-packages/dongbot_application-0.0.0-py3.10.egg-info/dependency_links.txt
/home/vim3/myros/12-navigation/navigation_ws/install/dongbot_application/lib/python3.10/site-packages/dongbot_application-0.0.0-py3.10.egg-info/zip-safe
/home/vim3/myros/12-navigation/navigation_ws/install/dongbot_application/lib/python3.10/site-packages/dongbot_application-0.0.0-py3.10.egg-info/SOURCES.txt
/home/vim3/myros/12-navigation/navigation_ws/install/dongbot_application/lib/python3.10/site-packages/dongbot_application-0.0.0-py3.10.egg-info/top_level.txt
/home/vim3/myros/12-navigation/navigation_ws/install/dongbot_application/lib/python3.10/site-packages/dongbot_application-0.0.0-py3.10.egg-info/entry_points.txt
/home/vim3/myros/12-navigation/navigation_ws/install/dongbot_application/lib/python3.10/site-packages/dongbot_application-0.0.0-py3.10.egg-info/PKG-INFO
/home/vim3/myros/12-navigation/navigation_ws/install/dongbot_application/lib/python3.10/site-packages/dongbot_application-0.0.0-py3.10.egg-info/requires.txt
/home/vim3/myros/12-navigation/navigation_ws/install/dongbot_application/lib/dongbot_application/get_robot_pose
/home/vim3/myros/12-navigation/navigation_ws/install/dongbot_application/lib/dongbot_application/init_robot_pose
/home/vim3/myros/12-navigation/navigation_ws/install/dongbot_application/lib/dongbot_application/nav_to_pose
/home/vim3/myros/12-navigation/navigation_ws/install/dongbot_application/lib/dongbot_application/waypoint_flollower
