[0.437s] DEBUG:colcon:Command line arguments: ['/usr/bin/colcon', 'build']
[0.438s] DEBUG:colcon:Parsed command line arguments: Namespace(log_base=None, log_level=None, verb_name='build', build_base='build', install_base='install', merge_install=False, symlink_install=False, test_result_base=None, continue_on_error=False, executor='parallel', parallel_workers=2, event_handlers=None, ignore_user_meta=False, metas=['./colcon.meta'], base_paths=['.'], packages_ignore=None, packages_ignore_regex=None, paths=None, packages_up_to=None, packages_up_to_regex=None, packages_above=None, packages_above_and_dependencies=None, packages_above_depth=None, packages_select_by_dep=None, packages_skip_by_dep=None, packages_skip_up_to=None, packages_select_build_failed=False, packages_skip_build_finished=False, packages_select_test_failures=False, packages_skip_test_passed=False, packages_select=None, packages_skip=None, packages_select_regex=None, packages_skip_regex=None, packages_start=None, packages_end=None, allow_overriding=[], cmake_args=None, cmake_target=None, cmake_target_skip_unavailable=False, cmake_clean_cache=False, cmake_clean_first=False, cmake_force_configure=False, ament_cmake_args=None, catkin_cmake_args=None, catkin_skip_building_tests=False, verb_parser=<colcon_defaults.argument_parser.defaults.DefaultArgumentsDecorator object at 0x72809aa3f850>, verb_extension=<colcon_core.verb.build.BuildVerb object at 0x72809aa3ef20>, main=<bound method BuildVerb.main of <colcon_core.verb.build.BuildVerb object at 0x72809aa3ef20>>)
[1.020s] Level 1:colcon.colcon_core.package_discovery:discover_packages(colcon_meta) check parameters
[1.022s] Level 1:colcon.colcon_core.package_discovery:discover_packages(recursive) check parameters
[1.023s] Level 1:colcon.colcon_core.package_discovery:discover_packages(ignore) check parameters
[1.023s] Level 1:colcon.colcon_core.package_discovery:discover_packages(path) check parameters
[1.023s] Level 1:colcon.colcon_core.package_discovery:discover_packages(colcon_meta) discover
[1.023s] Level 1:colcon.colcon_core.package_discovery:discover_packages(recursive) discover
[1.024s] INFO:colcon.colcon_core.package_discovery:Crawling recursively for packages in '/home/vim3/myros/12-navigation/navigation_ws'
[1.024s] Level 1:colcon.colcon_core.package_identification:_identify(.) by extensions ['ignore', 'ignore_ament_install']
[1.025s] Level 1:colcon.colcon_core.package_identification:_identify(.) by extension 'ignore'
[1.025s] Level 1:colcon.colcon_core.package_identification:_identify(.) by extension 'ignore_ament_install'
[1.025s] Level 1:colcon.colcon_core.package_identification:_identify(.) by extensions ['colcon_pkg']
[1.026s] Level 1:colcon.colcon_core.package_identification:_identify(.) by extension 'colcon_pkg'
[1.027s] Level 1:colcon.colcon_core.package_identification:_identify(.) by extensions ['colcon_meta']
[1.027s] Level 1:colcon.colcon_core.package_identification:_identify(.) by extension 'colcon_meta'
[1.027s] Level 1:colcon.colcon_core.package_identification:_identify(.) by extensions ['ros']
[1.027s] Level 1:colcon.colcon_core.package_identification:_identify(.) by extension 'ros'
[1.078s] Level 1:colcon.colcon_core.package_identification:_identify(.) by extensions ['cmake', 'python']
[1.078s] Level 1:colcon.colcon_core.package_identification:_identify(.) by extension 'cmake'
[1.078s] Level 1:colcon.colcon_core.package_identification:_identify(.) by extension 'python'
[1.079s] Level 1:colcon.colcon_core.package_identification:_identify(.) by extensions ['python_setup_py']
[1.079s] Level 1:colcon.colcon_core.package_identification:_identify(.) by extension 'python_setup_py'
[1.079s] Level 1:colcon.colcon_core.package_identification:_identify(build) by extensions ['ignore', 'ignore_ament_install']
[1.080s] Level 1:colcon.colcon_core.package_identification:_identify(build) by extension 'ignore'
[1.080s] Level 1:colcon.colcon_core.package_identification:_identify(build) ignored
[1.080s] Level 1:colcon.colcon_core.package_identification:_identify(install) by extensions ['ignore', 'ignore_ament_install']
[1.080s] Level 1:colcon.colcon_core.package_identification:_identify(install) by extension 'ignore'
[1.081s] Level 1:colcon.colcon_core.package_identification:_identify(install) ignored
[1.081s] Level 1:colcon.colcon_core.package_identification:_identify(log) by extensions ['ignore', 'ignore_ament_install']
[1.081s] Level 1:colcon.colcon_core.package_identification:_identify(log) by extension 'ignore'
[1.081s] Level 1:colcon.colcon_core.package_identification:_identify(log) ignored
[1.082s] Level 1:colcon.colcon_core.package_identification:_identify(src) by extensions ['ignore', 'ignore_ament_install']
[1.082s] Level 1:colcon.colcon_core.package_identification:_identify(src) by extension 'ignore'
[1.082s] Level 1:colcon.colcon_core.package_identification:_identify(src) by extension 'ignore_ament_install'
[1.083s] Level 1:colcon.colcon_core.package_identification:_identify(src) by extensions ['colcon_pkg']
[1.083s] Level 1:colcon.colcon_core.package_identification:_identify(src) by extension 'colcon_pkg'
[1.083s] Level 1:colcon.colcon_core.package_identification:_identify(src) by extensions ['colcon_meta']
[1.083s] Level 1:colcon.colcon_core.package_identification:_identify(src) by extension 'colcon_meta'
[1.085s] Level 1:colcon.colcon_core.package_identification:_identify(src) by extensions ['ros']
[1.085s] Level 1:colcon.colcon_core.package_identification:_identify(src) by extension 'ros'
[1.085s] Level 1:colcon.colcon_core.package_identification:_identify(src) by extensions ['cmake', 'python']
[1.085s] Level 1:colcon.colcon_core.package_identification:_identify(src) by extension 'cmake'
[1.086s] Level 1:colcon.colcon_core.package_identification:_identify(src) by extension 'python'
[1.086s] Level 1:colcon.colcon_core.package_identification:_identify(src) by extensions ['python_setup_py']
[1.086s] Level 1:colcon.colcon_core.package_identification:_identify(src) by extension 'python_setup_py'
[1.086s] Level 1:colcon.colcon_core.package_identification:_identify(src/dongbot_description) by extensions ['ignore', 'ignore_ament_install']
[1.087s] Level 1:colcon.colcon_core.package_identification:_identify(src/dongbot_description) by extension 'ignore'
[1.087s] Level 1:colcon.colcon_core.package_identification:_identify(src/dongbot_description) by extension 'ignore_ament_install'
[1.088s] Level 1:colcon.colcon_core.package_identification:_identify(src/dongbot_description) by extensions ['colcon_pkg']
[1.088s] Level 1:colcon.colcon_core.package_identification:_identify(src/dongbot_description) by extension 'colcon_pkg'
[1.088s] Level 1:colcon.colcon_core.package_identification:_identify(src/dongbot_description) by extensions ['colcon_meta']
[1.088s] Level 1:colcon.colcon_core.package_identification:_identify(src/dongbot_description) by extension 'colcon_meta'
[1.088s] Level 1:colcon.colcon_core.package_identification:_identify(src/dongbot_description) by extensions ['ros']
[1.088s] Level 1:colcon.colcon_core.package_identification:_identify(src/dongbot_description) by extension 'ros'
[1.099s] DEBUG:colcon.colcon_core.package_identification:Package 'src/dongbot_description' with type 'ros.ament_cmake' and name 'dongbot_description'
[1.099s] Level 1:colcon.colcon_core.package_discovery:discover_packages(recursive) using defaults
[1.099s] Level 1:colcon.colcon_core.package_discovery:discover_packages(ignore) discover
[1.099s] Level 1:colcon.colcon_core.package_discovery:discover_packages(ignore) using defaults
[1.099s] Level 1:colcon.colcon_core.package_discovery:discover_packages(path) discover
[1.099s] Level 1:colcon.colcon_core.package_discovery:discover_packages(path) using defaults
[1.218s] Level 1:colcon.colcon_core.package_discovery:discover_packages(prefix_path) check parameters
[1.218s] Level 1:colcon.colcon_core.package_discovery:discover_packages(prefix_path) discover
[1.234s] DEBUG:colcon.colcon_installed_package_information.package_discovery:Found 334 installed packages in /opt/ros/humble
[1.249s] Level 1:colcon.colcon_core.package_discovery:discover_packages(prefix_path) using defaults
[1.404s] Level 5:colcon.colcon_core.verb:set package 'dongbot_description' build argument 'cmake_args' from command line to 'None'
[1.404s] Level 5:colcon.colcon_core.verb:set package 'dongbot_description' build argument 'cmake_target' from command line to 'None'
[1.404s] Level 5:colcon.colcon_core.verb:set package 'dongbot_description' build argument 'cmake_target_skip_unavailable' from command line to 'False'
[1.404s] Level 5:colcon.colcon_core.verb:set package 'dongbot_description' build argument 'cmake_clean_cache' from command line to 'False'
[1.404s] Level 5:colcon.colcon_core.verb:set package 'dongbot_description' build argument 'cmake_clean_first' from command line to 'False'
[1.404s] Level 5:colcon.colcon_core.verb:set package 'dongbot_description' build argument 'cmake_force_configure' from command line to 'False'
[1.404s] Level 5:colcon.colcon_core.verb:set package 'dongbot_description' build argument 'ament_cmake_args' from command line to 'None'
[1.404s] Level 5:colcon.colcon_core.verb:set package 'dongbot_description' build argument 'catkin_cmake_args' from command line to 'None'
[1.404s] Level 5:colcon.colcon_core.verb:set package 'dongbot_description' build argument 'catkin_skip_building_tests' from command line to 'False'
[1.405s] DEBUG:colcon.colcon_core.verb:Building package 'dongbot_description' with the following arguments: {'ament_cmake_args': None, 'build_base': '/home/vim3/myros/12-navigation/navigation_ws/build/dongbot_description', 'catkin_cmake_args': None, 'catkin_skip_building_tests': False, 'cmake_args': None, 'cmake_clean_cache': False, 'cmake_clean_first': False, 'cmake_force_configure': False, 'cmake_target': None, 'cmake_target_skip_unavailable': False, 'install_base': '/home/vim3/myros/12-navigation/navigation_ws/install/dongbot_description', 'merge_install': False, 'path': '/home/vim3/myros/12-navigation/navigation_ws/src/dongbot_description', 'symlink_install': False, 'test_result_base': None}
[1.405s] INFO:colcon.colcon_core.executor:Executing jobs using 'parallel' executor
[1.408s] DEBUG:colcon.colcon_parallel_executor.executor.parallel:run_until_complete
[1.408s] INFO:colcon.colcon_ros.task.ament_cmake.build:Building ROS package in '/home/vim3/myros/12-navigation/navigation_ws/src/dongbot_description' with build type 'ament_cmake'
[1.409s] INFO:colcon.colcon_cmake.task.cmake.build:Building CMake package in '/home/vim3/myros/12-navigation/navigation_ws/src/dongbot_description'
[1.415s] INFO:colcon.colcon_core.plugin_system:Skipping extension 'colcon_core.shell.bat': Not used on non-Windows systems
[1.415s] INFO:colcon.colcon_core.shell:Skip shell extension 'powershell' for command environment: Not usable outside of PowerShell
[1.416s] DEBUG:colcon.colcon_core.shell:Skip shell extension 'dsv' for command environment
[1.451s] DEBUG:colcon.colcon_core.event_handler.log_command:Invoking command in '/home/vim3/myros/12-navigation/navigation_ws/build/dongbot_description': CMAKE_PREFIX_PATH=/opt/ros/humble /usr/bin/cmake --build /home/vim3/myros/12-navigation/navigation_ws/build/dongbot_description -- -j2 -l2
[1.668s] DEBUG:colcon.colcon_core.event_handler.log_command:Invoked command in '/home/vim3/myros/12-navigation/navigation_ws/build/dongbot_description' returned '0': CMAKE_PREFIX_PATH=/opt/ros/humble /usr/bin/cmake --build /home/vim3/myros/12-navigation/navigation_ws/build/dongbot_description -- -j2 -l2
[1.707s] DEBUG:colcon.colcon_core.event_handler.log_command:Invoking command in '/home/vim3/myros/12-navigation/navigation_ws/build/dongbot_description': CMAKE_PREFIX_PATH=/opt/ros/humble /usr/bin/cmake --install /home/vim3/myros/12-navigation/navigation_ws/build/dongbot_description
[1.778s] Level 1:colcon.colcon_core.environment:create_environment_scripts_only(dongbot_description)
[1.788s] DEBUG:colcon.colcon_core.event_handler.log_command:Invoked command in '/home/vim3/myros/12-navigation/navigation_ws/build/dongbot_description' returned '0': CMAKE_PREFIX_PATH=/opt/ros/humble /usr/bin/cmake --install /home/vim3/myros/12-navigation/navigation_ws/build/dongbot_description
[1.796s] Level 1:colcon.colcon_core.environment:checking '/home/vim3/myros/12-navigation/navigation_ws/install/dongbot_description' for CMake module files
[1.798s] Level 1:colcon.colcon_core.environment:checking '/home/vim3/myros/12-navigation/navigation_ws/install/dongbot_description' for CMake config files
[1.799s] Level 1:colcon.colcon_core.shell:create_environment_hook('dongbot_description', 'cmake_prefix_path')
[1.800s] INFO:colcon.colcon_core.shell:Creating environment hook '/home/vim3/myros/12-navigation/navigation_ws/install/dongbot_description/share/dongbot_description/hook/cmake_prefix_path.ps1'
[1.804s] INFO:colcon.colcon_core.shell:Creating environment descriptor '/home/vim3/myros/12-navigation/navigation_ws/install/dongbot_description/share/dongbot_description/hook/cmake_prefix_path.dsv'
[1.808s] INFO:colcon.colcon_core.shell:Creating environment hook '/home/vim3/myros/12-navigation/navigation_ws/install/dongbot_description/share/dongbot_description/hook/cmake_prefix_path.sh'
[1.815s] Level 1:colcon.colcon_core.environment:checking '/home/vim3/myros/12-navigation/navigation_ws/install/dongbot_description/bin'
[1.816s] Level 1:colcon.colcon_core.environment:checking '/home/vim3/myros/12-navigation/navigation_ws/install/dongbot_description/lib/pkgconfig/dongbot_description.pc'
[1.817s] Level 1:colcon.colcon_core.environment:checking '/home/vim3/myros/12-navigation/navigation_ws/install/dongbot_description/lib/python3.10/site-packages'
[1.821s] Level 1:colcon.colcon_core.environment:checking '/home/vim3/myros/12-navigation/navigation_ws/install/dongbot_description/bin'
[1.822s] INFO:colcon.colcon_core.shell:Creating package script '/home/vim3/myros/12-navigation/navigation_ws/install/dongbot_description/share/dongbot_description/package.ps1'
[1.828s] INFO:colcon.colcon_core.shell:Creating package descriptor '/home/vim3/myros/12-navigation/navigation_ws/install/dongbot_description/share/dongbot_description/package.dsv'
[1.833s] INFO:colcon.colcon_core.shell:Creating package script '/home/vim3/myros/12-navigation/navigation_ws/install/dongbot_description/share/dongbot_description/package.sh'
[1.839s] INFO:colcon.colcon_core.shell:Creating package script '/home/vim3/myros/12-navigation/navigation_ws/install/dongbot_description/share/dongbot_description/package.bash'
[1.843s] INFO:colcon.colcon_core.shell:Creating package script '/home/vim3/myros/12-navigation/navigation_ws/install/dongbot_description/share/dongbot_description/package.zsh'
[1.846s] Level 1:colcon.colcon_core.environment:create_file_with_runtime_dependencies(/home/vim3/myros/12-navigation/navigation_ws/install/dongbot_description/share/colcon-core/packages/dongbot_description)
[1.848s] Level 1:colcon.colcon_core.environment:create_environment_scripts_only(dongbot_description)
[1.850s] Level 1:colcon.colcon_core.environment:checking '/home/vim3/myros/12-navigation/navigation_ws/install/dongbot_description' for CMake module files
[1.853s] Level 1:colcon.colcon_core.environment:checking '/home/vim3/myros/12-navigation/navigation_ws/install/dongbot_description' for CMake config files
[1.853s] Level 1:colcon.colcon_core.shell:create_environment_hook('dongbot_description', 'cmake_prefix_path')
[1.855s] INFO:colcon.colcon_core.shell:Creating environment hook '/home/vim3/myros/12-navigation/navigation_ws/install/dongbot_description/share/dongbot_description/hook/cmake_prefix_path.ps1'
[1.857s] INFO:colcon.colcon_core.shell:Creating environment descriptor '/home/vim3/myros/12-navigation/navigation_ws/install/dongbot_description/share/dongbot_description/hook/cmake_prefix_path.dsv'
[1.859s] INFO:colcon.colcon_core.shell:Creating environment hook '/home/vim3/myros/12-navigation/navigation_ws/install/dongbot_description/share/dongbot_description/hook/cmake_prefix_path.sh'
[1.861s] Level 1:colcon.colcon_core.environment:checking '/home/vim3/myros/12-navigation/navigation_ws/install/dongbot_description/bin'
[1.862s] Level 1:colcon.colcon_core.environment:checking '/home/vim3/myros/12-navigation/navigation_ws/install/dongbot_description/lib/pkgconfig/dongbot_description.pc'
[1.863s] Level 1:colcon.colcon_core.environment:checking '/home/vim3/myros/12-navigation/navigation_ws/install/dongbot_description/lib/python3.10/site-packages'
[1.865s] Level 1:colcon.colcon_core.environment:checking '/home/vim3/myros/12-navigation/navigation_ws/install/dongbot_description/bin'
[1.866s] INFO:colcon.colcon_core.shell:Creating package script '/home/vim3/myros/12-navigation/navigation_ws/install/dongbot_description/share/dongbot_description/package.ps1'
[1.868s] INFO:colcon.colcon_core.shell:Creating package descriptor '/home/vim3/myros/12-navigation/navigation_ws/install/dongbot_description/share/dongbot_description/package.dsv'
[1.871s] INFO:colcon.colcon_core.shell:Creating package script '/home/vim3/myros/12-navigation/navigation_ws/install/dongbot_description/share/dongbot_description/package.sh'
[1.873s] INFO:colcon.colcon_core.shell:Creating package script '/home/vim3/myros/12-navigation/navigation_ws/install/dongbot_description/share/dongbot_description/package.bash'
[1.876s] INFO:colcon.colcon_core.shell:Creating package script '/home/vim3/myros/12-navigation/navigation_ws/install/dongbot_description/share/dongbot_description/package.zsh'
[1.878s] Level 1:colcon.colcon_core.environment:create_file_with_runtime_dependencies(/home/vim3/myros/12-navigation/navigation_ws/install/dongbot_description/share/colcon-core/packages/dongbot_description)
[1.880s] DEBUG:colcon.colcon_parallel_executor.executor.parallel:closing loop
[1.882s] DEBUG:colcon.colcon_parallel_executor.executor.parallel:loop closed
[1.882s] DEBUG:colcon.colcon_parallel_executor.executor.parallel:run_until_complete finished with '0'
[1.882s] DEBUG:colcon.colcon_core.event_reactor:joining thread
[1.902s] INFO:colcon.colcon_core.plugin_system:Skipping extension 'colcon_notification.desktop_notification.terminal_notifier': Not used on non-Darwin systems
[1.903s] INFO:colcon.colcon_core.plugin_system:Skipping extension 'colcon_notification.desktop_notification.win32': Not used on non-Windows systems
[1.903s] INFO:colcon.colcon_notification.desktop_notification:Sending desktop notification using 'notify2'
[1.971s] DEBUG:colcon.colcon_core.event_reactor:joined thread
[1.976s] INFO:colcon.colcon_core.shell:Creating prefix script '/home/vim3/myros/12-navigation/navigation_ws/install/local_setup.ps1'
[1.981s] INFO:colcon.colcon_core.shell:Creating prefix util module '/home/vim3/myros/12-navigation/navigation_ws/install/_local_setup_util_ps1.py'
[1.992s] INFO:colcon.colcon_core.shell:Creating prefix chain script '/home/vim3/myros/12-navigation/navigation_ws/install/setup.ps1'
[1.999s] INFO:colcon.colcon_core.shell:Creating prefix script '/home/vim3/myros/12-navigation/navigation_ws/install/local_setup.sh'
[2.002s] INFO:colcon.colcon_core.shell:Creating prefix util module '/home/vim3/myros/12-navigation/navigation_ws/install/_local_setup_util_sh.py'
[2.006s] INFO:colcon.colcon_core.shell:Creating prefix chain script '/home/vim3/myros/12-navigation/navigation_ws/install/setup.sh'
[2.016s] INFO:colcon.colcon_core.shell:Creating prefix script '/home/vim3/myros/12-navigation/navigation_ws/install/local_setup.bash'
[2.018s] INFO:colcon.colcon_core.shell:Creating prefix chain script '/home/vim3/myros/12-navigation/navigation_ws/install/setup.bash'
[2.026s] INFO:colcon.colcon_core.shell:Creating prefix script '/home/vim3/myros/12-navigation/navigation_ws/install/local_setup.zsh'
[2.028s] INFO:colcon.colcon_core.shell:Creating prefix chain script '/home/vim3/myros/12-navigation/navigation_ws/install/setup.zsh'
