[1.260s] DEBUG:colcon:Command line arguments: ['/usr/bin/colcon', 'build']
[1.261s] DEBUG:colcon:Parsed command line arguments: Namespace(log_base=None, log_level=None, verb_name='build', build_base='build', install_base='install', merge_install=False, symlink_install=False, test_result_base=None, continue_on_error=False, executor='parallel', parallel_workers=2, event_handlers=None, ignore_user_meta=False, metas=['./colcon.meta'], base_paths=['.'], packages_ignore=None, packages_ignore_regex=None, paths=None, packages_up_to=None, packages_up_to_regex=None, packages_above=None, packages_above_and_dependencies=None, packages_above_depth=None, packages_select_by_dep=None, packages_skip_by_dep=None, packages_skip_up_to=None, packages_select_build_failed=False, packages_skip_build_finished=False, packages_select_test_failures=False, packages_skip_test_passed=False, packages_select=None, packages_skip=None, packages_select_regex=None, packages_skip_regex=None, packages_start=None, packages_end=None, allow_overriding=[], cmake_args=None, cmake_target=None, cmake_target_skip_unavailable=False, cmake_clean_cache=False, cmake_clean_first=False, cmake_force_configure=False, ament_cmake_args=None, catkin_cmake_args=None, catkin_skip_building_tests=False, verb_parser=<colcon_defaults.argument_parser.defaults.DefaultArgumentsDecorator object at 0x751a1d933df0>, verb_extension=<colcon_core.verb.build.BuildVerb object at 0x751a1d9334c0>, main=<bound method BuildVerb.main of <colcon_core.verb.build.BuildVerb object at 0x751a1d9334c0>>)
[2.215s] Level 1:colcon.colcon_core.package_discovery:discover_packages(colcon_meta) check parameters
[2.215s] Level 1:colcon.colcon_core.package_discovery:discover_packages(recursive) check parameters
[2.216s] Level 1:colcon.colcon_core.package_discovery:discover_packages(ignore) check parameters
[2.216s] Level 1:colcon.colcon_core.package_discovery:discover_packages(path) check parameters
[2.216s] Level 1:colcon.colcon_core.package_discovery:discover_packages(colcon_meta) discover
[2.216s] Level 1:colcon.colcon_core.package_discovery:discover_packages(recursive) discover
[2.216s] INFO:colcon.colcon_core.package_discovery:Crawling recursively for packages in '/home/vim3/myros/12-navigation/navigation_ws'
[2.217s] Level 1:colcon.colcon_core.package_identification:_identify(.) by extensions ['ignore', 'ignore_ament_install']
[2.217s] Level 1:colcon.colcon_core.package_identification:_identify(.) by extension 'ignore'
[2.218s] Level 1:colcon.colcon_core.package_identification:_identify(.) by extension 'ignore_ament_install'
[2.218s] Level 1:colcon.colcon_core.package_identification:_identify(.) by extensions ['colcon_pkg']
[2.218s] Level 1:colcon.colcon_core.package_identification:_identify(.) by extension 'colcon_pkg'
[2.218s] Level 1:colcon.colcon_core.package_identification:_identify(.) by extensions ['colcon_meta']
[2.218s] Level 1:colcon.colcon_core.package_identification:_identify(.) by extension 'colcon_meta'
[2.218s] Level 1:colcon.colcon_core.package_identification:_identify(.) by extensions ['ros']
[2.219s] Level 1:colcon.colcon_core.package_identification:_identify(.) by extension 'ros'
[2.262s] Level 1:colcon.colcon_core.package_identification:_identify(.) by extensions ['cmake', 'python']
[2.262s] Level 1:colcon.colcon_core.package_identification:_identify(.) by extension 'cmake'
[2.262s] Level 1:colcon.colcon_core.package_identification:_identify(.) by extension 'python'
[2.263s] Level 1:colcon.colcon_core.package_identification:_identify(.) by extensions ['python_setup_py']
[2.263s] Level 1:colcon.colcon_core.package_identification:_identify(.) by extension 'python_setup_py'
[2.264s] Level 1:colcon.colcon_core.package_identification:_identify(build) by extensions ['ignore', 'ignore_ament_install']
[2.264s] Level 1:colcon.colcon_core.package_identification:_identify(build) by extension 'ignore'
[2.265s] Level 1:colcon.colcon_core.package_identification:_identify(build) ignored
[2.265s] Level 1:colcon.colcon_core.package_identification:_identify(install) by extensions ['ignore', 'ignore_ament_install']
[2.266s] Level 1:colcon.colcon_core.package_identification:_identify(install) by extension 'ignore'
[2.266s] Level 1:colcon.colcon_core.package_identification:_identify(install) ignored
[2.266s] Level 1:colcon.colcon_core.package_identification:_identify(log) by extensions ['ignore', 'ignore_ament_install']
[2.267s] Level 1:colcon.colcon_core.package_identification:_identify(log) by extension 'ignore'
[2.267s] Level 1:colcon.colcon_core.package_identification:_identify(log) ignored
[2.267s] Level 1:colcon.colcon_core.package_identification:_identify(src) by extensions ['ignore', 'ignore_ament_install']
[2.267s] Level 1:colcon.colcon_core.package_identification:_identify(src) by extension 'ignore'
[2.268s] Level 1:colcon.colcon_core.package_identification:_identify(src) by extension 'ignore_ament_install'
[2.268s] Level 1:colcon.colcon_core.package_identification:_identify(src) by extensions ['colcon_pkg']
[2.269s] Level 1:colcon.colcon_core.package_identification:_identify(src) by extension 'colcon_pkg'
[2.269s] Level 1:colcon.colcon_core.package_identification:_identify(src) by extensions ['colcon_meta']
[2.269s] Level 1:colcon.colcon_core.package_identification:_identify(src) by extension 'colcon_meta'
[2.269s] Level 1:colcon.colcon_core.package_identification:_identify(src) by extensions ['ros']
[2.269s] Level 1:colcon.colcon_core.package_identification:_identify(src) by extension 'ros'
[2.269s] Level 1:colcon.colcon_core.package_identification:_identify(src) by extensions ['cmake', 'python']
[2.269s] Level 1:colcon.colcon_core.package_identification:_identify(src) by extension 'cmake'
[2.270s] Level 1:colcon.colcon_core.package_identification:_identify(src) by extension 'python'
[2.270s] Level 1:colcon.colcon_core.package_identification:_identify(src) by extensions ['python_setup_py']
[2.270s] Level 1:colcon.colcon_core.package_identification:_identify(src) by extension 'python_setup_py'
[2.270s] Level 1:colcon.colcon_core.package_identification:_identify(src/dongbot_application) by extensions ['ignore', 'ignore_ament_install']
[2.271s] Level 1:colcon.colcon_core.package_identification:_identify(src/dongbot_application) by extension 'ignore'
[2.271s] Level 1:colcon.colcon_core.package_identification:_identify(src/dongbot_application) by extension 'ignore_ament_install'
[2.271s] Level 1:colcon.colcon_core.package_identification:_identify(src/dongbot_application) by extensions ['colcon_pkg']
[2.271s] Level 1:colcon.colcon_core.package_identification:_identify(src/dongbot_application) by extension 'colcon_pkg'
[2.272s] Level 1:colcon.colcon_core.package_identification:_identify(src/dongbot_application) by extensions ['colcon_meta']
[2.272s] Level 1:colcon.colcon_core.package_identification:_identify(src/dongbot_application) by extension 'colcon_meta'
[2.272s] Level 1:colcon.colcon_core.package_identification:_identify(src/dongbot_application) by extensions ['ros']
[2.272s] Level 1:colcon.colcon_core.package_identification:_identify(src/dongbot_application) by extension 'ros'
[2.281s] DEBUG:colcon.colcon_core.package_identification:Package 'src/dongbot_application' with type 'ros.ament_python' and name 'dongbot_application'
[2.282s] Level 1:colcon.colcon_core.package_identification:_identify(src/dongbot_description) by extensions ['ignore', 'ignore_ament_install']
[2.282s] Level 1:colcon.colcon_core.package_identification:_identify(src/dongbot_description) by extension 'ignore'
[2.282s] Level 1:colcon.colcon_core.package_identification:_identify(src/dongbot_description) by extension 'ignore_ament_install'
[2.283s] Level 1:colcon.colcon_core.package_identification:_identify(src/dongbot_description) by extensions ['colcon_pkg']
[2.283s] Level 1:colcon.colcon_core.package_identification:_identify(src/dongbot_description) by extension 'colcon_pkg'
[2.283s] Level 1:colcon.colcon_core.package_identification:_identify(src/dongbot_description) by extensions ['colcon_meta']
[2.283s] Level 1:colcon.colcon_core.package_identification:_identify(src/dongbot_description) by extension 'colcon_meta'
[2.284s] Level 1:colcon.colcon_core.package_identification:_identify(src/dongbot_description) by extensions ['ros']
[2.284s] Level 1:colcon.colcon_core.package_identification:_identify(src/dongbot_description) by extension 'ros'
[2.285s] DEBUG:colcon.colcon_core.package_identification:Package 'src/dongbot_description' with type 'ros.ament_cmake' and name 'dongbot_description'
[2.286s] Level 1:colcon.colcon_core.package_identification:_identify(src/dongbot_nav) by extensions ['ignore', 'ignore_ament_install']
[2.286s] Level 1:colcon.colcon_core.package_identification:_identify(src/dongbot_nav) by extension 'ignore'
[2.286s] Level 1:colcon.colcon_core.package_identification:_identify(src/dongbot_nav) by extension 'ignore_ament_install'
[2.287s] Level 1:colcon.colcon_core.package_identification:_identify(src/dongbot_nav) by extensions ['colcon_pkg']
[2.287s] Level 1:colcon.colcon_core.package_identification:_identify(src/dongbot_nav) by extension 'colcon_pkg'
[2.287s] Level 1:colcon.colcon_core.package_identification:_identify(src/dongbot_nav) by extensions ['colcon_meta']
[2.287s] Level 1:colcon.colcon_core.package_identification:_identify(src/dongbot_nav) by extension 'colcon_meta'
[2.287s] Level 1:colcon.colcon_core.package_identification:_identify(src/dongbot_nav) by extensions ['ros']
[2.287s] Level 1:colcon.colcon_core.package_identification:_identify(src/dongbot_nav) by extension 'ros'
[2.289s] DEBUG:colcon.colcon_core.package_identification:Package 'src/dongbot_nav' with type 'ros.ament_cmake' and name 'dongbot_nav'
[2.289s] Level 1:colcon.colcon_core.package_discovery:discover_packages(recursive) using defaults
[2.289s] Level 1:colcon.colcon_core.package_discovery:discover_packages(ignore) discover
[2.289s] Level 1:colcon.colcon_core.package_discovery:discover_packages(ignore) using defaults
[2.289s] Level 1:colcon.colcon_core.package_discovery:discover_packages(path) discover
[2.289s] Level 1:colcon.colcon_core.package_discovery:discover_packages(path) using defaults
[2.418s] Level 1:colcon.colcon_core.package_discovery:discover_packages(prefix_path) check parameters
[2.418s] Level 1:colcon.colcon_core.package_discovery:discover_packages(prefix_path) discover
[2.435s] DEBUG:colcon.colcon_installed_package_information.package_discovery:Found 3 installed packages in /home/vim3/myros/12-navigation/navigation_ws/install
[2.451s] DEBUG:colcon.colcon_installed_package_information.package_discovery:Found 371 installed packages in /opt/ros/humble
[2.459s] Level 1:colcon.colcon_core.package_discovery:discover_packages(prefix_path) using defaults
[3.238s] Level 5:colcon.colcon_core.verb:set package 'dongbot_application' build argument 'cmake_args' from command line to 'None'
[3.238s] Level 5:colcon.colcon_core.verb:set package 'dongbot_application' build argument 'cmake_target' from command line to 'None'
[3.238s] Level 5:colcon.colcon_core.verb:set package 'dongbot_application' build argument 'cmake_target_skip_unavailable' from command line to 'False'
[3.238s] Level 5:colcon.colcon_core.verb:set package 'dongbot_application' build argument 'cmake_clean_cache' from command line to 'False'
[3.238s] Level 5:colcon.colcon_core.verb:set package 'dongbot_application' build argument 'cmake_clean_first' from command line to 'False'
[3.239s] Level 5:colcon.colcon_core.verb:set package 'dongbot_application' build argument 'cmake_force_configure' from command line to 'False'
[3.239s] Level 5:colcon.colcon_core.verb:set package 'dongbot_application' build argument 'ament_cmake_args' from command line to 'None'
[3.239s] Level 5:colcon.colcon_core.verb:set package 'dongbot_application' build argument 'catkin_cmake_args' from command line to 'None'
[3.239s] Level 5:colcon.colcon_core.verb:set package 'dongbot_application' build argument 'catkin_skip_building_tests' from command line to 'False'
[3.239s] DEBUG:colcon.colcon_core.verb:Building package 'dongbot_application' with the following arguments: {'ament_cmake_args': None, 'build_base': '/home/vim3/myros/12-navigation/navigation_ws/build/dongbot_application', 'catkin_cmake_args': None, 'catkin_skip_building_tests': False, 'cmake_args': None, 'cmake_clean_cache': False, 'cmake_clean_first': False, 'cmake_force_configure': False, 'cmake_target': None, 'cmake_target_skip_unavailable': False, 'install_base': '/home/vim3/myros/12-navigation/navigation_ws/install/dongbot_application', 'merge_install': False, 'path': '/home/vim3/myros/12-navigation/navigation_ws/src/dongbot_application', 'symlink_install': False, 'test_result_base': None}
[3.240s] Level 5:colcon.colcon_core.verb:set package 'dongbot_description' build argument 'cmake_args' from command line to 'None'
[3.240s] Level 5:colcon.colcon_core.verb:set package 'dongbot_description' build argument 'cmake_target' from command line to 'None'
[3.241s] Level 5:colcon.colcon_core.verb:set package 'dongbot_description' build argument 'cmake_target_skip_unavailable' from command line to 'False'
[3.241s] Level 5:colcon.colcon_core.verb:set package 'dongbot_description' build argument 'cmake_clean_cache' from command line to 'False'
[3.241s] Level 5:colcon.colcon_core.verb:set package 'dongbot_description' build argument 'cmake_clean_first' from command line to 'False'
[3.241s] Level 5:colcon.colcon_core.verb:set package 'dongbot_description' build argument 'cmake_force_configure' from command line to 'False'
[3.241s] Level 5:colcon.colcon_core.verb:set package 'dongbot_description' build argument 'ament_cmake_args' from command line to 'None'
[3.241s] Level 5:colcon.colcon_core.verb:set package 'dongbot_description' build argument 'catkin_cmake_args' from command line to 'None'
[3.241s] Level 5:colcon.colcon_core.verb:set package 'dongbot_description' build argument 'catkin_skip_building_tests' from command line to 'False'
[3.241s] DEBUG:colcon.colcon_core.verb:Building package 'dongbot_description' with the following arguments: {'ament_cmake_args': None, 'build_base': '/home/vim3/myros/12-navigation/navigation_ws/build/dongbot_description', 'catkin_cmake_args': None, 'catkin_skip_building_tests': False, 'cmake_args': None, 'cmake_clean_cache': False, 'cmake_clean_first': False, 'cmake_force_configure': False, 'cmake_target': None, 'cmake_target_skip_unavailable': False, 'install_base': '/home/vim3/myros/12-navigation/navigation_ws/install/dongbot_description', 'merge_install': False, 'path': '/home/vim3/myros/12-navigation/navigation_ws/src/dongbot_description', 'symlink_install': False, 'test_result_base': None}
[3.242s] Level 5:colcon.colcon_core.verb:set package 'dongbot_nav' build argument 'cmake_args' from command line to 'None'
[3.242s] Level 5:colcon.colcon_core.verb:set package 'dongbot_nav' build argument 'cmake_target' from command line to 'None'
[3.242s] Level 5:colcon.colcon_core.verb:set package 'dongbot_nav' build argument 'cmake_target_skip_unavailable' from command line to 'False'
[3.242s] Level 5:colcon.colcon_core.verb:set package 'dongbot_nav' build argument 'cmake_clean_cache' from command line to 'False'
[3.242s] Level 5:colcon.colcon_core.verb:set package 'dongbot_nav' build argument 'cmake_clean_first' from command line to 'False'
[3.242s] Level 5:colcon.colcon_core.verb:set package 'dongbot_nav' build argument 'cmake_force_configure' from command line to 'False'
[3.242s] Level 5:colcon.colcon_core.verb:set package 'dongbot_nav' build argument 'ament_cmake_args' from command line to 'None'
[3.242s] Level 5:colcon.colcon_core.verb:set package 'dongbot_nav' build argument 'catkin_cmake_args' from command line to 'None'
[3.242s] Level 5:colcon.colcon_core.verb:set package 'dongbot_nav' build argument 'catkin_skip_building_tests' from command line to 'False'
[3.242s] DEBUG:colcon.colcon_core.verb:Building package 'dongbot_nav' with the following arguments: {'ament_cmake_args': None, 'build_base': '/home/vim3/myros/12-navigation/navigation_ws/build/dongbot_nav', 'catkin_cmake_args': None, 'catkin_skip_building_tests': False, 'cmake_args': None, 'cmake_clean_cache': False, 'cmake_clean_first': False, 'cmake_force_configure': False, 'cmake_target': None, 'cmake_target_skip_unavailable': False, 'install_base': '/home/vim3/myros/12-navigation/navigation_ws/install/dongbot_nav', 'merge_install': False, 'path': '/home/vim3/myros/12-navigation/navigation_ws/src/dongbot_nav', 'symlink_install': False, 'test_result_base': None}
[3.243s] INFO:colcon.colcon_core.executor:Executing jobs using 'parallel' executor
[3.249s] DEBUG:colcon.colcon_parallel_executor.executor.parallel:run_until_complete
[3.250s] INFO:colcon.colcon_ros.task.ament_python.build:Building ROS package in '/home/vim3/myros/12-navigation/navigation_ws/src/dongbot_application' with build type 'ament_python'
[3.250s] Level 1:colcon.colcon_core.shell:create_environment_hook('dongbot_application', 'ament_prefix_path')
[3.283s] INFO:colcon.colcon_core.plugin_system:Skipping extension 'colcon_core.shell.bat': Not used on non-Windows systems
[3.284s] INFO:colcon.colcon_core.shell:Creating environment hook '/home/vim3/myros/12-navigation/navigation_ws/install/dongbot_application/share/dongbot_application/hook/ament_prefix_path.ps1'
[3.289s] INFO:colcon.colcon_core.shell:Creating environment descriptor '/home/vim3/myros/12-navigation/navigation_ws/install/dongbot_application/share/dongbot_application/hook/ament_prefix_path.dsv'
[3.292s] INFO:colcon.colcon_core.shell:Creating environment hook '/home/vim3/myros/12-navigation/navigation_ws/install/dongbot_application/share/dongbot_application/hook/ament_prefix_path.sh'
[3.295s] INFO:colcon.colcon_core.shell:Skip shell extension 'powershell' for command environment: Not usable outside of PowerShell
[3.295s] DEBUG:colcon.colcon_core.shell:Skip shell extension 'dsv' for command environment
[3.307s] INFO:colcon.colcon_ros.task.ament_cmake.build:Building ROS package in '/home/vim3/myros/12-navigation/navigation_ws/src/dongbot_description' with build type 'ament_cmake'
[3.307s] INFO:colcon.colcon_cmake.task.cmake.build:Building CMake package in '/home/vim3/myros/12-navigation/navigation_ws/src/dongbot_description'
[3.308s] INFO:colcon.colcon_core.shell:Skip shell extension 'powershell' for command environment: Not usable outside of PowerShell
[3.309s] DEBUG:colcon.colcon_core.shell:Skip shell extension 'dsv' for command environment
[4.131s] INFO:colcon.colcon_core.task.python.build:Building Python package in '/home/vim3/myros/12-navigation/navigation_ws/src/dongbot_application'
[4.132s] INFO:colcon.colcon_core.shell:Skip shell extension 'powershell' for command environment: Not usable outside of PowerShell
[4.132s] DEBUG:colcon.colcon_core.shell:Skip shell extension 'dsv' for command environment
[4.156s] DEBUG:colcon.colcon_core.event_handler.log_command:Invoking command in '/home/vim3/myros/12-navigation/navigation_ws/build/dongbot_description': CMAKE_PREFIX_PATH=${CMAKE_PREFIX_PATH}:/home/vim3/myros/12-navigation/navigation_ws/install/dongbot_application:/opt/ros/humble /usr/bin/cmake --build /home/vim3/myros/12-navigation/navigation_ws/build/dongbot_description -- -j2 -l2
[4.333s] DEBUG:colcon.colcon_core.event_handler.log_command:Invoked command in '/home/vim3/myros/12-navigation/navigation_ws/build/dongbot_description' returned '0': CMAKE_PREFIX_PATH=${CMAKE_PREFIX_PATH}:/home/vim3/myros/12-navigation/navigation_ws/install/dongbot_application:/opt/ros/humble /usr/bin/cmake --build /home/vim3/myros/12-navigation/navigation_ws/build/dongbot_description -- -j2 -l2
[4.372s] DEBUG:colcon.colcon_core.event_handler.log_command:Invoking command in '/home/vim3/myros/12-navigation/navigation_ws/build/dongbot_description': CMAKE_PREFIX_PATH=${CMAKE_PREFIX_PATH}:/home/vim3/myros/12-navigation/navigation_ws/install/dongbot_application:/opt/ros/humble /usr/bin/cmake --install /home/vim3/myros/12-navigation/navigation_ws/build/dongbot_description
[4.456s] Level 1:colcon.colcon_core.environment:create_environment_scripts_only(dongbot_description)
[4.465s] DEBUG:colcon.colcon_core.event_handler.log_command:Invoked command in '/home/vim3/myros/12-navigation/navigation_ws/build/dongbot_description' returned '0': CMAKE_PREFIX_PATH=${CMAKE_PREFIX_PATH}:/home/vim3/myros/12-navigation/navigation_ws/install/dongbot_application:/opt/ros/humble /usr/bin/cmake --install /home/vim3/myros/12-navigation/navigation_ws/build/dongbot_description
[4.481s] Level 1:colcon.colcon_core.environment:checking '/home/vim3/myros/12-navigation/navigation_ws/install/dongbot_description' for CMake module files
[4.483s] Level 1:colcon.colcon_core.environment:checking '/home/vim3/myros/12-navigation/navigation_ws/install/dongbot_description' for CMake config files
[4.484s] Level 1:colcon.colcon_core.shell:create_environment_hook('dongbot_description', 'cmake_prefix_path')
[4.485s] INFO:colcon.colcon_core.shell:Creating environment hook '/home/vim3/myros/12-navigation/navigation_ws/install/dongbot_description/share/dongbot_description/hook/cmake_prefix_path.ps1'
[4.488s] INFO:colcon.colcon_core.shell:Creating environment descriptor '/home/vim3/myros/12-navigation/navigation_ws/install/dongbot_description/share/dongbot_description/hook/cmake_prefix_path.dsv'
[4.490s] INFO:colcon.colcon_core.shell:Creating environment hook '/home/vim3/myros/12-navigation/navigation_ws/install/dongbot_description/share/dongbot_description/hook/cmake_prefix_path.sh'
[4.493s] Level 1:colcon.colcon_core.environment:checking '/home/vim3/myros/12-navigation/navigation_ws/install/dongbot_description/bin'
[4.493s] Level 1:colcon.colcon_core.environment:checking '/home/vim3/myros/12-navigation/navigation_ws/install/dongbot_description/lib/pkgconfig/dongbot_description.pc'
[4.494s] Level 1:colcon.colcon_core.environment:checking '/home/vim3/myros/12-navigation/navigation_ws/install/dongbot_description/lib/python3.10/site-packages'
[4.495s] Level 1:colcon.colcon_core.environment:checking '/home/vim3/myros/12-navigation/navigation_ws/install/dongbot_description/bin'
[4.496s] INFO:colcon.colcon_core.shell:Creating package script '/home/vim3/myros/12-navigation/navigation_ws/install/dongbot_description/share/dongbot_description/package.ps1'
[4.500s] INFO:colcon.colcon_core.shell:Creating package descriptor '/home/vim3/myros/12-navigation/navigation_ws/install/dongbot_description/share/dongbot_description/package.dsv'
[4.503s] INFO:colcon.colcon_core.shell:Creating package script '/home/vim3/myros/12-navigation/navigation_ws/install/dongbot_description/share/dongbot_description/package.sh'
[4.506s] INFO:colcon.colcon_core.shell:Creating package script '/home/vim3/myros/12-navigation/navigation_ws/install/dongbot_description/share/dongbot_description/package.bash'
[4.512s] INFO:colcon.colcon_core.shell:Creating package script '/home/vim3/myros/12-navigation/navigation_ws/install/dongbot_description/share/dongbot_description/package.zsh'
[4.516s] Level 1:colcon.colcon_core.environment:create_file_with_runtime_dependencies(/home/vim3/myros/12-navigation/navigation_ws/install/dongbot_description/share/colcon-core/packages/dongbot_description)
[4.518s] Level 1:colcon.colcon_core.environment:create_environment_scripts_only(dongbot_description)
[4.519s] Level 1:colcon.colcon_core.environment:checking '/home/vim3/myros/12-navigation/navigation_ws/install/dongbot_description' for CMake module files
[4.520s] Level 1:colcon.colcon_core.environment:checking '/home/vim3/myros/12-navigation/navigation_ws/install/dongbot_description' for CMake config files
[4.521s] Level 1:colcon.colcon_core.shell:create_environment_hook('dongbot_description', 'cmake_prefix_path')
[4.522s] INFO:colcon.colcon_core.shell:Creating environment hook '/home/vim3/myros/12-navigation/navigation_ws/install/dongbot_description/share/dongbot_description/hook/cmake_prefix_path.ps1'
[4.524s] INFO:colcon.colcon_core.shell:Creating environment descriptor '/home/vim3/myros/12-navigation/navigation_ws/install/dongbot_description/share/dongbot_description/hook/cmake_prefix_path.dsv'
[4.526s] INFO:colcon.colcon_core.shell:Creating environment hook '/home/vim3/myros/12-navigation/navigation_ws/install/dongbot_description/share/dongbot_description/hook/cmake_prefix_path.sh'
[4.529s] Level 1:colcon.colcon_core.environment:checking '/home/vim3/myros/12-navigation/navigation_ws/install/dongbot_description/bin'
[4.530s] Level 1:colcon.colcon_core.environment:checking '/home/vim3/myros/12-navigation/navigation_ws/install/dongbot_description/lib/pkgconfig/dongbot_description.pc'
[4.531s] Level 1:colcon.colcon_core.environment:checking '/home/vim3/myros/12-navigation/navigation_ws/install/dongbot_description/lib/python3.10/site-packages'
[4.532s] Level 1:colcon.colcon_core.environment:checking '/home/vim3/myros/12-navigation/navigation_ws/install/dongbot_description/bin'
[4.534s] INFO:colcon.colcon_core.shell:Creating package script '/home/vim3/myros/12-navigation/navigation_ws/install/dongbot_description/share/dongbot_description/package.ps1'
[4.536s] INFO:colcon.colcon_core.shell:Creating package descriptor '/home/vim3/myros/12-navigation/navigation_ws/install/dongbot_description/share/dongbot_description/package.dsv'
[4.537s] INFO:colcon.colcon_core.shell:Creating package script '/home/vim3/myros/12-navigation/navigation_ws/install/dongbot_description/share/dongbot_description/package.sh'
[4.539s] INFO:colcon.colcon_core.shell:Creating package script '/home/vim3/myros/12-navigation/navigation_ws/install/dongbot_description/share/dongbot_description/package.bash'
[4.541s] INFO:colcon.colcon_core.shell:Creating package script '/home/vim3/myros/12-navigation/navigation_ws/install/dongbot_description/share/dongbot_description/package.zsh'
[4.543s] Level 1:colcon.colcon_core.environment:create_file_with_runtime_dependencies(/home/vim3/myros/12-navigation/navigation_ws/install/dongbot_description/share/colcon-core/packages/dongbot_description)
[4.545s] INFO:colcon.colcon_ros.task.ament_cmake.build:Building ROS package in '/home/vim3/myros/12-navigation/navigation_ws/src/dongbot_nav' with build type 'ament_cmake'
[4.547s] INFO:colcon.colcon_cmake.task.cmake.build:Building CMake package in '/home/vim3/myros/12-navigation/navigation_ws/src/dongbot_nav'
[4.549s] INFO:colcon.colcon_core.shell:Skip shell extension 'powershell' for command environment: Not usable outside of PowerShell
[4.549s] DEBUG:colcon.colcon_core.shell:Skip shell extension 'dsv' for command environment
[4.599s] DEBUG:colcon.colcon_core.event_handler.log_command:Invoking command in '/home/vim3/myros/12-navigation/navigation_ws/build/dongbot_nav': CMAKE_PREFIX_PATH=${CMAKE_PREFIX_PATH}:/home/vim3/myros/12-navigation/navigation_ws/install/dongbot_application:/opt/ros/humble /usr/bin/cmake --build /home/vim3/myros/12-navigation/navigation_ws/build/dongbot_nav -- -j2 -l2
[4.767s] DEBUG:colcon.colcon_core.event_handler.log_command:Invoked command in '/home/vim3/myros/12-navigation/navigation_ws/build/dongbot_nav' returned '0': CMAKE_PREFIX_PATH=${CMAKE_PREFIX_PATH}:/home/vim3/myros/12-navigation/navigation_ws/install/dongbot_application:/opt/ros/humble /usr/bin/cmake --build /home/vim3/myros/12-navigation/navigation_ws/build/dongbot_nav -- -j2 -l2
[4.770s] DEBUG:colcon.colcon_core.event_handler.log_command:Invoking command in '/home/vim3/myros/12-navigation/navigation_ws/build/dongbot_nav': CMAKE_PREFIX_PATH=${CMAKE_PREFIX_PATH}:/home/vim3/myros/12-navigation/navigation_ws/install/dongbot_application:/opt/ros/humble /usr/bin/cmake --install /home/vim3/myros/12-navigation/navigation_ws/build/dongbot_nav
[4.810s] Level 1:colcon.colcon_core.environment:create_environment_scripts_only(dongbot_nav)
[4.811s] Level 1:colcon.colcon_core.environment:checking '/home/vim3/myros/12-navigation/navigation_ws/install/dongbot_nav' for CMake module files
[4.814s] Level 1:colcon.colcon_core.environment:checking '/home/vim3/myros/12-navigation/navigation_ws/install/dongbot_nav' for CMake config files
[4.815s] Level 1:colcon.colcon_core.shell:create_environment_hook('dongbot_nav', 'cmake_prefix_path')
[4.813s] DEBUG:colcon.colcon_core.event_handler.log_command:Invoked command in '/home/vim3/myros/12-navigation/navigation_ws/build/dongbot_nav' returned '0': CMAKE_PREFIX_PATH=${CMAKE_PREFIX_PATH}:/home/vim3/myros/12-navigation/navigation_ws/install/dongbot_application:/opt/ros/humble /usr/bin/cmake --install /home/vim3/myros/12-navigation/navigation_ws/build/dongbot_nav
[4.816s] INFO:colcon.colcon_core.shell:Creating environment hook '/home/vim3/myros/12-navigation/navigation_ws/install/dongbot_nav/share/dongbot_nav/hook/cmake_prefix_path.ps1'
[4.818s] INFO:colcon.colcon_core.shell:Creating environment descriptor '/home/vim3/myros/12-navigation/navigation_ws/install/dongbot_nav/share/dongbot_nav/hook/cmake_prefix_path.dsv'
[4.819s] INFO:colcon.colcon_core.shell:Creating environment hook '/home/vim3/myros/12-navigation/navigation_ws/install/dongbot_nav/share/dongbot_nav/hook/cmake_prefix_path.sh'
[4.822s] Level 1:colcon.colcon_core.environment:checking '/home/vim3/myros/12-navigation/navigation_ws/install/dongbot_nav/bin'
[4.822s] Level 1:colcon.colcon_core.environment:checking '/home/vim3/myros/12-navigation/navigation_ws/install/dongbot_nav/lib/pkgconfig/dongbot_nav.pc'
[4.822s] Level 1:colcon.colcon_core.environment:checking '/home/vim3/myros/12-navigation/navigation_ws/install/dongbot_nav/lib/python3.10/site-packages'
[4.823s] Level 1:colcon.colcon_core.environment:checking '/home/vim3/myros/12-navigation/navigation_ws/install/dongbot_nav/bin'
[4.824s] INFO:colcon.colcon_core.shell:Creating package script '/home/vim3/myros/12-navigation/navigation_ws/install/dongbot_nav/share/dongbot_nav/package.ps1'
[4.825s] INFO:colcon.colcon_core.shell:Creating package descriptor '/home/vim3/myros/12-navigation/navigation_ws/install/dongbot_nav/share/dongbot_nav/package.dsv'
[4.826s] INFO:colcon.colcon_core.shell:Creating package script '/home/vim3/myros/12-navigation/navigation_ws/install/dongbot_nav/share/dongbot_nav/package.sh'
[4.828s] INFO:colcon.colcon_core.shell:Creating package script '/home/vim3/myros/12-navigation/navigation_ws/install/dongbot_nav/share/dongbot_nav/package.bash'
[4.830s] INFO:colcon.colcon_core.shell:Creating package script '/home/vim3/myros/12-navigation/navigation_ws/install/dongbot_nav/share/dongbot_nav/package.zsh'
[4.831s] Level 1:colcon.colcon_core.environment:create_file_with_runtime_dependencies(/home/vim3/myros/12-navigation/navigation_ws/install/dongbot_nav/share/colcon-core/packages/dongbot_nav)
[4.833s] Level 1:colcon.colcon_core.environment:create_environment_scripts_only(dongbot_nav)
[4.834s] Level 1:colcon.colcon_core.environment:checking '/home/vim3/myros/12-navigation/navigation_ws/install/dongbot_nav' for CMake module files
[4.835s] Level 1:colcon.colcon_core.environment:checking '/home/vim3/myros/12-navigation/navigation_ws/install/dongbot_nav' for CMake config files
[4.836s] Level 1:colcon.colcon_core.shell:create_environment_hook('dongbot_nav', 'cmake_prefix_path')
[4.836s] INFO:colcon.colcon_core.shell:Creating environment hook '/home/vim3/myros/12-navigation/navigation_ws/install/dongbot_nav/share/dongbot_nav/hook/cmake_prefix_path.ps1'
[4.838s] INFO:colcon.colcon_core.shell:Creating environment descriptor '/home/vim3/myros/12-navigation/navigation_ws/install/dongbot_nav/share/dongbot_nav/hook/cmake_prefix_path.dsv'
[4.839s] INFO:colcon.colcon_core.shell:Creating environment hook '/home/vim3/myros/12-navigation/navigation_ws/install/dongbot_nav/share/dongbot_nav/hook/cmake_prefix_path.sh'
[4.841s] Level 1:colcon.colcon_core.environment:checking '/home/vim3/myros/12-navigation/navigation_ws/install/dongbot_nav/bin'
[4.842s] Level 1:colcon.colcon_core.environment:checking '/home/vim3/myros/12-navigation/navigation_ws/install/dongbot_nav/lib/pkgconfig/dongbot_nav.pc'
[4.843s] Level 1:colcon.colcon_core.environment:checking '/home/vim3/myros/12-navigation/navigation_ws/install/dongbot_nav/lib/python3.10/site-packages'
[4.844s] Level 1:colcon.colcon_core.environment:checking '/home/vim3/myros/12-navigation/navigation_ws/install/dongbot_nav/bin'
[4.844s] INFO:colcon.colcon_core.shell:Creating package script '/home/vim3/myros/12-navigation/navigation_ws/install/dongbot_nav/share/dongbot_nav/package.ps1'
[4.848s] INFO:colcon.colcon_core.shell:Creating package descriptor '/home/vim3/myros/12-navigation/navigation_ws/install/dongbot_nav/share/dongbot_nav/package.dsv'
[4.849s] INFO:colcon.colcon_core.shell:Creating package script '/home/vim3/myros/12-navigation/navigation_ws/install/dongbot_nav/share/dongbot_nav/package.sh'
[4.851s] INFO:colcon.colcon_core.shell:Creating package script '/home/vim3/myros/12-navigation/navigation_ws/install/dongbot_nav/share/dongbot_nav/package.bash'
[4.853s] INFO:colcon.colcon_core.shell:Creating package script '/home/vim3/myros/12-navigation/navigation_ws/install/dongbot_nav/share/dongbot_nav/package.zsh'
[4.854s] Level 1:colcon.colcon_core.environment:create_file_with_runtime_dependencies(/home/vim3/myros/12-navigation/navigation_ws/install/dongbot_nav/share/colcon-core/packages/dongbot_nav)
[5.581s] DEBUG:colcon.colcon_core.event_handler.log_command:Invoking command in '/home/vim3/myros/12-navigation/navigation_ws/src/dongbot_application': PYTHONPATH=/home/vim3/myros/12-navigation/navigation_ws/build/dongbot_application/prefix_override:/usr/lib/python3/dist-packages/colcon_core/task/python/colcon_distutils_commands:/home/vim3/myros/12-navigation/navigation_ws/install/dongbot_application/lib/python3.10/site-packages:${PYTHONPATH} /usr/bin/python3 -W ignore:setup.py install is deprecated -W ignore:easy_install command is deprecated setup.py egg_info --egg-base ../../build/dongbot_application build --build-base /home/vim3/myros/12-navigation/navigation_ws/build/dongbot_application/build install --record /home/vim3/myros/12-navigation/navigation_ws/build/dongbot_application/install.log --single-version-externally-managed install_data
[6.504s] Level 1:colcon.colcon_core.environment:checking '/home/vim3/myros/12-navigation/navigation_ws/install/dongbot_application' for CMake module files
[6.506s] DEBUG:colcon.colcon_core.event_handler.log_command:Invoked command in '/home/vim3/myros/12-navigation/navigation_ws/src/dongbot_application' returned '0': PYTHONPATH=/home/vim3/myros/12-navigation/navigation_ws/build/dongbot_application/prefix_override:/usr/lib/python3/dist-packages/colcon_core/task/python/colcon_distutils_commands:/home/vim3/myros/12-navigation/navigation_ws/install/dongbot_application/lib/python3.10/site-packages:${PYTHONPATH} /usr/bin/python3 -W ignore:setup.py install is deprecated -W ignore:easy_install command is deprecated setup.py egg_info --egg-base ../../build/dongbot_application build --build-base /home/vim3/myros/12-navigation/navigation_ws/build/dongbot_application/build install --record /home/vim3/myros/12-navigation/navigation_ws/build/dongbot_application/install.log --single-version-externally-managed install_data
[6.509s] Level 1:colcon.colcon_core.environment:checking '/home/vim3/myros/12-navigation/navigation_ws/install/dongbot_application' for CMake config files
[6.511s] Level 1:colcon.colcon_core.environment:checking '/home/vim3/myros/12-navigation/navigation_ws/install/dongbot_application/lib'
[6.513s] Level 1:colcon.colcon_core.environment:checking '/home/vim3/myros/12-navigation/navigation_ws/install/dongbot_application/bin'
[6.513s] Level 1:colcon.colcon_core.environment:checking '/home/vim3/myros/12-navigation/navigation_ws/install/dongbot_application/lib/pkgconfig/dongbot_application.pc'
[6.513s] Level 1:colcon.colcon_core.environment:checking '/home/vim3/myros/12-navigation/navigation_ws/install/dongbot_application/lib/python3.10/site-packages'
[6.513s] Level 1:colcon.colcon_core.shell:create_environment_hook('dongbot_application', 'pythonpath')
[6.514s] INFO:colcon.colcon_core.shell:Creating environment hook '/home/vim3/myros/12-navigation/navigation_ws/install/dongbot_application/share/dongbot_application/hook/pythonpath.ps1'
[6.516s] INFO:colcon.colcon_core.shell:Creating environment descriptor '/home/vim3/myros/12-navigation/navigation_ws/install/dongbot_application/share/dongbot_application/hook/pythonpath.dsv'
[6.519s] INFO:colcon.colcon_core.shell:Creating environment hook '/home/vim3/myros/12-navigation/navigation_ws/install/dongbot_application/share/dongbot_application/hook/pythonpath.sh'
[6.523s] Level 1:colcon.colcon_core.environment:checking '/home/vim3/myros/12-navigation/navigation_ws/install/dongbot_application/bin'
[6.524s] Level 1:colcon.colcon_core.environment:create_environment_scripts_only(dongbot_application)
[6.527s] INFO:colcon.colcon_core.shell:Creating package script '/home/vim3/myros/12-navigation/navigation_ws/install/dongbot_application/share/dongbot_application/package.ps1'
[6.531s] INFO:colcon.colcon_core.shell:Creating package descriptor '/home/vim3/myros/12-navigation/navigation_ws/install/dongbot_application/share/dongbot_application/package.dsv'
[6.533s] INFO:colcon.colcon_core.shell:Creating package script '/home/vim3/myros/12-navigation/navigation_ws/install/dongbot_application/share/dongbot_application/package.sh'
[6.535s] INFO:colcon.colcon_core.shell:Creating package script '/home/vim3/myros/12-navigation/navigation_ws/install/dongbot_application/share/dongbot_application/package.bash'
[6.537s] INFO:colcon.colcon_core.shell:Creating package script '/home/vim3/myros/12-navigation/navigation_ws/install/dongbot_application/share/dongbot_application/package.zsh'
[6.539s] Level 1:colcon.colcon_core.environment:create_file_with_runtime_dependencies(/home/vim3/myros/12-navigation/navigation_ws/install/dongbot_application/share/colcon-core/packages/dongbot_application)
[6.540s] DEBUG:colcon.colcon_parallel_executor.executor.parallel:closing loop
[6.540s] DEBUG:colcon.colcon_parallel_executor.executor.parallel:loop closed
[6.541s] DEBUG:colcon.colcon_parallel_executor.executor.parallel:run_until_complete finished with '0'
[6.541s] DEBUG:colcon.colcon_core.event_reactor:joining thread
[6.585s] INFO:colcon.colcon_core.plugin_system:Skipping extension 'colcon_notification.desktop_notification.terminal_notifier': Not used on non-Darwin systems
[6.585s] INFO:colcon.colcon_core.plugin_system:Skipping extension 'colcon_notification.desktop_notification.win32': Not used on non-Windows systems
[6.585s] INFO:colcon.colcon_notification.desktop_notification:Sending desktop notification using 'notify2'
[6.670s] DEBUG:colcon.colcon_core.event_reactor:joined thread
[6.671s] INFO:colcon.colcon_core.shell:Creating prefix script '/home/vim3/myros/12-navigation/navigation_ws/install/local_setup.ps1'
[6.679s] INFO:colcon.colcon_core.shell:Creating prefix util module '/home/vim3/myros/12-navigation/navigation_ws/install/_local_setup_util_ps1.py'
[6.695s] INFO:colcon.colcon_core.shell:Creating prefix chain script '/home/vim3/myros/12-navigation/navigation_ws/install/setup.ps1'
[6.705s] INFO:colcon.colcon_core.shell:Creating prefix script '/home/vim3/myros/12-navigation/navigation_ws/install/local_setup.sh'
[6.710s] INFO:colcon.colcon_core.shell:Creating prefix util module '/home/vim3/myros/12-navigation/navigation_ws/install/_local_setup_util_sh.py'
[6.716s] INFO:colcon.colcon_core.shell:Creating prefix chain script '/home/vim3/myros/12-navigation/navigation_ws/install/setup.sh'
[6.727s] INFO:colcon.colcon_core.shell:Creating prefix script '/home/vim3/myros/12-navigation/navigation_ws/install/local_setup.bash'
[6.735s] INFO:colcon.colcon_core.shell:Creating prefix chain script '/home/vim3/myros/12-navigation/navigation_ws/install/setup.bash'
[6.746s] INFO:colcon.colcon_core.shell:Creating prefix script '/home/vim3/myros/12-navigation/navigation_ws/install/local_setup.zsh'
[6.753s] INFO:colcon.colcon_core.shell:Creating prefix chain script '/home/vim3/myros/12-navigation/navigation_ws/install/setup.zsh'
