[0.047s] Invoking command in '/home/vim3/myros/12-navigation/navigation_ws/build/dongbot_nav': CMAKE_PREFIX_PATH=${CMAKE_PREFIX_PATH}:/home/vim3/myros/12-navigation/navigation_ws/install/dongbot_application:/opt/ros/humble /usr/bin/cmake --build /home/vim3/myros/12-navigation/navigation_ws/build/dongbot_nav -- -j2 -l2
[0.295s] Invoked command in '/home/vim3/myros/12-navigation/navigation_ws/build/dongbot_nav' returned '0': CMAKE_PREFIX_PATH=${CMAKE_PREFIX_PATH}:/home/vim3/myros/12-navigation/navigation_ws/install/dongbot_application:/opt/ros/humble /usr/bin/cmake --build /home/vim3/myros/12-navigation/navigation_ws/build/dongbot_nav -- -j2 -l2
[0.346s] Invoking command in '/home/vim3/myros/12-navigation/navigation_ws/build/dongbot_nav': CMAKE_PREFIX_PATH=${CMAKE_PREFIX_PATH}:/home/vim3/myros/12-navigation/navigation_ws/install/dongbot_application:/opt/ros/humble /usr/bin/cmake --install /home/vim3/myros/12-navigation/navigation_ws/build/dongbot_nav
[0.381s] -- Install configuration: ""
[0.382s] -- Up-to-date: /home/vim3/myros/12-navigation/navigation_ws/install/dongbot_nav/share/dongbot_nav/launch
[0.382s] -- Up-to-date: /home/vim3/myros/12-navigation/navigation_ws/install/dongbot_nav/share/dongbot_nav/launch/navigation2.launch.py
[0.384s] -- Up-to-date: /home/vim3/myros/12-navigation/navigation_ws/install/dongbot_nav/share/dongbot_nav/config
[0.384s] -- Up-to-date: /home/vim3/myros/12-navigation/navigation_ws/install/dongbot_nav/share/dongbot_nav/config/nav2_params.yaml
[0.384s] -- Up-to-date: /home/vim3/myros/12-navigation/navigation_ws/install/dongbot_nav/share/dongbot_nav/maps
[0.385s] -- Up-to-date: /home/vim3/myros/12-navigation/navigation_ws/install/dongbot_nav/share/dongbot_nav/maps/room.yaml
[0.385s] -- Up-to-date: /home/vim3/myros/12-navigation/navigation_ws/install/dongbot_nav/share/dongbot_nav/maps/room.pgm
[0.385s] -- Up-to-date: /home/vim3/myros/12-navigation/navigation_ws/install/dongbot_nav/share/ament_index/resource_index/package_run_dependencies/dongbot_nav
[0.385s] -- Up-to-date: /home/vim3/myros/12-navigation/navigation_ws/install/dongbot_nav/share/ament_index/resource_index/parent_prefix_path/dongbot_nav
[0.385s] -- Up-to-date: /home/vim3/myros/12-navigation/navigation_ws/install/dongbot_nav/share/dongbot_nav/environment/ament_prefix_path.sh
[0.387s] -- Up-to-date: /home/vim3/myros/12-navigation/navigation_ws/install/dongbot_nav/share/dongbot_nav/environment/ament_prefix_path.dsv
[0.388s] -- Up-to-date: /home/vim3/myros/12-navigation/navigation_ws/install/dongbot_nav/share/dongbot_nav/environment/path.sh
[0.388s] -- Up-to-date: /home/vim3/myros/12-navigation/navigation_ws/install/dongbot_nav/share/dongbot_nav/environment/path.dsv
[0.389s] -- Up-to-date: /home/vim3/myros/12-navigation/navigation_ws/install/dongbot_nav/share/dongbot_nav/local_setup.bash
[0.390s] -- Up-to-date: /home/vim3/myros/12-navigation/navigation_ws/install/dongbot_nav/share/dongbot_nav/local_setup.sh
[0.390s] -- Up-to-date: /home/vim3/myros/12-navigation/navigation_ws/install/dongbot_nav/share/dongbot_nav/local_setup.zsh
[0.391s] -- Up-to-date: /home/vim3/myros/12-navigation/navigation_ws/install/dongbot_nav/share/dongbot_nav/local_setup.dsv
[0.391s] -- Installing: /home/vim3/myros/12-navigation/navigation_ws/install/dongbot_nav/share/dongbot_nav/package.dsv
[0.391s] -- Up-to-date: /home/vim3/myros/12-navigation/navigation_ws/install/dongbot_nav/share/ament_index/resource_index/packages/dongbot_nav
[0.392s] -- Up-to-date: /home/vim3/myros/12-navigation/navigation_ws/install/dongbot_nav/share/dongbot_nav/cmake/dongbot_navConfig.cmake
[0.392s] -- Up-to-date: /home/vim3/myros/12-navigation/navigation_ws/install/dongbot_nav/share/dongbot_nav/cmake/dongbot_navConfig-version.cmake
[0.394s] -- Up-to-date: /home/vim3/myros/12-navigation/navigation_ws/install/dongbot_nav/share/dongbot_nav/package.xml
[0.398s] Invoked command in '/home/vim3/myros/12-navigation/navigation_ws/build/dongbot_nav' returned '0': CMAKE_PREFIX_PATH=${CMAKE_PREFIX_PATH}:/home/vim3/myros/12-navigation/navigation_ws/install/dongbot_application:/opt/ros/humble /usr/bin/cmake --install /home/vim3/myros/12-navigation/navigation_ws/build/dongbot_nav
