[16.511s] Invoking command in '/home/vim3/myros/12-navigation/navigation_ws/src/autopartol_robot': PYTHONPATH=/home/vim3/myros/12-navigation/navigation_ws/build/autopartol_robot/prefix_override:/usr/lib/python3/dist-packages/colcon_core/task/python/colcon_distutils_commands:/home/vim3/myros/12-navigation/navigation_ws/install/autopartol_robot/lib/python3.10/site-packages:${PYTHONPATH} /usr/bin/python3 -W ignore:setup.py install is deprecated -W ignore:easy_install command is deprecated setup.py egg_info --egg-base ../../build/autopartol_robot build --build-base /home/vim3/myros/12-navigation/navigation_ws/build/autopartol_robot/build install --record /home/vim3/myros/12-navigation/navigation_ws/build/autopartol_robot/install.log --single-version-externally-managed install_data
[21.201s] running egg_info
[21.212s] writing ../../build/autopartol_robot/autopartol_robot.egg-info/PKG-INFO
[21.242s] writing dependency_links to ../../build/autopartol_robot/autopartol_robot.egg-info/dependency_links.txt
[21.257s] writing entry points to ../../build/autopartol_robot/autopartol_robot.egg-info/entry_points.txt
[21.270s] writing requirements to ../../build/autopartol_robot/autopartol_robot.egg-info/requires.txt
[21.272s] writing top-level names to ../../build/autopartol_robot/autopartol_robot.egg-info/top_level.txt
[21.303s] reading manifest file '../../build/autopartol_robot/autopartol_robot.egg-info/SOURCES.txt'
[21.314s] writing manifest file '../../build/autopartol_robot/autopartol_robot.egg-info/SOURCES.txt'
[21.329s] running build
[21.332s] running build_py
[21.332s] running install
[21.333s] running install_lib
[21.342s] running install_data
[21.352s] running install_egg_info
[21.355s] removing '/home/vim3/myros/12-navigation/navigation_ws/install/autopartol_robot/lib/python3.10/site-packages/autopartol_robot-0.0.0-py3.10.egg-info' (and everything under it)
[21.374s] Copying ../../build/autopartol_robot/autopartol_robot.egg-info to /home/vim3/myros/12-navigation/navigation_ws/install/autopartol_robot/lib/python3.10/site-packages/autopartol_robot-0.0.0-py3.10.egg-info
[21.425s] running install_scripts
[21.687s] Installing partol_node script to /home/vim3/myros/12-navigation/navigation_ws/install/autopartol_robot/lib/autopartol_robot
[21.710s] writing list of installed files to '/home/vim3/myros/12-navigation/navigation_ws/build/autopartol_robot/install.log'
[21.805s] Invoked command in '/home/vim3/myros/12-navigation/navigation_ws/src/autopartol_robot' returned '0': PYTHONPATH=/home/vim3/myros/12-navigation/navigation_ws/build/autopartol_robot/prefix_override:/usr/lib/python3/dist-packages/colcon_core/task/python/colcon_distutils_commands:/home/vim3/myros/12-navigation/navigation_ws/install/autopartol_robot/lib/python3.10/site-packages:${PYTHONPATH} /usr/bin/python3 -W ignore:setup.py install is deprecated -W ignore:easy_install command is deprecated setup.py egg_info --egg-base ../../build/autopartol_robot build --build-base /home/vim3/myros/12-navigation/navigation_ws/build/autopartol_robot/build install --record /home/vim3/myros/12-navigation/navigation_ws/build/autopartol_robot/install.log --single-version-externally-managed install_data
