[2.966s] Invoking command in '/home/vim3/myros/12-navigation/navigation_ws/build/autopatrol_interfaces': CMAKE_PREFIX_PATH=/opt/ros/humble /usr/bin/cmake /home/vim3/myros/12-navigation/navigation_ws/src/autopatrol_interfaces -DCMAKE_INSTALL_PREFIX=/home/vim3/myros/12-navigation/navigation_ws/install/autopatrol_interfaces
[3.338s] -- Found ament_cmake: 1.3.12 (/opt/ros/humble/share/ament_cmake/cmake)
[4.714s] -- Found rosidl_default_generators: 1.2.0 (/opt/ros/humble/share/rosidl_default_generators/cmake)
[4.736s] -- Using all available rosidl_typesupport_c: rosidl_typesupport_fastrtps_c;rosidl_typesupport_introspection_c
[4.811s] -- Found rosidl_adapter: 3.1.8 (/opt/ros/humble/share/rosidl_adapter/cmake)
[5.470s] -- Using all available rosidl_typesupport_cpp: rosidl_typesupport_fastrtps_cpp;rosidl_typesupport_introspection_cpp
[9.425s] -- Found ament_cmake_ros: 0.10.0 (/opt/ros/humble/share/ament_cmake_ros/cmake)
[12.972s] -- Using all available rosidl_typesupport_c: rosidl_typesupport_fastrtps_c;rosidl_typesupport_introspection_c
[16.864s] -- Using all available rosidl_typesupport_cpp: rosidl_typesupport_fastrtps_cpp;rosidl_typesupport_introspection_cpp
[17.274s] -- Found PythonInterp: /usr/bin/python3 (found suitable version "3.10.12", minimum required is "3.6") 
[17.293s] -- Found python_cmake_module: 0.10.0 (/opt/ros/humble/share/python_cmake_module/cmake)
[17.622s] -- Found PythonLibs: /usr/lib/x86_64-linux-gnu/libpython3.10.so (found suitable version "3.10.12", minimum required is "3.5") 
[17.628s] -- Using PYTHON_EXECUTABLE: /usr/bin/python3
[17.629s] -- Using PYTHON_INCLUDE_DIRS: /usr/include/python3.10
[17.636s] -- Using PYTHON_LIBRARIES: /usr/lib/x86_64-linux-gnu/libpython3.10.so
[17.878s] -- Found PythonExtra: .so  
[18.505s] -- Found ament_lint_auto: 0.12.14 (/opt/ros/humble/share/ament_lint_auto/cmake)
[18.929s] -- Added test 'lint_cmake' to check CMake code style
[18.956s] -- Added test 'xmllint' to check XML markup files
[19.032s] -- Configuring done
[19.752s] -- Generating done
[19.875s] -- Build files have been written to: /home/vim3/myros/12-navigation/navigation_ws/build/autopatrol_interfaces
[20.008s] Invoked command in '/home/vim3/myros/12-navigation/navigation_ws/build/autopatrol_interfaces' returned '0': CMAKE_PREFIX_PATH=/opt/ros/humble /usr/bin/cmake /home/vim3/myros/12-navigation/navigation_ws/src/autopatrol_interfaces -DCMAKE_INSTALL_PREFIX=/home/vim3/myros/12-navigation/navigation_ws/install/autopatrol_interfaces
[20.030s] Invoking command in '/home/vim3/myros/12-navigation/navigation_ws/build/autopatrol_interfaces': CMAKE_PREFIX_PATH=/opt/ros/humble /usr/bin/cmake --build /home/vim3/myros/12-navigation/navigation_ws/build/autopatrol_interfaces -- -j2 -l2
[21.246s] [  3%] [34m[1mGenerating C code for ROS interfaces[0m
[21.485s] [  6%] [34m[1mGenerating C++ code for ROS interfaces[0m
[26.149s] [  6%] Built target autopatrol_interfaces__cpp
[26.574s] [  9%] [32mBuilding C object CMakeFiles/autopatrol_interfaces__rosidl_generator_c.dir/rosidl_generator_c/autopatrol_interfaces/srv/detail/speech_text__functions.c.o[0m
[28.188s] [ 12%] [32m[1mLinking C shared library libautopatrol_interfaces__rosidl_generator_c.so[0m
[28.975s] [ 12%] Built target autopatrol_interfaces__rosidl_generator_c
[29.799s] [ 12%] Built target ament_cmake_python_copy_autopatrol_interfaces
[30.003s] [ 16%] [34m[1mGenerating C++ type support dispatch for ROS interfaces[0m
[31.709s] [ 19%] [32mBuilding CXX object CMakeFiles/autopatrol_interfaces__rosidl_typesupport_cpp.dir/rosidl_typesupport_cpp/autopatrol_interfaces/srv/speech_text__type_support.cpp.o[0m
[34.451s] [ 22%] [32m[1mLinking CXX shared library libautopatrol_interfaces__rosidl_typesupport_cpp.so[0m
[34.975s] [ 22%] Built target autopatrol_interfaces__rosidl_typesupport_cpp
[35.094s] [ 25%] [34m[1mGenerating C type support for eProsima Fast-RTPS[0m
[36.429s] [ 29%] [32mBuilding CXX object CMakeFiles/autopatrol_interfaces__rosidl_typesupport_fastrtps_c.dir/rosidl_typesupport_fastrtps_c/autopatrol_interfaces/srv/detail/speech_text__type_support_c.cpp.o[0m
[39.782s] [ 32%] [32m[1mLinking CXX shared library libautopatrol_interfaces__rosidl_typesupport_fastrtps_c.so[0m
[40.907s] [ 32%] Built target autopatrol_interfaces__rosidl_typesupport_fastrtps_c
[41.135s] [ 35%] [34m[1mGenerating C introspection for ROS interfaces[0m
[43.017s] [ 38%] [32mBuilding C object CMakeFiles/autopatrol_interfaces__rosidl_typesupport_introspection_c.dir/rosidl_typesupport_introspection_c/autopatrol_interfaces/srv/detail/speech_text__type_support.c.o[0m
[43.644s] [ 41%] [32m[1mLinking C shared library libautopatrol_interfaces__rosidl_typesupport_introspection_c.so[0m
[44.224s] [ 41%] Built target autopatrol_interfaces__rosidl_typesupport_introspection_c
[44.447s] [ 45%] [34m[1mGenerating C type support dispatch for ROS interfaces[0m
[46.128s] [ 48%] [32mBuilding CXX object CMakeFiles/autopatrol_interfaces__rosidl_typesupport_c.dir/rosidl_typesupport_c/autopatrol_interfaces/srv/speech_text__type_support.cpp.o[0m
[46.620s] [ 51%] [32m[1mLinking CXX shared library libautopatrol_interfaces__rosidl_typesupport_c.so[0m
[47.365s] [ 51%] Built target autopatrol_interfaces__rosidl_typesupport_c
[47.576s] [ 54%] [34m[1mGenerating C++ type support for eProsima Fast-RTPS[0m
[49.467s] [ 58%] [32mBuilding CXX object CMakeFiles/autopatrol_interfaces__rosidl_typesupport_fastrtps_cpp.dir/rosidl_typesupport_fastrtps_cpp/autopatrol_interfaces/srv/detail/dds_fastrtps/speech_text__type_support.cpp.o[0m
[53.887s] [ 61%] [32m[1mLinking CXX shared library libautopatrol_interfaces__rosidl_typesupport_fastrtps_cpp.so[0m
[55.126s] [ 61%] Built target autopatrol_interfaces__rosidl_typesupport_fastrtps_cpp
[55.333s] [ 64%] [34m[1mGenerating C++ introspection for ROS interfaces[0m
[57.212s] [ 67%] [32mBuilding CXX object CMakeFiles/autopatrol_interfaces__rosidl_typesupport_introspection_cpp.dir/rosidl_typesupport_introspection_cpp/autopatrol_interfaces/srv/detail/speech_text__type_support.cpp.o[0m
[61.006s] [ 70%] [32m[1mLinking CXX shared library libautopatrol_interfaces__rosidl_typesupport_introspection_cpp.so[0m
[61.881s] [ 70%] Built target autopatrol_interfaces__rosidl_typesupport_introspection_cpp
[64.463s] running egg_info
[64.470s] creating autopatrol_interfaces.egg-info
[64.478s] writing autopatrol_interfaces.egg-info/PKG-INFO
[64.479s] writing dependency_links to autopatrol_interfaces.egg-info/dependency_links.txt
[64.484s] writing top-level names to autopatrol_interfaces.egg-info/top_level.txt
[64.493s] writing manifest file 'autopatrol_interfaces.egg-info/SOURCES.txt'
[64.495s] reading manifest file 'autopatrol_interfaces.egg-info/SOURCES.txt'
[64.497s] writing manifest file 'autopatrol_interfaces.egg-info/SOURCES.txt'
[64.707s] [ 70%] Built target ament_cmake_python_build_autopatrol_interfaces_egg
[65.099s] [ 70%] Built target autopatrol_interfaces
[65.588s] [ 74%] [34m[1mGenerating Python code for ROS interfaces[0m
[68.163s] [ 74%] Built target autopatrol_interfaces__py
[68.521s] [ 77%] [32mBuilding C object CMakeFiles/autopatrol_interfaces__rosidl_generator_py.dir/rosidl_generator_py/autopatrol_interfaces/srv/_speech_text_s.c.o[0m
[70.294s] [ 80%] [32m[1mLinking C shared library rosidl_generator_py/autopatrol_interfaces/libautopatrol_interfaces__rosidl_generator_py.so[0m
[71.036s] [ 80%] Built target autopatrol_interfaces__rosidl_generator_py
[71.476s] [ 83%] [32mBuilding C object CMakeFiles/autopatrol_interfaces__rosidl_typesupport_fastrtps_c__pyext.dir/rosidl_generator_py/autopatrol_interfaces/_autopatrol_interfaces_s.ep.rosidl_typesupport_fastrtps_c.c.o[0m
[73.171s] [ 87%] [32m[1mLinking C shared library rosidl_generator_py/autopatrol_interfaces/autopatrol_interfaces_s__rosidl_typesupport_fastrtps_c.cpython-310-x86_64-linux-gnu.so[0m
[73.985s] [ 87%] Built target autopatrol_interfaces__rosidl_typesupport_fastrtps_c__pyext
[74.423s] [ 90%] [32mBuilding C object CMakeFiles/autopatrol_interfaces__rosidl_typesupport_introspection_c__pyext.dir/rosidl_generator_py/autopatrol_interfaces/_autopatrol_interfaces_s.ep.rosidl_typesupport_introspection_c.c.o[0m
[75.902s] [ 93%] [32m[1mLinking C shared library rosidl_generator_py/autopatrol_interfaces/autopatrol_interfaces_s__rosidl_typesupport_introspection_c.cpython-310-x86_64-linux-gnu.so[0m
[76.590s] [ 93%] Built target autopatrol_interfaces__rosidl_typesupport_introspection_c__pyext
[77.002s] [ 96%] [32mBuilding C object CMakeFiles/autopatrol_interfaces__rosidl_typesupport_c__pyext.dir/rosidl_generator_py/autopatrol_interfaces/_autopatrol_interfaces_s.ep.rosidl_typesupport_c.c.o[0m
[78.408s] [100%] [32m[1mLinking C shared library rosidl_generator_py/autopatrol_interfaces/autopatrol_interfaces_s__rosidl_typesupport_c.cpython-310-x86_64-linux-gnu.so[0m
[78.988s] [100%] Built target autopatrol_interfaces__rosidl_typesupport_c__pyext
[79.135s] Invoked command in '/home/vim3/myros/12-navigation/navigation_ws/build/autopatrol_interfaces' returned '0': CMAKE_PREFIX_PATH=/opt/ros/humble /usr/bin/cmake --build /home/vim3/myros/12-navigation/navigation_ws/build/autopatrol_interfaces -- -j2 -l2
[79.162s] Invoking command in '/home/vim3/myros/12-navigation/navigation_ws/build/autopatrol_interfaces': CMAKE_PREFIX_PATH=/opt/ros/humble /usr/bin/cmake --install /home/vim3/myros/12-navigation/navigation_ws/build/autopatrol_interfaces
[79.297s] -- Install configuration: ""
[79.299s] -- Installing: /home/vim3/myros/12-navigation/navigation_ws/install/autopatrol_interfaces/share/ament_index/resource_index/rosidl_interfaces/autopatrol_interfaces
[79.302s] -- Installing: /home/vim3/myros/12-navigation/navigation_ws/install/autopatrol_interfaces/include/autopatrol_interfaces/autopatrol_interfaces
[79.305s] -- Installing: /home/vim3/myros/12-navigation/navigation_ws/install/autopatrol_interfaces/include/autopatrol_interfaces/autopatrol_interfaces/srv
[79.308s] -- Installing: /home/vim3/myros/12-navigation/navigation_ws/install/autopatrol_interfaces/include/autopatrol_interfaces/autopatrol_interfaces/srv/speech_text.h
[79.309s] -- Installing: /home/vim3/myros/12-navigation/navigation_ws/install/autopatrol_interfaces/include/autopatrol_interfaces/autopatrol_interfaces/srv/detail
[79.312s] -- Installing: /home/vim3/myros/12-navigation/navigation_ws/install/autopatrol_interfaces/include/autopatrol_interfaces/autopatrol_interfaces/srv/detail/speech_text__functions.h
[79.314s] -- Installing: /home/vim3/myros/12-navigation/navigation_ws/install/autopatrol_interfaces/include/autopatrol_interfaces/autopatrol_interfaces/srv/detail/speech_text__struct.h
[79.314s] -- Installing: /home/vim3/myros/12-navigation/navigation_ws/install/autopatrol_interfaces/include/autopatrol_interfaces/autopatrol_interfaces/srv/detail/speech_text__type_support.h
[79.319s] -- Installing: /home/vim3/myros/12-navigation/navigation_ws/install/autopatrol_interfaces/include/autopatrol_interfaces/autopatrol_interfaces/srv/detail/speech_text__functions.c
[79.320s] -- Installing: /home/vim3/myros/12-navigation/navigation_ws/install/autopatrol_interfaces/include/autopatrol_interfaces/autopatrol_interfaces/msg
[79.328s] -- Installing: /home/vim3/myros/12-navigation/navigation_ws/install/autopatrol_interfaces/include/autopatrol_interfaces/autopatrol_interfaces/msg/rosidl_generator_c__visibility_control.h
[79.329s] -- Installing: /home/vim3/myros/12-navigation/navigation_ws/install/autopatrol_interfaces/share/autopatrol_interfaces/environment/library_path.sh
[79.329s] -- Installing: /home/vim3/myros/12-navigation/navigation_ws/install/autopatrol_interfaces/share/autopatrol_interfaces/environment/library_path.dsv
[79.329s] -- Installing: /home/vim3/myros/12-navigation/navigation_ws/install/autopatrol_interfaces/lib/libautopatrol_interfaces__rosidl_generator_c.so
[79.342s] -- Set runtime path of "/home/vim3/myros/12-navigation/navigation_ws/install/autopatrol_interfaces/lib/libautopatrol_interfaces__rosidl_generator_c.so" to ""
[79.345s] -- Up-to-date: /home/vim3/myros/12-navigation/navigation_ws/install/autopatrol_interfaces/include/autopatrol_interfaces/autopatrol_interfaces
[79.348s] -- Up-to-date: /home/vim3/myros/12-navigation/navigation_ws/install/autopatrol_interfaces/include/autopatrol_interfaces/autopatrol_interfaces/srv
[79.351s] -- Up-to-date: /home/vim3/myros/12-navigation/navigation_ws/install/autopatrol_interfaces/include/autopatrol_interfaces/autopatrol_interfaces/srv/detail
[79.352s] -- Installing: /home/vim3/myros/12-navigation/navigation_ws/install/autopatrol_interfaces/include/autopatrol_interfaces/autopatrol_interfaces/srv/detail/speech_text__rosidl_typesupport_fastrtps_c.h
[79.357s] -- Up-to-date: /home/vim3/myros/12-navigation/navigation_ws/install/autopatrol_interfaces/include/autopatrol_interfaces/autopatrol_interfaces/msg
[79.358s] -- Installing: /home/vim3/myros/12-navigation/navigation_ws/install/autopatrol_interfaces/include/autopatrol_interfaces/autopatrol_interfaces/msg/rosidl_typesupport_fastrtps_c__visibility_control.h
[79.360s] -- Installing: /home/vim3/myros/12-navigation/navigation_ws/install/autopatrol_interfaces/lib/libautopatrol_interfaces__rosidl_typesupport_fastrtps_c.so
[79.364s] -- Set runtime path of "/home/vim3/myros/12-navigation/navigation_ws/install/autopatrol_interfaces/lib/libautopatrol_interfaces__rosidl_typesupport_fastrtps_c.so" to ""
[79.365s] -- Up-to-date: /home/vim3/myros/12-navigation/navigation_ws/install/autopatrol_interfaces/include/autopatrol_interfaces/autopatrol_interfaces
[79.365s] -- Up-to-date: /home/vim3/myros/12-navigation/navigation_ws/install/autopatrol_interfaces/include/autopatrol_interfaces/autopatrol_interfaces/srv
[79.370s] -- Up-to-date: /home/vim3/myros/12-navigation/navigation_ws/install/autopatrol_interfaces/include/autopatrol_interfaces/autopatrol_interfaces/srv/detail
[79.370s] -- Installing: /home/vim3/myros/12-navigation/navigation_ws/install/autopatrol_interfaces/include/autopatrol_interfaces/autopatrol_interfaces/srv/detail/speech_text__type_support.c
[79.374s] -- Installing: /home/vim3/myros/12-navigation/navigation_ws/install/autopatrol_interfaces/include/autopatrol_interfaces/autopatrol_interfaces/srv/detail/speech_text__rosidl_typesupport_introspection_c.h
[79.376s] -- Up-to-date: /home/vim3/myros/12-navigation/navigation_ws/install/autopatrol_interfaces/include/autopatrol_interfaces/autopatrol_interfaces/msg
[79.381s] -- Installing: /home/vim3/myros/12-navigation/navigation_ws/install/autopatrol_interfaces/include/autopatrol_interfaces/autopatrol_interfaces/msg/rosidl_typesupport_introspection_c__visibility_control.h
[79.382s] -- Installing: /home/vim3/myros/12-navigation/navigation_ws/install/autopatrol_interfaces/lib/libautopatrol_interfaces__rosidl_typesupport_introspection_c.so
[79.389s] -- Set runtime path of "/home/vim3/myros/12-navigation/navigation_ws/install/autopatrol_interfaces/lib/libautopatrol_interfaces__rosidl_typesupport_introspection_c.so" to ""
[79.389s] -- Installing: /home/vim3/myros/12-navigation/navigation_ws/install/autopatrol_interfaces/lib/libautopatrol_interfaces__rosidl_typesupport_c.so
[79.405s] -- Set runtime path of "/home/vim3/myros/12-navigation/navigation_ws/install/autopatrol_interfaces/lib/libautopatrol_interfaces__rosidl_typesupport_c.so" to ""
[79.407s] -- Up-to-date: /home/vim3/myros/12-navigation/navigation_ws/install/autopatrol_interfaces/include/autopatrol_interfaces/autopatrol_interfaces
[79.408s] -- Up-to-date: /home/vim3/myros/12-navigation/navigation_ws/install/autopatrol_interfaces/include/autopatrol_interfaces/autopatrol_interfaces/srv
[79.413s] -- Installing: /home/vim3/myros/12-navigation/navigation_ws/install/autopatrol_interfaces/include/autopatrol_interfaces/autopatrol_interfaces/srv/speech_text.hpp
[79.413s] -- Up-to-date: /home/vim3/myros/12-navigation/navigation_ws/install/autopatrol_interfaces/include/autopatrol_interfaces/autopatrol_interfaces/srv/detail
[79.419s] -- Installing: /home/vim3/myros/12-navigation/navigation_ws/install/autopatrol_interfaces/include/autopatrol_interfaces/autopatrol_interfaces/srv/detail/speech_text__struct.hpp
[79.426s] -- Installing: /home/vim3/myros/12-navigation/navigation_ws/install/autopatrol_interfaces/include/autopatrol_interfaces/autopatrol_interfaces/srv/detail/speech_text__traits.hpp
[79.429s] -- Installing: /home/vim3/myros/12-navigation/navigation_ws/install/autopatrol_interfaces/include/autopatrol_interfaces/autopatrol_interfaces/srv/detail/speech_text__builder.hpp
[79.429s] -- Installing: /home/vim3/myros/12-navigation/navigation_ws/install/autopatrol_interfaces/include/autopatrol_interfaces/autopatrol_interfaces/srv/detail/speech_text__type_support.hpp
[79.433s] -- Up-to-date: /home/vim3/myros/12-navigation/navigation_ws/install/autopatrol_interfaces/include/autopatrol_interfaces/autopatrol_interfaces/msg
[79.434s] -- Installing: /home/vim3/myros/12-navigation/navigation_ws/install/autopatrol_interfaces/include/autopatrol_interfaces/autopatrol_interfaces/msg/rosidl_generator_cpp__visibility_control.hpp
[79.439s] -- Up-to-date: /home/vim3/myros/12-navigation/navigation_ws/install/autopatrol_interfaces/include/autopatrol_interfaces/autopatrol_interfaces
[79.440s] -- Up-to-date: /home/vim3/myros/12-navigation/navigation_ws/install/autopatrol_interfaces/include/autopatrol_interfaces/autopatrol_interfaces/srv
[79.444s] -- Up-to-date: /home/vim3/myros/12-navigation/navigation_ws/install/autopatrol_interfaces/include/autopatrol_interfaces/autopatrol_interfaces/srv/detail
[79.445s] -- Installing: /home/vim3/myros/12-navigation/navigation_ws/install/autopatrol_interfaces/include/autopatrol_interfaces/autopatrol_interfaces/srv/detail/dds_fastrtps
[79.449s] -- Installing: /home/vim3/myros/12-navigation/navigation_ws/install/autopatrol_interfaces/include/autopatrol_interfaces/autopatrol_interfaces/srv/detail/speech_text__rosidl_typesupport_fastrtps_cpp.hpp
[79.449s] -- Up-to-date: /home/vim3/myros/12-navigation/navigation_ws/install/autopatrol_interfaces/include/autopatrol_interfaces/autopatrol_interfaces/msg
[79.449s] -- Installing: /home/vim3/myros/12-navigation/navigation_ws/install/autopatrol_interfaces/include/autopatrol_interfaces/autopatrol_interfaces/msg/rosidl_typesupport_fastrtps_cpp__visibility_control.h
[79.453s] -- Installing: /home/vim3/myros/12-navigation/navigation_ws/install/autopatrol_interfaces/lib/libautopatrol_interfaces__rosidl_typesupport_fastrtps_cpp.so
[79.464s] -- Set runtime path of "/home/vim3/myros/12-navigation/navigation_ws/install/autopatrol_interfaces/lib/libautopatrol_interfaces__rosidl_typesupport_fastrtps_cpp.so" to ""
[79.467s] -- Up-to-date: /home/vim3/myros/12-navigation/navigation_ws/install/autopatrol_interfaces/include/autopatrol_interfaces/autopatrol_interfaces
[79.468s] -- Up-to-date: /home/vim3/myros/12-navigation/navigation_ws/install/autopatrol_interfaces/include/autopatrol_interfaces/autopatrol_interfaces/srv
[79.472s] -- Up-to-date: /home/vim3/myros/12-navigation/navigation_ws/install/autopatrol_interfaces/include/autopatrol_interfaces/autopatrol_interfaces/srv/detail
[79.474s] -- Installing: /home/vim3/myros/12-navigation/navigation_ws/install/autopatrol_interfaces/include/autopatrol_interfaces/autopatrol_interfaces/srv/detail/speech_text__rosidl_typesupport_introspection_cpp.hpp
[79.475s] -- Installing: /home/vim3/myros/12-navigation/navigation_ws/install/autopatrol_interfaces/include/autopatrol_interfaces/autopatrol_interfaces/srv/detail/speech_text__type_support.cpp
[79.478s] -- Installing: /home/vim3/myros/12-navigation/navigation_ws/install/autopatrol_interfaces/lib/libautopatrol_interfaces__rosidl_typesupport_introspection_cpp.so
[79.487s] -- Set runtime path of "/home/vim3/myros/12-navigation/navigation_ws/install/autopatrol_interfaces/lib/libautopatrol_interfaces__rosidl_typesupport_introspection_cpp.so" to ""
[79.490s] -- Installing: /home/vim3/myros/12-navigation/navigation_ws/install/autopatrol_interfaces/lib/libautopatrol_interfaces__rosidl_typesupport_cpp.so
[79.500s] -- Set runtime path of "/home/vim3/myros/12-navigation/navigation_ws/install/autopatrol_interfaces/lib/libautopatrol_interfaces__rosidl_typesupport_cpp.so" to ""
[79.504s] -- Installing: /home/vim3/myros/12-navigation/navigation_ws/install/autopatrol_interfaces/share/autopatrol_interfaces/environment/pythonpath.sh
[79.512s] -- Installing: /home/vim3/myros/12-navigation/navigation_ws/install/autopatrol_interfaces/share/autopatrol_interfaces/environment/pythonpath.dsv
[79.515s] -- Installing: /home/vim3/myros/12-navigation/navigation_ws/install/autopatrol_interfaces/local/lib/python3.10/dist-packages/autopatrol_interfaces-0.0.0-py3.10.egg-info
[79.521s] -- Installing: /home/vim3/myros/12-navigation/navigation_ws/install/autopatrol_interfaces/local/lib/python3.10/dist-packages/autopatrol_interfaces-0.0.0-py3.10.egg-info/dependency_links.txt
[79.526s] -- Installing: /home/vim3/myros/12-navigation/navigation_ws/install/autopatrol_interfaces/local/lib/python3.10/dist-packages/autopatrol_interfaces-0.0.0-py3.10.egg-info/SOURCES.txt
[79.526s] -- Installing: /home/vim3/myros/12-navigation/navigation_ws/install/autopatrol_interfaces/local/lib/python3.10/dist-packages/autopatrol_interfaces-0.0.0-py3.10.egg-info/top_level.txt
[79.529s] -- Installing: /home/vim3/myros/12-navigation/navigation_ws/install/autopatrol_interfaces/local/lib/python3.10/dist-packages/autopatrol_interfaces-0.0.0-py3.10.egg-info/PKG-INFO
[79.532s] -- Installing: /home/vim3/myros/12-navigation/navigation_ws/install/autopatrol_interfaces/local/lib/python3.10/dist-packages/autopatrol_interfaces
[79.535s] -- Installing: /home/vim3/myros/12-navigation/navigation_ws/install/autopatrol_interfaces/local/lib/python3.10/dist-packages/autopatrol_interfaces/libautopatrol_interfaces__rosidl_generator_py.so
[79.538s] -- Installing: /home/vim3/myros/12-navigation/navigation_ws/install/autopatrol_interfaces/local/lib/python3.10/dist-packages/autopatrol_interfaces/autopatrol_interfaces_s__rosidl_typesupport_c.cpython-310-x86_64-linux-gnu.so
[79.538s] -- Installing: /home/vim3/myros/12-navigation/navigation_ws/install/autopatrol_interfaces/local/lib/python3.10/dist-packages/autopatrol_interfaces/_autopatrol_interfaces_s.ep.rosidl_typesupport_c.c
[79.539s] -- Installing: /home/vim3/myros/12-navigation/navigation_ws/install/autopatrol_interfaces/local/lib/python3.10/dist-packages/autopatrol_interfaces/_autopatrol_interfaces_s.ep.rosidl_typesupport_introspection_c.c
[79.547s] -- Installing: /home/vim3/myros/12-navigation/navigation_ws/install/autopatrol_interfaces/local/lib/python3.10/dist-packages/autopatrol_interfaces/srv
[79.551s] -- Installing: /home/vim3/myros/12-navigation/navigation_ws/install/autopatrol_interfaces/local/lib/python3.10/dist-packages/autopatrol_interfaces/srv/_speech_text.py
[79.554s] -- Installing: /home/vim3/myros/12-navigation/navigation_ws/install/autopatrol_interfaces/local/lib/python3.10/dist-packages/autopatrol_interfaces/srv/__init__.py
[79.559s] -- Installing: /home/vim3/myros/12-navigation/navigation_ws/install/autopatrol_interfaces/local/lib/python3.10/dist-packages/autopatrol_interfaces/srv/_speech_text_s.c
[79.564s] -- Installing: /home/vim3/myros/12-navigation/navigation_ws/install/autopatrol_interfaces/local/lib/python3.10/dist-packages/autopatrol_interfaces/autopatrol_interfaces_s__rosidl_typesupport_introspection_c.cpython-310-x86_64-linux-gnu.so
[79.565s] -- Installing: /home/vim3/myros/12-navigation/navigation_ws/install/autopatrol_interfaces/local/lib/python3.10/dist-packages/autopatrol_interfaces/autopatrol_interfaces_s__rosidl_typesupport_fastrtps_c.cpython-310-x86_64-linux-gnu.so
[79.576s] -- Installing: /home/vim3/myros/12-navigation/navigation_ws/install/autopatrol_interfaces/local/lib/python3.10/dist-packages/autopatrol_interfaces/_autopatrol_interfaces_s.ep.rosidl_typesupport_fastrtps_c.c
[79.583s] -- Installing: /home/vim3/myros/12-navigation/navigation_ws/install/autopatrol_interfaces/local/lib/python3.10/dist-packages/autopatrol_interfaces/__init__.py
[79.967s] Listing '/home/vim3/myros/12-navigation/navigation_ws/install/autopatrol_interfaces/local/lib/python3.10/dist-packages/autopatrol_interfaces'...
[79.972s] Compiling '/home/vim3/myros/12-navigation/navigation_ws/install/autopatrol_interfaces/local/lib/python3.10/dist-packages/autopatrol_interfaces/__init__.py'...
[79.972s] Listing '/home/vim3/myros/12-navigation/navigation_ws/install/autopatrol_interfaces/local/lib/python3.10/dist-packages/autopatrol_interfaces/srv'...
[79.973s] Compiling '/home/vim3/myros/12-navigation/navigation_ws/install/autopatrol_interfaces/local/lib/python3.10/dist-packages/autopatrol_interfaces/srv/__init__.py'...
[79.978s] Compiling '/home/vim3/myros/12-navigation/navigation_ws/install/autopatrol_interfaces/local/lib/python3.10/dist-packages/autopatrol_interfaces/srv/_speech_text.py'...
[79.998s] -- Installing: /home/vim3/myros/12-navigation/navigation_ws/install/autopatrol_interfaces/local/lib/python3.10/dist-packages/autopatrol_interfaces/autopatrol_interfaces_s__rosidl_typesupport_fastrtps_c.cpython-310-x86_64-linux-gnu.so
[80.013s] -- Set runtime path of "/home/vim3/myros/12-navigation/navigation_ws/install/autopatrol_interfaces/local/lib/python3.10/dist-packages/autopatrol_interfaces/autopatrol_interfaces_s__rosidl_typesupport_fastrtps_c.cpython-310-x86_64-linux-gnu.so" to ""
[80.028s] -- Installing: /home/vim3/myros/12-navigation/navigation_ws/install/autopatrol_interfaces/local/lib/python3.10/dist-packages/autopatrol_interfaces/autopatrol_interfaces_s__rosidl_typesupport_introspection_c.cpython-310-x86_64-linux-gnu.so
[80.049s] -- Set runtime path of "/home/vim3/myros/12-navigation/navigation_ws/install/autopatrol_interfaces/local/lib/python3.10/dist-packages/autopatrol_interfaces/autopatrol_interfaces_s__rosidl_typesupport_introspection_c.cpython-310-x86_64-linux-gnu.so" to ""
[80.053s] -- Installing: /home/vim3/myros/12-navigation/navigation_ws/install/autopatrol_interfaces/local/lib/python3.10/dist-packages/autopatrol_interfaces/autopatrol_interfaces_s__rosidl_typesupport_c.cpython-310-x86_64-linux-gnu.so
[80.076s] -- Set runtime path of "/home/vim3/myros/12-navigation/navigation_ws/install/autopatrol_interfaces/local/lib/python3.10/dist-packages/autopatrol_interfaces/autopatrol_interfaces_s__rosidl_typesupport_c.cpython-310-x86_64-linux-gnu.so" to ""
[80.080s] -- Installing: /home/vim3/myros/12-navigation/navigation_ws/install/autopatrol_interfaces/lib/libautopatrol_interfaces__rosidl_generator_py.so
[80.097s] -- Set runtime path of "/home/vim3/myros/12-navigation/navigation_ws/install/autopatrol_interfaces/lib/libautopatrol_interfaces__rosidl_generator_py.so" to ""
[80.098s] -- Installing: /home/vim3/myros/12-navigation/navigation_ws/install/autopatrol_interfaces/share/autopatrol_interfaces/srv/SpeechText.idl
[80.106s] -- Installing: /home/vim3/myros/12-navigation/navigation_ws/install/autopatrol_interfaces/share/autopatrol_interfaces/srv/SpeechText.srv
[80.109s] -- Installing: /home/vim3/myros/12-navigation/navigation_ws/install/autopatrol_interfaces/share/autopatrol_interfaces/srv/SpeechText_Request.msg
[80.114s] -- Installing: /home/vim3/myros/12-navigation/navigation_ws/install/autopatrol_interfaces/share/autopatrol_interfaces/srv/SpeechText_Response.msg
[80.121s] -- Installing: /home/vim3/myros/12-navigation/navigation_ws/install/autopatrol_interfaces/share/ament_index/resource_index/package_run_dependencies/autopatrol_interfaces
[80.128s] -- Installing: /home/vim3/myros/12-navigation/navigation_ws/install/autopatrol_interfaces/share/ament_index/resource_index/parent_prefix_path/autopatrol_interfaces
[80.132s] -- Installing: /home/vim3/myros/12-navigation/navigation_ws/install/autopatrol_interfaces/share/autopatrol_interfaces/environment/ament_prefix_path.sh
[80.141s] -- Installing: /home/vim3/myros/12-navigation/navigation_ws/install/autopatrol_interfaces/share/autopatrol_interfaces/environment/ament_prefix_path.dsv
[80.144s] -- Installing: /home/vim3/myros/12-navigation/navigation_ws/install/autopatrol_interfaces/share/autopatrol_interfaces/environment/path.sh
[80.155s] -- Installing: /home/vim3/myros/12-navigation/navigation_ws/install/autopatrol_interfaces/share/autopatrol_interfaces/environment/path.dsv
[80.160s] -- Installing: /home/vim3/myros/12-navigation/navigation_ws/install/autopatrol_interfaces/share/autopatrol_interfaces/local_setup.bash
[80.165s] -- Installing: /home/vim3/myros/12-navigation/navigation_ws/install/autopatrol_interfaces/share/autopatrol_interfaces/local_setup.sh
[80.170s] -- Installing: /home/vim3/myros/12-navigation/navigation_ws/install/autopatrol_interfaces/share/autopatrol_interfaces/local_setup.zsh
[80.174s] -- Installing: /home/vim3/myros/12-navigation/navigation_ws/install/autopatrol_interfaces/share/autopatrol_interfaces/local_setup.dsv
[80.180s] -- Installing: /home/vim3/myros/12-navigation/navigation_ws/install/autopatrol_interfaces/share/autopatrol_interfaces/package.dsv
[80.187s] -- Installing: /home/vim3/myros/12-navigation/navigation_ws/install/autopatrol_interfaces/share/ament_index/resource_index/packages/autopatrol_interfaces
[80.192s] -- Installing: /home/vim3/myros/12-navigation/navigation_ws/install/autopatrol_interfaces/share/autopatrol_interfaces/cmake/export_autopatrol_interfaces__rosidl_generator_cExport.cmake
[80.196s] -- Installing: /home/vim3/myros/12-navigation/navigation_ws/install/autopatrol_interfaces/share/autopatrol_interfaces/cmake/export_autopatrol_interfaces__rosidl_generator_cExport-noconfig.cmake
[80.202s] -- Installing: /home/vim3/myros/12-navigation/navigation_ws/install/autopatrol_interfaces/share/autopatrol_interfaces/cmake/export_autopatrol_interfaces__rosidl_typesupport_fastrtps_cExport.cmake
[80.213s] -- Installing: /home/vim3/myros/12-navigation/navigation_ws/install/autopatrol_interfaces/share/autopatrol_interfaces/cmake/export_autopatrol_interfaces__rosidl_typesupport_fastrtps_cExport-noconfig.cmake
[80.214s] -- Installing: /home/vim3/myros/12-navigation/navigation_ws/install/autopatrol_interfaces/share/autopatrol_interfaces/cmake/autopatrol_interfaces__rosidl_typesupport_introspection_cExport.cmake
[80.216s] -- Installing: /home/vim3/myros/12-navigation/navigation_ws/install/autopatrol_interfaces/share/autopatrol_interfaces/cmake/autopatrol_interfaces__rosidl_typesupport_introspection_cExport-noconfig.cmake
[80.225s] -- Installing: /home/vim3/myros/12-navigation/navigation_ws/install/autopatrol_interfaces/share/autopatrol_interfaces/cmake/autopatrol_interfaces__rosidl_typesupport_cExport.cmake
[80.242s] -- Installing: /home/vim3/myros/12-navigation/navigation_ws/install/autopatrol_interfaces/share/autopatrol_interfaces/cmake/autopatrol_interfaces__rosidl_typesupport_cExport-noconfig.cmake
[80.248s] -- Installing: /home/vim3/myros/12-navigation/navigation_ws/install/autopatrol_interfaces/share/autopatrol_interfaces/cmake/export_autopatrol_interfaces__rosidl_generator_cppExport.cmake
[80.256s] -- Installing: /home/vim3/myros/12-navigation/navigation_ws/install/autopatrol_interfaces/share/autopatrol_interfaces/cmake/export_autopatrol_interfaces__rosidl_typesupport_fastrtps_cppExport.cmake
[80.261s] -- Installing: /home/vim3/myros/12-navigation/navigation_ws/install/autopatrol_interfaces/share/autopatrol_interfaces/cmake/export_autopatrol_interfaces__rosidl_typesupport_fastrtps_cppExport-noconfig.cmake
[80.267s] -- Installing: /home/vim3/myros/12-navigation/navigation_ws/install/autopatrol_interfaces/share/autopatrol_interfaces/cmake/autopatrol_interfaces__rosidl_typesupport_introspection_cppExport.cmake
[80.283s] -- Installing: /home/vim3/myros/12-navigation/navigation_ws/install/autopatrol_interfaces/share/autopatrol_interfaces/cmake/autopatrol_interfaces__rosidl_typesupport_introspection_cppExport-noconfig.cmake
[80.286s] -- Installing: /home/vim3/myros/12-navigation/navigation_ws/install/autopatrol_interfaces/share/autopatrol_interfaces/cmake/autopatrol_interfaces__rosidl_typesupport_cppExport.cmake
[80.299s] -- Installing: /home/vim3/myros/12-navigation/navigation_ws/install/autopatrol_interfaces/share/autopatrol_interfaces/cmake/autopatrol_interfaces__rosidl_typesupport_cppExport-noconfig.cmake
[80.304s] -- Installing: /home/vim3/myros/12-navigation/navigation_ws/install/autopatrol_interfaces/share/autopatrol_interfaces/cmake/export_autopatrol_interfaces__rosidl_generator_pyExport.cmake
[80.312s] -- Installing: /home/vim3/myros/12-navigation/navigation_ws/install/autopatrol_interfaces/share/autopatrol_interfaces/cmake/export_autopatrol_interfaces__rosidl_generator_pyExport-noconfig.cmake
[80.324s] -- Installing: /home/vim3/myros/12-navigation/navigation_ws/install/autopatrol_interfaces/share/autopatrol_interfaces/cmake/rosidl_cmake-extras.cmake
[80.326s] -- Installing: /home/vim3/myros/12-navigation/navigation_ws/install/autopatrol_interfaces/share/autopatrol_interfaces/cmake/ament_cmake_export_include_directories-extras.cmake
[80.333s] -- Installing: /home/vim3/myros/12-navigation/navigation_ws/install/autopatrol_interfaces/share/autopatrol_interfaces/cmake/ament_cmake_export_libraries-extras.cmake
[80.337s] -- Installing: /home/vim3/myros/12-navigation/navigation_ws/install/autopatrol_interfaces/share/autopatrol_interfaces/cmake/ament_cmake_export_targets-extras.cmake
[80.343s] -- Installing: /home/vim3/myros/12-navigation/navigation_ws/install/autopatrol_interfaces/share/autopatrol_interfaces/cmake/rosidl_cmake_export_typesupport_targets-extras.cmake
[80.344s] -- Installing: /home/vim3/myros/12-navigation/navigation_ws/install/autopatrol_interfaces/share/autopatrol_interfaces/cmake/ament_cmake_export_dependencies-extras.cmake
[80.344s] -- Installing: /home/vim3/myros/12-navigation/navigation_ws/install/autopatrol_interfaces/share/autopatrol_interfaces/cmake/rosidl_cmake_export_typesupport_libraries-extras.cmake
[80.347s] -- Installing: /home/vim3/myros/12-navigation/navigation_ws/install/autopatrol_interfaces/share/autopatrol_interfaces/cmake/autopatrol_interfacesConfig.cmake
[80.347s] -- Installing: /home/vim3/myros/12-navigation/navigation_ws/install/autopatrol_interfaces/share/autopatrol_interfaces/cmake/autopatrol_interfacesConfig-version.cmake
[80.351s] -- Installing: /home/vim3/myros/12-navigation/navigation_ws/install/autopatrol_interfaces/share/autopatrol_interfaces/package.xml
[80.378s] Invoked command in '/home/vim3/myros/12-navigation/navigation_ws/build/autopatrol_interfaces' returned '0': CMAKE_PREFIX_PATH=/opt/ros/humble /usr/bin/cmake --install /home/vim3/myros/12-navigation/navigation_ws/build/autopatrol_interfaces
