[2.812s] Invoking command in '/home/vim3/myros/12-navigation/navigation_ws/build/autopatrol_interfaces': CMAKE_PREFIX_PATH=${CMAKE_PREFIX_PATH}:/home/vim3/myros/12-navigation/navigation_ws/install/dongbot_application:/home/vim3/myros/12-navigation/navigation_ws/install/autopartol_robot:/opt/ros/humble /usr/bin/cmake --build /home/vim3/myros/12-navigation/navigation_ws/build/autopatrol_interfaces -- -j2 -l2
[3.940s] [  3%] Built target autopatrol_interfaces__cpp
[4.384s] [ 12%] Built target autopatrol_interfaces__rosidl_generator_c
[5.316s] [ 12%] Built target ament_cmake_python_copy_autopatrol_interfaces
[5.846s] [ 22%] Built target autopatrol_interfaces__rosidl_typesupport_cpp
[6.424s] [ 32%] Built target autopatrol_interfaces__rosidl_typesupport_fastrtps_c
[7.011s] [ 41%] Built target autopatrol_interfaces__rosidl_typesupport_introspection_c
[7.770s] [ 51%] Built target autopatrol_interfaces__rosidl_typesupport_c
[8.306s] [ 61%] Built target autopatrol_interfaces__rosidl_typesupport_fastrtps_cpp
[8.758s] [ 70%] Built target autopatrol_interfaces__rosidl_typesupport_introspection_cpp
[13.674s] running egg_info
[13.679s] writing autopatrol_interfaces.egg-info/PKG-INFO
[13.679s] writing dependency_links to autopatrol_interfaces.egg-info/dependency_links.txt
[13.679s] writing top-level names to autopatrol_interfaces.egg-info/top_level.txt
[13.703s] reading manifest file 'autopatrol_interfaces.egg-info/SOURCES.txt'
[13.705s] writing manifest file 'autopatrol_interfaces.egg-info/SOURCES.txt'
[14.013s] [ 70%] Built target ament_cmake_python_build_autopatrol_interfaces_egg
[14.534s] [ 70%] Built target autopatrol_interfaces
[14.981s] [ 74%] Built target autopatrol_interfaces__py
[15.549s] [ 80%] Built target autopatrol_interfaces__rosidl_generator_py
[15.992s] [ 87%] Built target autopatrol_interfaces__rosidl_typesupport_fastrtps_c__pyext
[16.464s] [ 93%] Built target autopatrol_interfaces__rosidl_typesupport_introspection_c__pyext
[16.983s] [100%] Built target autopatrol_interfaces__rosidl_typesupport_c__pyext
[17.313s] Invoked command in '/home/vim3/myros/12-navigation/navigation_ws/build/autopatrol_interfaces' returned '0': CMAKE_PREFIX_PATH=${CMAKE_PREFIX_PATH}:/home/vim3/myros/12-navigation/navigation_ws/install/dongbot_application:/home/vim3/myros/12-navigation/navigation_ws/install/autopartol_robot:/opt/ros/humble /usr/bin/cmake --build /home/vim3/myros/12-navigation/navigation_ws/build/autopatrol_interfaces -- -j2 -l2
[17.516s] Invoking command in '/home/vim3/myros/12-navigation/navigation_ws/build/autopatrol_interfaces': CMAKE_PREFIX_PATH=${CMAKE_PREFIX_PATH}:/home/vim3/myros/12-navigation/navigation_ws/install/dongbot_application:/home/vim3/myros/12-navigation/navigation_ws/install/autopartol_robot:/opt/ros/humble /usr/bin/cmake --install /home/vim3/myros/12-navigation/navigation_ws/build/autopatrol_interfaces
[17.762s] -- Install configuration: ""
[17.762s] -- Up-to-date: /home/vim3/myros/12-navigation/navigation_ws/install/autopatrol_interfaces/share/ament_index/resource_index/rosidl_interfaces/autopatrol_interfaces
[17.763s] -- Up-to-date: /home/vim3/myros/12-navigation/navigation_ws/install/autopatrol_interfaces/include/autopatrol_interfaces/autopatrol_interfaces
[17.763s] -- Up-to-date: /home/vim3/myros/12-navigation/navigation_ws/install/autopatrol_interfaces/include/autopatrol_interfaces/autopatrol_interfaces/srv
[17.773s] -- Up-to-date: /home/vim3/myros/12-navigation/navigation_ws/install/autopatrol_interfaces/include/autopatrol_interfaces/autopatrol_interfaces/srv/speech_text.h
[17.773s] -- Up-to-date: /home/vim3/myros/12-navigation/navigation_ws/install/autopatrol_interfaces/include/autopatrol_interfaces/autopatrol_interfaces/srv/detail
[17.773s] -- Up-to-date: /home/vim3/myros/12-navigation/navigation_ws/install/autopatrol_interfaces/include/autopatrol_interfaces/autopatrol_interfaces/srv/detail/speech_text__functions.h
[17.773s] -- Up-to-date: /home/vim3/myros/12-navigation/navigation_ws/install/autopatrol_interfaces/include/autopatrol_interfaces/autopatrol_interfaces/srv/detail/speech_text__struct.h
[17.774s] -- Up-to-date: /home/vim3/myros/12-navigation/navigation_ws/install/autopatrol_interfaces/include/autopatrol_interfaces/autopatrol_interfaces/srv/detail/speech_text__type_support.h
[17.801s] -- Up-to-date: /home/vim3/myros/12-navigation/navigation_ws/install/autopatrol_interfaces/include/autopatrol_interfaces/autopatrol_interfaces/srv/detail/speech_text__functions.c
[17.801s] -- Up-to-date: /home/vim3/myros/12-navigation/navigation_ws/install/autopatrol_interfaces/include/autopatrol_interfaces/autopatrol_interfaces/msg
[17.801s] -- Up-to-date: /home/vim3/myros/12-navigation/navigation_ws/install/autopatrol_interfaces/include/autopatrol_interfaces/autopatrol_interfaces/msg/rosidl_generator_c__visibility_control.h
[17.809s] -- Up-to-date: /home/vim3/myros/12-navigation/navigation_ws/install/autopatrol_interfaces/share/autopatrol_interfaces/environment/library_path.sh
[17.809s] -- Up-to-date: /home/vim3/myros/12-navigation/navigation_ws/install/autopatrol_interfaces/share/autopatrol_interfaces/environment/library_path.dsv
[17.809s] -- Up-to-date: /home/vim3/myros/12-navigation/navigation_ws/install/autopatrol_interfaces/lib/libautopatrol_interfaces__rosidl_generator_c.so
[17.810s] -- Up-to-date: /home/vim3/myros/12-navigation/navigation_ws/install/autopatrol_interfaces/include/autopatrol_interfaces/autopatrol_interfaces
[17.810s] -- Up-to-date: /home/vim3/myros/12-navigation/navigation_ws/install/autopatrol_interfaces/include/autopatrol_interfaces/autopatrol_interfaces/srv
[17.810s] -- Up-to-date: /home/vim3/myros/12-navigation/navigation_ws/install/autopatrol_interfaces/include/autopatrol_interfaces/autopatrol_interfaces/srv/detail
[17.810s] -- Up-to-date: /home/vim3/myros/12-navigation/navigation_ws/install/autopatrol_interfaces/include/autopatrol_interfaces/autopatrol_interfaces/srv/detail/speech_text__rosidl_typesupport_fastrtps_c.h
[17.842s] -- Up-to-date: /home/vim3/myros/12-navigation/navigation_ws/install/autopatrol_interfaces/include/autopatrol_interfaces/autopatrol_interfaces/msg
[17.843s] -- Up-to-date: /home/vim3/myros/12-navigation/navigation_ws/install/autopatrol_interfaces/include/autopatrol_interfaces/autopatrol_interfaces/msg/rosidl_typesupport_fastrtps_c__visibility_control.h
[17.844s] -- Up-to-date: /home/vim3/myros/12-navigation/navigation_ws/install/autopatrol_interfaces/lib/libautopatrol_interfaces__rosidl_typesupport_fastrtps_c.so
[17.844s] -- Up-to-date: /home/vim3/myros/12-navigation/navigation_ws/install/autopatrol_interfaces/include/autopatrol_interfaces/autopatrol_interfaces
[17.854s] -- Up-to-date: /home/vim3/myros/12-navigation/navigation_ws/install/autopatrol_interfaces/include/autopatrol_interfaces/autopatrol_interfaces/srv
[17.854s] -- Up-to-date: /home/vim3/myros/12-navigation/navigation_ws/install/autopatrol_interfaces/include/autopatrol_interfaces/autopatrol_interfaces/srv/detail
[17.854s] -- Up-to-date: /home/vim3/myros/12-navigation/navigation_ws/install/autopatrol_interfaces/include/autopatrol_interfaces/autopatrol_interfaces/srv/detail/speech_text__type_support.c
[17.854s] -- Up-to-date: /home/vim3/myros/12-navigation/navigation_ws/install/autopatrol_interfaces/include/autopatrol_interfaces/autopatrol_interfaces/srv/detail/speech_text__rosidl_typesupport_introspection_c.h
[17.855s] -- Up-to-date: /home/vim3/myros/12-navigation/navigation_ws/install/autopatrol_interfaces/include/autopatrol_interfaces/autopatrol_interfaces/msg
[17.855s] -- Up-to-date: /home/vim3/myros/12-navigation/navigation_ws/install/autopatrol_interfaces/include/autopatrol_interfaces/autopatrol_interfaces/msg/rosidl_typesupport_introspection_c__visibility_control.h
[17.855s] -- Up-to-date: /home/vim3/myros/12-navigation/navigation_ws/install/autopatrol_interfaces/lib/libautopatrol_interfaces__rosidl_typesupport_introspection_c.so
[17.855s] -- Up-to-date: /home/vim3/myros/12-navigation/navigation_ws/install/autopatrol_interfaces/lib/libautopatrol_interfaces__rosidl_typesupport_c.so
[17.855s] -- Up-to-date: /home/vim3/myros/12-navigation/navigation_ws/install/autopatrol_interfaces/include/autopatrol_interfaces/autopatrol_interfaces
[17.871s] -- Up-to-date: /home/vim3/myros/12-navigation/navigation_ws/install/autopatrol_interfaces/include/autopatrol_interfaces/autopatrol_interfaces/srv
[17.871s] -- Up-to-date: /home/vim3/myros/12-navigation/navigation_ws/install/autopatrol_interfaces/include/autopatrol_interfaces/autopatrol_interfaces/srv/speech_text.hpp
[17.872s] -- Up-to-date: /home/vim3/myros/12-navigation/navigation_ws/install/autopatrol_interfaces/include/autopatrol_interfaces/autopatrol_interfaces/srv/detail
[17.872s] -- Up-to-date: /home/vim3/myros/12-navigation/navigation_ws/install/autopatrol_interfaces/include/autopatrol_interfaces/autopatrol_interfaces/srv/detail/speech_text__struct.hpp
[17.872s] -- Up-to-date: /home/vim3/myros/12-navigation/navigation_ws/install/autopatrol_interfaces/include/autopatrol_interfaces/autopatrol_interfaces/srv/detail/speech_text__traits.hpp
[17.872s] -- Up-to-date: /home/vim3/myros/12-navigation/navigation_ws/install/autopatrol_interfaces/include/autopatrol_interfaces/autopatrol_interfaces/srv/detail/speech_text__builder.hpp
[17.886s] -- Up-to-date: /home/vim3/myros/12-navigation/navigation_ws/install/autopatrol_interfaces/include/autopatrol_interfaces/autopatrol_interfaces/srv/detail/speech_text__type_support.hpp
[17.886s] -- Up-to-date: /home/vim3/myros/12-navigation/navigation_ws/install/autopatrol_interfaces/include/autopatrol_interfaces/autopatrol_interfaces/msg
[17.886s] -- Up-to-date: /home/vim3/myros/12-navigation/navigation_ws/install/autopatrol_interfaces/include/autopatrol_interfaces/autopatrol_interfaces/msg/rosidl_generator_cpp__visibility_control.hpp
[17.886s] -- Up-to-date: /home/vim3/myros/12-navigation/navigation_ws/install/autopatrol_interfaces/include/autopatrol_interfaces/autopatrol_interfaces
[17.887s] -- Up-to-date: /home/vim3/myros/12-navigation/navigation_ws/install/autopatrol_interfaces/include/autopatrol_interfaces/autopatrol_interfaces/srv
[17.887s] -- Up-to-date: /home/vim3/myros/12-navigation/navigation_ws/install/autopatrol_interfaces/include/autopatrol_interfaces/autopatrol_interfaces/srv/detail
[17.914s] -- Up-to-date: /home/vim3/myros/12-navigation/navigation_ws/install/autopatrol_interfaces/include/autopatrol_interfaces/autopatrol_interfaces/srv/detail/dds_fastrtps
[17.915s] -- Up-to-date: /home/vim3/myros/12-navigation/navigation_ws/install/autopatrol_interfaces/include/autopatrol_interfaces/autopatrol_interfaces/srv/detail/speech_text__rosidl_typesupport_fastrtps_cpp.hpp
[17.915s] -- Up-to-date: /home/vim3/myros/12-navigation/navigation_ws/install/autopatrol_interfaces/include/autopatrol_interfaces/autopatrol_interfaces/msg
[17.950s] -- Up-to-date: /home/vim3/myros/12-navigation/navigation_ws/install/autopatrol_interfaces/include/autopatrol_interfaces/autopatrol_interfaces/msg/rosidl_typesupport_fastrtps_cpp__visibility_control.h
[17.950s] -- Up-to-date: /home/vim3/myros/12-navigation/navigation_ws/install/autopatrol_interfaces/lib/libautopatrol_interfaces__rosidl_typesupport_fastrtps_cpp.so
[17.950s] -- Up-to-date: /home/vim3/myros/12-navigation/navigation_ws/install/autopatrol_interfaces/include/autopatrol_interfaces/autopatrol_interfaces
[17.951s] -- Up-to-date: /home/vim3/myros/12-navigation/navigation_ws/install/autopatrol_interfaces/include/autopatrol_interfaces/autopatrol_interfaces/srv
[17.951s] -- Up-to-date: /home/vim3/myros/12-navigation/navigation_ws/install/autopatrol_interfaces/include/autopatrol_interfaces/autopatrol_interfaces/srv/detail
[17.951s] -- Up-to-date: /home/vim3/myros/12-navigation/navigation_ws/install/autopatrol_interfaces/include/autopatrol_interfaces/autopatrol_interfaces/srv/detail/speech_text__rosidl_typesupport_introspection_cpp.hpp
[17.951s] -- Up-to-date: /home/vim3/myros/12-navigation/navigation_ws/install/autopatrol_interfaces/include/autopatrol_interfaces/autopatrol_interfaces/srv/detail/speech_text__type_support.cpp
[17.951s] -- Up-to-date: /home/vim3/myros/12-navigation/navigation_ws/install/autopatrol_interfaces/lib/libautopatrol_interfaces__rosidl_typesupport_introspection_cpp.so
[17.966s] -- Up-to-date: /home/vim3/myros/12-navigation/navigation_ws/install/autopatrol_interfaces/lib/libautopatrol_interfaces__rosidl_typesupport_cpp.so
[17.966s] -- Up-to-date: /home/vim3/myros/12-navigation/navigation_ws/install/autopatrol_interfaces/share/autopatrol_interfaces/environment/pythonpath.sh
[17.967s] -- Up-to-date: /home/vim3/myros/12-navigation/navigation_ws/install/autopatrol_interfaces/share/autopatrol_interfaces/environment/pythonpath.dsv
[17.967s] -- Up-to-date: /home/vim3/myros/12-navigation/navigation_ws/install/autopatrol_interfaces/local/lib/python3.10/dist-packages/autopatrol_interfaces-0.0.0-py3.10.egg-info
[17.967s] -- Installing: /home/vim3/myros/12-navigation/navigation_ws/install/autopatrol_interfaces/local/lib/python3.10/dist-packages/autopatrol_interfaces-0.0.0-py3.10.egg-info/dependency_links.txt
[17.967s] -- Installing: /home/vim3/myros/12-navigation/navigation_ws/install/autopatrol_interfaces/local/lib/python3.10/dist-packages/autopatrol_interfaces-0.0.0-py3.10.egg-info/SOURCES.txt
[17.982s] -- Installing: /home/vim3/myros/12-navigation/navigation_ws/install/autopatrol_interfaces/local/lib/python3.10/dist-packages/autopatrol_interfaces-0.0.0-py3.10.egg-info/top_level.txt
[17.982s] -- Installing: /home/vim3/myros/12-navigation/navigation_ws/install/autopatrol_interfaces/local/lib/python3.10/dist-packages/autopatrol_interfaces-0.0.0-py3.10.egg-info/PKG-INFO
[17.982s] -- Up-to-date: /home/vim3/myros/12-navigation/navigation_ws/install/autopatrol_interfaces/local/lib/python3.10/dist-packages/autopatrol_interfaces
[17.991s] -- Up-to-date: /home/vim3/myros/12-navigation/navigation_ws/install/autopatrol_interfaces/local/lib/python3.10/dist-packages/autopatrol_interfaces/libautopatrol_interfaces__rosidl_generator_py.so
[17.991s] -- Up-to-date: /home/vim3/myros/12-navigation/navigation_ws/install/autopatrol_interfaces/local/lib/python3.10/dist-packages/autopatrol_interfaces/autopatrol_interfaces_s__rosidl_typesupport_c.cpython-310-x86_64-linux-gnu.so
[18.002s] -- Up-to-date: /home/vim3/myros/12-navigation/navigation_ws/install/autopatrol_interfaces/local/lib/python3.10/dist-packages/autopatrol_interfaces/_autopatrol_interfaces_s.ep.rosidl_typesupport_c.c
[18.005s] -- Up-to-date: /home/vim3/myros/12-navigation/navigation_ws/install/autopatrol_interfaces/local/lib/python3.10/dist-packages/autopatrol_interfaces/_autopatrol_interfaces_s.ep.rosidl_typesupport_introspection_c.c
[18.005s] -- Up-to-date: /home/vim3/myros/12-navigation/navigation_ws/install/autopatrol_interfaces/local/lib/python3.10/dist-packages/autopatrol_interfaces/srv
[18.005s] -- Up-to-date: /home/vim3/myros/12-navigation/navigation_ws/install/autopatrol_interfaces/local/lib/python3.10/dist-packages/autopatrol_interfaces/srv/_speech_text.py
[18.005s] -- Up-to-date: /home/vim3/myros/12-navigation/navigation_ws/install/autopatrol_interfaces/local/lib/python3.10/dist-packages/autopatrol_interfaces/srv/__init__.py
[18.005s] -- Up-to-date: /home/vim3/myros/12-navigation/navigation_ws/install/autopatrol_interfaces/local/lib/python3.10/dist-packages/autopatrol_interfaces/srv/_speech_text_s.c
[18.024s] -- Up-to-date: /home/vim3/myros/12-navigation/navigation_ws/install/autopatrol_interfaces/local/lib/python3.10/dist-packages/autopatrol_interfaces/autopatrol_interfaces_s__rosidl_typesupport_introspection_c.cpython-310-x86_64-linux-gnu.so
[18.025s] -- Up-to-date: /home/vim3/myros/12-navigation/navigation_ws/install/autopatrol_interfaces/local/lib/python3.10/dist-packages/autopatrol_interfaces/autopatrol_interfaces_s__rosidl_typesupport_fastrtps_c.cpython-310-x86_64-linux-gnu.so
[18.025s] -- Up-to-date: /home/vim3/myros/12-navigation/navigation_ws/install/autopatrol_interfaces/local/lib/python3.10/dist-packages/autopatrol_interfaces/_autopatrol_interfaces_s.ep.rosidl_typesupport_fastrtps_c.c
[18.025s] -- Up-to-date: /home/vim3/myros/12-navigation/navigation_ws/install/autopatrol_interfaces/local/lib/python3.10/dist-packages/autopatrol_interfaces/__init__.py
[18.556s] Listing '/home/vim3/myros/12-navigation/navigation_ws/install/autopatrol_interfaces/local/lib/python3.10/dist-packages/autopatrol_interfaces'...
[18.569s] Listing '/home/vim3/myros/12-navigation/navigation_ws/install/autopatrol_interfaces/local/lib/python3.10/dist-packages/autopatrol_interfaces/srv'...
[18.661s] -- Up-to-date: /home/vim3/myros/12-navigation/navigation_ws/install/autopatrol_interfaces/local/lib/python3.10/dist-packages/autopatrol_interfaces/autopatrol_interfaces_s__rosidl_typesupport_fastrtps_c.cpython-310-x86_64-linux-gnu.so
[18.662s] -- Up-to-date: /home/vim3/myros/12-navigation/navigation_ws/install/autopatrol_interfaces/local/lib/python3.10/dist-packages/autopatrol_interfaces/autopatrol_interfaces_s__rosidl_typesupport_introspection_c.cpython-310-x86_64-linux-gnu.so
[18.662s] -- Up-to-date: /home/vim3/myros/12-navigation/navigation_ws/install/autopatrol_interfaces/local/lib/python3.10/dist-packages/autopatrol_interfaces/autopatrol_interfaces_s__rosidl_typesupport_c.cpython-310-x86_64-linux-gnu.so
[18.671s] -- Up-to-date: /home/vim3/myros/12-navigation/navigation_ws/install/autopatrol_interfaces/lib/libautopatrol_interfaces__rosidl_generator_py.so
[18.671s] -- Up-to-date: /home/vim3/myros/12-navigation/navigation_ws/install/autopatrol_interfaces/share/autopatrol_interfaces/srv/SpeechText.idl
[18.671s] -- Up-to-date: /home/vim3/myros/12-navigation/navigation_ws/install/autopatrol_interfaces/share/autopatrol_interfaces/srv/SpeechText.srv
[18.671s] -- Up-to-date: /home/vim3/myros/12-navigation/navigation_ws/install/autopatrol_interfaces/share/autopatrol_interfaces/srv/SpeechText_Request.msg
[18.677s] -- Up-to-date: /home/vim3/myros/12-navigation/navigation_ws/install/autopatrol_interfaces/share/autopatrol_interfaces/srv/SpeechText_Response.msg
[18.678s] -- Up-to-date: /home/vim3/myros/12-navigation/navigation_ws/install/autopatrol_interfaces/share/ament_index/resource_index/package_run_dependencies/autopatrol_interfaces
[18.678s] -- Up-to-date: /home/vim3/myros/12-navigation/navigation_ws/install/autopatrol_interfaces/share/ament_index/resource_index/parent_prefix_path/autopatrol_interfaces
[18.678s] -- Up-to-date: /home/vim3/myros/12-navigation/navigation_ws/install/autopatrol_interfaces/share/autopatrol_interfaces/environment/ament_prefix_path.sh
[18.678s] -- Up-to-date: /home/vim3/myros/12-navigation/navigation_ws/install/autopatrol_interfaces/share/autopatrol_interfaces/environment/ament_prefix_path.dsv
[18.678s] -- Up-to-date: /home/vim3/myros/12-navigation/navigation_ws/install/autopatrol_interfaces/share/autopatrol_interfaces/environment/path.sh
[18.679s] -- Up-to-date: /home/vim3/myros/12-navigation/navigation_ws/install/autopatrol_interfaces/share/autopatrol_interfaces/environment/path.dsv
[18.679s] -- Up-to-date: /home/vim3/myros/12-navigation/navigation_ws/install/autopatrol_interfaces/share/autopatrol_interfaces/local_setup.bash
[18.679s] -- Up-to-date: /home/vim3/myros/12-navigation/navigation_ws/install/autopatrol_interfaces/share/autopatrol_interfaces/local_setup.sh
[18.691s] -- Up-to-date: /home/vim3/myros/12-navigation/navigation_ws/install/autopatrol_interfaces/share/autopatrol_interfaces/local_setup.zsh
[18.691s] -- Up-to-date: /home/vim3/myros/12-navigation/navigation_ws/install/autopatrol_interfaces/share/autopatrol_interfaces/local_setup.dsv
[18.691s] -- Installing: /home/vim3/myros/12-navigation/navigation_ws/install/autopatrol_interfaces/share/autopatrol_interfaces/package.dsv
[18.692s] -- Up-to-date: /home/vim3/myros/12-navigation/navigation_ws/install/autopatrol_interfaces/share/ament_index/resource_index/packages/autopatrol_interfaces
[18.692s] -- Up-to-date: /home/vim3/myros/12-navigation/navigation_ws/install/autopatrol_interfaces/share/autopatrol_interfaces/cmake/export_autopatrol_interfaces__rosidl_generator_cExport.cmake
[18.692s] -- Up-to-date: /home/vim3/myros/12-navigation/navigation_ws/install/autopatrol_interfaces/share/autopatrol_interfaces/cmake/export_autopatrol_interfaces__rosidl_generator_cExport-noconfig.cmake
[18.692s] -- Up-to-date: /home/vim3/myros/12-navigation/navigation_ws/install/autopatrol_interfaces/share/autopatrol_interfaces/cmake/export_autopatrol_interfaces__rosidl_typesupport_fastrtps_cExport.cmake
[18.712s] -- Up-to-date: /home/vim3/myros/12-navigation/navigation_ws/install/autopatrol_interfaces/share/autopatrol_interfaces/cmake/export_autopatrol_interfaces__rosidl_typesupport_fastrtps_cExport-noconfig.cmake
[18.712s] -- Up-to-date: /home/vim3/myros/12-navigation/navigation_ws/install/autopatrol_interfaces/share/autopatrol_interfaces/cmake/autopatrol_interfaces__rosidl_typesupport_introspection_cExport.cmake
[18.712s] -- Up-to-date: /home/vim3/myros/12-navigation/navigation_ws/install/autopatrol_interfaces/share/autopatrol_interfaces/cmake/autopatrol_interfaces__rosidl_typesupport_introspection_cExport-noconfig.cmake
[18.712s] -- Up-to-date: /home/vim3/myros/12-navigation/navigation_ws/install/autopatrol_interfaces/share/autopatrol_interfaces/cmake/autopatrol_interfaces__rosidl_typesupport_cExport.cmake
[18.719s] -- Up-to-date: /home/vim3/myros/12-navigation/navigation_ws/install/autopatrol_interfaces/share/autopatrol_interfaces/cmake/autopatrol_interfaces__rosidl_typesupport_cExport-noconfig.cmake
[18.720s] -- Up-to-date: /home/vim3/myros/12-navigation/navigation_ws/install/autopatrol_interfaces/share/autopatrol_interfaces/cmake/export_autopatrol_interfaces__rosidl_generator_cppExport.cmake
[18.720s] -- Up-to-date: /home/vim3/myros/12-navigation/navigation_ws/install/autopatrol_interfaces/share/autopatrol_interfaces/cmake/export_autopatrol_interfaces__rosidl_typesupport_fastrtps_cppExport.cmake
[18.720s] -- Up-to-date: /home/vim3/myros/12-navigation/navigation_ws/install/autopatrol_interfaces/share/autopatrol_interfaces/cmake/export_autopatrol_interfaces__rosidl_typesupport_fastrtps_cppExport-noconfig.cmake
[18.720s] -- Up-to-date: /home/vim3/myros/12-navigation/navigation_ws/install/autopatrol_interfaces/share/autopatrol_interfaces/cmake/autopatrol_interfaces__rosidl_typesupport_introspection_cppExport.cmake
[18.720s] -- Up-to-date: /home/vim3/myros/12-navigation/navigation_ws/install/autopatrol_interfaces/share/autopatrol_interfaces/cmake/autopatrol_interfaces__rosidl_typesupport_introspection_cppExport-noconfig.cmake
[18.721s] -- Up-to-date: /home/vim3/myros/12-navigation/navigation_ws/install/autopatrol_interfaces/share/autopatrol_interfaces/cmake/autopatrol_interfaces__rosidl_typesupport_cppExport.cmake
[18.721s] -- Up-to-date: /home/vim3/myros/12-navigation/navigation_ws/install/autopatrol_interfaces/share/autopatrol_interfaces/cmake/autopatrol_interfaces__rosidl_typesupport_cppExport-noconfig.cmake
[18.721s] -- Up-to-date: /home/vim3/myros/12-navigation/navigation_ws/install/autopatrol_interfaces/share/autopatrol_interfaces/cmake/export_autopatrol_interfaces__rosidl_generator_pyExport.cmake
[18.721s] -- Up-to-date: /home/vim3/myros/12-navigation/navigation_ws/install/autopatrol_interfaces/share/autopatrol_interfaces/cmake/export_autopatrol_interfaces__rosidl_generator_pyExport-noconfig.cmake
[18.721s] -- Up-to-date: /home/vim3/myros/12-navigation/navigation_ws/install/autopatrol_interfaces/share/autopatrol_interfaces/cmake/rosidl_cmake-extras.cmake
[18.733s] -- Up-to-date: /home/vim3/myros/12-navigation/navigation_ws/install/autopatrol_interfaces/share/autopatrol_interfaces/cmake/ament_cmake_export_include_directories-extras.cmake
[18.734s] -- Up-to-date: /home/vim3/myros/12-navigation/navigation_ws/install/autopatrol_interfaces/share/autopatrol_interfaces/cmake/ament_cmake_export_libraries-extras.cmake
[18.738s] -- Up-to-date: /home/vim3/myros/12-navigation/navigation_ws/install/autopatrol_interfaces/share/autopatrol_interfaces/cmake/ament_cmake_export_targets-extras.cmake
[18.739s] -- Up-to-date: /home/vim3/myros/12-navigation/navigation_ws/install/autopatrol_interfaces/share/autopatrol_interfaces/cmake/rosidl_cmake_export_typesupport_targets-extras.cmake
[18.739s] -- Up-to-date: /home/vim3/myros/12-navigation/navigation_ws/install/autopatrol_interfaces/share/autopatrol_interfaces/cmake/ament_cmake_export_dependencies-extras.cmake
[18.739s] -- Up-to-date: /home/vim3/myros/12-navigation/navigation_ws/install/autopatrol_interfaces/share/autopatrol_interfaces/cmake/rosidl_cmake_export_typesupport_libraries-extras.cmake
[18.740s] -- Up-to-date: /home/vim3/myros/12-navigation/navigation_ws/install/autopatrol_interfaces/share/autopatrol_interfaces/cmake/autopatrol_interfacesConfig.cmake
[18.746s] -- Up-to-date: /home/vim3/myros/12-navigation/navigation_ws/install/autopatrol_interfaces/share/autopatrol_interfaces/cmake/autopatrol_interfacesConfig-version.cmake
[18.747s] -- Up-to-date: /home/vim3/myros/12-navigation/navigation_ws/install/autopatrol_interfaces/share/autopatrol_interfaces/package.xml
[21.261s] Invoked command in '/home/vim3/myros/12-navigation/navigation_ws/build/autopatrol_interfaces' returned '0': CMAKE_PREFIX_PATH=${CMAKE_PREFIX_PATH}:/home/vim3/myros/12-navigation/navigation_ws/install/dongbot_application:/home/vim3/myros/12-navigation/navigation_ws/install/autopartol_robot:/opt/ros/humble /usr/bin/cmake --install /home/vim3/myros/12-navigation/navigation_ws/build/autopatrol_interfaces
