[1.726s] DEBUG:colcon:Command line arguments: ['/usr/bin/colcon', 'build']
[1.726s] DEBUG:colcon:Parsed command line arguments: Namespace(log_base=None, log_level=None, verb_name='build', build_base='build', install_base='install', merge_install=False, symlink_install=False, test_result_base=None, continue_on_error=False, executor='parallel', parallel_workers=2, event_handlers=None, ignore_user_meta=False, metas=['./colcon.meta'], base_paths=['.'], packages_ignore=None, packages_ignore_regex=None, paths=None, packages_up_to=None, packages_up_to_regex=None, packages_above=None, packages_above_and_dependencies=None, packages_above_depth=None, packages_select_by_dep=None, packages_skip_by_dep=None, packages_skip_up_to=None, packages_select_build_failed=False, packages_skip_build_finished=False, packages_select_test_failures=False, packages_skip_test_passed=False, packages_select=None, packages_skip=None, packages_select_regex=None, packages_skip_regex=None, packages_start=None, packages_end=None, allow_overriding=[], cmake_args=None, cmake_target=None, cmake_target_skip_unavailable=False, cmake_clean_cache=False, cmake_clean_first=False, cmake_force_configure=False, ament_cmake_args=None, catkin_cmake_args=None, catkin_skip_building_tests=False, verb_parser=<colcon_defaults.argument_parser.defaults.DefaultArgumentsDecorator object at 0x7ad1e10689a0>, verb_extension=<colcon_core.verb.build.BuildVerb object at 0x7ad1e1175f00>, main=<bound method BuildVerb.main of <colcon_core.verb.build.BuildVerb object at 0x7ad1e1175f00>>)
[4.664s] Level 1:colcon.colcon_core.package_discovery:discover_packages(colcon_meta) check parameters
[4.666s] Level 1:colcon.colcon_core.package_discovery:discover_packages(recursive) check parameters
[4.666s] Level 1:colcon.colcon_core.package_discovery:discover_packages(ignore) check parameters
[4.666s] Level 1:colcon.colcon_core.package_discovery:discover_packages(path) check parameters
[4.666s] Level 1:colcon.colcon_core.package_discovery:discover_packages(colcon_meta) discover
[4.667s] Level 1:colcon.colcon_core.package_discovery:discover_packages(recursive) discover
[4.667s] INFO:colcon.colcon_core.package_discovery:Crawling recursively for packages in '/home/vim3/myros/12-navigation/navigation_ws'
[4.667s] Level 1:colcon.colcon_core.package_identification:_identify(.) by extensions ['ignore', 'ignore_ament_install']
[4.668s] Level 1:colcon.colcon_core.package_identification:_identify(.) by extension 'ignore'
[4.669s] Level 1:colcon.colcon_core.package_identification:_identify(.) by extension 'ignore_ament_install'
[4.669s] Level 1:colcon.colcon_core.package_identification:_identify(.) by extensions ['colcon_pkg']
[4.669s] Level 1:colcon.colcon_core.package_identification:_identify(.) by extension 'colcon_pkg'
[4.669s] Level 1:colcon.colcon_core.package_identification:_identify(.) by extensions ['colcon_meta']
[4.669s] Level 1:colcon.colcon_core.package_identification:_identify(.) by extension 'colcon_meta'
[4.669s] Level 1:colcon.colcon_core.package_identification:_identify(.) by extensions ['ros']
[4.669s] Level 1:colcon.colcon_core.package_identification:_identify(.) by extension 'ros'
[4.756s] Level 1:colcon.colcon_core.package_identification:_identify(.) by extensions ['cmake', 'python']
[4.757s] Level 1:colcon.colcon_core.package_identification:_identify(.) by extension 'cmake'
[4.757s] Level 1:colcon.colcon_core.package_identification:_identify(.) by extension 'python'
[4.757s] Level 1:colcon.colcon_core.package_identification:_identify(.) by extensions ['python_setup_py']
[4.757s] Level 1:colcon.colcon_core.package_identification:_identify(.) by extension 'python_setup_py'
[4.758s] Level 1:colcon.colcon_core.package_identification:_identify(build) by extensions ['ignore', 'ignore_ament_install']
[4.758s] Level 1:colcon.colcon_core.package_identification:_identify(build) by extension 'ignore'
[4.759s] Level 1:colcon.colcon_core.package_identification:_identify(build) ignored
[4.759s] Level 1:colcon.colcon_core.package_identification:_identify(install) by extensions ['ignore', 'ignore_ament_install']
[4.759s] Level 1:colcon.colcon_core.package_identification:_identify(install) by extension 'ignore'
[4.760s] Level 1:colcon.colcon_core.package_identification:_identify(install) ignored
[4.760s] Level 1:colcon.colcon_core.package_identification:_identify(log) by extensions ['ignore', 'ignore_ament_install']
[4.761s] Level 1:colcon.colcon_core.package_identification:_identify(log) by extension 'ignore'
[4.761s] Level 1:colcon.colcon_core.package_identification:_identify(log) ignored
[4.761s] Level 1:colcon.colcon_core.package_identification:_identify(src) by extensions ['ignore', 'ignore_ament_install']
[4.761s] Level 1:colcon.colcon_core.package_identification:_identify(src) by extension 'ignore'
[4.761s] Level 1:colcon.colcon_core.package_identification:_identify(src) by extension 'ignore_ament_install'
[4.762s] Level 1:colcon.colcon_core.package_identification:_identify(src) by extensions ['colcon_pkg']
[4.762s] Level 1:colcon.colcon_core.package_identification:_identify(src) by extension 'colcon_pkg'
[4.762s] Level 1:colcon.colcon_core.package_identification:_identify(src) by extensions ['colcon_meta']
[4.762s] Level 1:colcon.colcon_core.package_identification:_identify(src) by extension 'colcon_meta'
[4.762s] Level 1:colcon.colcon_core.package_identification:_identify(src) by extensions ['ros']
[4.762s] Level 1:colcon.colcon_core.package_identification:_identify(src) by extension 'ros'
[4.763s] Level 1:colcon.colcon_core.package_identification:_identify(src) by extensions ['cmake', 'python']
[4.763s] Level 1:colcon.colcon_core.package_identification:_identify(src) by extension 'cmake'
[4.764s] Level 1:colcon.colcon_core.package_identification:_identify(src) by extension 'python'
[4.765s] Level 1:colcon.colcon_core.package_identification:_identify(src) by extensions ['python_setup_py']
[4.765s] Level 1:colcon.colcon_core.package_identification:_identify(src) by extension 'python_setup_py'
[4.769s] Level 1:colcon.colcon_core.package_identification:_identify(src/autopartol_robot) by extensions ['ignore', 'ignore_ament_install']
[4.770s] Level 1:colcon.colcon_core.package_identification:_identify(src/autopartol_robot) by extension 'ignore'
[4.770s] Level 1:colcon.colcon_core.package_identification:_identify(src/autopartol_robot) by extension 'ignore_ament_install'
[4.770s] Level 1:colcon.colcon_core.package_identification:_identify(src/autopartol_robot) by extensions ['colcon_pkg']
[4.770s] Level 1:colcon.colcon_core.package_identification:_identify(src/autopartol_robot) by extension 'colcon_pkg'
[4.771s] Level 1:colcon.colcon_core.package_identification:_identify(src/autopartol_robot) by extensions ['colcon_meta']
[4.771s] Level 1:colcon.colcon_core.package_identification:_identify(src/autopartol_robot) by extension 'colcon_meta'
[4.771s] Level 1:colcon.colcon_core.package_identification:_identify(src/autopartol_robot) by extensions ['ros']
[4.771s] Level 1:colcon.colcon_core.package_identification:_identify(src/autopartol_robot) by extension 'ros'
[4.799s] DEBUG:colcon.colcon_core.package_identification:Package 'src/autopartol_robot' with type 'ros.ament_python' and name 'autopartol_robot'
[4.805s] Level 1:colcon.colcon_core.package_identification:_identify(src/autopatrol_interfaces) by extensions ['ignore', 'ignore_ament_install']
[4.805s] Level 1:colcon.colcon_core.package_identification:_identify(src/autopatrol_interfaces) by extension 'ignore'
[4.805s] Level 1:colcon.colcon_core.package_identification:_identify(src/autopatrol_interfaces) by extension 'ignore_ament_install'
[4.805s] Level 1:colcon.colcon_core.package_identification:_identify(src/autopatrol_interfaces) by extensions ['colcon_pkg']
[4.808s] Level 1:colcon.colcon_core.package_identification:_identify(src/autopatrol_interfaces) by extension 'colcon_pkg'
[4.808s] Level 1:colcon.colcon_core.package_identification:_identify(src/autopatrol_interfaces) by extensions ['colcon_meta']
[4.808s] Level 1:colcon.colcon_core.package_identification:_identify(src/autopatrol_interfaces) by extension 'colcon_meta'
[4.808s] Level 1:colcon.colcon_core.package_identification:_identify(src/autopatrol_interfaces) by extensions ['ros']
[4.809s] Level 1:colcon.colcon_core.package_identification:_identify(src/autopatrol_interfaces) by extension 'ros'
[4.819s] DEBUG:colcon.colcon_core.package_identification:Package 'src/autopatrol_interfaces' with type 'ros.ament_cmake' and name 'autopatrol_interfaces'
[4.822s] Level 1:colcon.colcon_core.package_identification:_identify(src/dongbot_application) by extensions ['ignore', 'ignore_ament_install']
[4.823s] Level 1:colcon.colcon_core.package_identification:_identify(src/dongbot_application) by extension 'ignore'
[4.823s] Level 1:colcon.colcon_core.package_identification:_identify(src/dongbot_application) by extension 'ignore_ament_install'
[4.823s] Level 1:colcon.colcon_core.package_identification:_identify(src/dongbot_application) by extensions ['colcon_pkg']
[4.823s] Level 1:colcon.colcon_core.package_identification:_identify(src/dongbot_application) by extension 'colcon_pkg'
[4.823s] Level 1:colcon.colcon_core.package_identification:_identify(src/dongbot_application) by extensions ['colcon_meta']
[4.823s] Level 1:colcon.colcon_core.package_identification:_identify(src/dongbot_application) by extension 'colcon_meta'
[4.823s] Level 1:colcon.colcon_core.package_identification:_identify(src/dongbot_application) by extensions ['ros']
[4.824s] Level 1:colcon.colcon_core.package_identification:_identify(src/dongbot_application) by extension 'ros'
[4.830s] DEBUG:colcon.colcon_core.package_identification:Package 'src/dongbot_application' with type 'ros.ament_python' and name 'dongbot_application'
[4.832s] Level 1:colcon.colcon_core.package_identification:_identify(src/dongbot_description) by extensions ['ignore', 'ignore_ament_install']
[4.833s] Level 1:colcon.colcon_core.package_identification:_identify(src/dongbot_description) by extension 'ignore'
[4.833s] Level 1:colcon.colcon_core.package_identification:_identify(src/dongbot_description) by extension 'ignore_ament_install'
[4.834s] Level 1:colcon.colcon_core.package_identification:_identify(src/dongbot_description) by extensions ['colcon_pkg']
[4.834s] Level 1:colcon.colcon_core.package_identification:_identify(src/dongbot_description) by extension 'colcon_pkg'
[4.834s] Level 1:colcon.colcon_core.package_identification:_identify(src/dongbot_description) by extensions ['colcon_meta']
[4.834s] Level 1:colcon.colcon_core.package_identification:_identify(src/dongbot_description) by extension 'colcon_meta'
[4.834s] Level 1:colcon.colcon_core.package_identification:_identify(src/dongbot_description) by extensions ['ros']
[4.834s] Level 1:colcon.colcon_core.package_identification:_identify(src/dongbot_description) by extension 'ros'
[4.841s] DEBUG:colcon.colcon_core.package_identification:Package 'src/dongbot_description' with type 'ros.ament_cmake' and name 'dongbot_description'
[4.845s] Level 1:colcon.colcon_core.package_identification:_identify(src/dongbot_nav) by extensions ['ignore', 'ignore_ament_install']
[4.845s] Level 1:colcon.colcon_core.package_identification:_identify(src/dongbot_nav) by extension 'ignore'
[4.845s] Level 1:colcon.colcon_core.package_identification:_identify(src/dongbot_nav) by extension 'ignore_ament_install'
[4.846s] Level 1:colcon.colcon_core.package_identification:_identify(src/dongbot_nav) by extensions ['colcon_pkg']
[4.846s] Level 1:colcon.colcon_core.package_identification:_identify(src/dongbot_nav) by extension 'colcon_pkg'
[4.846s] Level 1:colcon.colcon_core.package_identification:_identify(src/dongbot_nav) by extensions ['colcon_meta']
[4.846s] Level 1:colcon.colcon_core.package_identification:_identify(src/dongbot_nav) by extension 'colcon_meta'
[4.847s] Level 1:colcon.colcon_core.package_identification:_identify(src/dongbot_nav) by extensions ['ros']
[4.847s] Level 1:colcon.colcon_core.package_identification:_identify(src/dongbot_nav) by extension 'ros'
[4.852s] DEBUG:colcon.colcon_core.package_identification:Package 'src/dongbot_nav' with type 'ros.ament_cmake' and name 'dongbot_nav'
[4.852s] Level 1:colcon.colcon_core.package_discovery:discover_packages(recursive) using defaults
[4.852s] Level 1:colcon.colcon_core.package_discovery:discover_packages(ignore) discover
[4.852s] Level 1:colcon.colcon_core.package_discovery:discover_packages(ignore) using defaults
[4.852s] Level 1:colcon.colcon_core.package_discovery:discover_packages(path) discover
[4.852s] Level 1:colcon.colcon_core.package_discovery:discover_packages(path) using defaults
[5.141s] Level 1:colcon.colcon_core.package_discovery:discover_packages(prefix_path) check parameters
[5.142s] Level 1:colcon.colcon_core.package_discovery:discover_packages(prefix_path) discover
[5.164s] DEBUG:colcon.colcon_installed_package_information.package_discovery:Found 5 installed packages in /home/vim3/myros/12-navigation/navigation_ws/install
[5.172s] DEBUG:colcon.colcon_installed_package_information.package_discovery:Found 371 installed packages in /opt/ros/humble
[5.187s] Level 1:colcon.colcon_core.package_discovery:discover_packages(prefix_path) using defaults
[5.731s] Level 5:colcon.colcon_core.verb:set package 'autopartol_robot' build argument 'cmake_args' from command line to 'None'
[5.731s] Level 5:colcon.colcon_core.verb:set package 'autopartol_robot' build argument 'cmake_target' from command line to 'None'
[5.731s] Level 5:colcon.colcon_core.verb:set package 'autopartol_robot' build argument 'cmake_target_skip_unavailable' from command line to 'False'
[5.731s] Level 5:colcon.colcon_core.verb:set package 'autopartol_robot' build argument 'cmake_clean_cache' from command line to 'False'
[5.731s] Level 5:colcon.colcon_core.verb:set package 'autopartol_robot' build argument 'cmake_clean_first' from command line to 'False'
[5.732s] Level 5:colcon.colcon_core.verb:set package 'autopartol_robot' build argument 'cmake_force_configure' from command line to 'False'
[5.732s] Level 5:colcon.colcon_core.verb:set package 'autopartol_robot' build argument 'ament_cmake_args' from command line to 'None'
[5.732s] Level 5:colcon.colcon_core.verb:set package 'autopartol_robot' build argument 'catkin_cmake_args' from command line to 'None'
[5.732s] Level 5:colcon.colcon_core.verb:set package 'autopartol_robot' build argument 'catkin_skip_building_tests' from command line to 'False'
[5.736s] DEBUG:colcon.colcon_core.verb:Building package 'autopartol_robot' with the following arguments: {'ament_cmake_args': None, 'build_base': '/home/vim3/myros/12-navigation/navigation_ws/build/autopartol_robot', 'catkin_cmake_args': None, 'catkin_skip_building_tests': False, 'cmake_args': None, 'cmake_clean_cache': False, 'cmake_clean_first': False, 'cmake_force_configure': False, 'cmake_target': None, 'cmake_target_skip_unavailable': False, 'install_base': '/home/vim3/myros/12-navigation/navigation_ws/install/autopartol_robot', 'merge_install': False, 'path': '/home/vim3/myros/12-navigation/navigation_ws/src/autopartol_robot', 'symlink_install': False, 'test_result_base': None}
[5.737s] Level 5:colcon.colcon_core.verb:set package 'autopatrol_interfaces' build argument 'cmake_args' from command line to 'None'
[5.738s] Level 5:colcon.colcon_core.verb:set package 'autopatrol_interfaces' build argument 'cmake_target' from command line to 'None'
[5.738s] Level 5:colcon.colcon_core.verb:set package 'autopatrol_interfaces' build argument 'cmake_target_skip_unavailable' from command line to 'False'
[5.738s] Level 5:colcon.colcon_core.verb:set package 'autopatrol_interfaces' build argument 'cmake_clean_cache' from command line to 'False'
[5.738s] Level 5:colcon.colcon_core.verb:set package 'autopatrol_interfaces' build argument 'cmake_clean_first' from command line to 'False'
[5.738s] Level 5:colcon.colcon_core.verb:set package 'autopatrol_interfaces' build argument 'cmake_force_configure' from command line to 'False'
[5.738s] Level 5:colcon.colcon_core.verb:set package 'autopatrol_interfaces' build argument 'ament_cmake_args' from command line to 'None'
[5.738s] Level 5:colcon.colcon_core.verb:set package 'autopatrol_interfaces' build argument 'catkin_cmake_args' from command line to 'None'
[5.738s] Level 5:colcon.colcon_core.verb:set package 'autopatrol_interfaces' build argument 'catkin_skip_building_tests' from command line to 'False'
[5.738s] DEBUG:colcon.colcon_core.verb:Building package 'autopatrol_interfaces' with the following arguments: {'ament_cmake_args': None, 'build_base': '/home/vim3/myros/12-navigation/navigation_ws/build/autopatrol_interfaces', 'catkin_cmake_args': None, 'catkin_skip_building_tests': False, 'cmake_args': None, 'cmake_clean_cache': False, 'cmake_clean_first': False, 'cmake_force_configure': False, 'cmake_target': None, 'cmake_target_skip_unavailable': False, 'install_base': '/home/vim3/myros/12-navigation/navigation_ws/install/autopatrol_interfaces', 'merge_install': False, 'path': '/home/vim3/myros/12-navigation/navigation_ws/src/autopatrol_interfaces', 'symlink_install': False, 'test_result_base': None}
[5.743s] Level 5:colcon.colcon_core.verb:set package 'dongbot_application' build argument 'cmake_args' from command line to 'None'
[5.743s] Level 5:colcon.colcon_core.verb:set package 'dongbot_application' build argument 'cmake_target' from command line to 'None'
[5.743s] Level 5:colcon.colcon_core.verb:set package 'dongbot_application' build argument 'cmake_target_skip_unavailable' from command line to 'False'
[5.743s] Level 5:colcon.colcon_core.verb:set package 'dongbot_application' build argument 'cmake_clean_cache' from command line to 'False'
[5.743s] Level 5:colcon.colcon_core.verb:set package 'dongbot_application' build argument 'cmake_clean_first' from command line to 'False'
[5.743s] Level 5:colcon.colcon_core.verb:set package 'dongbot_application' build argument 'cmake_force_configure' from command line to 'False'
[5.743s] Level 5:colcon.colcon_core.verb:set package 'dongbot_application' build argument 'ament_cmake_args' from command line to 'None'
[5.743s] Level 5:colcon.colcon_core.verb:set package 'dongbot_application' build argument 'catkin_cmake_args' from command line to 'None'
[5.743s] Level 5:colcon.colcon_core.verb:set package 'dongbot_application' build argument 'catkin_skip_building_tests' from command line to 'False'
[5.743s] DEBUG:colcon.colcon_core.verb:Building package 'dongbot_application' with the following arguments: {'ament_cmake_args': None, 'build_base': '/home/vim3/myros/12-navigation/navigation_ws/build/dongbot_application', 'catkin_cmake_args': None, 'catkin_skip_building_tests': False, 'cmake_args': None, 'cmake_clean_cache': False, 'cmake_clean_first': False, 'cmake_force_configure': False, 'cmake_target': None, 'cmake_target_skip_unavailable': False, 'install_base': '/home/vim3/myros/12-navigation/navigation_ws/install/dongbot_application', 'merge_install': False, 'path': '/home/vim3/myros/12-navigation/navigation_ws/src/dongbot_application', 'symlink_install': False, 'test_result_base': None}
[5.747s] Level 5:colcon.colcon_core.verb:set package 'dongbot_description' build argument 'cmake_args' from command line to 'None'
[5.749s] Level 5:colcon.colcon_core.verb:set package 'dongbot_description' build argument 'cmake_target' from command line to 'None'
[5.749s] Level 5:colcon.colcon_core.verb:set package 'dongbot_description' build argument 'cmake_target_skip_unavailable' from command line to 'False'
[5.749s] Level 5:colcon.colcon_core.verb:set package 'dongbot_description' build argument 'cmake_clean_cache' from command line to 'False'
[5.749s] Level 5:colcon.colcon_core.verb:set package 'dongbot_description' build argument 'cmake_clean_first' from command line to 'False'
[5.749s] Level 5:colcon.colcon_core.verb:set package 'dongbot_description' build argument 'cmake_force_configure' from command line to 'False'
[5.749s] Level 5:colcon.colcon_core.verb:set package 'dongbot_description' build argument 'ament_cmake_args' from command line to 'None'
[5.750s] Level 5:colcon.colcon_core.verb:set package 'dongbot_description' build argument 'catkin_cmake_args' from command line to 'None'
[5.750s] Level 5:colcon.colcon_core.verb:set package 'dongbot_description' build argument 'catkin_skip_building_tests' from command line to 'False'
[5.750s] DEBUG:colcon.colcon_core.verb:Building package 'dongbot_description' with the following arguments: {'ament_cmake_args': None, 'build_base': '/home/vim3/myros/12-navigation/navigation_ws/build/dongbot_description', 'catkin_cmake_args': None, 'catkin_skip_building_tests': False, 'cmake_args': None, 'cmake_clean_cache': False, 'cmake_clean_first': False, 'cmake_force_configure': False, 'cmake_target': None, 'cmake_target_skip_unavailable': False, 'install_base': '/home/vim3/myros/12-navigation/navigation_ws/install/dongbot_description', 'merge_install': False, 'path': '/home/vim3/myros/12-navigation/navigation_ws/src/dongbot_description', 'symlink_install': False, 'test_result_base': None}
[5.751s] Level 5:colcon.colcon_core.verb:set package 'dongbot_nav' build argument 'cmake_args' from command line to 'None'
[5.751s] Level 5:colcon.colcon_core.verb:set package 'dongbot_nav' build argument 'cmake_target' from command line to 'None'
[5.754s] Level 5:colcon.colcon_core.verb:set package 'dongbot_nav' build argument 'cmake_target_skip_unavailable' from command line to 'False'
[5.754s] Level 5:colcon.colcon_core.verb:set package 'dongbot_nav' build argument 'cmake_clean_cache' from command line to 'False'
[5.754s] Level 5:colcon.colcon_core.verb:set package 'dongbot_nav' build argument 'cmake_clean_first' from command line to 'False'
[5.754s] Level 5:colcon.colcon_core.verb:set package 'dongbot_nav' build argument 'cmake_force_configure' from command line to 'False'
[5.754s] Level 5:colcon.colcon_core.verb:set package 'dongbot_nav' build argument 'ament_cmake_args' from command line to 'None'
[5.754s] Level 5:colcon.colcon_core.verb:set package 'dongbot_nav' build argument 'catkin_cmake_args' from command line to 'None'
[5.754s] Level 5:colcon.colcon_core.verb:set package 'dongbot_nav' build argument 'catkin_skip_building_tests' from command line to 'False'
[5.754s] DEBUG:colcon.colcon_core.verb:Building package 'dongbot_nav' with the following arguments: {'ament_cmake_args': None, 'build_base': '/home/vim3/myros/12-navigation/navigation_ws/build/dongbot_nav', 'catkin_cmake_args': None, 'catkin_skip_building_tests': False, 'cmake_args': None, 'cmake_clean_cache': False, 'cmake_clean_first': False, 'cmake_force_configure': False, 'cmake_target': None, 'cmake_target_skip_unavailable': False, 'install_base': '/home/vim3/myros/12-navigation/navigation_ws/install/dongbot_nav', 'merge_install': False, 'path': '/home/vim3/myros/12-navigation/navigation_ws/src/dongbot_nav', 'symlink_install': False, 'test_result_base': None}
[5.755s] INFO:colcon.colcon_core.executor:Executing jobs using 'parallel' executor
[5.769s] DEBUG:colcon.colcon_parallel_executor.executor.parallel:run_until_complete
[5.774s] INFO:colcon.colcon_ros.task.ament_python.build:Building ROS package in '/home/vim3/myros/12-navigation/navigation_ws/src/autopartol_robot' with build type 'ament_python'
[5.775s] Level 1:colcon.colcon_core.shell:create_environment_hook('autopartol_robot', 'ament_prefix_path')
[5.818s] INFO:colcon.colcon_core.plugin_system:Skipping extension 'colcon_core.shell.bat': Not used on non-Windows systems
[5.821s] INFO:colcon.colcon_core.shell:Creating environment hook '/home/vim3/myros/12-navigation/navigation_ws/install/autopartol_robot/share/autopartol_robot/hook/ament_prefix_path.ps1'
[5.828s] INFO:colcon.colcon_core.shell:Creating environment descriptor '/home/vim3/myros/12-navigation/navigation_ws/install/autopartol_robot/share/autopartol_robot/hook/ament_prefix_path.dsv'
[5.835s] INFO:colcon.colcon_core.shell:Creating environment hook '/home/vim3/myros/12-navigation/navigation_ws/install/autopartol_robot/share/autopartol_robot/hook/ament_prefix_path.sh'
[5.840s] INFO:colcon.colcon_core.shell:Skip shell extension 'powershell' for command environment: Not usable outside of PowerShell
[5.841s] DEBUG:colcon.colcon_core.shell:Skip shell extension 'dsv' for command environment
[5.871s] INFO:colcon.colcon_ros.task.ament_cmake.build:Building ROS package in '/home/vim3/myros/12-navigation/navigation_ws/src/autopatrol_interfaces' with build type 'ament_cmake'
[5.872s] INFO:colcon.colcon_cmake.task.cmake.build:Building CMake package in '/home/vim3/myros/12-navigation/navigation_ws/src/autopatrol_interfaces'
[5.884s] INFO:colcon.colcon_core.shell:Skip shell extension 'powershell' for command environment: Not usable outside of PowerShell
[5.891s] DEBUG:colcon.colcon_core.shell:Skip shell extension 'dsv' for command environment
[9.152s] INFO:colcon.colcon_core.task.python.build:Building Python package in '/home/vim3/myros/12-navigation/navigation_ws/src/autopartol_robot'
[9.156s] INFO:colcon.colcon_core.shell:Skip shell extension 'powershell' for command environment: Not usable outside of PowerShell
[9.157s] DEBUG:colcon.colcon_core.shell:Skip shell extension 'dsv' for command environment
[9.252s] DEBUG:colcon.colcon_core.event_handler.log_command:Invoking command in '/home/vim3/myros/12-navigation/navigation_ws/build/autopatrol_interfaces': CMAKE_PREFIX_PATH=${CMAKE_PREFIX_PATH}:/home/vim3/myros/12-navigation/navigation_ws/install/dongbot_application:/home/vim3/myros/12-navigation/navigation_ws/install/autopartol_robot:/opt/ros/humble /usr/bin/cmake --build /home/vim3/myros/12-navigation/navigation_ws/build/autopatrol_interfaces -- -j2 -l2
[17.361s] DEBUG:colcon.colcon_core.event_handler.log_command:Invoking command in '/home/vim3/myros/12-navigation/navigation_ws/src/autopartol_robot': PYTHONPATH=/home/vim3/myros/12-navigation/navigation_ws/build/autopartol_robot/prefix_override:/usr/lib/python3/dist-packages/colcon_core/task/python/colcon_distutils_commands:/home/vim3/myros/12-navigation/navigation_ws/install/autopartol_robot/lib/python3.10/site-packages:${PYTHONPATH} /usr/bin/python3 -W ignore:setup.py install is deprecated -W ignore:easy_install command is deprecated setup.py egg_info --egg-base ../../build/autopartol_robot build --build-base /home/vim3/myros/12-navigation/navigation_ws/build/autopartol_robot/build install --record /home/vim3/myros/12-navigation/navigation_ws/build/autopartol_robot/install.log --single-version-externally-managed install_data
[23.399s] DEBUG:colcon.colcon_core.event_handler.log_command:Invoked command in '/home/vim3/myros/12-navigation/navigation_ws/src/autopartol_robot' returned '0': PYTHONPATH=/home/vim3/myros/12-navigation/navigation_ws/build/autopartol_robot/prefix_override:/usr/lib/python3/dist-packages/colcon_core/task/python/colcon_distutils_commands:/home/vim3/myros/12-navigation/navigation_ws/install/autopartol_robot/lib/python3.10/site-packages:${PYTHONPATH} /usr/bin/python3 -W ignore:setup.py install is deprecated -W ignore:easy_install command is deprecated setup.py egg_info --egg-base ../../build/autopartol_robot build --build-base /home/vim3/myros/12-navigation/navigation_ws/build/autopartol_robot/build install --record /home/vim3/myros/12-navigation/navigation_ws/build/autopartol_robot/install.log --single-version-externally-managed install_data
[23.515s] Level 1:colcon.colcon_core.environment:checking '/home/vim3/myros/12-navigation/navigation_ws/install/autopartol_robot' for CMake module files
[23.528s] Level 1:colcon.colcon_core.environment:checking '/home/vim3/myros/12-navigation/navigation_ws/install/autopartol_robot' for CMake config files
[23.545s] Level 1:colcon.colcon_core.environment:checking '/home/vim3/myros/12-navigation/navigation_ws/install/autopartol_robot/lib'
[23.546s] Level 1:colcon.colcon_core.environment:checking '/home/vim3/myros/12-navigation/navigation_ws/install/autopartol_robot/bin'
[23.549s] Level 1:colcon.colcon_core.environment:checking '/home/vim3/myros/12-navigation/navigation_ws/install/autopartol_robot/lib/pkgconfig/autopartol_robot.pc'
[23.554s] Level 1:colcon.colcon_core.environment:checking '/home/vim3/myros/12-navigation/navigation_ws/install/autopartol_robot/lib/python3.10/site-packages'
[23.557s] Level 1:colcon.colcon_core.shell:create_environment_hook('autopartol_robot', 'pythonpath')
[23.558s] INFO:colcon.colcon_core.shell:Creating environment hook '/home/vim3/myros/12-navigation/navigation_ws/install/autopartol_robot/share/autopartol_robot/hook/pythonpath.ps1'
[23.573s] INFO:colcon.colcon_core.shell:Creating environment descriptor '/home/vim3/myros/12-navigation/navigation_ws/install/autopartol_robot/share/autopartol_robot/hook/pythonpath.dsv'
[23.580s] INFO:colcon.colcon_core.shell:Creating environment hook '/home/vim3/myros/12-navigation/navigation_ws/install/autopartol_robot/share/autopartol_robot/hook/pythonpath.sh'
[23.597s] Level 1:colcon.colcon_core.environment:checking '/home/vim3/myros/12-navigation/navigation_ws/install/autopartol_robot/bin'
[23.597s] Level 1:colcon.colcon_core.environment:create_environment_scripts_only(autopartol_robot)
[23.598s] INFO:colcon.colcon_core.shell:Creating package script '/home/vim3/myros/12-navigation/navigation_ws/install/autopartol_robot/share/autopartol_robot/package.ps1'
[23.624s] INFO:colcon.colcon_core.shell:Creating package descriptor '/home/vim3/myros/12-navigation/navigation_ws/install/autopartol_robot/share/autopartol_robot/package.dsv'
[23.649s] INFO:colcon.colcon_core.shell:Creating package script '/home/vim3/myros/12-navigation/navigation_ws/install/autopartol_robot/share/autopartol_robot/package.sh'
[23.677s] INFO:colcon.colcon_core.shell:Creating package script '/home/vim3/myros/12-navigation/navigation_ws/install/autopartol_robot/share/autopartol_robot/package.bash'
[23.709s] INFO:colcon.colcon_core.shell:Creating package script '/home/vim3/myros/12-navigation/navigation_ws/install/autopartol_robot/share/autopartol_robot/package.zsh'
[23.728s] Level 1:colcon.colcon_core.environment:create_file_with_runtime_dependencies(/home/vim3/myros/12-navigation/navigation_ws/install/autopartol_robot/share/colcon-core/packages/autopartol_robot)
[23.731s] INFO:colcon.colcon_ros.task.ament_python.build:Building ROS package in '/home/vim3/myros/12-navigation/navigation_ws/src/dongbot_application' with build type 'ament_python'
[23.736s] Level 1:colcon.colcon_core.shell:create_environment_hook('dongbot_application', 'ament_prefix_path')
[23.738s] INFO:colcon.colcon_core.shell:Creating environment hook '/home/vim3/myros/12-navigation/navigation_ws/install/dongbot_application/share/dongbot_application/hook/ament_prefix_path.ps1'
[23.743s] INFO:colcon.colcon_core.shell:Creating environment descriptor '/home/vim3/myros/12-navigation/navigation_ws/install/dongbot_application/share/dongbot_application/hook/ament_prefix_path.dsv'
[23.751s] INFO:colcon.colcon_core.shell:Creating environment hook '/home/vim3/myros/12-navigation/navigation_ws/install/dongbot_application/share/dongbot_application/hook/ament_prefix_path.sh'
[23.756s] INFO:colcon.colcon_core.shell:Skip shell extension 'powershell' for command environment: Not usable outside of PowerShell
[23.756s] DEBUG:colcon.colcon_core.shell:Skip shell extension 'dsv' for command environment
[28.118s] INFO:colcon.colcon_core.task.python.build:Building Python package in '/home/vim3/myros/12-navigation/navigation_ws/src/dongbot_application'
[28.119s] INFO:colcon.colcon_core.shell:Skip shell extension 'powershell' for command environment: Not usable outside of PowerShell
[28.119s] DEBUG:colcon.colcon_core.shell:Skip shell extension 'dsv' for command environment
[28.177s] DEBUG:colcon.colcon_core.event_handler.log_command:Invoked command in '/home/vim3/myros/12-navigation/navigation_ws/build/autopatrol_interfaces' returned '0': CMAKE_PREFIX_PATH=${CMAKE_PREFIX_PATH}:/home/vim3/myros/12-navigation/navigation_ws/install/dongbot_application:/home/vim3/myros/12-navigation/navigation_ws/install/autopartol_robot:/opt/ros/humble /usr/bin/cmake --build /home/vim3/myros/12-navigation/navigation_ws/build/autopatrol_interfaces -- -j2 -l2
[28.359s] DEBUG:colcon.colcon_core.event_handler.log_command:Invoking command in '/home/vim3/myros/12-navigation/navigation_ws/build/autopatrol_interfaces': CMAKE_PREFIX_PATH=${CMAKE_PREFIX_PATH}:/home/vim3/myros/12-navigation/navigation_ws/install/dongbot_application:/home/vim3/myros/12-navigation/navigation_ws/install/autopartol_robot:/opt/ros/humble /usr/bin/cmake --install /home/vim3/myros/12-navigation/navigation_ws/build/autopatrol_interfaces
[30.107s] Level 1:colcon.colcon_core.environment:create_environment_scripts_only(autopatrol_interfaces)
[30.112s] Level 1:colcon.colcon_core.environment:checking '/home/vim3/myros/12-navigation/navigation_ws/install/autopatrol_interfaces' for CMake module files
[30.116s] DEBUG:colcon.colcon_core.event_handler.log_command:Invoked command in '/home/vim3/myros/12-navigation/navigation_ws/build/autopatrol_interfaces' returned '0': CMAKE_PREFIX_PATH=${CMAKE_PREFIX_PATH}:/home/vim3/myros/12-navigation/navigation_ws/install/dongbot_application:/home/vim3/myros/12-navigation/navigation_ws/install/autopartol_robot:/opt/ros/humble /usr/bin/cmake --install /home/vim3/myros/12-navigation/navigation_ws/build/autopatrol_interfaces
[30.121s] Level 1:colcon.colcon_core.environment:checking '/home/vim3/myros/12-navigation/navigation_ws/install/autopatrol_interfaces' for CMake config files
[30.135s] Level 1:colcon.colcon_core.shell:create_environment_hook('autopatrol_interfaces', 'cmake_prefix_path')
[30.136s] INFO:colcon.colcon_core.shell:Creating environment hook '/home/vim3/myros/12-navigation/navigation_ws/install/autopatrol_interfaces/share/autopatrol_interfaces/hook/cmake_prefix_path.ps1'
[30.166s] INFO:colcon.colcon_core.shell:Creating environment descriptor '/home/vim3/myros/12-navigation/navigation_ws/install/autopatrol_interfaces/share/autopatrol_interfaces/hook/cmake_prefix_path.dsv'
[30.185s] INFO:colcon.colcon_core.shell:Creating environment hook '/home/vim3/myros/12-navigation/navigation_ws/install/autopatrol_interfaces/share/autopatrol_interfaces/hook/cmake_prefix_path.sh'
[30.211s] Level 1:colcon.colcon_core.environment:checking '/home/vim3/myros/12-navigation/navigation_ws/install/autopatrol_interfaces/lib'
[30.221s] Level 1:colcon.colcon_core.shell:create_environment_hook('autopatrol_interfaces', 'ld_library_path_lib')
[30.222s] INFO:colcon.colcon_core.shell:Creating environment hook '/home/vim3/myros/12-navigation/navigation_ws/install/autopatrol_interfaces/share/autopatrol_interfaces/hook/ld_library_path_lib.ps1'
[30.236s] INFO:colcon.colcon_core.shell:Creating environment descriptor '/home/vim3/myros/12-navigation/navigation_ws/install/autopatrol_interfaces/share/autopatrol_interfaces/hook/ld_library_path_lib.dsv'
[30.241s] INFO:colcon.colcon_core.shell:Creating environment hook '/home/vim3/myros/12-navigation/navigation_ws/install/autopatrol_interfaces/share/autopatrol_interfaces/hook/ld_library_path_lib.sh'
[30.253s] Level 1:colcon.colcon_core.environment:checking '/home/vim3/myros/12-navigation/navigation_ws/install/autopatrol_interfaces/bin'
[30.253s] Level 1:colcon.colcon_core.environment:checking '/home/vim3/myros/12-navigation/navigation_ws/install/autopatrol_interfaces/lib/pkgconfig/autopatrol_interfaces.pc'
[30.254s] Level 1:colcon.colcon_core.environment:checking '/home/vim3/myros/12-navigation/navigation_ws/install/autopatrol_interfaces/lib/python3.10/site-packages'
[30.260s] Level 1:colcon.colcon_core.environment:checking '/home/vim3/myros/12-navigation/navigation_ws/install/autopatrol_interfaces/bin'
[30.269s] INFO:colcon.colcon_core.shell:Creating package script '/home/vim3/myros/12-navigation/navigation_ws/install/autopatrol_interfaces/share/autopatrol_interfaces/package.ps1'
[30.283s] INFO:colcon.colcon_core.shell:Creating package descriptor '/home/vim3/myros/12-navigation/navigation_ws/install/autopatrol_interfaces/share/autopatrol_interfaces/package.dsv'
[30.295s] INFO:colcon.colcon_core.shell:Creating package script '/home/vim3/myros/12-navigation/navigation_ws/install/autopatrol_interfaces/share/autopatrol_interfaces/package.sh'
[30.303s] INFO:colcon.colcon_core.shell:Creating package script '/home/vim3/myros/12-navigation/navigation_ws/install/autopatrol_interfaces/share/autopatrol_interfaces/package.bash'
[30.315s] INFO:colcon.colcon_core.shell:Creating package script '/home/vim3/myros/12-navigation/navigation_ws/install/autopatrol_interfaces/share/autopatrol_interfaces/package.zsh'
[30.325s] Level 1:colcon.colcon_core.environment:create_file_with_runtime_dependencies(/home/vim3/myros/12-navigation/navigation_ws/install/autopatrol_interfaces/share/colcon-core/packages/autopatrol_interfaces)
[30.332s] Level 1:colcon.colcon_core.environment:create_environment_scripts_only(autopatrol_interfaces)
[30.333s] Level 1:colcon.colcon_core.environment:checking '/home/vim3/myros/12-navigation/navigation_ws/install/autopatrol_interfaces' for CMake module files
[30.346s] Level 1:colcon.colcon_core.environment:checking '/home/vim3/myros/12-navigation/navigation_ws/install/autopatrol_interfaces' for CMake config files
[30.347s] Level 1:colcon.colcon_core.shell:create_environment_hook('autopatrol_interfaces', 'cmake_prefix_path')
[30.350s] INFO:colcon.colcon_core.shell:Creating environment hook '/home/vim3/myros/12-navigation/navigation_ws/install/autopatrol_interfaces/share/autopatrol_interfaces/hook/cmake_prefix_path.ps1'
[30.352s] INFO:colcon.colcon_core.shell:Creating environment descriptor '/home/vim3/myros/12-navigation/navigation_ws/install/autopatrol_interfaces/share/autopatrol_interfaces/hook/cmake_prefix_path.dsv'
[30.362s] INFO:colcon.colcon_core.shell:Creating environment hook '/home/vim3/myros/12-navigation/navigation_ws/install/autopatrol_interfaces/share/autopatrol_interfaces/hook/cmake_prefix_path.sh'
[30.375s] Level 1:colcon.colcon_core.environment:checking '/home/vim3/myros/12-navigation/navigation_ws/install/autopatrol_interfaces/lib'
[30.376s] Level 1:colcon.colcon_core.shell:create_environment_hook('autopatrol_interfaces', 'ld_library_path_lib')
[30.377s] INFO:colcon.colcon_core.shell:Creating environment hook '/home/vim3/myros/12-navigation/navigation_ws/install/autopatrol_interfaces/share/autopatrol_interfaces/hook/ld_library_path_lib.ps1'
[30.382s] INFO:colcon.colcon_core.shell:Creating environment descriptor '/home/vim3/myros/12-navigation/navigation_ws/install/autopatrol_interfaces/share/autopatrol_interfaces/hook/ld_library_path_lib.dsv'
[30.383s] INFO:colcon.colcon_core.shell:Creating environment hook '/home/vim3/myros/12-navigation/navigation_ws/install/autopatrol_interfaces/share/autopatrol_interfaces/hook/ld_library_path_lib.sh'
[30.404s] Level 1:colcon.colcon_core.environment:checking '/home/vim3/myros/12-navigation/navigation_ws/install/autopatrol_interfaces/bin'
[30.410s] Level 1:colcon.colcon_core.environment:checking '/home/vim3/myros/12-navigation/navigation_ws/install/autopatrol_interfaces/lib/pkgconfig/autopatrol_interfaces.pc'
[30.410s] Level 1:colcon.colcon_core.environment:checking '/home/vim3/myros/12-navigation/navigation_ws/install/autopatrol_interfaces/lib/python3.10/site-packages'
[30.418s] Level 1:colcon.colcon_core.environment:checking '/home/vim3/myros/12-navigation/navigation_ws/install/autopatrol_interfaces/bin'
[30.419s] INFO:colcon.colcon_core.shell:Creating package script '/home/vim3/myros/12-navigation/navigation_ws/install/autopatrol_interfaces/share/autopatrol_interfaces/package.ps1'
[30.430s] INFO:colcon.colcon_core.shell:Creating package descriptor '/home/vim3/myros/12-navigation/navigation_ws/install/autopatrol_interfaces/share/autopatrol_interfaces/package.dsv'
[30.447s] INFO:colcon.colcon_core.shell:Creating package script '/home/vim3/myros/12-navigation/navigation_ws/install/autopatrol_interfaces/share/autopatrol_interfaces/package.sh'
[30.470s] INFO:colcon.colcon_core.shell:Creating package script '/home/vim3/myros/12-navigation/navigation_ws/install/autopatrol_interfaces/share/autopatrol_interfaces/package.bash'
[30.497s] INFO:colcon.colcon_core.shell:Creating package script '/home/vim3/myros/12-navigation/navigation_ws/install/autopatrol_interfaces/share/autopatrol_interfaces/package.zsh'
[30.498s] Level 1:colcon.colcon_core.environment:create_file_with_runtime_dependencies(/home/vim3/myros/12-navigation/navigation_ws/install/autopatrol_interfaces/share/colcon-core/packages/autopatrol_interfaces)
[30.517s] INFO:colcon.colcon_ros.task.ament_cmake.build:Building ROS package in '/home/vim3/myros/12-navigation/navigation_ws/src/dongbot_description' with build type 'ament_cmake'
[30.519s] INFO:colcon.colcon_cmake.task.cmake.build:Building CMake package in '/home/vim3/myros/12-navigation/navigation_ws/src/dongbot_description'
[30.537s] INFO:colcon.colcon_core.shell:Skip shell extension 'powershell' for command environment: Not usable outside of PowerShell
[30.537s] DEBUG:colcon.colcon_core.shell:Skip shell extension 'dsv' for command environment
[30.744s] DEBUG:colcon.colcon_core.event_handler.log_command:Invoking command in '/home/vim3/myros/12-navigation/navigation_ws/build/dongbot_description': CMAKE_PREFIX_PATH=${CMAKE_PREFIX_PATH}:/home/vim3/myros/12-navigation/navigation_ws/install/dongbot_application:/home/vim3/myros/12-navigation/navigation_ws/install/autopartol_robot:/opt/ros/humble /usr/bin/cmake --build /home/vim3/myros/12-navigation/navigation_ws/build/dongbot_description -- -j2 -l2
[31.786s] DEBUG:colcon.colcon_core.event_handler.log_command:Invoked command in '/home/vim3/myros/12-navigation/navigation_ws/build/dongbot_description' returned '0': CMAKE_PREFIX_PATH=${CMAKE_PREFIX_PATH}:/home/vim3/myros/12-navigation/navigation_ws/install/dongbot_application:/home/vim3/myros/12-navigation/navigation_ws/install/autopartol_robot:/opt/ros/humble /usr/bin/cmake --build /home/vim3/myros/12-navigation/navigation_ws/build/dongbot_description -- -j2 -l2
[31.821s] DEBUG:colcon.colcon_core.event_handler.log_command:Invoking command in '/home/vim3/myros/12-navigation/navigation_ws/build/dongbot_description': CMAKE_PREFIX_PATH=${CMAKE_PREFIX_PATH}:/home/vim3/myros/12-navigation/navigation_ws/install/dongbot_application:/home/vim3/myros/12-navigation/navigation_ws/install/autopartol_robot:/opt/ros/humble /usr/bin/cmake --install /home/vim3/myros/12-navigation/navigation_ws/build/dongbot_description
[32.091s] Level 1:colcon.colcon_core.environment:create_environment_scripts_only(dongbot_description)
[32.111s] Level 1:colcon.colcon_core.environment:checking '/home/vim3/myros/12-navigation/navigation_ws/install/dongbot_description' for CMake module files
[32.112s] Level 1:colcon.colcon_core.environment:checking '/home/vim3/myros/12-navigation/navigation_ws/install/dongbot_description' for CMake config files
[32.140s] Level 1:colcon.colcon_core.shell:create_environment_hook('dongbot_description', 'cmake_prefix_path')
[32.141s] INFO:colcon.colcon_core.shell:Creating environment hook '/home/vim3/myros/12-navigation/navigation_ws/install/dongbot_description/share/dongbot_description/hook/cmake_prefix_path.ps1'
[32.159s] DEBUG:colcon.colcon_core.event_handler.log_command:Invoked command in '/home/vim3/myros/12-navigation/navigation_ws/build/dongbot_description' returned '0': CMAKE_PREFIX_PATH=${CMAKE_PREFIX_PATH}:/home/vim3/myros/12-navigation/navigation_ws/install/dongbot_application:/home/vim3/myros/12-navigation/navigation_ws/install/autopartol_robot:/opt/ros/humble /usr/bin/cmake --install /home/vim3/myros/12-navigation/navigation_ws/build/dongbot_description
[32.170s] INFO:colcon.colcon_core.shell:Creating environment descriptor '/home/vim3/myros/12-navigation/navigation_ws/install/dongbot_description/share/dongbot_description/hook/cmake_prefix_path.dsv'
[32.179s] INFO:colcon.colcon_core.shell:Creating environment hook '/home/vim3/myros/12-navigation/navigation_ws/install/dongbot_description/share/dongbot_description/hook/cmake_prefix_path.sh'
[32.202s] Level 1:colcon.colcon_core.environment:checking '/home/vim3/myros/12-navigation/navigation_ws/install/dongbot_description/bin'
[32.205s] Level 1:colcon.colcon_core.environment:checking '/home/vim3/myros/12-navigation/navigation_ws/install/dongbot_description/lib/pkgconfig/dongbot_description.pc'
[32.210s] Level 1:colcon.colcon_core.environment:checking '/home/vim3/myros/12-navigation/navigation_ws/install/dongbot_description/lib/python3.10/site-packages'
[32.212s] Level 1:colcon.colcon_core.environment:checking '/home/vim3/myros/12-navigation/navigation_ws/install/dongbot_description/bin'
[32.230s] INFO:colcon.colcon_core.shell:Creating package script '/home/vim3/myros/12-navigation/navigation_ws/install/dongbot_description/share/dongbot_description/package.ps1'
[32.254s] INFO:colcon.colcon_core.shell:Creating package descriptor '/home/vim3/myros/12-navigation/navigation_ws/install/dongbot_description/share/dongbot_description/package.dsv'
[32.270s] INFO:colcon.colcon_core.shell:Creating package script '/home/vim3/myros/12-navigation/navigation_ws/install/dongbot_description/share/dongbot_description/package.sh'
[32.288s] INFO:colcon.colcon_core.shell:Creating package script '/home/vim3/myros/12-navigation/navigation_ws/install/dongbot_description/share/dongbot_description/package.bash'
[32.313s] INFO:colcon.colcon_core.shell:Creating package script '/home/vim3/myros/12-navigation/navigation_ws/install/dongbot_description/share/dongbot_description/package.zsh'
[32.318s] Level 1:colcon.colcon_core.environment:create_file_with_runtime_dependencies(/home/vim3/myros/12-navigation/navigation_ws/install/dongbot_description/share/colcon-core/packages/dongbot_description)
[32.339s] Level 1:colcon.colcon_core.environment:create_environment_scripts_only(dongbot_description)
[32.342s] Level 1:colcon.colcon_core.environment:checking '/home/vim3/myros/12-navigation/navigation_ws/install/dongbot_description' for CMake module files
[32.356s] Level 1:colcon.colcon_core.environment:checking '/home/vim3/myros/12-navigation/navigation_ws/install/dongbot_description' for CMake config files
[32.365s] Level 1:colcon.colcon_core.shell:create_environment_hook('dongbot_description', 'cmake_prefix_path')
[32.375s] INFO:colcon.colcon_core.shell:Creating environment hook '/home/vim3/myros/12-navigation/navigation_ws/install/dongbot_description/share/dongbot_description/hook/cmake_prefix_path.ps1'
[32.396s] INFO:colcon.colcon_core.shell:Creating environment descriptor '/home/vim3/myros/12-navigation/navigation_ws/install/dongbot_description/share/dongbot_description/hook/cmake_prefix_path.dsv'
[32.419s] INFO:colcon.colcon_core.shell:Creating environment hook '/home/vim3/myros/12-navigation/navigation_ws/install/dongbot_description/share/dongbot_description/hook/cmake_prefix_path.sh'
[32.447s] Level 1:colcon.colcon_core.environment:checking '/home/vim3/myros/12-navigation/navigation_ws/install/dongbot_description/bin'
[32.447s] Level 1:colcon.colcon_core.environment:checking '/home/vim3/myros/12-navigation/navigation_ws/install/dongbot_description/lib/pkgconfig/dongbot_description.pc'
[32.465s] Level 1:colcon.colcon_core.environment:checking '/home/vim3/myros/12-navigation/navigation_ws/install/dongbot_description/lib/python3.10/site-packages'
[32.466s] Level 1:colcon.colcon_core.environment:checking '/home/vim3/myros/12-navigation/navigation_ws/install/dongbot_description/bin'
[32.484s] INFO:colcon.colcon_core.shell:Creating package script '/home/vim3/myros/12-navigation/navigation_ws/install/dongbot_description/share/dongbot_description/package.ps1'
[32.498s] INFO:colcon.colcon_core.shell:Creating package descriptor '/home/vim3/myros/12-navigation/navigation_ws/install/dongbot_description/share/dongbot_description/package.dsv'
[32.514s] INFO:colcon.colcon_core.shell:Creating package script '/home/vim3/myros/12-navigation/navigation_ws/install/dongbot_description/share/dongbot_description/package.sh'
[32.550s] INFO:colcon.colcon_core.shell:Creating package script '/home/vim3/myros/12-navigation/navigation_ws/install/dongbot_description/share/dongbot_description/package.bash'
[32.568s] INFO:colcon.colcon_core.shell:Creating package script '/home/vim3/myros/12-navigation/navigation_ws/install/dongbot_description/share/dongbot_description/package.zsh'
[32.586s] Level 1:colcon.colcon_core.environment:create_file_with_runtime_dependencies(/home/vim3/myros/12-navigation/navigation_ws/install/dongbot_description/share/colcon-core/packages/dongbot_description)
[32.591s] INFO:colcon.colcon_ros.task.ament_cmake.build:Building ROS package in '/home/vim3/myros/12-navigation/navigation_ws/src/dongbot_nav' with build type 'ament_cmake'
[32.597s] INFO:colcon.colcon_cmake.task.cmake.build:Building CMake package in '/home/vim3/myros/12-navigation/navigation_ws/src/dongbot_nav'
[32.608s] INFO:colcon.colcon_core.shell:Skip shell extension 'powershell' for command environment: Not usable outside of PowerShell
[32.608s] DEBUG:colcon.colcon_core.shell:Skip shell extension 'dsv' for command environment
[32.911s] DEBUG:colcon.colcon_core.event_handler.log_command:Invoking command in '/home/vim3/myros/12-navigation/navigation_ws/build/dongbot_nav': CMAKE_PREFIX_PATH=${CMAKE_PREFIX_PATH}:/home/vim3/myros/12-navigation/navigation_ws/install/dongbot_application:/home/vim3/myros/12-navigation/navigation_ws/install/autopartol_robot:/opt/ros/humble /usr/bin/cmake --build /home/vim3/myros/12-navigation/navigation_ws/build/dongbot_nav -- -j2 -l2
[33.758s] DEBUG:colcon.colcon_core.event_handler.log_command:Invoked command in '/home/vim3/myros/12-navigation/navigation_ws/build/dongbot_nav' returned '0': CMAKE_PREFIX_PATH=${CMAKE_PREFIX_PATH}:/home/vim3/myros/12-navigation/navigation_ws/install/dongbot_application:/home/vim3/myros/12-navigation/navigation_ws/install/autopartol_robot:/opt/ros/humble /usr/bin/cmake --build /home/vim3/myros/12-navigation/navigation_ws/build/dongbot_nav -- -j2 -l2
[33.828s] DEBUG:colcon.colcon_core.event_handler.log_command:Invoking command in '/home/vim3/myros/12-navigation/navigation_ws/build/dongbot_nav': CMAKE_PREFIX_PATH=${CMAKE_PREFIX_PATH}:/home/vim3/myros/12-navigation/navigation_ws/install/dongbot_application:/home/vim3/myros/12-navigation/navigation_ws/install/autopartol_robot:/opt/ros/humble /usr/bin/cmake --install /home/vim3/myros/12-navigation/navigation_ws/build/dongbot_nav
[34.029s] Level 1:colcon.colcon_core.environment:create_environment_scripts_only(dongbot_nav)
[34.030s] Level 1:colcon.colcon_core.environment:checking '/home/vim3/myros/12-navigation/navigation_ws/install/dongbot_nav' for CMake module files
[34.046s] DEBUG:colcon.colcon_core.event_handler.log_command:Invoked command in '/home/vim3/myros/12-navigation/navigation_ws/build/dongbot_nav' returned '0': CMAKE_PREFIX_PATH=${CMAKE_PREFIX_PATH}:/home/vim3/myros/12-navigation/navigation_ws/install/dongbot_application:/home/vim3/myros/12-navigation/navigation_ws/install/autopartol_robot:/opt/ros/humble /usr/bin/cmake --install /home/vim3/myros/12-navigation/navigation_ws/build/dongbot_nav
[34.053s] Level 1:colcon.colcon_core.environment:checking '/home/vim3/myros/12-navigation/navigation_ws/install/dongbot_nav' for CMake config files
[34.069s] Level 1:colcon.colcon_core.shell:create_environment_hook('dongbot_nav', 'cmake_prefix_path')
[34.070s] INFO:colcon.colcon_core.shell:Creating environment hook '/home/vim3/myros/12-navigation/navigation_ws/install/dongbot_nav/share/dongbot_nav/hook/cmake_prefix_path.ps1'
[34.078s] INFO:colcon.colcon_core.shell:Creating environment descriptor '/home/vim3/myros/12-navigation/navigation_ws/install/dongbot_nav/share/dongbot_nav/hook/cmake_prefix_path.dsv'
[34.101s] INFO:colcon.colcon_core.shell:Creating environment hook '/home/vim3/myros/12-navigation/navigation_ws/install/dongbot_nav/share/dongbot_nav/hook/cmake_prefix_path.sh'
[34.124s] Level 1:colcon.colcon_core.environment:checking '/home/vim3/myros/12-navigation/navigation_ws/install/dongbot_nav/bin'
[34.124s] Level 1:colcon.colcon_core.environment:checking '/home/vim3/myros/12-navigation/navigation_ws/install/dongbot_nav/lib/pkgconfig/dongbot_nav.pc'
[34.125s] Level 1:colcon.colcon_core.environment:checking '/home/vim3/myros/12-navigation/navigation_ws/install/dongbot_nav/lib/python3.10/site-packages'
[34.144s] Level 1:colcon.colcon_core.environment:checking '/home/vim3/myros/12-navigation/navigation_ws/install/dongbot_nav/bin'
[34.158s] INFO:colcon.colcon_core.shell:Creating package script '/home/vim3/myros/12-navigation/navigation_ws/install/dongbot_nav/share/dongbot_nav/package.ps1'
[34.171s] INFO:colcon.colcon_core.shell:Creating package descriptor '/home/vim3/myros/12-navigation/navigation_ws/install/dongbot_nav/share/dongbot_nav/package.dsv'
[34.184s] INFO:colcon.colcon_core.shell:Creating package script '/home/vim3/myros/12-navigation/navigation_ws/install/dongbot_nav/share/dongbot_nav/package.sh'
[34.193s] INFO:colcon.colcon_core.shell:Creating package script '/home/vim3/myros/12-navigation/navigation_ws/install/dongbot_nav/share/dongbot_nav/package.bash'
[34.197s] INFO:colcon.colcon_core.shell:Creating package script '/home/vim3/myros/12-navigation/navigation_ws/install/dongbot_nav/share/dongbot_nav/package.zsh'
[34.207s] Level 1:colcon.colcon_core.environment:create_file_with_runtime_dependencies(/home/vim3/myros/12-navigation/navigation_ws/install/dongbot_nav/share/colcon-core/packages/dongbot_nav)
[34.213s] Level 1:colcon.colcon_core.environment:create_environment_scripts_only(dongbot_nav)
[34.222s] Level 1:colcon.colcon_core.environment:checking '/home/vim3/myros/12-navigation/navigation_ws/install/dongbot_nav' for CMake module files
[34.232s] Level 1:colcon.colcon_core.environment:checking '/home/vim3/myros/12-navigation/navigation_ws/install/dongbot_nav' for CMake config files
[34.236s] Level 1:colcon.colcon_core.shell:create_environment_hook('dongbot_nav', 'cmake_prefix_path')
[34.240s] INFO:colcon.colcon_core.shell:Creating environment hook '/home/vim3/myros/12-navigation/navigation_ws/install/dongbot_nav/share/dongbot_nav/hook/cmake_prefix_path.ps1'
[34.254s] INFO:colcon.colcon_core.shell:Creating environment descriptor '/home/vim3/myros/12-navigation/navigation_ws/install/dongbot_nav/share/dongbot_nav/hook/cmake_prefix_path.dsv'
[34.271s] INFO:colcon.colcon_core.shell:Creating environment hook '/home/vim3/myros/12-navigation/navigation_ws/install/dongbot_nav/share/dongbot_nav/hook/cmake_prefix_path.sh'
[34.286s] Level 1:colcon.colcon_core.environment:checking '/home/vim3/myros/12-navigation/navigation_ws/install/dongbot_nav/bin'
[34.289s] Level 1:colcon.colcon_core.environment:checking '/home/vim3/myros/12-navigation/navigation_ws/install/dongbot_nav/lib/pkgconfig/dongbot_nav.pc'
[34.298s] Level 1:colcon.colcon_core.environment:checking '/home/vim3/myros/12-navigation/navigation_ws/install/dongbot_nav/lib/python3.10/site-packages'
[34.299s] Level 1:colcon.colcon_core.environment:checking '/home/vim3/myros/12-navigation/navigation_ws/install/dongbot_nav/bin'
[34.325s] INFO:colcon.colcon_core.shell:Creating package script '/home/vim3/myros/12-navigation/navigation_ws/install/dongbot_nav/share/dongbot_nav/package.ps1'
[34.341s] INFO:colcon.colcon_core.shell:Creating package descriptor '/home/vim3/myros/12-navigation/navigation_ws/install/dongbot_nav/share/dongbot_nav/package.dsv'
[34.368s] INFO:colcon.colcon_core.shell:Creating package script '/home/vim3/myros/12-navigation/navigation_ws/install/dongbot_nav/share/dongbot_nav/package.sh'
[34.380s] INFO:colcon.colcon_core.shell:Creating package script '/home/vim3/myros/12-navigation/navigation_ws/install/dongbot_nav/share/dongbot_nav/package.bash'
[34.392s] INFO:colcon.colcon_core.shell:Creating package script '/home/vim3/myros/12-navigation/navigation_ws/install/dongbot_nav/share/dongbot_nav/package.zsh'
[34.415s] Level 1:colcon.colcon_core.environment:create_file_with_runtime_dependencies(/home/vim3/myros/12-navigation/navigation_ws/install/dongbot_nav/share/colcon-core/packages/dongbot_nav)
[35.596s] DEBUG:colcon.colcon_core.event_handler.log_command:Invoking command in '/home/vim3/myros/12-navigation/navigation_ws/src/dongbot_application': PYTHONPATH=/home/vim3/myros/12-navigation/navigation_ws/build/dongbot_application/prefix_override:/usr/lib/python3/dist-packages/colcon_core/task/python/colcon_distutils_commands:/home/vim3/myros/12-navigation/navigation_ws/install/dongbot_application/lib/python3.10/site-packages:${PYTHONPATH} /usr/bin/python3 -W ignore:setup.py install is deprecated -W ignore:easy_install command is deprecated setup.py egg_info --egg-base ../../build/dongbot_application build --build-base /home/vim3/myros/12-navigation/navigation_ws/build/dongbot_application/build install --record /home/vim3/myros/12-navigation/navigation_ws/build/dongbot_application/install.log --single-version-externally-managed install_data
[39.433s] Level 1:colcon.colcon_core.environment:checking '/home/vim3/myros/12-navigation/navigation_ws/install/dongbot_application' for CMake module files
[39.434s] DEBUG:colcon.colcon_core.event_handler.log_command:Invoked command in '/home/vim3/myros/12-navigation/navigation_ws/src/dongbot_application' returned '0': PYTHONPATH=/home/vim3/myros/12-navigation/navigation_ws/build/dongbot_application/prefix_override:/usr/lib/python3/dist-packages/colcon_core/task/python/colcon_distutils_commands:/home/vim3/myros/12-navigation/navigation_ws/install/dongbot_application/lib/python3.10/site-packages:${PYTHONPATH} /usr/bin/python3 -W ignore:setup.py install is deprecated -W ignore:easy_install command is deprecated setup.py egg_info --egg-base ../../build/dongbot_application build --build-base /home/vim3/myros/12-navigation/navigation_ws/build/dongbot_application/build install --record /home/vim3/myros/12-navigation/navigation_ws/build/dongbot_application/install.log --single-version-externally-managed install_data
[39.441s] Level 1:colcon.colcon_core.environment:checking '/home/vim3/myros/12-navigation/navigation_ws/install/dongbot_application' for CMake config files
[39.446s] Level 1:colcon.colcon_core.environment:checking '/home/vim3/myros/12-navigation/navigation_ws/install/dongbot_application/lib'
[39.447s] Level 1:colcon.colcon_core.environment:checking '/home/vim3/myros/12-navigation/navigation_ws/install/dongbot_application/bin'
[39.447s] Level 1:colcon.colcon_core.environment:checking '/home/vim3/myros/12-navigation/navigation_ws/install/dongbot_application/lib/pkgconfig/dongbot_application.pc'
[39.448s] Level 1:colcon.colcon_core.environment:checking '/home/vim3/myros/12-navigation/navigation_ws/install/dongbot_application/lib/python3.10/site-packages'
[39.450s] Level 1:colcon.colcon_core.shell:create_environment_hook('dongbot_application', 'pythonpath')
[39.452s] INFO:colcon.colcon_core.shell:Creating environment hook '/home/vim3/myros/12-navigation/navigation_ws/install/dongbot_application/share/dongbot_application/hook/pythonpath.ps1'
[39.460s] INFO:colcon.colcon_core.shell:Creating environment descriptor '/home/vim3/myros/12-navigation/navigation_ws/install/dongbot_application/share/dongbot_application/hook/pythonpath.dsv'
[39.465s] INFO:colcon.colcon_core.shell:Creating environment hook '/home/vim3/myros/12-navigation/navigation_ws/install/dongbot_application/share/dongbot_application/hook/pythonpath.sh'
[39.476s] Level 1:colcon.colcon_core.environment:checking '/home/vim3/myros/12-navigation/navigation_ws/install/dongbot_application/bin'
[39.477s] Level 1:colcon.colcon_core.environment:create_environment_scripts_only(dongbot_application)
[39.485s] INFO:colcon.colcon_core.shell:Creating package script '/home/vim3/myros/12-navigation/navigation_ws/install/dongbot_application/share/dongbot_application/package.ps1'
[39.494s] INFO:colcon.colcon_core.shell:Creating package descriptor '/home/vim3/myros/12-navigation/navigation_ws/install/dongbot_application/share/dongbot_application/package.dsv'
[39.504s] INFO:colcon.colcon_core.shell:Creating package script '/home/vim3/myros/12-navigation/navigation_ws/install/dongbot_application/share/dongbot_application/package.sh'
[39.513s] INFO:colcon.colcon_core.shell:Creating package script '/home/vim3/myros/12-navigation/navigation_ws/install/dongbot_application/share/dongbot_application/package.bash'
[39.522s] INFO:colcon.colcon_core.shell:Creating package script '/home/vim3/myros/12-navigation/navigation_ws/install/dongbot_application/share/dongbot_application/package.zsh'
[39.536s] Level 1:colcon.colcon_core.environment:create_file_with_runtime_dependencies(/home/vim3/myros/12-navigation/navigation_ws/install/dongbot_application/share/colcon-core/packages/dongbot_application)
[39.537s] DEBUG:colcon.colcon_parallel_executor.executor.parallel:closing loop
[39.545s] DEBUG:colcon.colcon_parallel_executor.executor.parallel:loop closed
[39.546s] DEBUG:colcon.colcon_parallel_executor.executor.parallel:run_until_complete finished with '0'
[39.546s] DEBUG:colcon.colcon_core.event_reactor:joining thread
[39.690s] INFO:colcon.colcon_core.plugin_system:Skipping extension 'colcon_notification.desktop_notification.terminal_notifier': Not used on non-Darwin systems
[39.690s] INFO:colcon.colcon_core.plugin_system:Skipping extension 'colcon_notification.desktop_notification.win32': Not used on non-Windows systems
[39.691s] INFO:colcon.colcon_notification.desktop_notification:Sending desktop notification using 'notify2'
[40.889s] DEBUG:colcon.colcon_core.event_reactor:joined thread
[40.890s] INFO:colcon.colcon_core.shell:Creating prefix script '/home/vim3/myros/12-navigation/navigation_ws/install/local_setup.ps1'
[40.904s] INFO:colcon.colcon_core.shell:Creating prefix util module '/home/vim3/myros/12-navigation/navigation_ws/install/_local_setup_util_ps1.py'
[40.920s] INFO:colcon.colcon_core.shell:Creating prefix chain script '/home/vim3/myros/12-navigation/navigation_ws/install/setup.ps1'
[40.934s] INFO:colcon.colcon_core.shell:Creating prefix script '/home/vim3/myros/12-navigation/navigation_ws/install/local_setup.sh'
[40.942s] INFO:colcon.colcon_core.shell:Creating prefix util module '/home/vim3/myros/12-navigation/navigation_ws/install/_local_setup_util_sh.py'
[40.952s] INFO:colcon.colcon_core.shell:Creating prefix chain script '/home/vim3/myros/12-navigation/navigation_ws/install/setup.sh'
[40.964s] INFO:colcon.colcon_core.shell:Creating prefix script '/home/vim3/myros/12-navigation/navigation_ws/install/local_setup.bash'
[40.973s] INFO:colcon.colcon_core.shell:Creating prefix chain script '/home/vim3/myros/12-navigation/navigation_ws/install/setup.bash'
[40.986s] INFO:colcon.colcon_core.shell:Creating prefix script '/home/vim3/myros/12-navigation/navigation_ws/install/local_setup.zsh'
[40.995s] INFO:colcon.colcon_core.shell:Creating prefix chain script '/home/vim3/myros/12-navigation/navigation_ws/install/setup.zsh'
