running egg_info
creating ../../build/dongbot_application/dongbot_application.egg-info
writing ../../build/dongbot_application/dongbot_application.egg-info/PKG-INFO
writing dependency_links to ../../build/dongbot_application/dongbot_application.egg-info/dependency_links.txt
writing entry points to ../../build/dongbot_application/dongbot_application.egg-info/entry_points.txt
writing requirements to ../../build/dongbot_application/dongbot_application.egg-info/requires.txt
writing top-level names to ../../build/dongbot_application/dongbot_application.egg-info/top_level.txt
writing manifest file '../../build/dongbot_application/dongbot_application.egg-info/SOURCES.txt'
reading manifest file '../../build/dongbot_application/dongbot_application.egg-info/SOURCES.txt'
adding license file 'LICENSE'
writing manifest file '../../build/dongbot_application/dongbot_application.egg-info/SOURCES.txt'
running build
running build_py
creating /home/vim3/myros/12-navigation/navigation_ws/build/dongbot_application/build
creating /home/vim3/myros/12-navigation/navigation_ws/build/dongbot_application/build/lib
creating /home/vim3/myros/12-navigation/navigation_ws/build/dongbot_application/build/lib/dongbot_application
copying dongbot_application/init_robot_pose.py -> /home/vim3/myros/12-navigation/navigation_ws/build/dongbot_application/build/lib/dongbot_application
copying dongbot_application/__init__.py -> /home/vim3/myros/12-navigation/navigation_ws/build/dongbot_application/build/lib/dongbot_application
running install
running install_lib
creating /home/vim3/myros/12-navigation/navigation_ws/install/dongbot_application/lib/python3.10/site-packages/dongbot_application
copying /home/vim3/myros/12-navigation/navigation_ws/build/dongbot_application/build/lib/dongbot_application/init_robot_pose.py -> /home/vim3/myros/12-navigation/navigation_ws/install/dongbot_application/lib/python3.10/site-packages/dongbot_application
copying /home/vim3/myros/12-navigation/navigation_ws/build/dongbot_application/build/lib/dongbot_application/__init__.py -> /home/vim3/myros/12-navigation/navigation_ws/install/dongbot_application/lib/python3.10/site-packages/dongbot_application
byte-compiling /home/vim3/myros/12-navigation/navigation_ws/install/dongbot_application/lib/python3.10/site-packages/dongbot_application/init_robot_pose.py to init_robot_pose.cpython-310.pyc
byte-compiling /home/vim3/myros/12-navigation/navigation_ws/install/dongbot_application/lib/python3.10/site-packages/dongbot_application/__init__.py to __init__.cpython-310.pyc
running install_data
creating /home/vim3/myros/12-navigation/navigation_ws/install/dongbot_application/share/ament_index
creating /home/vim3/myros/12-navigation/navigation_ws/install/dongbot_application/share/ament_index/resource_index
creating /home/vim3/myros/12-navigation/navigation_ws/install/dongbot_application/share/ament_index/resource_index/packages
copying resource/dongbot_application -> /home/vim3/myros/12-navigation/navigation_ws/install/dongbot_application/share/ament_index/resource_index/packages
copying package.xml -> /home/vim3/myros/12-navigation/navigation_ws/install/dongbot_application/share/dongbot_application
running install_egg_info
Copying ../../build/dongbot_application/dongbot_application.egg-info to /home/vim3/myros/12-navigation/navigation_ws/install/dongbot_application/lib/python3.10/site-packages/dongbot_application-0.0.0-py3.10.egg-info
running install_scripts
Installing init_robot_pose script to /home/vim3/myros/12-navigation/navigation_ws/install/dongbot_application/lib/dongbot_application
writing list of installed files to '/home/vim3/myros/12-navigation/navigation_ws/build/dongbot_application/install.log'
