[3.120s] Invoking command in '/home/vim3/myros/12-navigation/navigation_ws/src/autopartol_robot': PYTHONPATH=/home/vim3/myros/12-navigation/navigation_ws/build/autopartol_robot/prefix_override:/usr/lib/python3/dist-packages/colcon_core/task/python/colcon_distutils_commands:/home/vim3/myros/12-navigation/navigation_ws/install/autopartol_robot/lib/python3.10/site-packages:${PYTHONPATH} /usr/bin/python3 -W ignore:setup.py install is deprecated -W ignore:easy_install command is deprecated setup.py egg_info --egg-base ../../build/autopartol_robot build --build-base /home/vim3/myros/12-navigation/navigation_ws/build/autopartol_robot/build install --record /home/vim3/myros/12-navigation/navigation_ws/build/autopartol_robot/install.log --single-version-externally-managed install_data
[4.186s] running egg_info
[4.190s] writing ../../build/autopartol_robot/autopartol_robot.egg-info/PKG-INFO
[4.198s] writing dependency_links to ../../build/autopartol_robot/autopartol_robot.egg-info/dependency_links.txt
[4.210s] writing entry points to ../../build/autopartol_robot/autopartol_robot.egg-info/entry_points.txt
[4.211s] writing requirements to ../../build/autopartol_robot/autopartol_robot.egg-info/requires.txt
[4.217s] writing top-level names to ../../build/autopartol_robot/autopartol_robot.egg-info/top_level.txt
[4.250s] reading manifest file '../../build/autopartol_robot/autopartol_robot.egg-info/SOURCES.txt'
[4.260s] writing manifest file '../../build/autopartol_robot/autopartol_robot.egg-info/SOURCES.txt'
[4.261s] running build
[4.266s] running build_py
[4.271s] running install
[4.280s] running install_lib
[4.284s] running install_data
[4.285s] creating /home/vim3/myros/12-navigation/navigation_ws/install/autopartol_robot/share/autopartol_robotconfig
[4.286s] copying config/partol_config.yaml -> /home/vim3/myros/12-navigation/navigation_ws/install/autopartol_robot/share/autopartol_robotconfig
[4.290s] running install_egg_info
[4.296s] removing '/home/vim3/myros/12-navigation/navigation_ws/install/autopartol_robot/lib/python3.10/site-packages/autopartol_robot-0.0.0-py3.10.egg-info' (and everything under it)
[4.301s] Copying ../../build/autopartol_robot/autopartol_robot.egg-info to /home/vim3/myros/12-navigation/navigation_ws/install/autopartol_robot/lib/python3.10/site-packages/autopartol_robot-0.0.0-py3.10.egg-info
[4.303s] running install_scripts
[4.383s] Installing partol_node script to /home/vim3/myros/12-navigation/navigation_ws/install/autopartol_robot/lib/autopartol_robot
[4.384s] writing list of installed files to '/home/vim3/myros/12-navigation/navigation_ws/build/autopartol_robot/install.log'
[4.569s] Invoked command in '/home/vim3/myros/12-navigation/navigation_ws/src/autopartol_robot' returned '0': PYTHONPATH=/home/vim3/myros/12-navigation/navigation_ws/build/autopartol_robot/prefix_override:/usr/lib/python3/dist-packages/colcon_core/task/python/colcon_distutils_commands:/home/vim3/myros/12-navigation/navigation_ws/install/autopartol_robot/lib/python3.10/site-packages:${PYTHONPATH} /usr/bin/python3 -W ignore:setup.py install is deprecated -W ignore:easy_install command is deprecated setup.py egg_info --egg-base ../../build/autopartol_robot build --build-base /home/vim3/myros/12-navigation/navigation_ws/build/autopartol_robot/build install --record /home/vim3/myros/12-navigation/navigation_ws/build/autopartol_robot/install.log --single-version-externally-managed install_data
