[0.074s] Invoking command in '/home/vim3/myros/12-navigation/navigation_ws/build/dongbot_description': CMAKE_PREFIX_PATH=${CMAKE_PREFIX_PATH}:/home/vim3/myros/12-navigation/navigation_ws/install/dongbot_application:/opt/ros/humble /usr/bin/cmake --build /home/vim3/myros/12-navigation/navigation_ws/build/dongbot_description -- -j2 -l2
[0.399s] Invoked command in '/home/vim3/myros/12-navigation/navigation_ws/build/dongbot_description' returned '0': CMAKE_PREFIX_PATH=${CMAKE_PREFIX_PATH}:/home/vim3/myros/12-navigation/navigation_ws/install/dongbot_application:/opt/ros/humble /usr/bin/cmake --build /home/vim3/myros/12-navigation/navigation_ws/build/dongbot_description -- -j2 -l2
[0.407s] Invoking command in '/home/vim3/myros/12-navigation/navigation_ws/build/dongbot_description': CMAKE_PREFIX_PATH=${CMAKE_PREFIX_PATH}:/home/vim3/myros/12-navigation/navigation_ws/install/dongbot_application:/opt/ros/humble /usr/bin/cmake --install /home/vim3/myros/12-navigation/navigation_ws/build/dongbot_description
[0.460s] -- Install configuration: ""
[0.461s] -- Up-to-date: /home/vim3/myros/12-navigation/navigation_ws/install/dongbot_description/share/dongbot_description/launch
[0.461s] -- Up-to-date: /home/vim3/myros/12-navigation/navigation_ws/install/dongbot_description/share/dongbot_description/launch/display_robot.launch.py
[0.461s] -- Up-to-date: /home/vim3/myros/12-navigation/navigation_ws/install/dongbot_description/share/dongbot_description/launch/gazebo_sim.launch.py
[0.465s] -- Up-to-date: /home/vim3/myros/12-navigation/navigation_ws/install/dongbot_description/share/dongbot_description/launch/__pycache__
[0.465s] -- Up-to-date: /home/vim3/myros/12-navigation/navigation_ws/install/dongbot_description/share/dongbot_description/launch/__pycache__/display_robot.launch.cpython-310.pyc
[0.465s] -- Up-to-date: /home/vim3/myros/12-navigation/navigation_ws/install/dongbot_description/share/dongbot_description/urdf
[0.469s] -- Up-to-date: /home/vim3/myros/12-navigation/navigation_ws/install/dongbot_description/share/dongbot_description/urdf/first_robot.gv
[0.478s] -- Up-to-date: /home/vim3/myros/12-navigation/navigation_ws/install/dongbot_description/share/dongbot_description/urdf/first_robot.xacro
[0.479s] -- Up-to-date: /home/vim3/myros/12-navigation/navigation_ws/install/dongbot_description/share/dongbot_description/urdf/dongbot.urdf
[0.479s] -- Up-to-date: /home/vim3/myros/12-navigation/navigation_ws/install/dongbot_description/share/dongbot_description/urdf/first_robot.urdf
[0.479s] -- Up-to-date: /home/vim3/myros/12-navigation/navigation_ws/install/dongbot_description/share/dongbot_description/urdf/first_robot_try.urdf
[0.480s] -- Up-to-date: /home/vim3/myros/12-navigation/navigation_ws/install/dongbot_description/share/dongbot_description/urdf/first_robot.pdf
[0.480s] -- Up-to-date: /home/vim3/myros/12-navigation/navigation_ws/install/dongbot_description/share/dongbot_description/urdf/dongbot
[0.480s] -- Up-to-date: /home/vim3/myros/12-navigation/navigation_ws/install/dongbot_description/share/dongbot_description/urdf/dongbot/base.urdf.xacro
[0.480s] -- Up-to-date: /home/vim3/myros/12-navigation/navigation_ws/install/dongbot_description/share/dongbot_description/urdf/dongbot/common_intertia.xacro
[0.484s] -- Up-to-date: /home/vim3/myros/12-navigation/navigation_ws/install/dongbot_description/share/dongbot_description/urdf/dongbot/dongbot.urdf.xacro
[0.484s] -- Up-to-date: /home/vim3/myros/12-navigation/navigation_ws/install/dongbot_description/share/dongbot_description/urdf/dongbot/dongbot.ros2_control.xacro
[0.486s] -- Up-to-date: /home/vim3/myros/12-navigation/navigation_ws/install/dongbot_description/share/dongbot_description/urdf/dongbot/actuator
[0.487s] -- Up-to-date: /home/vim3/myros/12-navigation/navigation_ws/install/dongbot_description/share/dongbot_description/urdf/dongbot/actuator/caster.urdf.xacro
[0.487s] -- Up-to-date: /home/vim3/myros/12-navigation/navigation_ws/install/dongbot_description/share/dongbot_description/urdf/dongbot/actuator/wheel.urdf.xacro
[0.487s] -- Up-to-date: /home/vim3/myros/12-navigation/navigation_ws/install/dongbot_description/share/dongbot_description/urdf/dongbot/sensor
[0.490s] -- Up-to-date: /home/vim3/myros/12-navigation/navigation_ws/install/dongbot_description/share/dongbot_description/urdf/dongbot/sensor/camera.urdf.xacro
[0.491s] -- Up-to-date: /home/vim3/myros/12-navigation/navigation_ws/install/dongbot_description/share/dongbot_description/urdf/dongbot/sensor/laser.urdf.xacro
[0.491s] -- Up-to-date: /home/vim3/myros/12-navigation/navigation_ws/install/dongbot_description/share/dongbot_description/urdf/dongbot/sensor/imu.urdf.xacro
[0.491s] -- Up-to-date: /home/vim3/myros/12-navigation/navigation_ws/install/dongbot_description/share/dongbot_description/urdf/dongbot/plugins
[0.494s] -- Up-to-date: /home/vim3/myros/12-navigation/navigation_ws/install/dongbot_description/share/dongbot_description/urdf/dongbot/plugins/gazebo_sensor_plugin.xacro
[0.494s] -- Up-to-date: /home/vim3/myros/12-navigation/navigation_ws/install/dongbot_description/share/dongbot_description/urdf/dongbot/plugins/gazebo_control_plugin.xacro
[0.495s] -- Up-to-date: /home/vim3/myros/12-navigation/navigation_ws/install/dongbot_description/share/dongbot_description/config
[0.495s] -- Up-to-date: /home/vim3/myros/12-navigation/navigation_ws/install/dongbot_description/share/dongbot_description/config/dongbot_config.rviz
[0.495s] -- Up-to-date: /home/vim3/myros/12-navigation/navigation_ws/install/dongbot_description/share/dongbot_description/config/dongbot_ros2_controller.yaml
[0.495s] -- Up-to-date: /home/vim3/myros/12-navigation/navigation_ws/install/dongbot_description/share/dongbot_description/world
[0.496s] -- Up-to-date: /home/vim3/myros/12-navigation/navigation_ws/install/dongbot_description/share/dongbot_description/world/room
[0.496s] -- Up-to-date: /home/vim3/myros/12-navigation/navigation_ws/install/dongbot_description/share/dongbot_description/world/room/model.config
[0.496s] -- Up-to-date: /home/vim3/myros/12-navigation/navigation_ws/install/dongbot_description/share/dongbot_description/world/room/model.sdf
[0.496s] -- Up-to-date: /home/vim3/myros/12-navigation/navigation_ws/install/dongbot_description/share/dongbot_description/world/nav_room.world
[0.496s] -- Up-to-date: /home/vim3/myros/12-navigation/navigation_ws/install/dongbot_description/share/ament_index/resource_index/package_run_dependencies/dongbot_description
[0.496s] -- Up-to-date: /home/vim3/myros/12-navigation/navigation_ws/install/dongbot_description/share/ament_index/resource_index/parent_prefix_path/dongbot_description
[0.500s] -- Up-to-date: /home/vim3/myros/12-navigation/navigation_ws/install/dongbot_description/share/dongbot_description/environment/ament_prefix_path.sh
[0.500s] -- Up-to-date: /home/vim3/myros/12-navigation/navigation_ws/install/dongbot_description/share/dongbot_description/environment/ament_prefix_path.dsv
[0.500s] -- Up-to-date: /home/vim3/myros/12-navigation/navigation_ws/install/dongbot_description/share/dongbot_description/environment/path.sh
[0.500s] -- Up-to-date: /home/vim3/myros/12-navigation/navigation_ws/install/dongbot_description/share/dongbot_description/environment/path.dsv
[0.500s] -- Up-to-date: /home/vim3/myros/12-navigation/navigation_ws/install/dongbot_description/share/dongbot_description/local_setup.bash
[0.501s] -- Up-to-date: /home/vim3/myros/12-navigation/navigation_ws/install/dongbot_description/share/dongbot_description/local_setup.sh
[0.501s] -- Up-to-date: /home/vim3/myros/12-navigation/navigation_ws/install/dongbot_description/share/dongbot_description/local_setup.zsh
[0.501s] -- Up-to-date: /home/vim3/myros/12-navigation/navigation_ws/install/dongbot_description/share/dongbot_description/local_setup.dsv
[0.501s] -- Installing: /home/vim3/myros/12-navigation/navigation_ws/install/dongbot_description/share/dongbot_description/package.dsv
[0.503s] -- Up-to-date: /home/vim3/myros/12-navigation/navigation_ws/install/dongbot_description/share/ament_index/resource_index/packages/dongbot_description
[0.503s] -- Up-to-date: /home/vim3/myros/12-navigation/navigation_ws/install/dongbot_description/share/dongbot_description/cmake/dongbot_descriptionConfig.cmake
[0.503s] -- Up-to-date: /home/vim3/myros/12-navigation/navigation_ws/install/dongbot_description/share/dongbot_description/cmake/dongbot_descriptionConfig-version.cmake
[0.503s] -- Up-to-date: /home/vim3/myros/12-navigation/navigation_ws/install/dongbot_description/share/dongbot_description/package.xml
[0.537s] Invoked command in '/home/vim3/myros/12-navigation/navigation_ws/build/dongbot_description' returned '0': CMAKE_PREFIX_PATH=${CMAKE_PREFIX_PATH}:/home/vim3/myros/12-navigation/navigation_ws/install/dongbot_application:/opt/ros/humble /usr/bin/cmake --install /home/vim3/myros/12-navigation/navigation_ws/build/dongbot_description
