[2.679s] Invoking command in '/home/vim3/myros/12-navigation/navigation_ws/build/autopatrol_interfaces': /usr/bin/cmake /home/vim3/myros/12-navigation/navigation_ws/src/autopatrol_interfaces -DCMAKE_INSTALL_PREFIX=/home/vim3/myros/12-navigation/navigation_ws/install/autopatrol_interfaces
[2.835s] -- Found ament_cmake: 1.3.12 (/opt/ros/humble/share/ament_cmake/cmake)
[4.326s] -- Found rosidl_default_generators: 1.2.0 (/opt/ros/humble/share/rosidl_default_generators/cmake)
[4.349s] -- Using all available rosidl_typesupport_c: rosidl_typesupport_fastrtps_c;rosidl_typesupport_introspection_c
[4.391s] -- Found rosidl_adapter: 3.1.8 (/opt/ros/humble/share/rosidl_adapter/cmake)
[4.712s] -- Using all available rosidl_typesupport_cpp: rosidl_typesupport_fastrtps_cpp;rosidl_typesupport_introspection_cpp
[7.301s] Error parsing '/home/vim3/myros/12-navigation/navigation_ws/src/autopatrol_interfaces/package.xml':
[7.740s] Traceback (most recent call last):
[7.740s]   File "/opt/ros/humble/share/ament_cmake_core/cmake/core/package_xml_2_cmake.py", line 150, in <module>
[7.754s]     main()
[7.755s]   File "/opt/ros/humble/share/ament_cmake_core/cmake/core/package_xml_2_cmake.py", line 53, in main
[7.763s]     raise e
[7.772s]   File "/opt/ros/humble/share/ament_cmake_core/cmake/core/package_xml_2_cmake.py", line 49, in main
[7.773s]     package = parse_package_string(
[7.811s]   File "/usr/lib/python3/dist-packages/catkin_pkg/package.py", line 786, in parse_package_string
[7.811s]     raise InvalidPackage('Error(s):%s' % (''.join(['\n- %s' % e for e in errors])), filename)
[7.814s] catkin_pkg.package.InvalidPackage: Error(s) in package '/home/vim3/myros/12-navigation/navigation_ws/src/autopatrol_interfaces/package.xml':
[7.816s] Error(s):
[7.828s] - The manifest of package "autopatrol_interfaces" (with format version 3) must not contain the following tags: member_of_groups
[7.924s] [31mCMake Error at /opt/ros/humble/share/ament_cmake_core/cmake/core/ament_package_xml.cmake:95 (message):
[7.925s]   execute_process(/usr/bin/python3
[7.925s]   /opt/ros/humble/share/ament_cmake_core/cmake/core/package_xml_2_cmake.py
[7.942s]   /home/vim3/myros/12-navigation/navigation_ws/src/autopatrol_interfaces/package.xml
[7.943s]   /home/vim3/myros/12-navigation/navigation_ws/build/autopatrol_interfaces/ament_cmake_core/package.cmake)
[7.943s]   returned error code 1
[7.949s] Call Stack (most recent call first):
[7.950s]   /opt/ros/humble/share/ament_cmake_core/cmake/core/ament_package_xml.cmake:49 (_ament_package_xml)
[7.950s]   /opt/ros/humble/share/rosidl_cmake/cmake/rosidl_generate_interfaces.cmake:226 (ament_package_xml)
[7.952s]   CMakeLists.txt:12 (rosidl_generate_interfaces)
[7.957s] 
[7.957s] [0m
[7.958s] -- Configuring incomplete, errors occurred!
[7.958s] See also "/home/vim3/myros/12-navigation/navigation_ws/build/autopatrol_interfaces/CMakeFiles/CMakeOutput.log".
[8.082s] Invoked command in '/home/vim3/myros/12-navigation/navigation_ws/build/autopatrol_interfaces' returned '1': /usr/bin/cmake /home/vim3/myros/12-navigation/navigation_ws/src/autopatrol_interfaces -DCMAKE_INSTALL_PREFIX=/home/vim3/myros/12-navigation/navigation_ws/install/autopatrol_interfaces
