[0.212s] Invoking command in '/home/vim3/myros/12-navigation/navigation_ws/build/dongbot_nav': CMAKE_PREFIX_PATH=${CMAKE_PREFIX_PATH}:/home/vim3/myros/12-navigation/navigation_ws/install/dongbot_application:/home/vim3/myros/12-navigation/navigation_ws/install/autopartol_robot:/opt/ros/humble /usr/bin/cmake --build /home/vim3/myros/12-navigation/navigation_ws/build/dongbot_nav -- -j2 -l2
[0.968s] Invoked command in '/home/vim3/myros/12-navigation/navigation_ws/build/dongbot_nav' returned '0': CMAKE_PREFIX_PATH=${CMAKE_PREFIX_PATH}:/home/vim3/myros/12-navigation/navigation_ws/install/dongbot_application:/home/vim3/myros/12-navigation/navigation_ws/install/autopartol_robot:/opt/ros/humble /usr/bin/cmake --build /home/vim3/myros/12-navigation/navigation_ws/build/dongbot_nav -- -j2 -l2
[0.980s] Invoking command in '/home/vim3/myros/12-navigation/navigation_ws/build/dongbot_nav': CMAKE_PREFIX_PATH=${CMAKE_PREFIX_PATH}:/home/vim3/myros/12-navigation/navigation_ws/install/dongbot_application:/home/vim3/myros/12-navigation/navigation_ws/install/autopartol_robot:/opt/ros/humble /usr/bin/cmake --install /home/vim3/myros/12-navigation/navigation_ws/build/dongbot_nav
[1.105s] -- Install configuration: ""
[1.112s] -- Up-to-date: /home/vim3/myros/12-navigation/navigation_ws/install/dongbot_nav/share/dongbot_nav/launch
[1.113s] -- Up-to-date: /home/vim3/myros/12-navigation/navigation_ws/install/dongbot_nav/share/dongbot_nav/launch/navigation2.launch.py
[1.113s] -- Up-to-date: /home/vim3/myros/12-navigation/navigation_ws/install/dongbot_nav/share/dongbot_nav/config
[1.113s] -- Up-to-date: /home/vim3/myros/12-navigation/navigation_ws/install/dongbot_nav/share/dongbot_nav/config/nav2_params.yaml
[1.114s] -- Up-to-date: /home/vim3/myros/12-navigation/navigation_ws/install/dongbot_nav/share/dongbot_nav/maps
[1.114s] -- Up-to-date: /home/vim3/myros/12-navigation/navigation_ws/install/dongbot_nav/share/dongbot_nav/maps/room.yaml
[1.114s] -- Up-to-date: /home/vim3/myros/12-navigation/navigation_ws/install/dongbot_nav/share/dongbot_nav/maps/room.pgm
[1.114s] -- Up-to-date: /home/vim3/myros/12-navigation/navigation_ws/install/dongbot_nav/share/ament_index/resource_index/package_run_dependencies/dongbot_nav
[1.114s] -- Up-to-date: /home/vim3/myros/12-navigation/navigation_ws/install/dongbot_nav/share/ament_index/resource_index/parent_prefix_path/dongbot_nav
[1.115s] -- Up-to-date: /home/vim3/myros/12-navigation/navigation_ws/install/dongbot_nav/share/dongbot_nav/environment/ament_prefix_path.sh
[1.115s] -- Up-to-date: /home/vim3/myros/12-navigation/navigation_ws/install/dongbot_nav/share/dongbot_nav/environment/ament_prefix_path.dsv
[1.119s] -- Up-to-date: /home/vim3/myros/12-navigation/navigation_ws/install/dongbot_nav/share/dongbot_nav/environment/path.sh
[1.119s] -- Up-to-date: /home/vim3/myros/12-navigation/navigation_ws/install/dongbot_nav/share/dongbot_nav/environment/path.dsv
[1.119s] -- Up-to-date: /home/vim3/myros/12-navigation/navigation_ws/install/dongbot_nav/share/dongbot_nav/local_setup.bash
[1.120s] -- Up-to-date: /home/vim3/myros/12-navigation/navigation_ws/install/dongbot_nav/share/dongbot_nav/local_setup.sh
[1.120s] -- Up-to-date: /home/vim3/myros/12-navigation/navigation_ws/install/dongbot_nav/share/dongbot_nav/local_setup.zsh
[1.120s] -- Up-to-date: /home/vim3/myros/12-navigation/navigation_ws/install/dongbot_nav/share/dongbot_nav/local_setup.dsv
[1.120s] -- Installing: /home/vim3/myros/12-navigation/navigation_ws/install/dongbot_nav/share/dongbot_nav/package.dsv
[1.128s] -- Up-to-date: /home/vim3/myros/12-navigation/navigation_ws/install/dongbot_nav/share/ament_index/resource_index/packages/dongbot_nav
[1.129s] -- Up-to-date: /home/vim3/myros/12-navigation/navigation_ws/install/dongbot_nav/share/dongbot_nav/cmake/dongbot_navConfig.cmake
[1.137s] -- Up-to-date: /home/vim3/myros/12-navigation/navigation_ws/install/dongbot_nav/share/dongbot_nav/cmake/dongbot_navConfig-version.cmake
[1.137s] -- Up-to-date: /home/vim3/myros/12-navigation/navigation_ws/install/dongbot_nav/share/dongbot_nav/package.xml
[1.138s] Invoked command in '/home/vim3/myros/12-navigation/navigation_ws/build/dongbot_nav' returned '0': CMAKE_PREFIX_PATH=${CMAKE_PREFIX_PATH}:/home/vim3/myros/12-navigation/navigation_ws/install/dongbot_application:/home/vim3/myros/12-navigation/navigation_ws/install/autopartol_robot:/opt/ros/humble /usr/bin/cmake --install /home/vim3/myros/12-navigation/navigation_ws/build/dongbot_nav
