[8.969s] Invoking command in '/home/vim3/myros/12-navigation/navigation_ws/src/autopartol_robot': PYTHONPATH=/home/vim3/myros/12-navigation/navigation_ws/build/autopartol_robot/prefix_override:/usr/lib/python3/dist-packages/colcon_core/task/python/colcon_distutils_commands:/home/vim3/myros/12-navigation/navigation_ws/install/autopartol_robot/lib/python3.10/site-packages:${PYTHONPATH} /usr/bin/python3 -W ignore:setup.py install is deprecated -W ignore:easy_install command is deprecated setup.py egg_info --egg-base ../../build/autopartol_robot build --build-base /home/vim3/myros/12-navigation/navigation_ws/build/autopartol_robot/build install --record /home/vim3/myros/12-navigation/navigation_ws/build/autopartol_robot/install.log --single-version-externally-managed install_data
[13.108s] running egg_info
[13.113s] writing ../../build/autopartol_robot/autopartol_robot.egg-info/PKG-INFO
[13.126s] writing dependency_links to ../../build/autopartol_robot/autopartol_robot.egg-info/dependency_links.txt
[13.131s] writing entry points to ../../build/autopartol_robot/autopartol_robot.egg-info/entry_points.txt
[13.131s] writing requirements to ../../build/autopartol_robot/autopartol_robot.egg-info/requires.txt
[13.132s] writing top-level names to ../../build/autopartol_robot/autopartol_robot.egg-info/top_level.txt
[13.145s] reading manifest file '../../build/autopartol_robot/autopartol_robot.egg-info/SOURCES.txt'
[13.177s] writing manifest file '../../build/autopartol_robot/autopartol_robot.egg-info/SOURCES.txt'
[13.185s] running build
[13.193s] running build_py
[13.201s] copying autopartol_robot/partol_node.py -> /home/vim3/myros/12-navigation/navigation_ws/build/autopartol_robot/build/lib/autopartol_robot
[13.209s] running install
[13.213s] running install_lib
[13.233s] copying /home/vim3/myros/12-navigation/navigation_ws/build/autopartol_robot/build/lib/autopartol_robot/partol_node.py -> /home/vim3/myros/12-navigation/navigation_ws/install/autopartol_robot/lib/python3.10/site-packages/autopartol_robot
[13.253s] byte-compiling /home/vim3/myros/12-navigation/navigation_ws/install/autopartol_robot/lib/python3.10/site-packages/autopartol_robot/partol_node.py to partol_node.cpython-310.pyc
[13.276s] running install_data
[13.284s] creating /home/vim3/myros/12-navigation/navigation_ws/install/autopartol_robot/share/autopartol_robotlaunch
[13.301s] copying launch/autopatrol.launch.py -> /home/vim3/myros/12-navigation/navigation_ws/install/autopartol_robot/share/autopartol_robotlaunch
[13.302s] running install_egg_info
[13.314s] removing '/home/vim3/myros/12-navigation/navigation_ws/install/autopartol_robot/lib/python3.10/site-packages/autopartol_robot-0.0.0-py3.10.egg-info' (and everything under it)
[13.321s] Copying ../../build/autopartol_robot/autopartol_robot.egg-info to /home/vim3/myros/12-navigation/navigation_ws/install/autopartol_robot/lib/python3.10/site-packages/autopartol_robot-0.0.0-py3.10.egg-info
[13.367s] running install_scripts
[13.657s] Installing partol_node script to /home/vim3/myros/12-navigation/navigation_ws/install/autopartol_robot/lib/autopartol_robot
[13.658s] Installing speaker script to /home/vim3/myros/12-navigation/navigation_ws/install/autopartol_robot/lib/autopartol_robot
[13.676s] writing list of installed files to '/home/vim3/myros/12-navigation/navigation_ws/build/autopartol_robot/install.log'
[13.844s] Invoked command in '/home/vim3/myros/12-navigation/navigation_ws/src/autopartol_robot' returned '0': PYTHONPATH=/home/vim3/myros/12-navigation/navigation_ws/build/autopartol_robot/prefix_override:/usr/lib/python3/dist-packages/colcon_core/task/python/colcon_distutils_commands:/home/vim3/myros/12-navigation/navigation_ws/install/autopartol_robot/lib/python3.10/site-packages:${PYTHONPATH} /usr/bin/python3 -W ignore:setup.py install is deprecated -W ignore:easy_install command is deprecated setup.py egg_info --egg-base ../../build/autopartol_robot build --build-base /home/vim3/myros/12-navigation/navigation_ws/build/autopartol_robot/build install --record /home/vim3/myros/12-navigation/navigation_ws/build/autopartol_robot/install.log --single-version-externally-managed install_data
